#
# A fatal error has been detected by the Java Runtime Environment:
#
#  SIGSEGV (0xb) at pc=0x0000000000000000, pid=10125, tid=140506085291776
#
# JRE version: OpenJDK Runtime Environment (7.0_51) (build 1.7.0_51-b00)
# Java VM: OpenJDK 64-Bit Server VM (24.45-b08 mixed mode linux-amd64 compressed oops)
# Problematic frame:
# C  0x0000000000000000
#
# Failed to write core dump. Core dumps have been disabled. To enable core dumping, try "ulimit -c unlimited" before starting Java again
#
# If you would like to submit a bug report, please include
# instructions on how to reproduce the bug and visit:
#   http://icedtea.classpath.org/bugzilla
#

---------------  T H R E A D  ---------------

Current thread is native thread

siginfo:si_signo=SIGSEGV: si_errno=0, si_code=1 (SEGV_MAPERR), si_addr=0x0000000000000000

Registers:
RAX=0x00007fca257997c0, RBX=0x0000000000000400, RCX=0x0000000000000000, RDX=0x0000000000000000
RSP=0x00007fca1f4d6ca8, RBP=0x00007fca506a8b20, RSI=0x0000000000000000, RDI=0x00007fca506a8b20
R8 =0x0000000000000000, R9 =0x0000000000100000, R10=0x0000000000000000, R11=0x00007fca58f66c0d
R12=0x00007fca506accb0, R13=0x0000000000012000, R14=0x0000000000001000, R15=0x00007fca1f4d6e58
RIP=0x0000000000000000, EFLAGS=0x0000000000010246, CSGSFS=0x0000000000000033, ERR=0x0000000000000014
  TRAPNO=0x000000000000000e

Top of Stack: (sp=0x00007fca1f4d6ca8)
0x00007fca1f4d6ca8:   00007fca255624d1 00007fca58edfef0
0x00007fca1f4d6cb8:   00007fca38005ca0 00007fcabb800000
0x00007fca1f4d6cc8:   00007fca58fc6729 0000000000000000
0x00007fca1f4d6cd8:   00007fca24eaafa2 00007fca50854880
0x00007fca1f4d6ce8:   0000000000000000 0000000000000000
0x00007fca1f4d6cf8:   0000000000000000 00007fca5085b880
0x00007fca1f4d6d08:   00007fca5085b770 0000000000002000
0x00007fca1f4d6d18:   00007fca24eb2cba 00007fca50854c80
0x00007fca1f4d6d28:   00007fca44000f60 0000000000000000
0x00007fca1f4d6d38:   5700000000000001 0000000000002000
0x00007fca1f4d6d48:   00007fca24eb47cb 0000000000000000
0x00007fca1f4d6d58:   0000000000000000 0000000000000000
0x00007fca1f4d6d68:   0000000000000000 0000000000000000
0x00007fca1f4d6d78:   0000000000002000 00007fca5085b770
0x00007fca1f4d6d88:   00007fca1f4d6e58 00007fca1f4d6e50
0x00007fca1f4d6d98:   00007fca506accb0 00007fca24ecdc60
0x00007fca1f4d6da8:   00007fca2531dbe2 00007fca1f548040
0x00007fca1f4d6db8:   00007fca1f4d8040 0000040058cd12e0
0x00007fca1f4d6dc8:   00007fca1f4d6de0 0000000000000000
0x00007fca1f4d6dd8:   00007fca25322eb2 00001fa00000037f
0x00007fca1f4d6de8:   00007fca24e989ff 00007fca5085b880
0x00007fca1f4d6df8:   0000000000002000 00007fca508547c0
0x00007fca1f4d6e08:   0000000000000000 00007fca506a8b20
0x00007fca1f4d6e18:   0000000000000008 00007fca1f4d6e58
0x00007fca1f4d6e28:   00007fca25578544 0000000000000000
0x00007fca1f4d6e38:   00007fca1f4d6e50 0000000000002000
0x00007fca1f4d6e48:   0000000000006000 00007fca1f4d8040
0x00007fca1f4d6e58:   0000000000002000 0000000000000000
0x00007fca1f4d6e68:   00007fca5085b6f0 0000000000000000
0x00007fca1f4d6e78:   0000000000000000 00007fca596d3060
0x00007fca1f4d6e88:   00007fca596aa7a0 0000000000001000
0x00007fca1f4d6e98:   00007fca2556b73a 0000000000000000 

Instructions: (pc=0x0000000000000000)
0xffffffffffffffe0:   

Register to memory mapping:

RAX=
[error occurred during error reporting (printing register info), id 0xb]

Stack: [0x00007fca1f3d7000,0x00007fca1f4d8000],  sp=0x00007fca1f4d6ca8,  free space=1023k

---------------  P R O C E S S  ---------------

VM state:at safepoint (shutting down)

VM Mutex/Monitor currently owned by a thread:  ([mutex/lock_event])
[0x00007fca50006c20] Threads_lock - owner thread: 0x00007fca5006c000

Heap
 def new generation   total 61248K, used 37637K [0x00000000cc000000, 0x00000000d0270000, 0x00000000d9e00000)
  eden space 54464K,  69% used [0x00000000cc000000, 0x00000000ce4c1438, 0x00000000cf530000)
  from space 6784K,   0% used [0x00000000cf530000, 0x00000000cf530000, 0x00000000cfbd0000)
  to   space 6784K,   0% used [0x00000000cfbd0000, 0x00000000cfbd0000, 0x00000000d0270000)
 tenured generation   total 136012K, used 66635K [0x00000000d9e00000, 0x00000000e22d3000, 0x00000000f5a00000)
   the space 136012K,  48% used [0x00000000d9e00000, 0x00000000ddf12c90, 0x00000000ddf12e00, 0x00000000e22d3000)
 compacting perm gen  total 21248K, used 8295K [0x00000000f5a00000, 0x00000000f6ec0000, 0x0000000100000000)
   the space 21248K,  39% used [0x00000000f5a00000, 0x00000000f6219f70, 0x00000000f621a000, 0x00000000f6ec0000)
No shared spaces configured.

Card table byte_map: [0x00007fca56095000,0x00007fca56236000] byte_map_base: 0x00007fca55a35000

Polling page: 0x00007fca596cf000

Code Cache  [0x00007fca4d000000, 0x00007fca4d270000, 0x00007fca50000000)
 total_blobs=597 nmethods=139 adapters=413 free_code_cache=48315Kb largest_free_block=49455872

Compilation events (10 events):
Event: 57,792 Thread 0x00007fca50098800  135             org.lwjgl.opengl.Display::getHeight (30 bytes)
Event: 57,795 Thread 0x00007fca50098800 nmethod 135 0x00007fca4d0d3350 code [0x00007fca4d0d34a0, 0x00007fca4d0d3758]
Event: 60,936 Thread 0x00007fca50098800  136             java.nio.HeapByteBuffer::compact (52 bytes)
Event: 60,955 Thread 0x00007fca5009a800  137   !         org.lwjgl.opengl.Display::isCreated (17 bytes)
Event: 60,956 Thread 0x00007fca5009a800 nmethod 137 0x00007fca4d0d2f50 code [0x00007fca4d0d30a0, 0x00007fca4d0d32d8]
Event: 60,958 Thread 0x00007fca5009a800  138             java.nio.Buffer::capacity (5 bytes)
Event: 60,958 Thread 0x00007fca5009a800 nmethod 138 0x00007fca4d0d2d50 code [0x00007fca4d0d2e80, 0x00007fca4d0d2ed8]
Event: 60,975 Thread 0x00007fca50098800 nmethod 136 0x00007fca4d0c7290 code [0x00007fca4d0c73e0, 0x00007fca4d0c7558]
Event: 61,954 Thread 0x00007fca5009a800  139             java.nio.DirectIntBufferU::get (16 bytes)
Event: 61,955 Thread 0x00007fca5009a800 nmethod 139 0x00007fca4d0d4350 code [0x00007fca4d0d4480, 0x00007fca4d0d44f8]

GC Heap History (10 events):
Event: 7,209 GC heap before
{Heap before GC invocations=2 (full 0):
 def new generation   total 9600K, used 4994K [0x00000000cc000000, 0x00000000cca60000, 0x00000000d9e00000)
  eden space 8576K,  49% used [0x00000000cc000000, 0x00000000cc41d790, 0x00000000cc860000)
  from space 1024K,  76% used [0x00000000cc860000, 0x00000000cc923450, 0x00000000cc960000)
  to   space 1024K,   0% used [0x00000000cc960000, 0x00000000cc960000, 0x00000000cca60000)
 tenured generation   total 21312K, used 3954K [0x00000000d9e00000, 0x00000000db2d0000, 0x00000000f5a00000)
   the space 21312K,  18% used [0x00000000d9e00000, 0x00000000da1dcaf0, 0x00000000da1dcc00, 0x00000000db2d0000)
 compacting perm gen  total 21248K, used 8207K [0x00000000f5a00000, 0x00000000f6ec0000, 0x0000000100000000)
   the space 21248K,  38% used [0x00000000f5a00000, 0x00000000f6203d78, 0x00000000f6203e00, 0x00000000f6ec0000)
No shared spaces configured.
Event: 7,223 GC heap after
Heap after GC invocations=3 (full 0):
 def new generation   total 9664K, used 0K [0x00000000cc000000, 0x00000000cca70000, 0x00000000d9e00000)
  eden space 8640K,   0% used [0x00000000cc000000, 0x00000000cc000000, 0x00000000cc870000)
  from space 1024K,   0% used [0x00000000cc870000, 0x00000000cc870000, 0x00000000cc970000)
  to   space 1024K,   0% used [0x00000000cc970000, 0x00000000cc970000, 0x00000000cca70000)
 tenured generation   total 21312K, used 8814K [0x00000000d9e00000, 0x00000000db2d0000, 0x00000000f5a00000)
   the space 21312K,  41% used [0x00000000d9e00000, 0x00000000da69b8e8, 0x00000000da69ba00, 0x00000000db2d0000)
 compacting perm gen  total 21248K, used 8207K [0x00000000f5a00000, 0x00000000f6ec0000, 0x0000000100000000)
   the space 21248K,  38% used [0x00000000f5a00000, 0x00000000f6203d78, 0x00000000f6203e00, 0x00000000f6ec0000)
No shared spaces configured.
}
Event: 7,566 GC heap before
{Heap before GC invocations=3 (full 0):
 def new generation   total 9664K, used 8310K [0x00000000cc000000, 0x00000000cca70000, 0x00000000d9e00000)
  eden space 8640K,  96% used [0x00000000cc000000, 0x00000000cc81db18, 0x00000000cc870000)
  from space 1024K,   0% used [0x00000000cc870000, 0x00000000cc870000, 0x00000000cc970000)
  to   space 1024K,   0% used [0x00000000cc970000, 0x00000000cc970000, 0x00000000cca70000)
 tenured generation   total 21312K, used 8814K [0x00000000d9e00000, 0x00000000db2d0000, 0x00000000f5a00000)
   the space 21312K,  41% used [0x00000000d9e00000, 0x00000000da69b8e8, 0x00000000da69ba00, 0x00000000db2d0000)
 compacting perm gen  total 21248K, used 8207K [0x00000000f5a00000, 0x00000000f6ec0000, 0x0000000100000000)
   the space 21248K,  38% used [0x00000000f5a00000, 0x00000000f6203ee8, 0x00000000f6204000, 0x00000000f6ec0000)
No shared spaces configured.
Event: 7,619 GC heap after
Heap after GC invocations=4 (full 1):
 def new generation   total 9664K, used 0K [0x00000000cc000000, 0x00000000cca70000, 0x00000000d9e00000)
  eden space 8640K,   0% used [0x00000000cc000000, 0x00000000cc000000, 0x00000000cc870000)
  from space 1024K,   0% used [0x00000000cc970000, 0x00000000cc970000, 0x00000000cca70000)
  to   space 1024K,   0% used [0x00000000cc870000, 0x00000000cc870000, 0x00000000cc970000)
 tenured generation   total 21312K, used 10857K [0x00000000d9e00000, 0x00000000db2d0000, 0x00000000f5a00000)
   the space 21312K,  50% used [0x00000000d9e00000, 0x00000000da89a6c8, 0x00000000da89a800, 0x00000000db2d0000)
 compacting perm gen  total 21248K, used 8207K [0x00000000f5a00000, 0x00000000f6ec0000, 0x0000000100000000)
   the space 21248K,  38% used [0x00000000f5a00000, 0x00000000f6203ee8, 0x00000000f6204000, 0x00000000f6ec0000)
No shared spaces configured.
}
Event: 8,293 GC heap before
{Heap before GC invocations=4 (full 1):
 def new generation   total 9664K, used 234K [0x00000000cc000000, 0x00000000cca70000, 0x00000000d9e00000)
  eden space 8640K,   2% used [0x00000000cc000000, 0x00000000cc03a990, 0x00000000cc870000)
  from space 1024K,   0% used [0x00000000cc970000, 0x00000000cc970000, 0x00000000cca70000)
  to   space 1024K,   0% used [0x00000000cc870000, 0x00000000cc870000, 0x00000000cc970000)
 tenured generation   total 37700K, used 27241K [0x00000000d9e00000, 0x00000000dc2d1000, 0x00000000f5a00000)
   the space 37700K,  72% used [0x00000000d9e00000, 0x00000000db89a6d8, 0x00000000db89a800, 0x00000000dc2d1000)
 compacting perm gen  total 21248K, used 8211K [0x00000000f5a00000, 0x00000000f6ec0000, 0x0000000100000000)
   the space 21248K,  38% used [0x00000000f5a00000, 0x00000000f6204f18, 0x00000000f6205000, 0x00000000f6ec0000)
No shared spaces configured.
Event: 8,348 GC heap after
Heap after GC invocations=5 (full 2):
 def new generation   total 17024K, used 0K [0x00000000cc000000, 0x00000000cd270000, 0x00000000d9e00000)
  eden space 15168K,   0% used [0x00000000cc000000, 0x00000000cc000000, 0x00000000cced0000)
  from space 1856K,   0% used [0x00000000cced0000, 0x00000000cced0000, 0x00000000cd0a0000)
  to   space 1856K,   0% used [0x00000000cd0a0000, 0x00000000cd0a0000, 0x00000000cd270000)
 tenured generation   total 37700K, used 19049K [0x00000000d9e00000, 0x00000000dc2d1000, 0x00000000f5a00000)
   the space 37700K,  50% used [0x00000000d9e00000, 0x00000000db09a6e8, 0x00000000db09a800, 0x00000000dc2d1000)
 compacting perm gen  total 21248K, used 8211K [0x00000000f5a00000, 0x00000000f6ec0000, 0x0000000100000000)
   the space 21248K,  38% used [0x00000000f5a00000, 0x00000000f6204f18, 0x00000000f6205000, 0x00000000f6ec0000)
No shared spaces configured.
}
Event: 9,964 GC heap before
{Heap before GC invocations=5 (full 2):
 def new generation   total 17024K, used 548K [0x00000000cc000000, 0x00000000cd270000, 0x00000000d9e00000)
  eden space 15168K,   3% used [0x00000000cc000000, 0x00000000cc089168, 0x00000000cced0000)
  from space 1856K,   0% used [0x00000000cced0000, 0x00000000cced0000, 0x00000000cd0a0000)
  to   space 1856K,   0% used [0x00000000cd0a0000, 0x00000000cd0a0000, 0x00000000cd270000)
 tenured generation   total 70472K, used 51817K [0x00000000d9e00000, 0x00000000de2d2000, 0x00000000f5a00000)
   the space 70472K,  73% used [0x00000000d9e00000, 0x00000000dd09a6f8, 0x00000000dd09a800, 0x00000000de2d2000)
 compacting perm gen  total 21248K, used 8211K [0x00000000f5a00000, 0x00000000f6ec0000, 0x0000000100000000)
   the space 21248K,  38% used [0x00000000f5a00000, 0x00000000f6204f18, 0x00000000f6205000, 0x00000000f6ec0000)
No shared spaces configured.
Event: 10,120 GC heap after
Heap after GC invocations=6 (full 3):
 def new generation   total 31744K, used 0K [0x00000000cc000000, 0x00000000ce270000, 0x00000000d9e00000)
  eden space 28224K,   0% used [0x00000000cc000000, 0x00000000cc000000, 0x00000000cdb90000)
  from space 3520K,   0% used [0x00000000cdb90000, 0x00000000cdb90000, 0x00000000cdf00000)
  to   space 3520K,   0% used [0x00000000cdf00000, 0x00000000cdf00000, 0x00000000ce270000)
 tenured generation   total 70472K, used 35433K [0x00000000d9e00000, 0x00000000de2d2000, 0x00000000f5a00000)
   the space 70472K,  50% used [0x00000000d9e00000, 0x00000000dc09a7c0, 0x00000000dc09a800, 0x00000000de2d2000)
 compacting perm gen  total 21248K, used 8211K [0x00000000f5a00000, 0x00000000f6ec0000, 0x0000000100000000)
   the space 21248K,  38% used [0x00000000f5a00000, 0x00000000f6204f18, 0x00000000f6205000, 0x00000000f6ec0000)
No shared spaces configured.
}
Event: 10,892 GC heap before
{Heap before GC invocations=6 (full 3):
 def new generation   total 31744K, used 254K [0x00000000cc000000, 0x00000000ce270000, 0x00000000d9e00000)
  eden space 28224K,   0% used [0x00000000cc000000, 0x00000000cc03fbd0, 0x00000000cdb90000)
  from space 3520K,   0% used [0x00000000cdb90000, 0x00000000cdb90000, 0x00000000cdf00000)
  to   space 3520K,   0% used [0x00000000cdf00000, 0x00000000cdf00000, 0x00000000ce270000)
 tenured generation   total 136012K, used 100969K [0x00000000d9e00000, 0x00000000e22d3000, 0x00000000f5a00000)
   the space 136012K,  74% used [0x00000000d9e00000, 0x00000000e009a7d0, 0x00000000e009a800, 0x00000000e22d3000)
 compacting perm gen  total 21248K, used 8211K [0x00000000f5a00000, 0x00000000f6ec0000, 0x0000000100000000)
   the space 21248K,  38% used [0x00000000f5a00000, 0x00000000f6204f18, 0x00000000f6205000, 0x00000000f6ec0000)
No shared spaces configured.
Event: 10,991 GC heap after
Heap after GC invocations=7 (full 4):
 def new generation   total 61248K, used 0K [0x00000000cc000000, 0x00000000d0270000, 0x00000000d9e00000)
  eden space 54464K,   0% used [0x00000000cc000000, 0x00000000cc000000, 0x00000000cf530000)
  from space 6784K,   0% used [0x00000000cf530000, 0x00000000cf530000, 0x00000000cfbd0000)
  to   space 6784K,   0% used [0x00000000cfbd0000, 0x00000000cfbd0000, 0x00000000d0270000)
 tenured generation   total 136012K, used 66635K [0x00000000d9e00000, 0x00000000e22d3000, 0x00000000f5a00000)
   the space 136012K,  48% used [0x00000000d9e00000, 0x00000000ddf12c90, 0x00000000ddf12e00, 0x00000000e22d3000)
 compacting perm gen  total 21248K, used 8210K [0x00000000f5a00000, 0x00000000f6ec0000, 0x0000000100000000)
   the space 21248K,  38% used [0x00000000f5a00000, 0x00000000f62049f8, 0x00000000f6204a00, 0x00000000f6ec0000)
No shared spaces configured.
}

Deoptimization events (7 events):
Event: 4,792 Thread 0x00007fca5000a800 Uncommon trap: reason=unreached action=reinterpret pc=0x00007fca4d08db3c method=com.jcraft.jogg.StreamState.init(I)V @ 59
Event: 5,689 Thread 0x00007fca5000a800 Uncommon trap: reason=class_check action=maybe_recompile pc=0x00007fca4d09edac method=com.jcraft.jorbis.Mapping0.inverse(Lcom/jcraft/jorbis/Block;Ljava/lang/Object;)I @ 459
Event: 5,691 Thread 0x00007fca5000a800 Uncommon trap: reason=class_check action=maybe_recompile pc=0x00007fca4d09edac method=com.jcraft.jorbis.Mapping0.inverse(Lcom/jcraft/jorbis/Block;Ljava/lang/Object;)I @ 459
Event: 5,700 Thread 0x00007fca5000a800 Uncommon trap: reason=class_check action=maybe_recompile pc=0x00007fca4d09edac method=com.jcraft.jorbis.Mapping0.inverse(Lcom/jcraft/jorbis/Block;Ljava/lang/Object;)I @ 459
Event: 5,709 Thread 0x00007fca5000a800 Uncommon trap: reason=class_check action=maybe_recompile pc=0x00007fca4d09edac method=com.jcraft.jorbis.Mapping0.inverse(Lcom/jcraft/jorbis/Block;Ljava/lang/Object;)I @ 459
Event: 44,524 Thread 0x00007fca5000a800 Uncommon trap: reason=unreached action=reinterpret pc=0x00007fca4d08e9e4 method=java.util.concurrent.locks.AbstractQueuedSynchronizer.release(I)Z @ 14
Event: 44,545 Thread 0x00007fca5000a800 Uncommon trap: reason=unreached action=reinterpret pc=0x00007fca4d08e554 method=java.util.concurrent.locks.AbstractQueuedSynchronizer.release(I)Z @ 14

Internal exceptions (10 events):
Event: 5,564 Thread 0x00007fca5000a800 Threw 0x00000000cc0b67e0 at /build/buildd/openjdk-7-7u51-2.4.4/build/openjdk/hotspot/src/share/vm/prims/jvm.cpp:1244
Event: 5,565 Thread 0x00007fca5000a800 Threw 0x00000000cc0b8000 at /build/buildd/openjdk-7-7u51-2.4.4/build/openjdk/hotspot/src/share/vm/prims/jvm.cpp:1244
Event: 11,378 Thread 0x00007fca5000a800 Threw 0x00000000ce331c78 at /build/buildd/openjdk-7-7u51-2.4.4/build/openjdk/hotspot/src/share/vm/prims/jvm.cpp:1244
Event: 11,389 Thread 0x00007fca5000a800 Threw 0x00000000ce333f38 at /build/buildd/openjdk-7-7u51-2.4.4/build/openjdk/hotspot/src/share/vm/prims/jvm.cpp:1244
Event: 44,491 Thread 0x00007fca5000a800 Implicit null exception at 0x00007fca4d08e8f3 to 0x00007fca4d08e9d1
Event: 44,545 Thread 0x00007fca5000a800 Implicit null exception at 0x00007fca4d08e444 to 0x00007fca4d08e541
Event: 44,545 Thread 0x00007fca5000a800 Threw 0x00000000ce3518a0 at /build/buildd/openjdk-7-7u51-2.4.4/build/openjdk/hotspot/src/share/vm/prims/jvm.cpp:1244
Event: 44,568 Thread 0x00007fca5000a800 Threw 0x00000000ce352fb0 at /build/buildd/openjdk-7-7u51-2.4.4/build/openjdk/hotspot/src/share/vm/prims/jvm.cpp:1244
Event: 44,592 Thread 0x00007fca5000a800 Threw 0x00000000ce354f10 at /build/buildd/openjdk-7-7u51-2.4.4/build/openjdk/hotspot/src/share/vm/prims/jvm.cpp:1244
Event: 47,936 Thread 0x00007fca5000a800 Threw 0x00000000ce357df0 at /build/buildd/openjdk-7-7u51-2.4.4/build/openjdk/hotspot/src/share/vm/prims/jvm.cpp:1244

Events (10 events):
Event: 71,738 loading class 0x00007fca3c076290
Event: 71,774 loading class 0x00007fca3c035250
Event: 71,794 loading class 0x00007fca3c035250 done
Event: 71,794 loading class 0x00007fca3c035280
Event: 71,804 loading class 0x00007fca3c035280 done
Event: 71,804 loading class 0x00007fca3c076290 done
Event: 71,886 Thread 0x00007fca501f4800 Thread exited: 0x00007fca501f4800
Event: 71,903 Thread 0x00007fca50836800 Thread exited: 0x00007fca50836800
Event: 71,967 Thread 0x00007fca50096000 Thread exited: 0x00007fca50096000
Event: 71,980 Executing VM operation: Exit


Dynamic libraries:
00400000-00401000 r-xp 00000000 fc:00 3675615                            /usr/lib/jvm/java-7-openjdk-amd64/jre/bin/java
00600000-00601000 r--p 00000000 fc:00 3675615                            /usr/lib/jvm/java-7-openjdk-amd64/jre/bin/java
00601000-00602000 rw-p 00001000 fc:00 3675615                            /usr/lib/jvm/java-7-openjdk-amd64/jre/bin/java
00aa2000-00ac3000 rw-p 00000000 00:00 0                                  [heap]
cc000000-d0270000 rw-p 00000000 00:00 0 
d0270000-d9e00000 rw-p 00000000 00:00 0 
d9e00000-e22d3000 rw-p 00000000 00:00 0 
e22d3000-f5a00000 rw-p 00000000 00:00 0 
f5a00000-f6ec0000 rw-p 00000000 00:00 0 
f6ec0000-100000000 rw-p 00000000 00:00 0 
7fca1ab71000-7fca1ab74000 ---p 00000000 00:00 0 
7fca1ab74000-7fca1ac72000 rw-p 00000000 00:00 0 
7fca1ac72000-7fca1ac75000 ---p 00000000 00:00 0 
7fca1ac75000-7fca1f3d7000 rw-p 00000000 00:00 0 
7fca1f3d7000-7fca1f3d8000 ---p 00000000 00:00 0 
7fca1f3d8000-7fca1f4d8000 rw-p 00000000 00:00 0                          [stack:10152]
7fca1f4d8000-7fca234d9000 rw-s 00000000 00:13 57531                      /run/shm/pulse-shm-854757781
7fca234d9000-7fca234da000 ---p 00000000 00:00 0 
7fca234da000-7fca23cda000 rw-p 00000000 00:00 0                          [stack:10151]
7fca23cda000-7fca23ce1000 r-xp 00000000 fc:00 2892090                    /usr/lib/x86_64-linux-gnu/libogg.so.0.8.1
7fca23ce1000-7fca23ee1000 ---p 00007000 fc:00 2892090                    /usr/lib/x86_64-linux-gnu/libogg.so.0.8.1
7fca23ee1000-7fca23ee2000 r--p 00007000 fc:00 2892090                    /usr/lib/x86_64-linux-gnu/libogg.so.0.8.1
7fca23ee2000-7fca23ee3000 rw-p 00008000 fc:00 2892090                    /usr/lib/x86_64-linux-gnu/libogg.so.0.8.1
7fca23ee3000-7fca23f0e000 r-xp 00000000 fc:00 2892321                    /usr/lib/x86_64-linux-gnu/libvorbis.so.0.4.5
7fca23f0e000-7fca2410e000 ---p 0002b000 fc:00 2892321                    /usr/lib/x86_64-linux-gnu/libvorbis.so.0.4.5
7fca2410e000-7fca2410f000 r--p 0002b000 fc:00 2892321                    /usr/lib/x86_64-linux-gnu/libvorbis.so.0.4.5
7fca2410f000-7fca24110000 rw-p 0002c000 fc:00 2892321                    /usr/lib/x86_64-linux-gnu/libvorbis.so.0.4.5
7fca24110000-7fca243c3000 r-xp 00000000 fc:00 2892323                    /usr/lib/x86_64-linux-gnu/libvorbisenc.so.2.0.8
7fca243c3000-7fca245c2000 ---p 002b3000 fc:00 2892323                    /usr/lib/x86_64-linux-gnu/libvorbisenc.so.2.0.8
7fca245c2000-7fca245de000 r--p 002b2000 fc:00 2892323                    /usr/lib/x86_64-linux-gnu/libvorbisenc.so.2.0.8
7fca245de000-7fca245df000 rw-p 002ce000 fc:00 2892323                    /usr/lib/x86_64-linux-gnu/libvorbisenc.so.2.0.8
7fca245df000-7fca2460e000 r-xp 00000000 fc:00 2891288                    /usr/lib/x86_64-linux-gnu/libFLAC.so.8.3.0
7fca2460e000-7fca2480e000 ---p 0002f000 fc:00 2891288                    /usr/lib/x86_64-linux-gnu/libFLAC.so.8.3.0
7fca2480e000-7fca2480f000 r--p 0002f000 fc:00 2891288                    /usr/lib/x86_64-linux-gnu/libFLAC.so.8.3.0
7fca2480f000-7fca24810000 rw-p 00030000 fc:00 2891288                    /usr/lib/x86_64-linux-gnu/libFLAC.so.8.3.0
7fca24810000-7fca24815000 r-xp 00000000 fc:00 2891505                    /usr/lib/x86_64-linux-gnu/libasyncns.so.0.3.1
7fca24815000-7fca24a14000 ---p 00005000 fc:00 2891505                    /usr/lib/x86_64-linux-gnu/libasyncns.so.0.3.1
7fca24a14000-7fca24a15000 r--p 00004000 fc:00 2891505                    /usr/lib/x86_64-linux-gnu/libasyncns.so.0.3.1
7fca24a15000-7fca24a16000 rw-p 00005000 fc:00 2891505                    /usr/lib/x86_64-linux-gnu/libasyncns.so.0.3.1
7fca24a16000-7fca24a77000 r-xp 00000000 fc:00 2892216                    /usr/lib/x86_64-linux-gnu/libsndfile.so.1.0.25
7fca24a77000-7fca24c77000 ---p 00061000 fc:00 2892216                    /usr/lib/x86_64-linux-gnu/libsndfile.so.1.0.25
7fca24c77000-7fca24c79000 r--p 00061000 fc:00 2892216                    /usr/lib/x86_64-linux-gnu/libsndfile.so.1.0.25
7fca24c79000-7fca24c7a000 rw-p 00063000 fc:00 2892216                    /usr/lib/x86_64-linux-gnu/libsndfile.so.1.0.25
7fca24c7a000-7fca24c7e000 rw-p 00000000 00:00 0 
7fca24c7e000-7fca24c86000 r-xp 00000000 fc:00 6557692                    /lib/x86_64-linux-gnu/libwrap.so.0.7.6
7fca24c86000-7fca24e86000 ---p 00008000 fc:00 6557692                    /lib/x86_64-linux-gnu/libwrap.so.0.7.6
7fca24e86000-7fca24e87000 r--p 00008000 fc:00 6557692                    /lib/x86_64-linux-gnu/libwrap.so.0.7.6
7fca24e87000-7fca24e88000 rw-p 00009000 fc:00 6557692                    /lib/x86_64-linux-gnu/libwrap.so.0.7.6
7fca24e88000-7fca24eee000 r-xp 00000000 fc:00 3277648                    /usr/lib/x86_64-linux-gnu/pulseaudio/libpulsecommon-4.0.so
7fca24eee000-7fca250ed000 ---p 00066000 fc:00 3277648                    /usr/lib/x86_64-linux-gnu/pulseaudio/libpulsecommon-4.0.so
7fca250ed000-7fca250ee000 r--p 00065000 fc:00 3277648                    /usr/lib/x86_64-linux-gnu/pulseaudio/libpulsecommon-4.0.so
7fca250ee000-7fca250ef000 rw-p 00066000 fc:00 3277648                    /usr/lib/x86_64-linux-gnu/pulseaudio/libpulsecommon-4.0.so
7fca250ef000-7fca250f8000 r-xp 00000000 fc:00 6557577                    /lib/x86_64-linux-gnu/libjson-c.so.2.0.1
7fca250f8000-7fca252f7000 ---p 00009000 fc:00 6557577                    /lib/x86_64-linux-gnu/libjson-c.so.2.0.1
7fca252f7000-7fca252f8000 r--p 00008000 fc:00 6557577                    /lib/x86_64-linux-gnu/libjson-c.so.2.0.1
7fca252f8000-7fca252f9000 rw-p 00009000 fc:00 6557577                    /lib/x86_64-linux-gnu/libjson-c.so.2.0.1
7fca252f9000-7fca25340000 r-xp 00000000 fc:00 2892153                    /usr/lib/x86_64-linux-gnu/libpulse.so.0.16.2
7fca25340000-7fca25540000 ---p 00047000 fc:00 2892153                    /usr/lib/x86_64-linux-gnu/libpulse.so.0.16.2
7fca25540000-7fca25541000 r--p 00047000 fc:00 2892153                    /usr/lib/x86_64-linux-gnu/libpulse.so.0.16.2
7fca25541000-7fca25542000 rw-p 00048000 fc:00 2892153                    /usr/lib/x86_64-linux-gnu/libpulse.so.0.16.2
7fca25542000-7fca25597000 r-xp 00000000 fc:00 2098387                    /home/alvin/workspace/Copy of Lumen/LWJGL Library/native/linux/libopenal64.so
7fca25597000-7fca25796000 ---p 00055000 fc:00 2098387                    /home/alvin/workspace/Copy of Lumen/LWJGL Library/native/linux/libopenal64.so
7fca25796000-7fca25799000 r--p 00054000 fc:00 2098387                    /home/alvin/workspace/Copy of Lumen/LWJGL Library/native/linux/libopenal64.so
7fca25799000-7fca2579a000 rw-p 00057000 fc:00 2098387                    /home/alvin/workspace/Copy of Lumen/LWJGL Library/native/linux/libopenal64.so
7fca2579a000-7fca2579b000 rw-p 00000000 00:00 0 
7fca2579b000-7fca257b1000 r-xp 00000000 fc:00 3546263                    /usr/lib/jvm/java-7-openjdk-amd64/jre/lib/amd64/libnet.so
7fca257b1000-7fca259b0000 ---p 00016000 fc:00 3546263                    /usr/lib/jvm/java-7-openjdk-amd64/jre/lib/amd64/libnet.so
7fca259b0000-7fca259b1000 r--p 00015000 fc:00 3546263                    /usr/lib/jvm/java-7-openjdk-amd64/jre/lib/amd64/libnet.so
7fca259b1000-7fca259b2000 rw-p 00016000 fc:00 3546263                    /usr/lib/jvm/java-7-openjdk-amd64/jre/lib/amd64/libnet.so
7fca259b2000-7fca259c2000 r-xp 00000000 fc:00 3546284                    /usr/lib/jvm/java-7-openjdk-amd64/jre/lib/amd64/libnio.so
7fca259c2000-7fca25bc2000 ---p 00010000 fc:00 3546284                    /usr/lib/jvm/java-7-openjdk-amd64/jre/lib/amd64/libnio.so
7fca25bc2000-7fca25bc3000 r--p 00010000 fc:00 3546284                    /usr/lib/jvm/java-7-openjdk-amd64/jre/lib/amd64/libnio.so
7fca25bc3000-7fca25bc4000 rw-p 00011000 fc:00 3546284                    /usr/lib/jvm/java-7-openjdk-amd64/jre/lib/amd64/libnio.so
7fca25bc4000-7fca26d17000 rw-p 00000000 00:00 0 
7fca26d17000-7fca26d49000 r-xp 00000000 fc:00 2892280                    /usr/lib/x86_64-linux-gnu/libtxc_dxtn_s2tc.so.0.0.0
7fca26d49000-7fca26f48000 ---p 00032000 fc:00 2892280                    /usr/lib/x86_64-linux-gnu/libtxc_dxtn_s2tc.so.0.0.0
7fca26f48000-7fca26f49000 r--p 00031000 fc:00 2892280                    /usr/lib/x86_64-linux-gnu/libtxc_dxtn_s2tc.so.0.0.0
7fca26f49000-7fca26f4a000 rw-p 00032000 fc:00 2892280                    /usr/lib/x86_64-linux-gnu/libtxc_dxtn_s2tc.so.0.0.0
7fca26f4a000-7fca26fbe000 rw-p 00000000 00:00 0 
7fca26fbe000-7fca26fc6000 r-xp 00000000 fc:00 2892122                    /usr/lib/x86_64-linux-gnu/libpciaccess.so.0.11.1
7fca26fc6000-7fca271c5000 ---p 00008000 fc:00 2892122                    /usr/lib/x86_64-linux-gnu/libpciaccess.so.0.11.1
7fca271c5000-7fca271c6000 r--p 00007000 fc:00 2892122                    /usr/lib/x86_64-linux-gnu/libpciaccess.so.0.11.1
7fca271c6000-7fca271c7000 rw-p 00008000 fc:00 2892122                    /usr/lib/x86_64-linux-gnu/libpciaccess.so.0.11.1
7fca271c7000-7fca271e6000 r-xp 00000000 fc:00 2888072                    /usr/lib/x86_64-linux-gnu/libdrm_intel.so.1.0.0
7fca271e6000-7fca273e5000 ---p 0001f000 fc:00 2888072                    /usr/lib/x86_64-linux-gnu/libdrm_intel.so.1.0.0
7fca273e5000-7fca273e6000 r--p 0001e000 fc:00 2888072                    /usr/lib/x86_64-linux-gnu/libdrm_intel.so.1.0.0
7fca273e6000-7fca273e7000 rw-p 0001f000 fc:00 2888072                    /usr/lib/x86_64-linux-gnu/libdrm_intel.so.1.0.0
7fca273e7000-7fca277a5000 r-xp 00000000 fc:00 2891639                    /usr/lib/x86_64-linux-gnu/libdricore9.2.1.so.1.0.0
7fca277a5000-7fca279a4000 ---p 003be000 fc:00 2891639                    /usr/lib/x86_64-linux-gnu/libdricore9.2.1.so.1.0.0
7fca279a4000-7fca279b4000 r--p 003bd000 fc:00 2891639                    /usr/lib/x86_64-linux-gnu/libdricore9.2.1.so.1.0.0
7fca279b4000-7fca279bc000 rw-p 003cd000 fc:00 2891639                    /usr/lib/x86_64-linux-gnu/libdricore9.2.1.so.1.0.0
7fca279bc000-7fca279d4000 rw-p 00000000 00:00 0 
7fca279d4000-7fca27aa9000 r-xp 00000000 fc:00 3148337                    /usr/lib/x86_64-linux-gnu/dri/i965_dri.so
7fca27aa9000-7fca27ca9000 ---p 000d5000 fc:00 3148337                    /usr/lib/x86_64-linux-gnu/dri/i965_dri.so
7fca27ca9000-7fca27cac000 r--p 000d5000 fc:00 3148337                    /usr/lib/x86_64-linux-gnu/dri/i965_dri.so
7fca27cac000-7fca27cae000 rw-p 000d8000 fc:00 3148337                    /usr/lib/x86_64-linux-gnu/dri/i965_dri.so
7fca27cae000-7fca27caf000 rw-p 00000000 00:00 0 
7fca27caf000-7fca27cba000 r-xp 00000000 fc:00 2887841                    /usr/lib/x86_64-linux-gnu/libdrm.so.2.4.0
7fca27cba000-7fca27eb9000 ---p 0000b000 fc:00 2887841                    /usr/lib/x86_64-linux-gnu/libdrm.so.2.4.0
7fca27eb9000-7fca27eba000 r--p 0000a000 fc:00 2887841                    /usr/lib/x86_64-linux-gnu/libdrm.so.2.4.0
7fca27eba000-7fca27ebb000 rw-p 0000b000 fc:00 2887841                    /usr/lib/x86_64-linux-gnu/libdrm.so.2.4.0
7fca27ebb000-7fca27ebe000 r-xp 00000000 fc:00 2892353                    /usr/lib/x86_64-linux-gnu/libxcb-dri2.so.0.0.0
7fca27ebe000-7fca280be000 ---p 00003000 fc:00 2892353                    /usr/lib/x86_64-linux-gnu/libxcb-dri2.so.0.0.0
7fca280be000-7fca280bf000 r--p 00003000 fc:00 2892353                    /usr/lib/x86_64-linux-gnu/libxcb-dri2.so.0.0.0
7fca280bf000-7fca280c0000 rw-p 00004000 fc:00 2892353                    /usr/lib/x86_64-linux-gnu/libxcb-dri2.so.0.0.0
7fca280c0000-7fca280d5000 r-xp 00000000 fc:00 2892355                    /usr/lib/x86_64-linux-gnu/libxcb-glx.so.0.0.0
7fca280d5000-7fca282d4000 ---p 00015000 fc:00 2892355                    /usr/lib/x86_64-linux-gnu/libxcb-glx.so.0.0.0
7fca282d4000-7fca282d6000 r--p 00014000 fc:00 2892355                    /usr/lib/x86_64-linux-gnu/libxcb-glx.so.0.0.0
7fca282d6000-7fca282d7000 rw-p 00016000 fc:00 2892355                    /usr/lib/x86_64-linux-gnu/libxcb-glx.so.0.0.0
7fca282d7000-7fca282d8000 r-xp 00000000 fc:00 2891421                    /usr/lib/x86_64-linux-gnu/libX11-xcb.so.1.0.0
7fca282d8000-7fca284d7000 ---p 00001000 fc:00 2891421                    /usr/lib/x86_64-linux-gnu/libX11-xcb.so.1.0.0
7fca284d7000-7fca284d8000 r--p 00000000 fc:00 2891421                    /usr/lib/x86_64-linux-gnu/libX11-xcb.so.1.0.0
7fca284d8000-7fca284d9000 rw-p 00001000 fc:00 2891421                    /usr/lib/x86_64-linux-gnu/libX11-xcb.so.1.0.0
7fca284d9000-7fca284fa000 r-xp 00000000 fc:00 2891782                    /usr/lib/x86_64-linux-gnu/libglapi.so.0.0.0
7fca284fa000-7fca286fa000 ---p 00021000 fc:00 2891782                    /usr/lib/x86_64-linux-gnu/libglapi.so.0.0.0
7fca286fa000-7fca286fd000 r--p 00021000 fc:00 2891782                    /usr/lib/x86_64-linux-gnu/libglapi.so.0.0.0
7fca286fd000-7fca286fe000 rw-p 00024000 fc:00 2891782                    /usr/lib/x86_64-linux-gnu/libglapi.so.0.0.0
7fca286fe000-7fca286ff000 rw-p 00000000 00:00 0 
7fca286ff000-7fca28759000 r-xp 00000000 fc:00 3277591                    /usr/lib/x86_64-linux-gnu/mesa/libGL.so.1.2.0
7fca28759000-7fca28959000 ---p 0005a000 fc:00 3277591                    /usr/lib/x86_64-linux-gnu/mesa/libGL.so.1.2.0
7fca28959000-7fca2895b000 r--p 0005a000 fc:00 3277591                    /usr/lib/x86_64-linux-gnu/mesa/libGL.so.1.2.0
7fca2895b000-7fca2895c000 rw-p 0005c000 fc:00 3277591                    /usr/lib/x86_64-linux-gnu/mesa/libGL.so.1.2.0
7fca2895c000-7fca2895d000 rw-p 00000000 00:00 0 
7fca2895d000-7fca28961000 r-xp 00000000 fc:00 2891472                    /usr/lib/x86_64-linux-gnu/libXxf86vm.so.1.0.0
7fca28961000-7fca28b61000 ---p 00004000 fc:00 2891472                    /usr/lib/x86_64-linux-gnu/libXxf86vm.so.1.0.0
7fca28b61000-7fca28b62000 r--p 00004000 fc:00 2891472                    /usr/lib/x86_64-linux-gnu/libXxf86vm.so.1.0.0
7fca28b62000-7fca28b63000 rw-p 00005000 fc:00 2891472                    /usr/lib/x86_64-linux-gnu/libXxf86vm.so.1.0.0
7fca28b63000-7fca28bcd000 r-xp 00000000 fc:00 2098385                    /home/alvin/workspace/Copy of Lumen/LWJGL Library/native/linux/liblwjgl64.so
7fca28bcd000-7fca28dcd000 ---p 0006a000 fc:00 2098385                    /home/alvin/workspace/Copy of Lumen/LWJGL Library/native/linux/liblwjgl64.so
7fca28dcd000-7fca28dcf000 r--p 0006a000 fc:00 2098385                    /home/alvin/workspace/Copy of Lumen/LWJGL Library/native/linux/liblwjgl64.so
7fca28dcf000-7fca28dd0000 rw-p 0006c000 fc:00 2098385                    /home/alvin/workspace/Copy of Lumen/LWJGL Library/native/linux/liblwjgl64.so
7fca28dd0000-7fca28dd1000 r-xp 00000000 fc:00 3546274                    /usr/lib/jvm/java-7-openjdk-amd64/jre/lib/amd64/libjawt.so
7fca28dd1000-7fca28fd0000 ---p 00001000 fc:00 3546274                    /usr/lib/jvm/java-7-openjdk-amd64/jre/lib/amd64/libjawt.so
7fca28fd0000-7fca28fd1000 r--p 00000000 fc:00 3546274                    /usr/lib/jvm/java-7-openjdk-amd64/jre/lib/amd64/libjawt.so
7fca28fd1000-7fca28fd2000 rw-p 00001000 fc:00 3546274                    /usr/lib/jvm/java-7-openjdk-amd64/jre/lib/amd64/libjawt.so
7fca28fd2000-7fca28fd5000 ---p 00000000 00:00 0 
7fca28fd5000-7fca290d3000 rw-p 00000000 00:00 0                          [stack:10142]
7fca290d3000-7fca290d7000 r-xp 00000000 fc:00 6557568                    /lib/x86_64-linux-gnu/libgpg-error.so.0.10.0
7fca290d7000-7fca292d6000 ---p 00004000 fc:00 6557568                    /lib/x86_64-linux-gnu/libgpg-error.so.0.10.0
7fca292d6000-7fca292d7000 r--p 00003000 fc:00 6557568                    /lib/x86_64-linux-gnu/libgpg-error.so.0.10.0
7fca292d7000-7fca292d8000 rw-p 00004000 fc:00 6557568                    /lib/x86_64-linux-gnu/libgpg-error.so.0.10.0
7fca292d8000-7fca292da000 r-xp 00000000 fc:00 6557580                    /lib/x86_64-linux-gnu/libkeyutils.so.1.4
7fca292da000-7fca294da000 ---p 00002000 fc:00 6557580                    /lib/x86_64-linux-gnu/libkeyutils.so.1.4
7fca294da000-7fca294db000 r--p 00002000 fc:00 6557580                    /lib/x86_64-linux-gnu/libkeyutils.so.1.4
7fca294db000-7fca294dc000 rw-p 00003000 fc:00 6557580                    /lib/x86_64-linux-gnu/libkeyutils.so.1.4
7fca294dc000-7fca294f4000 r-xp 00000000 fc:00 2891824                    /usr/lib/x86_64-linux-gnu/libgraphite2.so.3.0.1
7fca294f4000-7fca296f3000 ---p 00018000 fc:00 2891824                    /usr/lib/x86_64-linux-gnu/libgraphite2.so.3.0.1
7fca296f3000-7fca296f5000 r--p 00017000 fc:00 2891824                    /usr/lib/x86_64-linux-gnu/libgraphite2.so.3.0.1
7fca296f5000-7fca296f6000 rw-p 00019000 fc:00 2891824                    /usr/lib/x86_64-linux-gnu/libgraphite2.so.3.0.1
7fca296f6000-7fca2973a000 r-xp 00000000 fc:00 6557549                    /lib/x86_64-linux-gnu/libdbus-1.so.3.7.4
7fca2973a000-7fca29939000 ---p 00044000 fc:00 6557549                    /lib/x86_64-linux-gnu/libdbus-1.so.3.7.4
7fca29939000-7fca2993a000 r--p 00043000 fc:00 6557549                    /lib/x86_64-linux-gnu/libdbus-1.so.3.7.4
7fca2993a000-7fca2993b000 rw-p 00044000 fc:00 6557549                    /lib/x86_64-linux-gnu/libdbus-1.so.3.7.4
7fca2993b000-7fca29959000 r-xp 00000000 fc:00 2892098                    /usr/lib/x86_64-linux-gnu/libp11-kit.so.0.0.0
7fca29959000-7fca29b58000 ---p 0001e000 fc:00 2892098                    /usr/lib/x86_64-linux-gnu/libp11-kit.so.0.0.0
7fca29b58000-7fca29b5a000 r--p 0001d000 fc:00 2892098                    /usr/lib/x86_64-linux-gnu/libp11-kit.so.0.0.0
7fca29b5a000-7fca29b5b000 rw-p 0001f000 fc:00 2892098                    /usr/lib/x86_64-linux-gnu/libp11-kit.so.0.0.0
7fca29b5b000-7fca29b6b000 r-xp 00000000 fc:00 2892252                    /usr/lib/x86_64-linux-gnu/libtasn1.so.3.2.0
7fca29b6b000-7fca29d6a000 ---p 00010000 fc:00 2892252                    /usr/lib/x86_64-linux-gnu/libtasn1.so.3.2.0
7fca29d6a000-7fca29d6b000 r--p 0000f000 fc:00 2892252                    /usr/lib/x86_64-linux-gnu/libtasn1.so.3.2.0
7fca29d6b000-7fca29d6c000 rw-p 00010000 fc:00 2892252                    /usr/lib/x86_64-linux-gnu/libtasn1.so.3.2.0
7fca29d6c000-7fca29de6000 r-xp 00000000 fc:00 6557564                    /lib/x86_64-linux-gnu/libgcrypt.so.11.7.0
7fca29de6000-7fca29fe6000 ---p 0007a000 fc:00 6557564                    /lib/x86_64-linux-gnu/libgcrypt.so.11.7.0
7fca29fe6000-7fca29fe7000 r--p 0007a000 fc:00 6557564                    /lib/x86_64-linux-gnu/libgcrypt.so.11.7.0
7fca29fe7000-7fca29fea000 rw-p 0007b000 fc:00 6557564                    /lib/x86_64-linux-gnu/libgcrypt.so.11.7.0
7fca29fea000-7fca29ff1000 r-xp 00000000 fc:00 2891997                    /usr/lib/x86_64-linux-gnu/libkrb5support.so.0.1
7fca29ff1000-7fca2a1f0000 ---p 00007000 fc:00 2891997                    /usr/lib/x86_64-linux-gnu/libkrb5support.so.0.1
7fca2a1f0000-7fca2a1f1000 r--p 00006000 fc:00 2891997                    /usr/lib/x86_64-linux-gnu/libkrb5support.so.0.1
7fca2a1f1000-7fca2a1f2000 rw-p 00007000 fc:00 2891997                    /usr/lib/x86_64-linux-gnu/libkrb5support.so.0.1
7fca2a1f2000-7fca2a1f5000 r-xp 00000000 fc:00 6557544                    /lib/x86_64-linux-gnu/libcom_err.so.2.1
7fca2a1f5000-7fca2a3f4000 ---p 00003000 fc:00 6557544                    /lib/x86_64-linux-gnu/libcom_err.so.2.1
7fca2a3f4000-7fca2a3f5000 r--p 00002000 fc:00 6557544                    /lib/x86_64-linux-gnu/libcom_err.so.2.1
7fca2a3f5000-7fca2a3f6000 rw-p 00003000 fc:00 6557544                    /lib/x86_64-linux-gnu/libcom_err.so.2.1
7fca2a3f6000-7fca2a41c000 r-xp 00000000 fc:00 2891991                    /usr/lib/x86_64-linux-gnu/libk5crypto.so.3.1
7fca2a41c000-7fca2a61b000 ---p 00026000 fc:00 2891991                    /usr/lib/x86_64-linux-gnu/libk5crypto.so.3.1
7fca2a61b000-7fca2a61c000 r--p 00025000 fc:00 2891991                    /usr/lib/x86_64-linux-gnu/libk5crypto.so.3.1
7fca2a61c000-7fca2a61d000 rw-p 00026000 fc:00 2891991                    /usr/lib/x86_64-linux-gnu/libk5crypto.so.3.1
7fca2a61d000-7fca2a61e000 rw-p 00000000 00:00 0 
7fca2a61e000-7fca2a6e3000 r-xp 00000000 fc:00 2891995                    /usr/lib/x86_64-linux-gnu/libkrb5.so.3.3
7fca2a6e3000-7fca2a8e2000 ---p 000c5000 fc:00 2891995                    /usr/lib/x86_64-linux-gnu/libkrb5.so.3.3
7fca2a8e2000-7fca2a8ec000 r--p 000c4000 fc:00 2891995                    /usr/lib/x86_64-linux-gnu/libkrb5.so.3.3
7fca2a8ec000-7fca2a8ed000 rw-p 000ce000 fc:00 2891995                    /usr/lib/x86_64-linux-gnu/libkrb5.so.3.3
7fca2a8ed000-7fca2a8f3000 r-xp 00000000 fc:00 2891616                    /usr/lib/x86_64-linux-gnu/libdatrie.so.1.2.0
7fca2a8f3000-7fca2aaf2000 ---p 00006000 fc:00 2891616                    /usr/lib/x86_64-linux-gnu/libdatrie.so.1.2.0
7fca2aaf2000-7fca2aaf3000 r--p 00005000 fc:00 2891616                    /usr/lib/x86_64-linux-gnu/libdatrie.so.1.2.0
7fca2aaf3000-7fca2aaf4000 rw-p 00006000 fc:00 2891616                    /usr/lib/x86_64-linux-gnu/libdatrie.so.1.2.0
7fca2aaf4000-7fca2ab44000 r-xp 00000000 fc:00 2891932                    /usr/lib/x86_64-linux-gnu/libharfbuzz.so.0.919.0
7fca2ab44000-7fca2ad44000 ---p 00050000 fc:00 2891932                    /usr/lib/x86_64-linux-gnu/libharfbuzz.so.0.919.0
7fca2ad44000-7fca2ad45000 r--p 00050000 fc:00 2891932                    /usr/lib/x86_64-linux-gnu/libharfbuzz.so.0.919.0
7fca2ad45000-7fca2ad46000 rw-p 00051000 fc:00 2891932                    /usr/lib/x86_64-linux-gnu/libharfbuzz.so.0.919.0
7fca2ad46000-7fca2ad4e000 r-xp 00000000 fc:00 2892367                    /usr/lib/x86_64-linux-gnu/libxcb-render.so.0.0.0
7fca2ad4e000-7fca2af4d000 ---p 00008000 fc:00 2892367                    /usr/lib/x86_64-linux-gnu/libxcb-render.so.0.0.0
7fca2af4d000-7fca2af4e000 r--p 00007000 fc:00 2892367                    /usr/lib/x86_64-linux-gnu/libxcb-render.so.0.0.0
7fca2af4e000-7fca2af4f000 rw-p 00008000 fc:00 2892367                    /usr/lib/x86_64-linux-gnu/libxcb-render.so.0.0.0
7fca2af4f000-7fca2af51000 r-xp 00000000 fc:00 2892371                    /usr/lib/x86_64-linux-gnu/libxcb-shm.so.0.0.0
7fca2af51000-7fca2b150000 ---p 00002000 fc:00 2892371                    /usr/lib/x86_64-linux-gnu/libxcb-shm.so.0.0.0
7fca2b150000-7fca2b151000 r--p 00001000 fc:00 2892371                    /usr/lib/x86_64-linux-gnu/libxcb-shm.so.0.0.0
7fca2b151000-7fca2b152000 rw-p 00002000 fc:00 2892371                    /usr/lib/x86_64-linux-gnu/libxcb-shm.so.0.0.0
7fca2b152000-7fca2b177000 r-xp 00000000 fc:00 6557647                    /lib/x86_64-linux-gnu/libpng12.so.0.49.0
7fca2b177000-7fca2b376000 ---p 00025000 fc:00 6557647                    /lib/x86_64-linux-gnu/libpng12.so.0.49.0
7fca2b376000-7fca2b377000 r--p 00024000 fc:00 6557647                    /lib/x86_64-linux-gnu/libpng12.so.0.49.0
7fca2b377000-7fca2b378000 rw-p 00025000 fc:00 6557647                    /lib/x86_64-linux-gnu/libpng12.so.0.49.0
7fca2b378000-7fca2b419000 r-xp 00000000 fc:00 2890002                    /usr/lib/x86_64-linux-gnu/libpixman-1.so.0.30.2
7fca2b419000-7fca2b619000 ---p 000a1000 fc:00 2890002                    /usr/lib/x86_64-linux-gnu/libpixman-1.so.0.30.2
7fca2b619000-7fca2b620000 r--p 000a1000 fc:00 2890002                    /usr/lib/x86_64-linux-gnu/libpixman-1.so.0.30.2
7fca2b620000-7fca2b621000 rw-p 000a8000 fc:00 2890002                    /usr/lib/x86_64-linux-gnu/libpixman-1.so.0.30.2
7fca2b621000-7fca2b626000 r-xp 00000000 fc:00 2891438                    /usr/lib/x86_64-linux-gnu/libXdmcp.so.6.0.0
7fca2b626000-7fca2b825000 ---p 00005000 fc:00 2891438                    /usr/lib/x86_64-linux-gnu/libXdmcp.so.6.0.0
7fca2b825000-7fca2b826000 r--p 00004000 fc:00 2891438                    /usr/lib/x86_64-linux-gnu/libXdmcp.so.6.0.0
7fca2b826000-7fca2b827000 rw-p 00005000 fc:00 2891438                    /usr/lib/x86_64-linux-gnu/libXdmcp.so.6.0.0
7fca2b827000-7fca2b829000 r-xp 00000000 fc:00 2891427                    /usr/lib/x86_64-linux-gnu/libXau.so.6.0.0
7fca2b829000-7fca2ba29000 ---p 00002000 fc:00 2891427                    /usr/lib/x86_64-linux-gnu/libXau.so.6.0.0
7fca2ba29000-7fca2ba2a000 r--p 00002000 fc:00 2891427                    /usr/lib/x86_64-linux-gnu/libXau.so.6.0.0
7fca2ba2a000-7fca2ba2b000 rw-p 00003000 fc:00 2891427                    /usr/lib/x86_64-linux-gnu/libXau.so.6.0.0
7fca2ba2b000-7fca2ba3a000 r-xp 00000000 fc:00 2887850                    /usr/lib/x86_64-linux-gnu/libavahi-client.so.3.2.9
7fca2ba3a000-7fca2bc3a000 ---p 0000f000 fc:00 2887850                    /usr/lib/x86_64-linux-gnu/libavahi-client.so.3.2.9
7fca2bc3a000-7fca2bc3b000 r--p 0000f000 fc:00 2887850                    /usr/lib/x86_64-linux-gnu/libavahi-client.so.3.2.9
7fca2bc3b000-7fca2bc3c000 rw-p 00010000 fc:00 2887850                    /usr/lib/x86_64-linux-gnu/libavahi-client.so.3.2.9
7fca2bc3c000-7fca2bc47000 r-xp 00000000 fc:00 2884006                    /usr/lib/x86_64-linux-gnu/libavahi-common.so.3.5.3
7fca2bc47000-7fca2be46000 ---p 0000b000 fc:00 2884006                    /usr/lib/x86_64-linux-gnu/libavahi-common.so.3.5.3
7fca2be46000-7fca2be47000 r--p 0000a000 fc:00 2884006                    /usr/lib/x86_64-linux-gnu/libavahi-common.so.3.5.3
7fca2be47000-7fca2be48000 rw-p 0000b000 fc:00 2884006                    /usr/lib/x86_64-linux-gnu/libavahi-common.so.3.5.3
7fca2be48000-7fca2befe000 r-xp 00000000 fc:00 2888317                    /usr/lib/x86_64-linux-gnu/libgnutls.so.26.22.6
7fca2befe000-7fca2c0fe000 ---p 000b6000 fc:00 2888317                    /usr/lib/x86_64-linux-gnu/libgnutls.so.26.22.6
7fca2c0fe000-7fca2c104000 r--p 000b6000 fc:00 2888317                    /usr/lib/x86_64-linux-gnu/libgnutls.so.26.22.6
7fca2c104000-7fca2c105000 rw-p 000bc000 fc:00 2888317                    /usr/lib/x86_64-linux-gnu/libgnutls.so.26.22.6
7fca2c105000-7fca2c106000 rw-p 00000000 00:00 0 
7fca2c106000-7fca2c141000 r-xp 00000000 fc:00 2891830                    /usr/lib/x86_64-linux-gnu/libgssapi_krb5.so.2.2
7fca2c141000-7fca2c341000 ---p 0003b000 fc:00 2891830                    /usr/lib/x86_64-linux-gnu/libgssapi_krb5.so.2.2
7fca2c341000-7fca2c342000 r--p 0003b000 fc:00 2891830                    /usr/lib/x86_64-linux-gnu/libgssapi_krb5.so.2.2
7fca2c342000-7fca2c344000 rw-p 0003c000 fc:00 2891830                    /usr/lib/x86_64-linux-gnu/libgssapi_krb5.so.2.2
7fca2c344000-7fca2c381000 r-xp 00000000 fc:00 6557635                    /lib/x86_64-linux-gnu/libpcre.so.3.13.1
7fca2c381000-7fca2c581000 ---p 0003d000 fc:00 6557635                    /lib/x86_64-linux-gnu/libpcre.so.3.13.1
7fca2c581000-7fca2c582000 r--p 0003d000 fc:00 6557635                    /lib/x86_64-linux-gnu/libpcre.so.3.13.1
7fca2c582000-7fca2c583000 rw-p 0003e000 fc:00 6557635                    /lib/x86_64-linux-gnu/libpcre.so.3.13.1
7fca2c583000-7fca2c58a000 r-xp 00000000 fc:00 2891675                    /usr/lib/x86_64-linux-gnu/libffi.so.6.0.1
7fca2c58a000-7fca2c789000 ---p 00007000 fc:00 2891675                    /usr/lib/x86_64-linux-gnu/libffi.so.6.0.1
7fca2c789000-7fca2c78a000 r--p 00006000 fc:00 2891675                    /usr/lib/x86_64-linux-gnu/libffi.so.6.0.1
7fca2c78a000-7fca2c78b000 rw-p 00007000 fc:00 2891675                    /usr/lib/x86_64-linux-gnu/libffi.so.6.0.1
7fca2c78b000-7fca2c7b2000 r-xp 00000000 fc:00 6557557                    /lib/x86_64-linux-gnu/libexpat.so.1.6.0
7fca2c7b2000-7fca2c9b2000 ---p 00027000 fc:00 6557557                    /lib/x86_64-linux-gnu/libexpat.so.1.6.0
7fca2c9b2000-7fca2c9b4000 r--p 00027000 fc:00 6557557                    /lib/x86_64-linux-gnu/libexpat.so.1.6.0
7fca2c9b4000-7fca2c9b5000 rw-p 00029000 fc:00 6557557                    /lib/x86_64-linux-gnu/libexpat.so.1.6.0
7fca2c9b5000-7fca2ca51000 r-xp 00000000 fc:00 2891717                    /usr/lib/x86_64-linux-gnu/libfreetype.so.6.10.1
7fca2ca51000-7fca2cc51000 ---p 0009c000 fc:00 2891717                    /usr/lib/x86_64-linux-gnu/libfreetype.so.6.10.1
7fca2cc51000-7fca2cc56000 r--p 0009c000 fc:00 2891717                    /usr/lib/x86_64-linux-gnu/libfreetype.so.6.10.1
7fca2cc56000-7fca2cc57000 rw-p 000a1000 fc:00 2891717                    /usr/lib/x86_64-linux-gnu/libfreetype.so.6.10.1
7fca2cc57000-7fca2cc5f000 r-xp 00000000 fc:00 2892264                    /usr/lib/x86_64-linux-gnu/libthai.so.0.2.0
7fca2cc5f000-7fca2ce5e000 ---p 00008000 fc:00 2892264                    /usr/lib/x86_64-linux-gnu/libthai.so.0.2.0
7fca2ce5e000-7fca2ce5f000 r--p 00007000 fc:00 2892264                    /usr/lib/x86_64-linux-gnu/libthai.so.0.2.0
7fca2ce5f000-7fca2ce60000 rw-p 00008000 fc:00 2892264                    /usr/lib/x86_64-linux-gnu/libthai.so.0.2.0
7fca2ce60000-7fca2ce76000 r-xp 00000000 fc:00 6557658                    /lib/x86_64-linux-gnu/libresolv-2.17.so
7fca2ce76000-7fca2d076000 ---p 00016000 fc:00 6557658                    /lib/x86_64-linux-gnu/libresolv-2.17.so
7fca2d076000-7fca2d077000 r--p 00016000 fc:00 6557658                    /lib/x86_64-linux-gnu/libresolv-2.17.so
7fca2d077000-7fca2d078000 rw-p 00017000 fc:00 6557658                    /lib/x86_64-linux-gnu/libresolv-2.17.so
7fca2d078000-7fca2d07a000 rw-p 00000000 00:00 0 
7fca2d07a000-7fca2d099000 r-xp 00000000 fc:00 6557662                    /lib/x86_64-linux-gnu/libselinux.so.1
7fca2d099000-7fca2d299000 ---p 0001f000 fc:00 6557662                    /lib/x86_64-linux-gnu/libselinux.so.1
7fca2d299000-7fca2d29a000 r--p 0001f000 fc:00 6557662                    /lib/x86_64-linux-gnu/libselinux.so.1
7fca2d29a000-7fca2d29b000 rw-p 00020000 fc:00 6557662                    /lib/x86_64-linux-gnu/libselinux.so.1
7fca2d29b000-7fca2d29c000 rw-p 00000000 00:00 0 
7fca2d29c000-7fca2d29e000 r-xp 00000000 fc:00 2891436                    /usr/lib/x86_64-linux-gnu/libXdamage.so.1.1.0
7fca2d29e000-7fca2d49d000 ---p 00002000 fc:00 2891436                    /usr/lib/x86_64-linux-gnu/libXdamage.so.1.1.0
7fca2d49d000-7fca2d49e000 r--p 00001000 fc:00 2891436                    /usr/lib/x86_64-linux-gnu/libXdamage.so.1.1.0
7fca2d49e000-7fca2d49f000 rw-p 00002000 fc:00 2891436                    /usr/lib/x86_64-linux-gnu/libXdamage.so.1.1.0
7fca2d49f000-7fca2d4a1000 r-xp 00000000 fc:00 2891432                    /usr/lib/x86_64-linux-gnu/libXcomposite.so.1.0.0
7fca2d4a1000-7fca2d6a0000 ---p 00002000 fc:00 2891432                    /usr/lib/x86_64-linux-gnu/libXcomposite.so.1.0.0
7fca2d6a0000-7fca2d6a1000 r--p 00001000 fc:00 2891432                    /usr/lib/x86_64-linux-gnu/libXcomposite.so.1.0.0
7fca2d6a1000-7fca2d6a2000 rw-p 00002000 fc:00 2891432                    /usr/lib/x86_64-linux-gnu/libXcomposite.so.1.0.0
7fca2d6a2000-7fca2d6ab000 r-xp 00000000 fc:00 2891434                    /usr/lib/x86_64-linux-gnu/libXcursor.so.1.0.2
7fca2d6ab000-7fca2d8aa000 ---p 00009000 fc:00 2891434                    /usr/lib/x86_64-linux-gnu/libXcursor.so.1.0.2
7fca2d8aa000-7fca2d8ab000 r--p 00008000 fc:00 2891434                    /usr/lib/x86_64-linux-gnu/libXcursor.so.1.0.2
7fca2d8ab000-7fca2d8ac000 rw-p 00009000 fc:00 2891434                    /usr/lib/x86_64-linux-gnu/libXcursor.so.1.0.2
7fca2d8ac000-7fca2d8b5000 r-xp 00000000 fc:00 2891460                    /usr/lib/x86_64-linux-gnu/libXrandr.so.2.2.0
7fca2d8b5000-7fca2dab4000 ---p 00009000 fc:00 2891460                    /usr/lib/x86_64-linux-gnu/libXrandr.so.2.2.0
7fca2dab4000-7fca2dab5000 r--p 00008000 fc:00 2891460                    /usr/lib/x86_64-linux-gnu/libXrandr.so.2.2.0
7fca2dab5000-7fca2dab6000 rw-p 00009000 fc:00 2891460                    /usr/lib/x86_64-linux-gnu/libXrandr.so.2.2.0
7fca2dab6000-7fca2dab8000 r-xp 00000000 fc:00 2891450                    /usr/lib/x86_64-linux-gnu/libXinerama.so.1.0.0
7fca2dab8000-7fca2dcb7000 ---p 00002000 fc:00 2891450                    /usr/lib/x86_64-linux-gnu/libXinerama.so.1.0.0
7fca2dcb7000-7fca2dcb8000 r--p 00001000 fc:00 2891450                    /usr/lib/x86_64-linux-gnu/libXinerama.so.1.0.0
7fca2dcb8000-7fca2dcb9000 rw-p 00002000 fc:00 2891450                    /usr/lib/x86_64-linux-gnu/libXinerama.so.1.0.0
7fca2dcb9000-7fca2dccd000 r-xp 00000000 fc:00 2892110                    /usr/lib/x86_64-linux-gnu/libpangoft2-1.0.so.0.3200.5
7fca2dccd000-7fca2decc000 ---p 00014000 fc:00 2892110                    /usr/lib/x86_64-linux-gnu/libpangoft2-1.0.so.0.3200.5
7fca2decc000-7fca2decd000 r--p 00013000 fc:00 2892110                    /usr/lib/x86_64-linux-gnu/libpangoft2-1.0.so.0.3200.5
7fca2decd000-7fca2dece000 rw-p 00014000 fc:00 2892110                    /usr/lib/x86_64-linux-gnu/libpangoft2-1.0.so.0.3200.5
7fca2dece000-7fca2dfd2000 r-xp 00000000 fc:00 2891547                    /usr/lib/x86_64-linux-gnu/libcairo.so.2.11200.16
7fca2dfd2000-7fca2e1d1000 ---p 00104000 fc:00 2891547                    /usr/lib/x86_64-linux-gnu/libcairo.so.2.11200.16
7fca2e1d1000-7fca2e1d4000 r--p 00103000 fc:00 2891547                    /usr/lib/x86_64-linux-gnu/libcairo.so.2.11200.16
7fca2e1d4000-7fca2e1d5000 rw-p 00106000 fc:00 2891547                    /usr/lib/x86_64-linux-gnu/libcairo.so.2.11200.16
7fca2e1d5000-7fca2e1d7000 rw-p 00000000 00:00 0 
7fca2e1d7000-7fca2e1f6000 r-xp 00000000 fc:00 2891507                    /usr/lib/x86_64-linux-gnu/libatk-1.0.so.0.21009.1
7fca2e1f6000-7fca2e3f6000 ---p 0001f000 fc:00 2891507                    /usr/lib/x86_64-linux-gnu/libatk-1.0.so.0.21009.1
7fca2e3f6000-7fca2e3f8000 r--p 0001f000 fc:00 2891507                    /usr/lib/x86_64-linux-gnu/libatk-1.0.so.0.21009.1
7fca2e3f8000-7fca2e3f9000 rw-p 00021000 fc:00 2891507                    /usr/lib/x86_64-linux-gnu/libatk-1.0.so.0.21009.1
7fca2e3f9000-7fca2e3fe000 r-xp 00000000 fc:00 2891442                    /usr/lib/x86_64-linux-gnu/libXfixes.so.3.1.0
7fca2e3fe000-7fca2e5fd000 ---p 00005000 fc:00 2891442                    /usr/lib/x86_64-linux-gnu/libXfixes.so.3.1.0
7fca2e5fd000-7fca2e5fe000 r--p 00004000 fc:00 2891442                    /usr/lib/x86_64-linux-gnu/libXfixes.so.3.1.0
7fca2e5fe000-7fca2e5ff000 rw-p 00005000 fc:00 2891442                    /usr/lib/x86_64-linux-gnu/libXfixes.so.3.1.0
7fca2e5ff000-7fca2e60a000 r-xp 00000000 fc:00 2892108                    /usr/lib/x86_64-linux-gnu/libpangocairo-1.0.so.0.3200.5
7fca2e60a000-7fca2e80a000 ---p 0000b000 fc:00 2892108                    /usr/lib/x86_64-linux-gnu/libpangocairo-1.0.so.0.3200.5
7fca2e80a000-7fca2e80b000 r--p 0000b000 fc:00 2892108                    /usr/lib/x86_64-linux-gnu/libpangocairo-1.0.so.0.3200.5
7fca2e80b000-7fca2e80c000 rw-p 0000c000 fc:00 2892108                    /usr/lib/x86_64-linux-gnu/libpangocairo-1.0.so.0.3200.5
7fca2e80c000-7fca2e80f000 r-xp 00000000 fc:00 2888049                    /usr/lib/x86_64-linux-gnu/libgmodule-2.0.so.0.3800.1
7fca2e80f000-7fca2ea0e000 ---p 00003000 fc:00 2888049                    /usr/lib/x86_64-linux-gnu/libgmodule-2.0.so.0.3800.1
7fca2ea0e000-7fca2ea0f000 r--p 00002000 fc:00 2888049                    /usr/lib/x86_64-linux-gnu/libgmodule-2.0.so.0.3800.1
7fca2ea0f000-7fca2ea10000 rw-p 00003000 fc:00 2888049                    /usr/lib/x86_64-linux-gnu/libgmodule-2.0.so.0.3800.1
7fca2ea10000-7fca2ea2d000 r-xp 00000000 fc:00 2892379                    /usr/lib/x86_64-linux-gnu/libxcb.so.1.1.0
7fca2ea2d000-7fca2ec2c000 ---p 0001d000 fc:00 2892379                    /usr/lib/x86_64-linux-gnu/libxcb.so.1.1.0
7fca2ec2c000-7fca2ec2d000 r--p 0001c000 fc:00 2892379                    /usr/lib/x86_64-linux-gnu/libxcb.so.1.1.0
7fca2ec2d000-7fca2ec2e000 rw-p 0001d000 fc:00 2892379                    /usr/lib/x86_64-linux-gnu/libxcb.so.1.1.0
7fca2ec2e000-7fca2ec9a000 r-xp 00000000 fc:00 2884101                    /usr/lib/x86_64-linux-gnu/libcups.so.2
7fca2ec9a000-7fca2ee99000 ---p 0006c000 fc:00 2884101                    /usr/lib/x86_64-linux-gnu/libcups.so.2
7fca2ee99000-7fca2eea0000 r--p 0006b000 fc:00 2884101                    /usr/lib/x86_64-linux-gnu/libcups.so.2
7fca2eea0000-7fca2eea1000 rw-p 00072000 fc:00 2884101                    /usr/lib/x86_64-linux-gnu/libcups.so.2
7fca2eea1000-7fca2ef9f000 r-xp 00000000 fc:00 6557487                    /lib/x86_64-linux-gnu/libglib-2.0.so.0.3800.1
7fca2ef9f000-7fca2f19f000 ---p 000fe000 fc:00 6557487                    /lib/x86_64-linux-gnu/libglib-2.0.so.0.3800.1
7fca2f19f000-7fca2f1a0000 r--p 000fe000 fc:00 6557487                    /lib/x86_64-linux-gnu/libglib-2.0.so.0.3800.1
7fca2f1a0000-7fca2f1a1000 rw-p 000ff000 fc:00 6557487                    /lib/x86_64-linux-gnu/libglib-2.0.so.0.3800.1
7fca2f1a1000-7fca2f1a2000 rw-p 00000000 00:00 0 
7fca2f1a2000-7fca2f1a3000 r-xp 00000000 fc:00 2888048                    /usr/lib/x86_64-linux-gnu/libgthread-2.0.so.0.3800.1
7fca2f1a3000-7fca2f3a2000 ---p 00001000 fc:00 2888048                    /usr/lib/x86_64-linux-gnu/libgthread-2.0.so.0.3800.1
7fca2f3a2000-7fca2f3a3000 r--p 00000000 fc:00 2888048                    /usr/lib/x86_64-linux-gnu/libgthread-2.0.so.0.3800.1
7fca2f3a3000-7fca2f3a4000 rw-p 00001000 fc:00 2888048                    /usr/lib/x86_64-linux-gnu/libgthread-2.0.so.0.3800.1
7fca2f3a4000-7fca2f3f3000 r-xp 00000000 fc:00 2883988                    /usr/lib/x86_64-linux-gnu/libgobject-2.0.so.0.3800.1
7fca2f3f3000-7fca2f5f3000 ---p 0004f000 fc:00 2883988                    /usr/lib/x86_64-linux-gnu/libgobject-2.0.so.0.3800.1
7fca2f5f3000-7fca2f5f4000 r--p 0004f000 fc:00 2883988                    /usr/lib/x86_64-linux-gnu/libgobject-2.0.so.0.3800.1
7fca2f5f4000-7fca2f5f5000 rw-p 00050000 fc:00 2883988                    /usr/lib/x86_64-linux-gnu/libgobject-2.0.so.0.3800.1
7fca2f5f5000-7fca2f62e000 r-xp 00000000 fc:00 2891689                    /usr/lib/x86_64-linux-gnu/libfontconfig.so.1.7.0
7fca2f62e000-7fca2f82e000 ---p 00039000 fc:00 2891689                    /usr/lib/x86_64-linux-gnu/libfontconfig.so.1.7.0
7fca2f82e000-7fca2f830000 r--p 00039000 fc:00 2891689                    /usr/lib/x86_64-linux-gnu/libfontconfig.so.1.7.0
7fca2f830000-7fca2f831000 rw-p 0003b000 fc:00 2891689                    /usr/lib/x86_64-linux-gnu/libfontconfig.so.1.7.0
7fca2f831000-7fca2f87b000 r-xp 00000000 fc:00 2892106                    /usr/lib/x86_64-linux-gnu/libpango-1.0.so.0.3200.5
7fca2f87b000-7fca2fa7a000 ---p 0004a000 fc:00 2892106                    /usr/lib/x86_64-linux-gnu/libpango-1.0.so.0.3200.5
7fca2fa7a000-7fca2fa7c000 r--p 00049000 fc:00 2892106                    /usr/lib/x86_64-linux-gnu/libpango-1.0.so.0.3200.5
7fca2fa7c000-7fca2fa7d000 rw-p 0004b000 fc:00 2892106                    /usr/lib/x86_64-linux-gnu/libpango-1.0.so.0.3200.5
7fca2fa7d000-7fca2fa9c000 r-xp 00000000 fc:00 2891756                    /usr/lib/x86_64-linux-gnu/libgdk_pixbuf-2.0.so.0.2800.1
7fca2fa9c000-7fca2fc9b000 ---p 0001f000 fc:00 2891756                    /usr/lib/x86_64-linux-gnu/libgdk_pixbuf-2.0.so.0.2800.1
7fca2fc9b000-7fca2fc9c000 r--p 0001e000 fc:00 2891756                    /usr/lib/x86_64-linux-gnu/libgdk_pixbuf-2.0.so.0.2800.1
7fca2fc9c000-7fca2fc9d000 rw-p 0001f000 fc:00 2891756                    /usr/lib/x86_64-linux-gnu/libgdk_pixbuf-2.0.so.0.2800.1
7fca2fc9d000-7fca2fdf9000 r-xp 00000000 fc:00 2883969                    /usr/lib/x86_64-linux-gnu/libgio-2.0.so.0.3800.1
7fca2fdf9000-7fca2fff8000 ---p 0015c000 fc:00 2883969                    /usr/lib/x86_64-linux-gnu/libgio-2.0.so.0.3800.1
7fca2fff8000-7fca2fffc000 r--p 0015b000 fc:00 2883969                    /usr/lib/x86_64-linux-gnu/libgio-2.0.so.0.3800.1
7fca2fffc000-7fca2fffe000 rw-p 0015f000 fc:00 2883969                    /usr/lib/x86_64-linux-gnu/libgio-2.0.so.0.3800.1
7fca2fffe000-7fca30000000 rw-p 00000000 00:00 0 
7fca30000000-7fca30494000 rw-p 00000000 00:00 0 
7fca30494000-7fca34000000 ---p 00000000 00:00 0 
7fca34000000-7fca34021000 rw-p 00000000 00:00 0 
7fca34021000-7fca38000000 ---p 00000000 00:00 0 
7fca38000000-7fca38021000 rw-p 00000000 00:00 0 
7fca38021000-7fca3c000000 ---p 00000000 00:00 0 
7fca3c000000-7fca3c5c1000 rw-p 00000000 00:00 0 
7fca3c5c1000-7fca40000000 ---p 00000000 00:00 0 
7fca40000000-7fca40021000 rw-p 00000000 00:00 0 
7fca40021000-7fca44000000 ---p 00000000 00:00 0 
7fca44000000-7fca44021000 rw-p 00000000 00:00 0 
7fca44021000-7fca48000000 ---p 00000000 00:00 0 
7fca48000000-7fca48021000 rw-p 00000000 00:00 0 
7fca48021000-7fca4c000000 ---p 00000000 00:00 0 
7fca4c0e4000-7fca4c0e5000 rw-s 10bc23000 00:05 7916                      /dev/dri/card0
7fca4c0e5000-7fca4c0e6000 rw-s 10bc22000 00:05 7916                      /dev/dri/card0
7fca4c0e6000-7fca4c0ea000 rw-s 00000000 00:04 57596                      /drm mm object (deleted)
7fca4c0ec000-7fca4c0ee000 rw-s 10bc20000 00:05 7916                      /dev/dri/card0
7fca4c0ee000-7fca4c0ef000 rw-s 00000000 00:04 57593                      /drm mm object (deleted)
7fca4c0ef000-7fca4c0f0000 rw-s 00000000 00:04 57592                      /drm mm object (deleted)
7fca4c0f0000-7fca4c0f1000 rw-s 00000000 00:04 57591                      /drm mm object (deleted)
7fca4c0f1000-7fca4c0f2000 rw-s 00000000 00:04 57590                      /drm mm object (deleted)
7fca4c0f2000-7fca4c19f000 r-xp 00000000 fc:00 2891754                    /usr/lib/x86_64-linux-gnu/libgdk-x11-2.0.so.0.2400.20
7fca4c19f000-7fca4c39e000 ---p 000ad000 fc:00 2891754                    /usr/lib/x86_64-linux-gnu/libgdk-x11-2.0.so.0.2400.20
7fca4c39e000-7fca4c3a2000 r--p 000ac000 fc:00 2891754                    /usr/lib/x86_64-linux-gnu/libgdk-x11-2.0.so.0.2400.20
7fca4c3a2000-7fca4c3a4000 rw-p 000b0000 fc:00 2891754                    /usr/lib/x86_64-linux-gnu/libgdk-x11-2.0.so.0.2400.20
7fca4c3a4000-7fca4c7d3000 r-xp 00000000 fc:00 2891914                    /usr/lib/x86_64-linux-gnu/libgtk-x11-2.0.so.0.2400.20
7fca4c7d3000-7fca4c9d2000 ---p 0042f000 fc:00 2891914                    /usr/lib/x86_64-linux-gnu/libgtk-x11-2.0.so.0.2400.20
7fca4c9d2000-7fca4c9d9000 r--p 0042e000 fc:00 2891914                    /usr/lib/x86_64-linux-gnu/libgtk-x11-2.0.so.0.2400.20
7fca4c9d9000-7fca4c9dd000 rw-p 00435000 fc:00 2891914                    /usr/lib/x86_64-linux-gnu/libgtk-x11-2.0.so.0.2400.20
7fca4c9dd000-7fca4c9e0000 rw-p 00000000 00:00 0 
7fca4c9e0000-7fca4c9ef000 r-xp 00000000 fc:00 2891448                    /usr/lib/x86_64-linux-gnu/libXi.so.6.1.0
7fca4c9ef000-7fca4cbee000 ---p 0000f000 fc:00 2891448                    /usr/lib/x86_64-linux-gnu/libXi.so.6.1.0
7fca4cbee000-7fca4cbef000 r--p 0000e000 fc:00 2891448                    /usr/lib/x86_64-linux-gnu/libXi.so.6.1.0
7fca4cbef000-7fca4cbf0000 rw-p 0000f000 fc:00 2891448                    /usr/lib/x86_64-linux-gnu/libXi.so.6.1.0
7fca4cbf0000-7fca4cbf5000 r-xp 00000000 fc:00 2891466                    /usr/lib/x86_64-linux-gnu/libXtst.so.6.1.0
7fca4cbf5000-7fca4cdf4000 ---p 00005000 fc:00 2891466                    /usr/lib/x86_64-linux-gnu/libXtst.so.6.1.0
7fca4cdf4000-7fca4cdf5000 r--p 00004000 fc:00 2891466                    /usr/lib/x86_64-linux-gnu/libXtst.so.6.1.0
7fca4cdf5000-7fca4cdf6000 rw-p 00005000 fc:00 2891466                    /usr/lib/x86_64-linux-gnu/libXtst.so.6.1.0
7fca4cdf6000-7fca4cdff000 r-xp 00000000 fc:00 2891462                    /usr/lib/x86_64-linux-gnu/libXrender.so.1.3.0
7fca4cdff000-7fca4cffe000 ---p 00009000 fc:00 2891462                    /usr/lib/x86_64-linux-gnu/libXrender.so.1.3.0
7fca4cffe000-7fca4cfff000 r--p 00008000 fc:00 2891462                    /usr/lib/x86_64-linux-gnu/libXrender.so.1.3.0
7fca4cfff000-7fca4d000000 rw-p 00009000 fc:00 2891462                    /usr/lib/x86_64-linux-gnu/libXrender.so.1.3.0
7fca4d000000-7fca4d270000 rwxp 00000000 00:00 0 
7fca4d270000-7fca50c51000 rw-p 00000000 00:00 0 
7fca50c51000-7fca54000000 ---p 00000000 00:00 0 
7fca54000000-7fca54001000 rw-s 00000000 00:04 57589                      /drm mm object (deleted)
7fca54001000-7fca54002000 rw-s 00000000 00:04 57588                      /drm mm object (deleted)
7fca54002000-7fca54003000 rw-s 00000000 00:04 57587                      /drm mm object (deleted)
7fca54003000-7fca54004000 rw-s 00000000 00:04 57586                      /drm mm object (deleted)
7fca54004000-7fca54005000 rw-s 00000000 00:04 57585                      /drm mm object (deleted)
7fca54005000-7fca54006000 rw-s 00000000 00:04 57584                      /drm mm object (deleted)
7fca54006000-7fca54007000 rw-s 00000000 00:04 57583                      /drm mm object (deleted)
7fca54007000-7fca54008000 rw-s 00000000 00:04 57582                      /drm mm object (deleted)
7fca54008000-7fca54009000 rw-s 00000000 00:04 57581                      /drm mm object (deleted)
7fca54009000-7fca5400a000 rw-s 00000000 00:04 57580                      /drm mm object (deleted)
7fca5400a000-7fca5400b000 rw-s 00000000 00:04 57579                      /drm mm object (deleted)
7fca5400b000-7fca5400c000 rw-s 00000000 00:04 57578                      /drm mm object (deleted)
7fca5400c000-7fca5400d000 rw-s 00000000 00:04 57577                      /drm mm object (deleted)
7fca5400d000-7fca5400e000 rw-s 00000000 00:04 57576                      /drm mm object (deleted)
7fca5400e000-7fca5400f000 rw-s 00000000 00:04 57575                      /drm mm object (deleted)
7fca5400f000-7fca54010000 rw-s 00000000 00:04 57574                      /drm mm object (deleted)
7fca54010000-7fca54011000 rw-s 00000000 00:04 57573                      /drm mm object (deleted)
7fca54011000-7fca54012000 rw-s 00000000 00:04 57572                      /drm mm object (deleted)
7fca54012000-7fca54013000 rw-s 00000000 00:04 57571                      /drm mm object (deleted)
7fca54013000-7fca54014000 rw-s 00000000 00:04 57570                      /drm mm object (deleted)
7fca54014000-7fca54015000 rw-s 00000000 00:04 57569                      /drm mm object (deleted)
7fca54015000-7fca54016000 rw-s 00000000 00:04 57568                      /drm mm object (deleted)
7fca54016000-7fca54017000 rw-s 00000000 00:04 57567                      /drm mm object (deleted)
7fca54017000-7fca54018000 rw-s 00000000 00:04 57566                      /drm mm object (deleted)
7fca54018000-7fca54019000 rw-s 00000000 00:04 57565                      /drm mm object (deleted)
7fca54019000-7fca5401a000 rw-s 00000000 00:04 57564                      /drm mm object (deleted)
7fca5401a000-7fca5401b000 rw-s 00000000 00:04 57563                      /drm mm object (deleted)
7fca5401b000-7fca5401c000 rw-s 00000000 00:04 57562                      /drm mm object (deleted)
7fca5401c000-7fca5401d000 rw-s 00000000 00:04 57561                      /drm mm object (deleted)
7fca5401d000-7fca5401e000 rw-s 00000000 00:04 57560                      /drm mm object (deleted)
7fca5401e000-7fca5401f000 rw-s 00000000 00:04 57559                      /drm mm object (deleted)
7fca5401f000-7fca54020000 rw-s 00000000 00:04 57558                      /drm mm object (deleted)
7fca54020000-7fca54021000 rw-s 00000000 00:04 57557                      /drm mm object (deleted)
7fca54021000-7fca54022000 rw-s 00000000 00:04 57556                      /drm mm object (deleted)
7fca54022000-7fca54023000 rw-s 00000000 00:04 57555                      /drm mm object (deleted)
7fca54023000-7fca54024000 rw-s 00000000 00:04 57554                      /drm mm object (deleted)
7fca54024000-7fca54025000 rw-s 00000000 00:04 57553                      /drm mm object (deleted)
7fca54025000-7fca54026000 rw-s 00000000 00:04 57552                      /drm mm object (deleted)
7fca54026000-7fca54027000 rw-s 00000000 00:04 57551                      /drm mm object (deleted)
7fca54027000-7fca54028000 rw-s 00000000 00:04 57550                      /drm mm object (deleted)
7fca54028000-7fca54029000 rw-s 00000000 00:04 57549                      /drm mm object (deleted)
7fca54029000-7fca5402a000 rw-s 00000000 00:04 57548                      /drm mm object (deleted)
7fca5402a000-7fca5402b000 rw-s 00000000 00:04 57547                      /drm mm object (deleted)
7fca5402b000-7fca5402c000 rw-s 00000000 00:04 57546                      /drm mm object (deleted)
7fca5402c000-7fca5402d000 rw-s 00000000 00:04 57545                      /drm mm object (deleted)
7fca5402d000-7fca5402e000 rw-s 00000000 00:04 57544                      /drm mm object (deleted)
7fca5402e000-7fca5402f000 rw-s 00000000 00:04 57543                      /drm mm object (deleted)
7fca5402f000-7fca54030000 rw-s 00000000 00:04 57542                      /drm mm object (deleted)
7fca54030000-7fca54031000 rw-s 00000000 00:04 57541                      /drm mm object (deleted)
7fca54031000-7fca54032000 rw-s 00000000 00:04 57540                      /drm mm object (deleted)
7fca54032000-7fca54033000 rw-s 00000000 00:04 57539                      /drm mm object (deleted)
7fca54033000-7fca54034000 rw-s 00000000 00:04 57538                      /drm mm object (deleted)
7fca54034000-7fca54035000 rw-s 00000000 00:04 57537                      /drm mm object (deleted)
7fca54035000-7fca54036000 rw-s 00000000 00:04 57512                      /drm mm object (deleted)
7fca54036000-7fca54038000 rw-s 10bc1b000 00:05 7916                      /dev/dri/card0
7fca54038000-7fca5403f000 r--s 00000000 fc:00 3148701                    /usr/lib/x86_64-linux-gnu/gconv/gconv-modules.cache
7fca5403f000-7fca54041000 rw-s 10b857000 00:05 7916                      /dev/dri/card0
7fca54041000-7fca54043000 rw-s 10b855000 00:05 7916                      /dev/dri/card0
7fca54043000-7fca54083000 rw-s 10b815000 00:05 7916                      /dev/dri/card0
7fca54083000-7fca54085000 rw-s 10b813000 00:05 7916                      /dev/dri/card0
7fca54086000-7fca54087000 rw-s 10bc24000 00:05 7916                      /dev/dri/card0
7fca54087000-7fca5408a000 ---p 00000000 00:00 0 
7fca5408a000-7fca540c0000 rw-p 00000000 00:00 0 
7fca540c0000-7fca540c3000 ---p 00000000 00:00 0 
7fca540c3000-7fca541c1000 rw-p 00000000 00:00 0                          [stack:10141]
7fca541c1000-7fca542f1000 r-xp 00000000 fc:00 2891423                    /usr/lib/x86_64-linux-gnu/libX11.so.6.3.0
7fca542f1000-7fca544f1000 ---p 00130000 fc:00 2891423                    /usr/lib/x86_64-linux-gnu/libX11.so.6.3.0
7fca544f1000-7fca544f2000 r--p 00130000 fc:00 2891423                    /usr/lib/x86_64-linux-gnu/libX11.so.6.3.0
7fca544f2000-7fca544f6000 rw-p 00131000 fc:00 2891423                    /usr/lib/x86_64-linux-gnu/libX11.so.6.3.0
7fca544f6000-7fca54507000 r-xp 00000000 fc:00 2891440                    /usr/lib/x86_64-linux-gnu/libXext.so.6.4.0
7fca54507000-7fca54706000 ---p 00011000 fc:00 2891440                    /usr/lib/x86_64-linux-gnu/libXext.so.6.4.0
7fca54706000-7fca54707000 r--p 00010000 fc:00 2891440                    /usr/lib/x86_64-linux-gnu/libXext.so.6.4.0
7fca54707000-7fca54708000 rw-p 00011000 fc:00 2891440                    /usr/lib/x86_64-linux-gnu/libXext.so.6.4.0
7fca54708000-7fca54709000 rw-s 10bc0d000 00:05 7916                      /dev/dri/card0
7fca54709000-7fca5470b000 rw-s 00000000 00:04 57513                      /drm mm object (deleted)
7fca5470b000-7fca5470c000 rw-s 10bc0c000 00:05 7916                      /dev/dri/card0
7fca5470c000-7fca5471b000 r--s 000be000 fc:00 2105207                    /home/alvin/workspace/Lumen/lib/jar/TWL.jar
7fca5471b000-7fca54726000 r--s 000af000 fc:00 2105213                    /home/alvin/workspace/Lumen/lib/jar/slick.jar
7fca54726000-7fca54777000 r-xp 00000000 fc:00 3676055                    /usr/lib/jvm/java-7-openjdk-amd64/jre/lib/amd64/xawt/libmawt.so
7fca54777000-7fca54976000 ---p 00051000 fc:00 3676055                    /usr/lib/jvm/java-7-openjdk-amd64/jre/lib/amd64/xawt/libmawt.so
7fca54976000-7fca54977000 r--p 00050000 fc:00 3676055                    /usr/lib/jvm/java-7-openjdk-amd64/jre/lib/amd64/xawt/libmawt.so
7fca54977000-7fca5497a000 rw-p 00051000 fc:00 3676055                    /usr/lib/jvm/java-7-openjdk-amd64/jre/lib/amd64/xawt/libmawt.so
7fca5497a000-7fca5497b000 rw-p 00000000 00:00 0 
7fca5497b000-7fca54a1b000 r-xp 00000000 fc:00 3546289                    /usr/lib/jvm/java-7-openjdk-amd64/jre/lib/amd64/libawt.so
7fca54a1b000-7fca54c1a000 ---p 000a0000 fc:00 3546289                    /usr/lib/jvm/java-7-openjdk-amd64/jre/lib/amd64/libawt.so
7fca54c1a000-7fca54c1b000 r--p 0009f000 fc:00 3546289                    /usr/lib/jvm/java-7-openjdk-amd64/jre/lib/amd64/libawt.so
7fca54c1b000-7fca54c26000 rw-p 000a0000 fc:00 3546289                    /usr/lib/jvm/java-7-openjdk-amd64/jre/lib/amd64/libawt.so
7fca54c26000-7fca54c4b000 rw-p 00000000 00:00 0 
7fca54c4b000-7fca54c58000 r--s 000e6000 fc:00 2105211                    /home/alvin/workspace/Lumen/lib/jar/lwjgl.jar
7fca54c58000-7fca54c59000 ---p 00000000 00:00 0 
7fca54c59000-7fca54d59000 rw-p 00000000 00:00 0 
7fca54d59000-7fca54d5c000 ---p 00000000 00:00 0 
7fca54d5c000-7fca54e5a000 rw-p 00000000 00:00 0                          [stack:10139]
7fca54e5a000-7fca54e5d000 ---p 00000000 00:00 0 
7fca54e5d000-7fca54f5b000 rw-p 00000000 00:00 0                          [stack:10138]
7fca54f5b000-7fca54f5e000 ---p 00000000 00:00 0 
7fca54f5e000-7fca5505c000 rw-p 00000000 00:00 0                          [stack:10137]
7fca5505c000-7fca5505f000 ---p 00000000 00:00 0 
7fca5505f000-7fca5515d000 rw-p 00000000 00:00 0 
7fca5515d000-7fca55970000 r--p 00000000 fc:00 2890467                    /usr/lib/locale/locale-archive
7fca55970000-7fca55973000 ---p 00000000 00:00 0 
7fca55973000-7fca55a71000 rw-p 00000000 00:00 0                          [stack:10135]
7fca55a71000-7fca55a74000 ---p 00000000 00:00 0 
7fca55a74000-7fca55b72000 rw-p 00000000 00:00 0                          [stack:10134]
7fca55b72000-7fca55b73000 ---p 00000000 00:00 0 
7fca55b73000-7fca55cbb000 rw-p 00000000 00:00 0                          [stack:10133]
7fca55cbb000-7fca55e69000 r--s 01cf4000 fc:00 3546302                    /usr/lib/jvm/java-7-openjdk-amd64/jre/lib/rt.jar
7fca55e69000-7fca55f6d000 rw-p 00000000 00:00 0 
7fca55f6d000-7fca55fb6000 rw-p 00000000 00:00 0 
7fca55fb6000-7fca55ff9000 rw-p 00000000 00:00 0 
7fca55ff9000-7fca56095000 rw-p 00000000 00:00 0 
7fca56095000-7fca560b7000 rw-p 00000000 00:00 0 
7fca560b7000-7fca56104000 rw-p 00000000 00:00 0 
7fca56104000-7fca56147000 rw-p 00000000 00:00 0 
7fca56147000-7fca561e2000 rw-p 00000000 00:00 0 
7fca561e2000-7fca561ed000 rw-p 00000000 00:00 0 
7fca561ed000-7fca56235000 rw-p 00000000 00:00 0 
7fca56235000-7fca56236000 rw-p 00000000 00:00 0 
7fca56236000-7fca5623e000 r-xp 00000000 fc:00 3546257                    /usr/lib/jvm/java-7-openjdk-amd64/jre/lib/amd64/libzip.so
7fca5623e000-7fca5643d000 ---p 00008000 fc:00 3546257                    /usr/lib/jvm/java-7-openjdk-amd64/jre/lib/amd64/libzip.so
7fca5643d000-7fca5643e000 r--p 00007000 fc:00 3546257                    /usr/lib/jvm/java-7-openjdk-amd64/jre/lib/amd64/libzip.so
7fca5643e000-7fca5643f000 rw-p 00008000 fc:00 3546257                    /usr/lib/jvm/java-7-openjdk-amd64/jre/lib/amd64/libzip.so
7fca5643f000-7fca5644b000 r-xp 00000000 fc:00 6557613                    /lib/x86_64-linux-gnu/libnss_files-2.17.so
7fca5644b000-7fca5664a000 ---p 0000c000 fc:00 6557613                    /lib/x86_64-linux-gnu/libnss_files-2.17.so
7fca5664a000-7fca5664b000 r--p 0000b000 fc:00 6557613                    /lib/x86_64-linux-gnu/libnss_files-2.17.so
7fca5664b000-7fca5664c000 rw-p 0000c000 fc:00 6557613                    /lib/x86_64-linux-gnu/libnss_files-2.17.so
7fca5664c000-7fca56657000 r-xp 00000000 fc:00 6557617                    /lib/x86_64-linux-gnu/libnss_nis-2.17.so
7fca56657000-7fca56856000 ---p 0000b000 fc:00 6557617                    /lib/x86_64-linux-gnu/libnss_nis-2.17.so
7fca56856000-7fca56857000 r--p 0000a000 fc:00 6557617                    /lib/x86_64-linux-gnu/libnss_nis-2.17.so
7fca56857000-7fca56858000 rw-p 0000b000 fc:00 6557617                    /lib/x86_64-linux-gnu/libnss_nis-2.17.so
7fca56858000-7fca5686f000 r-xp 00000000 fc:00 6557607                    /lib/x86_64-linux-gnu/libnsl-2.17.so
7fca5686f000-7fca56a6e000 ---p 00017000 fc:00 6557607                    /lib/x86_64-linux-gnu/libnsl-2.17.so
7fca56a6e000-7fca56a6f000 r--p 00016000 fc:00 6557607                    /lib/x86_64-linux-gnu/libnsl-2.17.so
7fca56a6f000-7fca56a70000 rw-p 00017000 fc:00 6557607                    /lib/x86_64-linux-gnu/libnsl-2.17.so
7fca56a70000-7fca56a72000 rw-p 00000000 00:00 0 
7fca56a72000-7fca56a7a000 r-xp 00000000 fc:00 6557609                    /lib/x86_64-linux-gnu/libnss_compat-2.17.so
7fca56a7a000-7fca56c79000 ---p 00008000 fc:00 6557609                    /lib/x86_64-linux-gnu/libnss_compat-2.17.so
7fca56c79000-7fca56c7a000 r--p 00007000 fc:00 6557609                    /lib/x86_64-linux-gnu/libnss_compat-2.17.so
7fca56c7a000-7fca56c7b000 rw-p 00008000 fc:00 6557609                    /lib/x86_64-linux-gnu/libnss_compat-2.17.so
7fca56c7b000-7fca56ca6000 r-xp 00000000 fc:00 3546254                    /usr/lib/jvm/java-7-openjdk-amd64/jre/lib/amd64/libjava.so
7fca56ca6000-7fca56ea5000 ---p 0002b000 fc:00 3546254                    /usr/lib/jvm/java-7-openjdk-amd64/jre/lib/amd64/libjava.so
7fca56ea5000-7fca56ea6000 r--p 0002a000 fc:00 3546254                    /usr/lib/jvm/java-7-openjdk-amd64/jre/lib/amd64/libjava.so
7fca56ea6000-7fca56ea8000 rw-p 0002b000 fc:00 3546254                    /usr/lib/jvm/java-7-openjdk-amd64/jre/lib/amd64/libjava.so
7fca56ea8000-7fca56eb8000 r-xp 00000000 fc:00 3546268                    /usr/lib/jvm/java-7-openjdk-amd64/jre/lib/amd64/libverify.so
7fca56eb8000-7fca570b7000 ---p 00010000 fc:00 3546268                    /usr/lib/jvm/java-7-openjdk-amd64/jre/lib/amd64/libverify.so
7fca570b7000-7fca570b9000 r--p 0000f000 fc:00 3546268                    /usr/lib/jvm/java-7-openjdk-amd64/jre/lib/amd64/libverify.so
7fca570b9000-7fca570ba000 rw-p 00011000 fc:00 3546268                    /usr/lib/jvm/java-7-openjdk-amd64/jre/lib/amd64/libverify.so
7fca570ba000-7fca570c1000 r-xp 00000000 fc:00 6557660                    /lib/x86_64-linux-gnu/librt-2.17.so
7fca570c1000-7fca572c0000 ---p 00007000 fc:00 6557660                    /lib/x86_64-linux-gnu/librt-2.17.so
7fca572c0000-7fca572c1000 r--p 00006000 fc:00 6557660                    /lib/x86_64-linux-gnu/librt-2.17.so
7fca572c1000-7fca572c2000 rw-p 00007000 fc:00 6557660                    /lib/x86_64-linux-gnu/librt-2.17.so
7fca572c2000-7fca572d7000 r-xp 00000000 fc:00 6553605                    /lib/x86_64-linux-gnu/libgcc_s.so.1
7fca572d7000-7fca574d6000 ---p 00015000 fc:00 6553605                    /lib/x86_64-linux-gnu/libgcc_s.so.1
7fca574d6000-7fca574d7000 r--p 00014000 fc:00 6553605                    /lib/x86_64-linux-gnu/libgcc_s.so.1
7fca574d7000-7fca574d8000 rw-p 00015000 fc:00 6553605                    /lib/x86_64-linux-gnu/libgcc_s.so.1
7fca574d8000-7fca575db000 r-xp 00000000 fc:00 6557588                    /lib/x86_64-linux-gnu/libm-2.17.so
7fca575db000-7fca577da000 ---p 00103000 fc:00 6557588                    /lib/x86_64-linux-gnu/libm-2.17.so
7fca577da000-7fca577db000 r--p 00102000 fc:00 6557588                    /lib/x86_64-linux-gnu/libm-2.17.so
7fca577db000-7fca577dc000 rw-p 00103000 fc:00 6557588                    /lib/x86_64-linux-gnu/libm-2.17.so
7fca577dc000-7fca578c2000 r-xp 00000000 fc:00 2889861                    /usr/lib/x86_64-linux-gnu/libstdc++.so.6.0.18
7fca578c2000-7fca57ac1000 ---p 000e6000 fc:00 2889861                    /usr/lib/x86_64-linux-gnu/libstdc++.so.6.0.18
7fca57ac1000-7fca57ac9000 r--p 000e5000 fc:00 2889861                    /usr/lib/x86_64-linux-gnu/libstdc++.so.6.0.18
7fca57ac9000-7fca57acb000 rw-p 000ed000 fc:00 2889861                    /usr/lib/x86_64-linux-gnu/libstdc++.so.6.0.18
7fca57acb000-7fca57ae0000 rw-p 00000000 00:00 0 
7fca57ae0000-7fca585bf000 r-xp 00000000 fc:00 3546282                    /usr/lib/jvm/java-7-openjdk-amd64/jre/lib/amd64/server/libjvm.so
7fca585bf000-7fca587be000 ---p 00adf000 fc:00 3546282                    /usr/lib/jvm/java-7-openjdk-amd64/jre/lib/amd64/server/libjvm.so
7fca587be000-7fca58850000 r--p 00ade000 fc:00 3546282                    /usr/lib/jvm/java-7-openjdk-amd64/jre/lib/amd64/server/libjvm.so
7fca58850000-7fca58873000 rw-p 00b70000 fc:00 3546282                    /usr/lib/jvm/java-7-openjdk-amd64/jre/lib/amd64/server/libjvm.so
7fca58873000-7fca588a0000 rw-p 00000000 00:00 0 
7fca588a0000-7fca588b8000 r-xp 00000000 fc:00 6557695                    /lib/x86_64-linux-gnu/libz.so.1.2.8
7fca588b8000-7fca58ab7000 ---p 00018000 fc:00 6557695                    /lib/x86_64-linux-gnu/libz.so.1.2.8
7fca58ab7000-7fca58ab8000 r--p 00017000 fc:00 6557695                    /lib/x86_64-linux-gnu/libz.so.1.2.8
7fca58ab8000-7fca58ab9000 rw-p 00018000 fc:00 6557695                    /lib/x86_64-linux-gnu/libz.so.1.2.8
7fca58ab9000-7fca58ad0000 r-xp 00000000 fc:00 6557652                    /lib/x86_64-linux-gnu/libpthread-2.17.so
7fca58ad0000-7fca58cd0000 ---p 00017000 fc:00 6557652                    /lib/x86_64-linux-gnu/libpthread-2.17.so
7fca58cd0000-7fca58cd1000 r--p 00017000 fc:00 6557652                    /lib/x86_64-linux-gnu/libpthread-2.17.so
7fca58cd1000-7fca58cd2000 rw-p 00018000 fc:00 6557652                    /lib/x86_64-linux-gnu/libpthread-2.17.so
7fca58cd2000-7fca58cd6000 rw-p 00000000 00:00 0 
7fca58cd6000-7fca58cd9000 r-xp 00000000 fc:00 6557552                    /lib/x86_64-linux-gnu/libdl-2.17.so
7fca58cd9000-7fca58ed8000 ---p 00003000 fc:00 6557552                    /lib/x86_64-linux-gnu/libdl-2.17.so
7fca58ed8000-7fca58ed9000 r--p 00002000 fc:00 6557552                    /lib/x86_64-linux-gnu/libdl-2.17.so
7fca58ed9000-7fca58eda000 rw-p 00003000 fc:00 6557552                    /lib/x86_64-linux-gnu/libdl-2.17.so
7fca58eda000-7fca59097000 r-xp 00000000 fc:00 6557537                    /lib/x86_64-linux-gnu/libc-2.17.so
7fca59097000-7fca59297000 ---p 001bd000 fc:00 6557537                    /lib/x86_64-linux-gnu/libc-2.17.so
7fca59297000-7fca5929b000 r--p 001bd000 fc:00 6557537                    /lib/x86_64-linux-gnu/libc-2.17.so
7fca5929b000-7fca5929d000 rw-p 001c1000 fc:00 6557537                    /lib/x86_64-linux-gnu/libc-2.17.so
7fca5929d000-7fca592a2000 rw-p 00000000 00:00 0 
7fca592a2000-7fca592af000 r-xp 00000000 fc:00 3671217                    /usr/lib/jvm/java-7-openjdk-amd64/jre/lib/amd64/jli/libjli.so
7fca592af000-7fca594ae000 ---p 0000d000 fc:00 3671217                    /usr/lib/jvm/java-7-openjdk-amd64/jre/lib/amd64/jli/libjli.so
7fca594ae000-7fca594af000 r--p 0000c000 fc:00 3671217                    /usr/lib/jvm/java-7-openjdk-amd64/jre/lib/amd64/jli/libjli.so
7fca594af000-7fca594b0000 rw-p 0000d000 fc:00 3671217                    /usr/lib/jvm/java-7-openjdk-amd64/jre/lib/amd64/jli/libjli.so
7fca594b0000-7fca594d3000 r-xp 00000000 fc:00 6557513                    /lib/x86_64-linux-gnu/ld-2.17.so
7fca594d3000-7fca594d4000 rw-s 00000000 00:04 57510                      /drm mm object (deleted)
7fca594d4000-7fca594d5000 rwxp 00000000 00:00 0 
7fca594d5000-7fca594df000 r--s 000b8000 fc:00 3546292                    /usr/lib/jvm/java-7-openjdk-amd64/jre/lib/resources.jar
7fca594df000-7fca594e3000 r--s 00027000 fc:00 2105212                    /home/alvin/workspace/Lumen/lib/jar/lwjgl_util.jar
7fca594e3000-7fca594ea000 r--s 00049000 fc:00 2105210                    /home/alvin/workspace/Lumen/lib/jar/kryonet-2.18-all.jar
7fca594ea000-7fca594ec000 r--s 0000d000 fc:00 2105209                    /home/alvin/workspace/Lumen/lib/jar/jorbis-0.0.15.jar
7fca594ec000-7fca594f6000 rw-p 00000000 00:00 0 
7fca594f6000-7fca595ac000 rw-p 00000000 00:00 0 
7fca595ac000-7fca595af000 ---p 00000000 00:00 0 
7fca595af000-7fca596b2000 rw-p 00000000 00:00 0                          [stack:10132]
7fca596b2000-7fca596b3000 r--s 00001000 fc:00 2105208                    /home/alvin/workspace/Lumen/lib/jar/jogg-0.0.7.jar
7fca596b3000-7fca596b6000 r--s 0000f000 fc:00 3675588                    /usr/lib/jvm/java-7-openjdk-amd64/jre/lib/ext/pulse-java.jar
7fca596b6000-7fca596b7000 r--s 00002000 fc:00 3675591                    /usr/lib/jvm/java-7-openjdk-amd64/jre/lib/ext/dnsns.jar
7fca596b7000-7fca596b9000 r--s 00006000 fc:00 3286873                    /usr/share/java/java-atk-wrapper.jar
7fca596b9000-7fca596bb000 r--s 00012000 fc:00 3675589                    /usr/lib/jvm/java-7-openjdk-amd64/jre/lib/ext/zipfs.jar
7fca596bb000-7fca596bf000 r--s 00085000 fc:00 3675587                    /usr/lib/jvm/java-7-openjdk-amd64/jre/lib/ext/localedata.jar
7fca596bf000-7fca596c3000 r--s 0003b000 fc:00 3675592                    /usr/lib/jvm/java-7-openjdk-amd64/jre/lib/ext/sunpkcs11.jar
7fca596c3000-7fca596c6000 r--s 00032000 fc:00 3675590                    /usr/lib/jvm/java-7-openjdk-amd64/jre/lib/ext/sunjce_provider.jar
7fca596c6000-7fca596ce000 rw-s 00000000 fc:00 1583181                    /tmp/hsperfdata_alvin/10125 (deleted)
7fca596ce000-7fca596cf000 rw-p 00000000 00:00 0 
7fca596cf000-7fca596d0000 ---p 00000000 00:00 0 
7fca596d0000-7fca596d2000 rw-p 00000000 00:00 0 
7fca596d2000-7fca596d3000 r--p 00022000 fc:00 6557513                    /lib/x86_64-linux-gnu/ld-2.17.so
7fca596d3000-7fca596d5000 rw-p 00023000 fc:00 6557513                    /lib/x86_64-linux-gnu/ld-2.17.so
7fffc894a000-7fffc896b000 rw-p 00000000 00:00 0                          [stack]
7fffc89fe000-7fffc8a00000 r-xp 00000000 00:00 0                          [vdso]
ffffffffff600000-ffffffffff601000 r-xp 00000000 00:00 0                  [vsyscall]

