#
# A fatal error has been detected by the Java Runtime Environment:
#
#  SIGSEGV (0xb) at pc=0x0000000000000000, pid=25726, tid=140164791334656
#
# JRE version: OpenJDK Runtime Environment (7.0_51) (build 1.7.0_51-b00)
# Java VM: OpenJDK 64-Bit Server VM (24.45-b08 mixed mode linux-amd64 compressed oops)
# Problematic frame:
# C  0x0000000000000000
#
# Failed to write core dump. Core dumps have been disabled. To enable core dumping, try "ulimit -c unlimited" before starting Java again
#
# If you would like to submit a bug report, please include
# instructions on how to reproduce the bug and visit:
#   http://icedtea.classpath.org/bugzilla
#

---------------  T H R E A D  ---------------

Current thread is native thread

siginfo:si_signo=SIGSEGV: si_errno=0, si_code=1 (SEGV_MAPERR), si_addr=0x0000000000000000

Registers:
RAX=0x00007f7aaec517c0, RBX=0x0000000000000400, RCX=0x0000000000000000, RDX=0x0000000000000000
RSP=0x00007f7aa898eca8, RBP=0x00007f7adc51dec0, RSI=0x0000000000000000, RDI=0x00007f7adc51dec0
R8 =0x0000000000000000, R9 =0x0000000000100000, R10=0x0000000000000000, R11=0x00007f7ae23afc0d
R12=0x00007f7adc522050, R13=0x0000000000012000, R14=0x0000000000001000, R15=0x00007f7aa898ee58
RIP=0x0000000000000000, EFLAGS=0x0000000000010246, CSGSFS=0x0000000000000033, ERR=0x0000000000000014
  TRAPNO=0x000000000000000e

Top of Stack: (sp=0x00007f7aa898eca8)
0x00007f7aa898eca8:   00007f7aaea1a4d1 0000000000000000
0x00007f7aa898ecb8:   00007f7ac0005ca0 00007f7abb800000
0x00007f7aa898ecc8:   00007f7ae240f729 0000000000000000
0x00007f7aa898ecd8:   00007f7aae362fa2 00007f7adc86a950
0x00007f7aa898ece8:   0000000000000000 0000000000000000
0x00007f7aa898ecf8:   0000000000000000 00007f7adc870310
0x00007f7aa898ed08:   00007f7adc872280 0000000000002000
0x00007f7aa898ed18:   00007f7aae36acba 00007f7adc86ad50
0x00007f7aa898ed28:   00007f7acc006d90 0000000000000000
0x00007f7aa898ed38:   5700000000000001 0000000000002000
0x00007f7aa898ed48:   00007f7aae36c7cb 0000000000000000
0x00007f7aa898ed58:   0000000000000000 0000000000000000
0x00007f7aa898ed68:   0000000000000000 0000000000000000
0x00007f7aa898ed78:   0000000000002000 00007f7adc872280
0x00007f7aa898ed88:   00007f7aa898ee58 00007f7aa898ee50
0x00007f7aa898ed98:   00007f7adc522050 00007f7aae385c60
0x00007f7aa898eda8:   00007f7aae7d5be2 00007f7aa89b0040
0x00007f7aa898edb8:   00007f7aa8ab0040 00000400e211a2e0
0x00007f7aa898edc8:   00007f7aa898ede0 0000000000000000
0x00007f7aa898edd8:   00007f7aae7daeb2 00001fa00000037f
0x00007f7aa898ede8:   00007f7aae3509ff 00007f7adc870310
0x00007f7aa898edf8:   0000000000002000 00007f7adc86a890
0x00007f7aa898ee08:   0000000000000000 00007f7adc51dec0
0x00007f7aa898ee18:   0000000000000008 00007f7aa898ee58
0x00007f7aa898ee28:   00007f7aaea30544 0000000000000000
0x00007f7aa898ee38:   00007f7aa898ee50 0000000000002000
0x00007f7aa898ee48:   0000000000006000 00007f7aa8ab0040
0x00007f7aa898ee58:   0000000000002000 0000000000000000
0x00007f7aa898ee68:   00007f7adc872210 0000000000000000
0x00007f7aa898ee78:   0000000000000000 00007f7ae2b1c060
0x00007f7aa898ee88:   00007f7ae2af3750 0000000000001000
0x00007f7aa898ee98:   00007f7aaea2373a 0000000000000000 

Instructions: (pc=0x0000000000000000)
0xffffffffffffffe0:   

Register to memory mapping:

RAX=
[error occurred during error reporting (printing register info), id 0xb]

Stack: [0x00007f7aa888f000,0x00007f7aa8990000],  sp=0x00007f7aa898eca8,  free space=1023k

---------------  P R O C E S S  ---------------

VM state:at safepoint (shutting down)

VM Mutex/Monitor currently owned by a thread:  ([mutex/lock_event])
[0x00007f7adc006c20] Threads_lock - owner thread: 0x00007f7adc06c000

Heap
 def new generation   total 61248K, used 49979K [0x00000000cc000000, 0x00000000d0270000, 0x00000000d9e00000)
  eden space 54464K,  91% used [0x00000000cc000000, 0x00000000cf0cecb0, 0x00000000cf530000)
  from space 6784K,   0% used [0x00000000cf530000, 0x00000000cf530000, 0x00000000cfbd0000)
  to   space 6784K,   0% used [0x00000000cfbd0000, 0x00000000cfbd0000, 0x00000000d0270000)
 tenured generation   total 136012K, used 66634K [0x00000000d9e00000, 0x00000000e22d3000, 0x00000000f5a00000)
   the space 136012K,  48% used [0x00000000d9e00000, 0x00000000ddf12980, 0x00000000ddf12a00, 0x00000000e22d3000)
 compacting perm gen  total 21248K, used 8281K [0x00000000f5a00000, 0x00000000f6ec0000, 0x0000000100000000)
   the space 21248K,  38% used [0x00000000f5a00000, 0x00000000f6216418, 0x00000000f6216600, 0x00000000f6ec0000)
No shared spaces configured.

Card table byte_map: [0x00007f7ad841a000,0x00007f7ad85bb000] byte_map_base: 0x00007f7ad7dba000

Polling page: 0x00007f7ae2b18000

Code Cache  [0x00007f7ad85bb000, 0x00007f7ad882b000, 0x00007f7adb5bb000)
 total_blobs=559 nmethods=101 adapters=413 free_code_cache=48356Kb largest_free_block=49496512

Compilation events (10 events):
Event: 43,864 Thread 0x00007f7adc098800   97             java.nio.Buffer::remaining (10 bytes)
Event: 43,864 Thread 0x00007f7adc098800 nmethod 97 0x00007f7ad867d290 code [0x00007f7ad867d3c0, 0x00007f7ad867d418]
Event: 48,039 Thread 0x00007f7adc098800   98             java.nio.HeapByteBuffer::ix (7 bytes)
Event: 48,040 Thread 0x00007f7adc098800 nmethod 98 0x00007f7ad867b950 code [0x00007f7ad867ba80, 0x00007f7ad867bad8]
Event: 53,543 Thread 0x00007f7adc098800   99             java.util.concurrent.locks.AbstractOwnableSynchronizer::setExclusiveOwnerThread (6 bytes)
Event: 53,543 Thread 0x00007f7adc098800 nmethod 99 0x00007f7ad867b750 code [0x00007f7ad867b880, 0x00007f7ad867b8f8]
Event: 57,401 Thread 0x00007f7adc098800  100             org.newdawn.slick.opengl.TextureImpl::getImageWidth (5 bytes)
Event: 57,402 Thread 0x00007f7adc098800 nmethod 100 0x00007f7ad867b550 code [0x00007f7ad867b680, 0x00007f7ad867b6d8]
Event: 57,924 Thread 0x00007f7adc098800  101             java.util.concurrent.locks.AbstractQueuedSynchronizer::getState (5 bytes)
Event: 57,925 Thread 0x00007f7adc098800 nmethod 101 0x00007f7ad867b350 code [0x00007f7ad867b480, 0x00007f7ad867b4d8]

GC Heap History (10 events):
Event: 4,338 GC heap before
{Heap before GC invocations=2 (full 0):
 def new generation   total 9600K, used 4998K [0x00000000cc000000, 0x00000000cca60000, 0x00000000d9e00000)
  eden space 8576K,  49% used [0x00000000cc000000, 0x00000000cc41d890, 0x00000000cc860000)
  from space 1024K,  76% used [0x00000000cc860000, 0x00000000cc924318, 0x00000000cc960000)
  to   space 1024K,   0% used [0x00000000cc960000, 0x00000000cc960000, 0x00000000cca60000)
 tenured generation   total 21312K, used 3948K [0x00000000d9e00000, 0x00000000db2d0000, 0x00000000f5a00000)
   the space 21312K,  18% used [0x00000000d9e00000, 0x00000000da1db2d8, 0x00000000da1db400, 0x00000000db2d0000)
 compacting perm gen  total 21248K, used 8206K [0x00000000f5a00000, 0x00000000f6ec0000, 0x0000000100000000)
   the space 21248K,  38% used [0x00000000f5a00000, 0x00000000f6203a38, 0x00000000f6203c00, 0x00000000f6ec0000)
No shared spaces configured.
Event: 4,352 GC heap after
Heap after GC invocations=3 (full 0):
 def new generation   total 9664K, used 0K [0x00000000cc000000, 0x00000000cca70000, 0x00000000d9e00000)
  eden space 8640K,   0% used [0x00000000cc000000, 0x00000000cc000000, 0x00000000cc870000)
  from space 1024K,   0% used [0x00000000cc870000, 0x00000000cc870000, 0x00000000cc970000)
  to   space 1024K,   0% used [0x00000000cc970000, 0x00000000cc970000, 0x00000000cca70000)
 tenured generation   total 21312K, used 8807K [0x00000000d9e00000, 0x00000000db2d0000, 0x00000000f5a00000)
   the space 21312K,  41% used [0x00000000d9e00000, 0x00000000da699f48, 0x00000000da69a000, 0x00000000db2d0000)
 compacting perm gen  total 21248K, used 8206K [0x00000000f5a00000, 0x00000000f6ec0000, 0x0000000100000000)
   the space 21248K,  38% used [0x00000000f5a00000, 0x00000000f6203a38, 0x00000000f6203c00, 0x00000000f6ec0000)
No shared spaces configured.
}
Event: 4,810 GC heap before
{Heap before GC invocations=3 (full 0):
 def new generation   total 9664K, used 8311K [0x00000000cc000000, 0x00000000cca70000, 0x00000000d9e00000)
  eden space 8640K,  96% used [0x00000000cc000000, 0x00000000cc81dc10, 0x00000000cc870000)
  from space 1024K,   0% used [0x00000000cc870000, 0x00000000cc870000, 0x00000000cc970000)
  to   space 1024K,   0% used [0x00000000cc970000, 0x00000000cc970000, 0x00000000cca70000)
 tenured generation   total 21312K, used 8807K [0x00000000d9e00000, 0x00000000db2d0000, 0x00000000f5a00000)
   the space 21312K,  41% used [0x00000000d9e00000, 0x00000000da699f48, 0x00000000da69a000, 0x00000000db2d0000)
 compacting perm gen  total 21248K, used 8206K [0x00000000f5a00000, 0x00000000f6ec0000, 0x0000000100000000)
   the space 21248K,  38% used [0x00000000f5a00000, 0x00000000f6203ba8, 0x00000000f6203c00, 0x00000000f6ec0000)
No shared spaces configured.
Event: 4,909 GC heap after
Heap after GC invocations=4 (full 1):
 def new generation   total 9664K, used 0K [0x00000000cc000000, 0x00000000cca70000, 0x00000000d9e00000)
  eden space 8640K,   0% used [0x00000000cc000000, 0x00000000cc000000, 0x00000000cc870000)
  from space 1024K,   0% used [0x00000000cc970000, 0x00000000cc970000, 0x00000000cca70000)
  to   space 1024K,   0% used [0x00000000cc870000, 0x00000000cc870000, 0x00000000cc970000)
 tenured generation   total 21312K, used 10850K [0x00000000d9e00000, 0x00000000db2d0000, 0x00000000f5a00000)
   the space 21312K,  50% used [0x00000000d9e00000, 0x00000000da898af0, 0x00000000da898c00, 0x00000000db2d0000)
 compacting perm gen  total 21248K, used 8206K [0x00000000f5a00000, 0x00000000f6ec0000, 0x0000000100000000)
   the space 21248K,  38% used [0x00000000f5a00000, 0x00000000f6203ba8, 0x00000000f6203c00, 0x00000000f6ec0000)
No shared spaces configured.
}
Event: 5,996 GC heap before
{Heap before GC invocations=4 (full 1):
 def new generation   total 9664K, used 234K [0x00000000cc000000, 0x00000000cca70000, 0x00000000d9e00000)
  eden space 8640K,   2% used [0x00000000cc000000, 0x00000000cc03ab88, 0x00000000cc870000)
  from space 1024K,   0% used [0x00000000cc970000, 0x00000000cc970000, 0x00000000cca70000)
  to   space 1024K,   0% used [0x00000000cc870000, 0x00000000cc870000, 0x00000000cc970000)
 tenured generation   total 37700K, used 27234K [0x00000000d9e00000, 0x00000000dc2d1000, 0x00000000f5a00000)
   the space 37700K,  72% used [0x00000000d9e00000, 0x00000000db898b00, 0x00000000db898c00, 0x00000000dc2d1000)
 compacting perm gen  total 21248K, used 8210K [0x00000000f5a00000, 0x00000000f6ec0000, 0x0000000100000000)
   the space 21248K,  38% used [0x00000000f5a00000, 0x00000000f6204bd8, 0x00000000f6204c00, 0x00000000f6ec0000)
No shared spaces configured.
Event: 6,055 GC heap after
Heap after GC invocations=5 (full 2):
 def new generation   total 17024K, used 0K [0x00000000cc000000, 0x00000000cd270000, 0x00000000d9e00000)
  eden space 15168K,   0% used [0x00000000cc000000, 0x00000000cc000000, 0x00000000cced0000)
  from space 1856K,   0% used [0x00000000cced0000, 0x00000000cced0000, 0x00000000cd0a0000)
  to   space 1856K,   0% used [0x00000000cd0a0000, 0x00000000cd0a0000, 0x00000000cd270000)
 tenured generation   total 37700K, used 19042K [0x00000000d9e00000, 0x00000000dc2d1000, 0x00000000f5a00000)
   the space 37700K,  50% used [0x00000000d9e00000, 0x00000000db098b10, 0x00000000db098c00, 0x00000000dc2d1000)
 compacting perm gen  total 21248K, used 8210K [0x00000000f5a00000, 0x00000000f6ec0000, 0x0000000100000000)
   the space 21248K,  38% used [0x00000000f5a00000, 0x00000000f6204bd8, 0x00000000f6204c00, 0x00000000f6ec0000)
No shared spaces configured.
}
Event: 7,829 GC heap before
{Heap before GC invocations=5 (full 2):
 def new generation   total 17024K, used 549K [0x00000000cc000000, 0x00000000cd270000, 0x00000000d9e00000)
  eden space 15168K,   3% used [0x00000000cc000000, 0x00000000cc089608, 0x00000000cced0000)
  from space 1856K,   0% used [0x00000000cced0000, 0x00000000cced0000, 0x00000000cd0a0000)
  to   space 1856K,   0% used [0x00000000cd0a0000, 0x00000000cd0a0000, 0x00000000cd270000)
 tenured generation   total 70472K, used 51810K [0x00000000d9e00000, 0x00000000de2d2000, 0x00000000f5a00000)
   the space 70472K,  73% used [0x00000000d9e00000, 0x00000000dd098b20, 0x00000000dd098c00, 0x00000000de2d2000)
 compacting perm gen  total 21248K, used 8210K [0x00000000f5a00000, 0x00000000f6ec0000, 0x0000000100000000)
   the space 21248K,  38% used [0x00000000f5a00000, 0x00000000f6204bd8, 0x00000000f6204c00, 0x00000000f6ec0000)
No shared spaces configured.
Event: 7,982 GC heap after
Heap after GC invocations=6 (full 3):
 def new generation   total 31744K, used 0K [0x00000000cc000000, 0x00000000ce270000, 0x00000000d9e00000)
  eden space 28224K,   0% used [0x00000000cc000000, 0x00000000cc000000, 0x00000000cdb90000)
  from space 3520K,   0% used [0x00000000cdb90000, 0x00000000cdb90000, 0x00000000cdf00000)
  to   space 3520K,   0% used [0x00000000cdf00000, 0x00000000cdf00000, 0x00000000ce270000)
 tenured generation   total 70472K, used 35426K [0x00000000d9e00000, 0x00000000de2d2000, 0x00000000f5a00000)
   the space 70472K,  50% used [0x00000000d9e00000, 0x00000000dc098be8, 0x00000000dc098c00, 0x00000000de2d2000)
 compacting perm gen  total 21248K, used 8210K [0x00000000f5a00000, 0x00000000f6ec0000, 0x0000000100000000)
   the space 21248K,  38% used [0x00000000f5a00000, 0x00000000f6204bd8, 0x00000000f6204c00, 0x00000000f6ec0000)
No shared spaces configured.
}
Event: 9,683 GC heap before
{Heap before GC invocations=6 (full 3):
 def new generation   total 31744K, used 511K [0x00000000cc000000, 0x00000000ce270000, 0x00000000d9e00000)
  eden space 28224K,   1% used [0x00000000cc000000, 0x00000000cc07fc48, 0x00000000cdb90000)
  from space 3520K,   0% used [0x00000000cdb90000, 0x00000000cdb90000, 0x00000000cdf00000)
  to   space 3520K,   0% used [0x00000000cdf00000, 0x00000000cdf00000, 0x00000000ce270000)
 tenured generation   total 136012K, used 100962K [0x00000000d9e00000, 0x00000000e22d3000, 0x00000000f5a00000)
   the space 136012K,  74% used [0x00000000d9e00000, 0x00000000e0098bf8, 0x00000000e0098c00, 0x00000000e22d3000)
 compacting perm gen  total 21248K, used 8210K [0x00000000f5a00000, 0x00000000f6ec0000, 0x0000000100000000)
   the space 21248K,  38% used [0x00000000f5a00000, 0x00000000f6204bd8, 0x00000000f6204c00, 0x00000000f6ec0000)
No shared spaces configured.
Event: 9,792 GC heap after
Heap after GC invocations=7 (full 4):
 def new generation   total 61248K, used 0K [0x00000000cc000000, 0x00000000d0270000, 0x00000000d9e00000)
  eden space 54464K,   0% used [0x00000000cc000000, 0x00000000cc000000, 0x00000000cf530000)
  from space 6784K,   0% used [0x00000000cf530000, 0x00000000cf530000, 0x00000000cfbd0000)
  to   space 6784K,   0% used [0x00000000cfbd0000, 0x00000000cfbd0000, 0x00000000d0270000)
 tenured generation   total 136012K, used 66634K [0x00000000d9e00000, 0x00000000e22d3000, 0x00000000f5a00000)
   the space 136012K,  48% used [0x00000000d9e00000, 0x00000000ddf12980, 0x00000000ddf12a00, 0x00000000e22d3000)
 compacting perm gen  total 21248K, used 8209K [0x00000000f5a00000, 0x00000000f6ec0000, 0x0000000100000000)
   the space 21248K,  38% used [0x00000000f5a00000, 0x00000000f62046b8, 0x00000000f6204800, 0x00000000f6ec0000)
No shared spaces configured.
}

Deoptimization events (5 events):
Event: 2,136 Thread 0x00007f7adc00a800 Uncommon trap: reason=unreached action=reinterpret pc=0x00007f7ad8643afc method=com.jcraft.jogg.StreamState.init(I)V @ 59
Event: 2,932 Thread 0x00007f7adc00a800 Uncommon trap: reason=class_check action=maybe_recompile pc=0x00007f7ad86586ec method=com.jcraft.jorbis.Mapping0.inverse(Lcom/jcraft/jorbis/Block;Ljava/lang/Object;)I @ 459
Event: 2,933 Thread 0x00007f7adc00a800 Uncommon trap: reason=class_check action=maybe_recompile pc=0x00007f7ad86586ec method=com.jcraft.jorbis.Mapping0.inverse(Lcom/jcraft/jorbis/Block;Ljava/lang/Object;)I @ 459
Event: 2,940 Thread 0x00007f7adc00a800 Uncommon trap: reason=class_check action=maybe_recompile pc=0x00007f7ad86586ec method=com.jcraft.jorbis.Mapping0.inverse(Lcom/jcraft/jorbis/Block;Ljava/lang/Object;)I @ 459
Event: 2,949 Thread 0x00007f7adc00a800 Uncommon trap: reason=class_check action=maybe_recompile pc=0x00007f7ad86586ec method=com.jcraft.jorbis.Mapping0.inverse(Lcom/jcraft/jorbis/Block;Ljava/lang/Object;)I @ 459

Internal exceptions (10 events):
Event: 2,763 Thread 0x00007f7adc00a800 Threw 0x00000000cc09a3e0 at /build/buildd/openjdk-7-7u51-2.4.4/build/openjdk/hotspot/src/share/vm/prims/jvm.cpp:1244
Event: 2,813 Thread 0x00007f7adc00a800 Threw 0x00000000cc0a1370 at /build/buildd/openjdk-7-7u51-2.4.4/build/openjdk/hotspot/src/share/vm/prims/jvm.cpp:1244
Event: 2,819 Thread 0x00007f7adc00a800 Threw 0x00000000cc0a53a8 at /build/buildd/openjdk-7-7u51-2.4.4/build/openjdk/hotspot/src/share/vm/prims/jvm.cpp:1244
Event: 2,825 Thread 0x00007f7adc00a800 Threw 0x00000000cc0a8998 at /build/buildd/openjdk-7-7u51-2.4.4/build/openjdk/hotspot/src/share/vm/prims/jvm.cpp:1244
Event: 12,589 Thread 0x00007f7adc00a800 Threw 0x00000000cef41d70 at /build/buildd/openjdk-7-7u51-2.4.4/build/openjdk/hotspot/src/share/vm/prims/jvm.cpp:1244
Event: 13,211 Thread 0x00007f7adc00a800 Threw 0x00000000cef44030 at /build/buildd/openjdk-7-7u51-2.4.4/build/openjdk/hotspot/src/share/vm/prims/jvm.cpp:1244
Event: 20,168 Thread 0x00007f7adc00a800 Threw 0x00000000cef46c88 at /build/buildd/openjdk-7-7u51-2.4.4/build/openjdk/hotspot/src/share/vm/prims/jvm.cpp:1244
Event: 59,660 Thread 0x00007f7adc00a800 Threw 0x00000000cef5f348 at /build/buildd/openjdk-7-7u51-2.4.4/build/openjdk/hotspot/src/share/vm/prims/jvm.cpp:1244
Event: 60,770 Thread 0x00007f7adc00a800 Threw 0x00000000cef60a58 at /build/buildd/openjdk-7-7u51-2.4.4/build/openjdk/hotspot/src/share/vm/prims/jvm.cpp:1244
Event: 60,980 Thread 0x00007f7adc00a800 Threw 0x00000000cef629b8 at /build/buildd/openjdk-7-7u51-2.4.4/build/openjdk/hotspot/src/share/vm/prims/jvm.cpp:1244

Events (10 events):
Event: 62,827 loading class 0x00007f7ab8054790
Event: 62,986 loading class 0x00007f7adc7df7b0
Event: 63,095 loading class 0x00007f7adc7df7b0 done
Event: 63,095 loading class 0x00007f7adc7df7e0
Event: 63,516 loading class 0x00007f7adc7df7e0 done
Event: 63,516 loading class 0x00007f7ab8054790 done
Event: 63,578 Thread 0x00007f7adc1eb000 Thread exited: 0x00007f7adc1eb000
Event: 65,259 Thread 0x00007f7adc9fd800 Thread exited: 0x00007f7adc9fd800
Event: 65,961 Thread 0x00007f7adc096000 Thread exited: 0x00007f7adc096000
Event: 66,560 Executing VM operation: Exit


Dynamic libraries:
00400000-00401000 r-xp 00000000 fc:00 3675615                            /usr/lib/jvm/java-7-openjdk-amd64/jre/bin/java
00600000-00601000 r--p 00000000 fc:00 3675615                            /usr/lib/jvm/java-7-openjdk-amd64/jre/bin/java
00601000-00602000 rw-p 00001000 fc:00 3675615                            /usr/lib/jvm/java-7-openjdk-amd64/jre/bin/java
023ce000-023ef000 rw-p 00000000 00:00 0                                  [heap]
cc000000-d0270000 rw-p 00000000 00:00 0 
d0270000-d9e00000 rw-p 00000000 00:00 0 
d9e00000-e22d3000 rw-p 00000000 00:00 0 
e22d3000-f5a00000 rw-p 00000000 00:00 0 
f5a00000-f6ec0000 rw-p 00000000 00:00 0 
f6ec0000-100000000 rw-p 00000000 00:00 0 
7f7aa2809000-7f7aa280c000 ---p 00000000 00:00 0 
7f7aa280c000-7f7aa290a000 rw-p 00000000 00:00 0 
7f7aa290a000-7f7aa290d000 ---p 00000000 00:00 0 
7f7aa290d000-7f7aa888f000 rw-p 00000000 00:00 0 
7f7aa888f000-7f7aa8890000 ---p 00000000 00:00 0 
7f7aa8890000-7f7aa8990000 rw-p 00000000 00:00 0                          [stack:25755]
7f7aa8990000-7f7aac991000 rw-s 00000000 00:13 243199                     /run/shm/pulse-shm-1910362739
7f7aac991000-7f7aac992000 ---p 00000000 00:00 0 
7f7aac992000-7f7aad192000 rw-p 00000000 00:00 0                          [stack:25754]
7f7aad192000-7f7aad199000 r-xp 00000000 fc:00 2892090                    /usr/lib/x86_64-linux-gnu/libogg.so.0.8.1
7f7aad199000-7f7aad399000 ---p 00007000 fc:00 2892090                    /usr/lib/x86_64-linux-gnu/libogg.so.0.8.1
7f7aad399000-7f7aad39a000 r--p 00007000 fc:00 2892090                    /usr/lib/x86_64-linux-gnu/libogg.so.0.8.1
7f7aad39a000-7f7aad39b000 rw-p 00008000 fc:00 2892090                    /usr/lib/x86_64-linux-gnu/libogg.so.0.8.1
7f7aad39b000-7f7aad3c6000 r-xp 00000000 fc:00 2892321                    /usr/lib/x86_64-linux-gnu/libvorbis.so.0.4.5
7f7aad3c6000-7f7aad5c6000 ---p 0002b000 fc:00 2892321                    /usr/lib/x86_64-linux-gnu/libvorbis.so.0.4.5
7f7aad5c6000-7f7aad5c7000 r--p 0002b000 fc:00 2892321                    /usr/lib/x86_64-linux-gnu/libvorbis.so.0.4.5
7f7aad5c7000-7f7aad5c8000 rw-p 0002c000 fc:00 2892321                    /usr/lib/x86_64-linux-gnu/libvorbis.so.0.4.5
7f7aad5c8000-7f7aad87b000 r-xp 00000000 fc:00 2892323                    /usr/lib/x86_64-linux-gnu/libvorbisenc.so.2.0.8
7f7aad87b000-7f7aada7a000 ---p 002b3000 fc:00 2892323                    /usr/lib/x86_64-linux-gnu/libvorbisenc.so.2.0.8
7f7aada7a000-7f7aada96000 r--p 002b2000 fc:00 2892323                    /usr/lib/x86_64-linux-gnu/libvorbisenc.so.2.0.8
7f7aada96000-7f7aada97000 rw-p 002ce000 fc:00 2892323                    /usr/lib/x86_64-linux-gnu/libvorbisenc.so.2.0.8
7f7aada97000-7f7aadac6000 r-xp 00000000 fc:00 2891288                    /usr/lib/x86_64-linux-gnu/libFLAC.so.8.3.0
7f7aadac6000-7f7aadcc6000 ---p 0002f000 fc:00 2891288                    /usr/lib/x86_64-linux-gnu/libFLAC.so.8.3.0
7f7aadcc6000-7f7aadcc7000 r--p 0002f000 fc:00 2891288                    /usr/lib/x86_64-linux-gnu/libFLAC.so.8.3.0
7f7aadcc7000-7f7aadcc8000 rw-p 00030000 fc:00 2891288                    /usr/lib/x86_64-linux-gnu/libFLAC.so.8.3.0
7f7aadcc8000-7f7aadccd000 r-xp 00000000 fc:00 2891505                    /usr/lib/x86_64-linux-gnu/libasyncns.so.0.3.1
7f7aadccd000-7f7aadecc000 ---p 00005000 fc:00 2891505                    /usr/lib/x86_64-linux-gnu/libasyncns.so.0.3.1
7f7aadecc000-7f7aadecd000 r--p 00004000 fc:00 2891505                    /usr/lib/x86_64-linux-gnu/libasyncns.so.0.3.1
7f7aadecd000-7f7aadece000 rw-p 00005000 fc:00 2891505                    /usr/lib/x86_64-linux-gnu/libasyncns.so.0.3.1
7f7aadece000-7f7aadf2f000 r-xp 00000000 fc:00 2892216                    /usr/lib/x86_64-linux-gnu/libsndfile.so.1.0.25
7f7aadf2f000-7f7aae12f000 ---p 00061000 fc:00 2892216                    /usr/lib/x86_64-linux-gnu/libsndfile.so.1.0.25
7f7aae12f000-7f7aae131000 r--p 00061000 fc:00 2892216                    /usr/lib/x86_64-linux-gnu/libsndfile.so.1.0.25
7f7aae131000-7f7aae132000 rw-p 00063000 fc:00 2892216                    /usr/lib/x86_64-linux-gnu/libsndfile.so.1.0.25
7f7aae132000-7f7aae136000 rw-p 00000000 00:00 0 
7f7aae136000-7f7aae13e000 r-xp 00000000 fc:00 6557692                    /lib/x86_64-linux-gnu/libwrap.so.0.7.6
7f7aae13e000-7f7aae33e000 ---p 00008000 fc:00 6557692                    /lib/x86_64-linux-gnu/libwrap.so.0.7.6
7f7aae33e000-7f7aae33f000 r--p 00008000 fc:00 6557692                    /lib/x86_64-linux-gnu/libwrap.so.0.7.6
7f7aae33f000-7f7aae340000 rw-p 00009000 fc:00 6557692                    /lib/x86_64-linux-gnu/libwrap.so.0.7.6
7f7aae340000-7f7aae3a6000 r-xp 00000000 fc:00 3277648                    /usr/lib/x86_64-linux-gnu/pulseaudio/libpulsecommon-4.0.so
7f7aae3a6000-7f7aae5a5000 ---p 00066000 fc:00 3277648                    /usr/lib/x86_64-linux-gnu/pulseaudio/libpulsecommon-4.0.so
7f7aae5a5000-7f7aae5a6000 r--p 00065000 fc:00 3277648                    /usr/lib/x86_64-linux-gnu/pulseaudio/libpulsecommon-4.0.so
7f7aae5a6000-7f7aae5a7000 rw-p 00066000 fc:00 3277648                    /usr/lib/x86_64-linux-gnu/pulseaudio/libpulsecommon-4.0.so
7f7aae5a7000-7f7aae5b0000 r-xp 00000000 fc:00 6557577                    /lib/x86_64-linux-gnu/libjson-c.so.2.0.1
7f7aae5b0000-7f7aae7af000 ---p 00009000 fc:00 6557577                    /lib/x86_64-linux-gnu/libjson-c.so.2.0.1
7f7aae7af000-7f7aae7b0000 r--p 00008000 fc:00 6557577                    /lib/x86_64-linux-gnu/libjson-c.so.2.0.1
7f7aae7b0000-7f7aae7b1000 rw-p 00009000 fc:00 6557577                    /lib/x86_64-linux-gnu/libjson-c.so.2.0.1
7f7aae7b1000-7f7aae7f8000 r-xp 00000000 fc:00 2892153                    /usr/lib/x86_64-linux-gnu/libpulse.so.0.16.2
7f7aae7f8000-7f7aae9f8000 ---p 00047000 fc:00 2892153                    /usr/lib/x86_64-linux-gnu/libpulse.so.0.16.2
7f7aae9f8000-7f7aae9f9000 r--p 00047000 fc:00 2892153                    /usr/lib/x86_64-linux-gnu/libpulse.so.0.16.2
7f7aae9f9000-7f7aae9fa000 rw-p 00048000 fc:00 2892153                    /usr/lib/x86_64-linux-gnu/libpulse.so.0.16.2
7f7aae9fa000-7f7aaea4f000 r-xp 00000000 fc:00 2098387                    /home/alvin/workspace/Copy of Lumen/LWJGL Library/native/linux/libopenal64.so
7f7aaea4f000-7f7aaec4e000 ---p 00055000 fc:00 2098387                    /home/alvin/workspace/Copy of Lumen/LWJGL Library/native/linux/libopenal64.so
7f7aaec4e000-7f7aaec51000 r--p 00054000 fc:00 2098387                    /home/alvin/workspace/Copy of Lumen/LWJGL Library/native/linux/libopenal64.so
7f7aaec51000-7f7aaec52000 rw-p 00057000 fc:00 2098387                    /home/alvin/workspace/Copy of Lumen/LWJGL Library/native/linux/libopenal64.so
7f7aaec52000-7f7aaec53000 rw-p 00000000 00:00 0 
7f7aaec53000-7f7aaec69000 r-xp 00000000 fc:00 3546263                    /usr/lib/jvm/java-7-openjdk-amd64/jre/lib/amd64/libnet.so
7f7aaec69000-7f7aaee68000 ---p 00016000 fc:00 3546263                    /usr/lib/jvm/java-7-openjdk-amd64/jre/lib/amd64/libnet.so
7f7aaee68000-7f7aaee69000 r--p 00015000 fc:00 3546263                    /usr/lib/jvm/java-7-openjdk-amd64/jre/lib/amd64/libnet.so
7f7aaee69000-7f7aaee6a000 rw-p 00016000 fc:00 3546263                    /usr/lib/jvm/java-7-openjdk-amd64/jre/lib/amd64/libnet.so
7f7aaee6a000-7f7aaee7a000 r-xp 00000000 fc:00 3546284                    /usr/lib/jvm/java-7-openjdk-amd64/jre/lib/amd64/libnio.so
7f7aaee7a000-7f7aaf07a000 ---p 00010000 fc:00 3546284                    /usr/lib/jvm/java-7-openjdk-amd64/jre/lib/amd64/libnio.so
7f7aaf07a000-7f7aaf07b000 r--p 00010000 fc:00 3546284                    /usr/lib/jvm/java-7-openjdk-amd64/jre/lib/amd64/libnio.so
7f7aaf07b000-7f7aaf07c000 rw-p 00011000 fc:00 3546284                    /usr/lib/jvm/java-7-openjdk-amd64/jre/lib/amd64/libnio.so
7f7aaf07c000-7f7ab01cf000 rw-p 00000000 00:00 0 
7f7ab01cf000-7f7ab0201000 r-xp 00000000 fc:00 2892280                    /usr/lib/x86_64-linux-gnu/libtxc_dxtn_s2tc.so.0.0.0
7f7ab0201000-7f7ab0400000 ---p 00032000 fc:00 2892280                    /usr/lib/x86_64-linux-gnu/libtxc_dxtn_s2tc.so.0.0.0
7f7ab0400000-7f7ab0401000 r--p 00031000 fc:00 2892280                    /usr/lib/x86_64-linux-gnu/libtxc_dxtn_s2tc.so.0.0.0
7f7ab0401000-7f7ab0402000 rw-p 00032000 fc:00 2892280                    /usr/lib/x86_64-linux-gnu/libtxc_dxtn_s2tc.so.0.0.0
7f7ab0402000-7f7ab0476000 rw-p 00000000 00:00 0 
7f7ab04f1000-7f7ab04f5000 rw-s 00000000 00:04 243261                     /drm mm object (deleted)
7f7ab04f7000-7f7ab04f9000 rw-s 120c3b000 00:05 9086                      /dev/dri/card0
7f7ab04f9000-7f7ab04fa000 rw-s 00000000 00:04 243258                     /drm mm object (deleted)
7f7ab04fa000-7f7ab04fb000 rw-s 00000000 00:04 243257                     /drm mm object (deleted)
7f7ab04fb000-7f7ab04fc000 rw-s 00000000 00:04 243256                     /drm mm object (deleted)
7f7ab04fc000-7f7ab04fd000 rw-s 00000000 00:04 243255                     /drm mm object (deleted)
7f7ab04fd000-7f7ab04fe000 rw-s 00000000 00:04 243254                     /drm mm object (deleted)
7f7ab04fe000-7f7ab04ff000 rw-s 00000000 00:04 243253                     /drm mm object (deleted)
7f7ab04ff000-7f7ab0500000 rw-s 00000000 00:04 243252                     /drm mm object (deleted)
7f7ab0500000-7f7ab0501000 rw-s 00000000 00:04 243251                     /drm mm object (deleted)
7f7ab0501000-7f7ab0502000 rw-s 00000000 00:04 243250                     /drm mm object (deleted)
7f7ab0502000-7f7ab0503000 rw-s 00000000 00:04 243249                     /drm mm object (deleted)
7f7ab0503000-7f7ab0504000 rw-s 00000000 00:04 243248                     /drm mm object (deleted)
7f7ab0504000-7f7ab0505000 rw-s 00000000 00:04 243247                     /drm mm object (deleted)
7f7ab0505000-7f7ab0506000 rw-s 00000000 00:04 243246                     /drm mm object (deleted)
7f7ab0506000-7f7ab0507000 rw-s 00000000 00:04 243245                     /drm mm object (deleted)
7f7ab0507000-7f7ab0508000 rw-s 00000000 00:04 243244                     /drm mm object (deleted)
7f7ab0508000-7f7ab0509000 rw-s 00000000 00:04 243243                     /drm mm object (deleted)
7f7ab0509000-7f7ab050a000 rw-s 00000000 00:04 243242                     /drm mm object (deleted)
7f7ab050a000-7f7ab050b000 rw-s 00000000 00:04 243241                     /drm mm object (deleted)
7f7ab050b000-7f7ab050c000 rw-s 00000000 00:04 243240                     /drm mm object (deleted)
7f7ab050c000-7f7ab050d000 rw-s 00000000 00:04 243239                     /drm mm object (deleted)
7f7ab050d000-7f7ab050e000 rw-s 00000000 00:04 243238                     /drm mm object (deleted)
7f7ab050e000-7f7ab050f000 rw-s 00000000 00:04 243237                     /drm mm object (deleted)
7f7ab050f000-7f7ab0510000 rw-s 00000000 00:04 243236                     /drm mm object (deleted)
7f7ab0510000-7f7ab0511000 rw-s 00000000 00:04 243235                     /drm mm object (deleted)
7f7ab0511000-7f7ab0512000 rw-s 00000000 00:04 243234                     /drm mm object (deleted)
7f7ab0512000-7f7ab0513000 rw-s 00000000 00:04 243233                     /drm mm object (deleted)
7f7ab0513000-7f7ab0514000 rw-s 00000000 00:04 243232                     /drm mm object (deleted)
7f7ab0514000-7f7ab0515000 rw-s 00000000 00:04 243231                     /drm mm object (deleted)
7f7ab0515000-7f7ab0516000 rw-s 00000000 00:04 243230                     /drm mm object (deleted)
7f7ab0516000-7f7ab0517000 rw-s 00000000 00:04 243229                     /drm mm object (deleted)
7f7ab0517000-7f7ab0557000 rw-s 1163d8000 00:05 9086                      /dev/dri/card0
7f7ab0557000-7f7ab055f000 r-xp 00000000 fc:00 2892122                    /usr/lib/x86_64-linux-gnu/libpciaccess.so.0.11.1
7f7ab055f000-7f7ab075e000 ---p 00008000 fc:00 2892122                    /usr/lib/x86_64-linux-gnu/libpciaccess.so.0.11.1
7f7ab075e000-7f7ab075f000 r--p 00007000 fc:00 2892122                    /usr/lib/x86_64-linux-gnu/libpciaccess.so.0.11.1
7f7ab075f000-7f7ab0760000 rw-p 00008000 fc:00 2892122                    /usr/lib/x86_64-linux-gnu/libpciaccess.so.0.11.1
7f7ab0760000-7f7ab077f000 r-xp 00000000 fc:00 2888072                    /usr/lib/x86_64-linux-gnu/libdrm_intel.so.1.0.0
7f7ab077f000-7f7ab097e000 ---p 0001f000 fc:00 2888072                    /usr/lib/x86_64-linux-gnu/libdrm_intel.so.1.0.0
7f7ab097e000-7f7ab097f000 r--p 0001e000 fc:00 2888072                    /usr/lib/x86_64-linux-gnu/libdrm_intel.so.1.0.0
7f7ab097f000-7f7ab0980000 rw-p 0001f000 fc:00 2888072                    /usr/lib/x86_64-linux-gnu/libdrm_intel.so.1.0.0
7f7ab0980000-7f7ab0d3e000 r-xp 00000000 fc:00 2891639                    /usr/lib/x86_64-linux-gnu/libdricore9.2.1.so.1.0.0
7f7ab0d3e000-7f7ab0f3d000 ---p 003be000 fc:00 2891639                    /usr/lib/x86_64-linux-gnu/libdricore9.2.1.so.1.0.0
7f7ab0f3d000-7f7ab0f4d000 r--p 003bd000 fc:00 2891639                    /usr/lib/x86_64-linux-gnu/libdricore9.2.1.so.1.0.0
7f7ab0f4d000-7f7ab0f55000 rw-p 003cd000 fc:00 2891639                    /usr/lib/x86_64-linux-gnu/libdricore9.2.1.so.1.0.0
7f7ab0f55000-7f7ab0f6d000 rw-p 00000000 00:00 0 
7f7ab0f6d000-7f7ab0f6e000 rw-s 00000000 00:04 243228                     /drm mm object (deleted)
7f7ab0f6e000-7f7ab0f6f000 rw-s 00000000 00:04 243227                     /drm mm object (deleted)
7f7ab0f6f000-7f7ab0f70000 rw-s 00000000 00:04 243226                     /drm mm object (deleted)
7f7ab0f70000-7f7ab0f71000 rw-s 00000000 00:04 243225                     /drm mm object (deleted)
7f7ab0f71000-7f7ab0f72000 rw-s 00000000 00:04 243224                     /drm mm object (deleted)
7f7ab0f72000-7f7ab0f73000 rw-s 00000000 00:04 243223                     /drm mm object (deleted)
7f7ab0f73000-7f7ab0f74000 rw-s 00000000 00:04 243222                     /drm mm object (deleted)
7f7ab0f74000-7f7ab0f75000 rw-s 00000000 00:04 243221                     /drm mm object (deleted)
7f7ab0f75000-7f7ab0f76000 rw-s 00000000 00:04 243220                     /drm mm object (deleted)
7f7ab0f76000-7f7ab0f77000 rw-s 00000000 00:04 243219                     /drm mm object (deleted)
7f7ab0f77000-7f7ab0f78000 rw-s 00000000 00:04 243218                     /drm mm object (deleted)
7f7ab0f78000-7f7ab0f79000 rw-s 00000000 00:04 243217                     /drm mm object (deleted)
7f7ab0f79000-7f7ab0f7a000 rw-s 00000000 00:04 243216                     /drm mm object (deleted)
7f7ab0f7a000-7f7ab0f7b000 rw-s 00000000 00:04 243215                     /drm mm object (deleted)
7f7ab0f7b000-7f7ab0f7c000 rw-s 00000000 00:04 243214                     /drm mm object (deleted)
7f7ab0f7c000-7f7ab0f7d000 rw-s 00000000 00:04 243213                     /drm mm object (deleted)
7f7ab0f7d000-7f7ab0f7e000 rw-s 00000000 00:04 243212                     /drm mm object (deleted)
7f7ab0f7e000-7f7ab0f7f000 rw-s 00000000 00:04 243211                     /drm mm object (deleted)
7f7ab0f7f000-7f7ab0f80000 rw-s 00000000 00:04 243210                     /drm mm object (deleted)
7f7ab0f80000-7f7ab0f81000 rw-s 00000000 00:04 243209                     /drm mm object (deleted)
7f7ab0f81000-7f7ab0f82000 rw-s 00000000 00:04 243208                     /drm mm object (deleted)
7f7ab0f82000-7f7ab0f83000 rw-s 00000000 00:04 243207                     /drm mm object (deleted)
7f7ab0f83000-7f7ab0f84000 rw-s 00000000 00:04 243206                     /drm mm object (deleted)
7f7ab0f84000-7f7ab0f85000 rw-s 00000000 00:04 243205                     /drm mm object (deleted)
7f7ab0f85000-7f7ab0f86000 rw-s 00000000 00:04 243204                     /drm mm object (deleted)
7f7ab0f86000-7f7ab0f87000 rw-s 00000000 00:04 243203                     /drm mm object (deleted)
7f7ab0f87000-7f7ab0f88000 rw-s 00000000 00:04 243202                     /drm mm object (deleted)
7f7ab0f88000-7f7ab0f89000 rw-s 00000000 00:04 243180                     /drm mm object (deleted)
7f7ab0f89000-7f7ab0f8b000 rw-s 120c38000 00:05 9086                      /dev/dri/card0
7f7ab0f8b000-7f7ab1060000 r-xp 00000000 fc:00 3148337                    /usr/lib/x86_64-linux-gnu/dri/i965_dri.so
7f7ab1060000-7f7ab1260000 ---p 000d5000 fc:00 3148337                    /usr/lib/x86_64-linux-gnu/dri/i965_dri.so
7f7ab1260000-7f7ab1263000 r--p 000d5000 fc:00 3148337                    /usr/lib/x86_64-linux-gnu/dri/i965_dri.so
7f7ab1263000-7f7ab1265000 rw-p 000d8000 fc:00 3148337                    /usr/lib/x86_64-linux-gnu/dri/i965_dri.so
7f7ab1265000-7f7ab1266000 rw-p 00000000 00:00 0 
7f7ab1266000-7f7ab1271000 r-xp 00000000 fc:00 2887841                    /usr/lib/x86_64-linux-gnu/libdrm.so.2.4.0
7f7ab1271000-7f7ab1470000 ---p 0000b000 fc:00 2887841                    /usr/lib/x86_64-linux-gnu/libdrm.so.2.4.0
7f7ab1470000-7f7ab1471000 r--p 0000a000 fc:00 2887841                    /usr/lib/x86_64-linux-gnu/libdrm.so.2.4.0
7f7ab1471000-7f7ab1472000 rw-p 0000b000 fc:00 2887841                    /usr/lib/x86_64-linux-gnu/libdrm.so.2.4.0
7f7ab1472000-7f7ab1475000 r-xp 00000000 fc:00 2892353                    /usr/lib/x86_64-linux-gnu/libxcb-dri2.so.0.0.0
7f7ab1475000-7f7ab1675000 ---p 00003000 fc:00 2892353                    /usr/lib/x86_64-linux-gnu/libxcb-dri2.so.0.0.0
7f7ab1675000-7f7ab1676000 r--p 00003000 fc:00 2892353                    /usr/lib/x86_64-linux-gnu/libxcb-dri2.so.0.0.0
7f7ab1676000-7f7ab1677000 rw-p 00004000 fc:00 2892353                    /usr/lib/x86_64-linux-gnu/libxcb-dri2.so.0.0.0
7f7ab1677000-7f7ab168c000 r-xp 00000000 fc:00 2892355                    /usr/lib/x86_64-linux-gnu/libxcb-glx.so.0.0.0
7f7ab168c000-7f7ab188b000 ---p 00015000 fc:00 2892355                    /usr/lib/x86_64-linux-gnu/libxcb-glx.so.0.0.0
7f7ab188b000-7f7ab188d000 r--p 00014000 fc:00 2892355                    /usr/lib/x86_64-linux-gnu/libxcb-glx.so.0.0.0
7f7ab188d000-7f7ab188e000 rw-p 00016000 fc:00 2892355                    /usr/lib/x86_64-linux-gnu/libxcb-glx.so.0.0.0
7f7ab188e000-7f7ab188f000 r-xp 00000000 fc:00 2891421                    /usr/lib/x86_64-linux-gnu/libX11-xcb.so.1.0.0
7f7ab188f000-7f7ab1a8e000 ---p 00001000 fc:00 2891421                    /usr/lib/x86_64-linux-gnu/libX11-xcb.so.1.0.0
7f7ab1a8e000-7f7ab1a8f000 r--p 00000000 fc:00 2891421                    /usr/lib/x86_64-linux-gnu/libX11-xcb.so.1.0.0
7f7ab1a8f000-7f7ab1a90000 rw-p 00001000 fc:00 2891421                    /usr/lib/x86_64-linux-gnu/libX11-xcb.so.1.0.0
7f7ab1a90000-7f7ab1ab1000 r-xp 00000000 fc:00 2891782                    /usr/lib/x86_64-linux-gnu/libglapi.so.0.0.0
7f7ab1ab1000-7f7ab1cb1000 ---p 00021000 fc:00 2891782                    /usr/lib/x86_64-linux-gnu/libglapi.so.0.0.0
7f7ab1cb1000-7f7ab1cb4000 r--p 00021000 fc:00 2891782                    /usr/lib/x86_64-linux-gnu/libglapi.so.0.0.0
7f7ab1cb4000-7f7ab1cb5000 rw-p 00024000 fc:00 2891782                    /usr/lib/x86_64-linux-gnu/libglapi.so.0.0.0
7f7ab1cb5000-7f7ab1cb6000 rw-p 00000000 00:00 0 
7f7ab1cb6000-7f7ab1d10000 r-xp 00000000 fc:00 3277591                    /usr/lib/x86_64-linux-gnu/mesa/libGL.so.1.2.0
7f7ab1d10000-7f7ab1f10000 ---p 0005a000 fc:00 3277591                    /usr/lib/x86_64-linux-gnu/mesa/libGL.so.1.2.0
7f7ab1f10000-7f7ab1f12000 r--p 0005a000 fc:00 3277591                    /usr/lib/x86_64-linux-gnu/mesa/libGL.so.1.2.0
7f7ab1f12000-7f7ab1f13000 rw-p 0005c000 fc:00 3277591                    /usr/lib/x86_64-linux-gnu/mesa/libGL.so.1.2.0
7f7ab1f13000-7f7ab1f14000 rw-p 00000000 00:00 0 
7f7ab1f14000-7f7ab1f17000 ---p 00000000 00:00 0 
7f7ab1f17000-7f7ab1f4d000 rw-p 00000000 00:00 0 
7f7ab1f4d000-7f7ab1f51000 r-xp 00000000 fc:00 2891472                    /usr/lib/x86_64-linux-gnu/libXxf86vm.so.1.0.0
7f7ab1f51000-7f7ab2151000 ---p 00004000 fc:00 2891472                    /usr/lib/x86_64-linux-gnu/libXxf86vm.so.1.0.0
7f7ab2151000-7f7ab2152000 r--p 00004000 fc:00 2891472                    /usr/lib/x86_64-linux-gnu/libXxf86vm.so.1.0.0
7f7ab2152000-7f7ab2153000 rw-p 00005000 fc:00 2891472                    /usr/lib/x86_64-linux-gnu/libXxf86vm.so.1.0.0
7f7ab2153000-7f7ab21bd000 r-xp 00000000 fc:00 2098385                    /home/alvin/workspace/Copy of Lumen/LWJGL Library/native/linux/liblwjgl64.so
7f7ab21bd000-7f7ab23bd000 ---p 0006a000 fc:00 2098385                    /home/alvin/workspace/Copy of Lumen/LWJGL Library/native/linux/liblwjgl64.so
7f7ab23bd000-7f7ab23bf000 r--p 0006a000 fc:00 2098385                    /home/alvin/workspace/Copy of Lumen/LWJGL Library/native/linux/liblwjgl64.so
7f7ab23bf000-7f7ab23c0000 rw-p 0006c000 fc:00 2098385                    /home/alvin/workspace/Copy of Lumen/LWJGL Library/native/linux/liblwjgl64.so
7f7ab23c0000-7f7ab23c1000 r-xp 00000000 fc:00 3546274                    /usr/lib/jvm/java-7-openjdk-amd64/jre/lib/amd64/libjawt.so
7f7ab23c1000-7f7ab25c0000 ---p 00001000 fc:00 3546274                    /usr/lib/jvm/java-7-openjdk-amd64/jre/lib/amd64/libjawt.so
7f7ab25c0000-7f7ab25c1000 r--p 00000000 fc:00 3546274                    /usr/lib/jvm/java-7-openjdk-amd64/jre/lib/amd64/libjawt.so
7f7ab25c1000-7f7ab25c2000 rw-p 00001000 fc:00 3546274                    /usr/lib/jvm/java-7-openjdk-amd64/jre/lib/amd64/libjawt.so
7f7ab25c2000-7f7ab25c5000 ---p 00000000 00:00 0 
7f7ab25c5000-7f7ab26c3000 rw-p 00000000 00:00 0                          [stack:25743]
7f7ab26c3000-7f7ab26c7000 r-xp 00000000 fc:00 6557568                    /lib/x86_64-linux-gnu/libgpg-error.so.0.10.0
7f7ab26c7000-7f7ab28c6000 ---p 00004000 fc:00 6557568                    /lib/x86_64-linux-gnu/libgpg-error.so.0.10.0
7f7ab28c6000-7f7ab28c7000 r--p 00003000 fc:00 6557568                    /lib/x86_64-linux-gnu/libgpg-error.so.0.10.0
7f7ab28c7000-7f7ab28c8000 rw-p 00004000 fc:00 6557568                    /lib/x86_64-linux-gnu/libgpg-error.so.0.10.0
7f7ab28c8000-7f7ab28ca000 r-xp 00000000 fc:00 6557580                    /lib/x86_64-linux-gnu/libkeyutils.so.1.4
7f7ab28ca000-7f7ab2aca000 ---p 00002000 fc:00 6557580                    /lib/x86_64-linux-gnu/libkeyutils.so.1.4
7f7ab2aca000-7f7ab2acb000 r--p 00002000 fc:00 6557580                    /lib/x86_64-linux-gnu/libkeyutils.so.1.4
7f7ab2acb000-7f7ab2acc000 rw-p 00003000 fc:00 6557580                    /lib/x86_64-linux-gnu/libkeyutils.so.1.4
7f7ab2acc000-7f7ab2ae4000 r-xp 00000000 fc:00 2891824                    /usr/lib/x86_64-linux-gnu/libgraphite2.so.3.0.1
7f7ab2ae4000-7f7ab2ce3000 ---p 00018000 fc:00 2891824                    /usr/lib/x86_64-linux-gnu/libgraphite2.so.3.0.1
7f7ab2ce3000-7f7ab2ce5000 r--p 00017000 fc:00 2891824                    /usr/lib/x86_64-linux-gnu/libgraphite2.so.3.0.1
7f7ab2ce5000-7f7ab2ce6000 rw-p 00019000 fc:00 2891824                    /usr/lib/x86_64-linux-gnu/libgraphite2.so.3.0.1
7f7ab2ce6000-7f7ab2d2a000 r-xp 00000000 fc:00 6557549                    /lib/x86_64-linux-gnu/libdbus-1.so.3.7.4
7f7ab2d2a000-7f7ab2f29000 ---p 00044000 fc:00 6557549                    /lib/x86_64-linux-gnu/libdbus-1.so.3.7.4
7f7ab2f29000-7f7ab2f2a000 r--p 00043000 fc:00 6557549                    /lib/x86_64-linux-gnu/libdbus-1.so.3.7.4
7f7ab2f2a000-7f7ab2f2b000 rw-p 00044000 fc:00 6557549                    /lib/x86_64-linux-gnu/libdbus-1.so.3.7.4
7f7ab2f2b000-7f7ab2f49000 r-xp 00000000 fc:00 2892098                    /usr/lib/x86_64-linux-gnu/libp11-kit.so.0.0.0
7f7ab2f49000-7f7ab3148000 ---p 0001e000 fc:00 2892098                    /usr/lib/x86_64-linux-gnu/libp11-kit.so.0.0.0
7f7ab3148000-7f7ab314a000 r--p 0001d000 fc:00 2892098                    /usr/lib/x86_64-linux-gnu/libp11-kit.so.0.0.0
7f7ab314a000-7f7ab314b000 rw-p 0001f000 fc:00 2892098                    /usr/lib/x86_64-linux-gnu/libp11-kit.so.0.0.0
7f7ab314b000-7f7ab315b000 r-xp 00000000 fc:00 2892252                    /usr/lib/x86_64-linux-gnu/libtasn1.so.3.2.0
7f7ab315b000-7f7ab335a000 ---p 00010000 fc:00 2892252                    /usr/lib/x86_64-linux-gnu/libtasn1.so.3.2.0
7f7ab335a000-7f7ab335b000 r--p 0000f000 fc:00 2892252                    /usr/lib/x86_64-linux-gnu/libtasn1.so.3.2.0
7f7ab335b000-7f7ab335c000 rw-p 00010000 fc:00 2892252                    /usr/lib/x86_64-linux-gnu/libtasn1.so.3.2.0
7f7ab335c000-7f7ab33d6000 r-xp 00000000 fc:00 6557564                    /lib/x86_64-linux-gnu/libgcrypt.so.11.7.0
7f7ab33d6000-7f7ab35d6000 ---p 0007a000 fc:00 6557564                    /lib/x86_64-linux-gnu/libgcrypt.so.11.7.0
7f7ab35d6000-7f7ab35d7000 r--p 0007a000 fc:00 6557564                    /lib/x86_64-linux-gnu/libgcrypt.so.11.7.0
7f7ab35d7000-7f7ab35da000 rw-p 0007b000 fc:00 6557564                    /lib/x86_64-linux-gnu/libgcrypt.so.11.7.0
7f7ab35da000-7f7ab35e1000 r-xp 00000000 fc:00 2891997                    /usr/lib/x86_64-linux-gnu/libkrb5support.so.0.1
7f7ab35e1000-7f7ab37e0000 ---p 00007000 fc:00 2891997                    /usr/lib/x86_64-linux-gnu/libkrb5support.so.0.1
7f7ab37e0000-7f7ab37e1000 r--p 00006000 fc:00 2891997                    /usr/lib/x86_64-linux-gnu/libkrb5support.so.0.1
7f7ab37e1000-7f7ab37e2000 rw-p 00007000 fc:00 2891997                    /usr/lib/x86_64-linux-gnu/libkrb5support.so.0.1
7f7ab37e2000-7f7ab37e5000 r-xp 00000000 fc:00 6557544                    /lib/x86_64-linux-gnu/libcom_err.so.2.1
7f7ab37e5000-7f7ab39e4000 ---p 00003000 fc:00 6557544                    /lib/x86_64-linux-gnu/libcom_err.so.2.1
7f7ab39e4000-7f7ab39e5000 r--p 00002000 fc:00 6557544                    /lib/x86_64-linux-gnu/libcom_err.so.2.1
7f7ab39e5000-7f7ab39e6000 rw-p 00003000 fc:00 6557544                    /lib/x86_64-linux-gnu/libcom_err.so.2.1
7f7ab39e6000-7f7ab3a0c000 r-xp 00000000 fc:00 2891991                    /usr/lib/x86_64-linux-gnu/libk5crypto.so.3.1
7f7ab3a0c000-7f7ab3c0b000 ---p 00026000 fc:00 2891991                    /usr/lib/x86_64-linux-gnu/libk5crypto.so.3.1
7f7ab3c0b000-7f7ab3c0c000 r--p 00025000 fc:00 2891991                    /usr/lib/x86_64-linux-gnu/libk5crypto.so.3.1
7f7ab3c0c000-7f7ab3c0d000 rw-p 00026000 fc:00 2891991                    /usr/lib/x86_64-linux-gnu/libk5crypto.so.3.1
7f7ab3c0d000-7f7ab3c0e000 rw-p 00000000 00:00 0 
7f7ab3c0e000-7f7ab3cd3000 r-xp 00000000 fc:00 2891995                    /usr/lib/x86_64-linux-gnu/libkrb5.so.3.3
7f7ab3cd3000-7f7ab3ed2000 ---p 000c5000 fc:00 2891995                    /usr/lib/x86_64-linux-gnu/libkrb5.so.3.3
7f7ab3ed2000-7f7ab3edc000 r--p 000c4000 fc:00 2891995                    /usr/lib/x86_64-linux-gnu/libkrb5.so.3.3
7f7ab3edc000-7f7ab3edd000 rw-p 000ce000 fc:00 2891995                    /usr/lib/x86_64-linux-gnu/libkrb5.so.3.3
7f7ab3edd000-7f7ab3ee3000 r-xp 00000000 fc:00 2891616                    /usr/lib/x86_64-linux-gnu/libdatrie.so.1.2.0
7f7ab3ee3000-7f7ab40e2000 ---p 00006000 fc:00 2891616                    /usr/lib/x86_64-linux-gnu/libdatrie.so.1.2.0
7f7ab40e2000-7f7ab40e3000 r--p 00005000 fc:00 2891616                    /usr/lib/x86_64-linux-gnu/libdatrie.so.1.2.0
7f7ab40e3000-7f7ab40e4000 rw-p 00006000 fc:00 2891616                    /usr/lib/x86_64-linux-gnu/libdatrie.so.1.2.0
7f7ab40e4000-7f7ab4134000 r-xp 00000000 fc:00 2891932                    /usr/lib/x86_64-linux-gnu/libharfbuzz.so.0.919.0
7f7ab4134000-7f7ab4334000 ---p 00050000 fc:00 2891932                    /usr/lib/x86_64-linux-gnu/libharfbuzz.so.0.919.0
7f7ab4334000-7f7ab4335000 r--p 00050000 fc:00 2891932                    /usr/lib/x86_64-linux-gnu/libharfbuzz.so.0.919.0
7f7ab4335000-7f7ab4336000 rw-p 00051000 fc:00 2891932                    /usr/lib/x86_64-linux-gnu/libharfbuzz.so.0.919.0
7f7ab4336000-7f7ab433e000 r-xp 00000000 fc:00 2892367                    /usr/lib/x86_64-linux-gnu/libxcb-render.so.0.0.0
7f7ab433e000-7f7ab453d000 ---p 00008000 fc:00 2892367                    /usr/lib/x86_64-linux-gnu/libxcb-render.so.0.0.0
7f7ab453d000-7f7ab453e000 r--p 00007000 fc:00 2892367                    /usr/lib/x86_64-linux-gnu/libxcb-render.so.0.0.0
7f7ab453e000-7f7ab453f000 rw-p 00008000 fc:00 2892367                    /usr/lib/x86_64-linux-gnu/libxcb-render.so.0.0.0
7f7ab453f000-7f7ab4541000 r-xp 00000000 fc:00 2892371                    /usr/lib/x86_64-linux-gnu/libxcb-shm.so.0.0.0
7f7ab4541000-7f7ab4740000 ---p 00002000 fc:00 2892371                    /usr/lib/x86_64-linux-gnu/libxcb-shm.so.0.0.0
7f7ab4740000-7f7ab4741000 r--p 00001000 fc:00 2892371                    /usr/lib/x86_64-linux-gnu/libxcb-shm.so.0.0.0
7f7ab4741000-7f7ab4742000 rw-p 00002000 fc:00 2892371                    /usr/lib/x86_64-linux-gnu/libxcb-shm.so.0.0.0
7f7ab4742000-7f7ab4767000 r-xp 00000000 fc:00 6557647                    /lib/x86_64-linux-gnu/libpng12.so.0.49.0
7f7ab4767000-7f7ab4966000 ---p 00025000 fc:00 6557647                    /lib/x86_64-linux-gnu/libpng12.so.0.49.0
7f7ab4966000-7f7ab4967000 r--p 00024000 fc:00 6557647                    /lib/x86_64-linux-gnu/libpng12.so.0.49.0
7f7ab4967000-7f7ab4968000 rw-p 00025000 fc:00 6557647                    /lib/x86_64-linux-gnu/libpng12.so.0.49.0
7f7ab4968000-7f7ab4a09000 r-xp 00000000 fc:00 2890002                    /usr/lib/x86_64-linux-gnu/libpixman-1.so.0.30.2
7f7ab4a09000-7f7ab4c09000 ---p 000a1000 fc:00 2890002                    /usr/lib/x86_64-linux-gnu/libpixman-1.so.0.30.2
7f7ab4c09000-7f7ab4c10000 r--p 000a1000 fc:00 2890002                    /usr/lib/x86_64-linux-gnu/libpixman-1.so.0.30.2
7f7ab4c10000-7f7ab4c11000 rw-p 000a8000 fc:00 2890002                    /usr/lib/x86_64-linux-gnu/libpixman-1.so.0.30.2
7f7ab4c11000-7f7ab4c16000 r-xp 00000000 fc:00 2891438                    /usr/lib/x86_64-linux-gnu/libXdmcp.so.6.0.0
7f7ab4c16000-7f7ab4e15000 ---p 00005000 fc:00 2891438                    /usr/lib/x86_64-linux-gnu/libXdmcp.so.6.0.0
7f7ab4e15000-7f7ab4e16000 r--p 00004000 fc:00 2891438                    /usr/lib/x86_64-linux-gnu/libXdmcp.so.6.0.0
7f7ab4e16000-7f7ab4e17000 rw-p 00005000 fc:00 2891438                    /usr/lib/x86_64-linux-gnu/libXdmcp.so.6.0.0
7f7ab4e17000-7f7ab4e19000 r-xp 00000000 fc:00 2891427                    /usr/lib/x86_64-linux-gnu/libXau.so.6.0.0
7f7ab4e19000-7f7ab5019000 ---p 00002000 fc:00 2891427                    /usr/lib/x86_64-linux-gnu/libXau.so.6.0.0
7f7ab5019000-7f7ab501a000 r--p 00002000 fc:00 2891427                    /usr/lib/x86_64-linux-gnu/libXau.so.6.0.0
7f7ab501a000-7f7ab501b000 rw-p 00003000 fc:00 2891427                    /usr/lib/x86_64-linux-gnu/libXau.so.6.0.0
7f7ab501b000-7f7ab502a000 r-xp 00000000 fc:00 2887850                    /usr/lib/x86_64-linux-gnu/libavahi-client.so.3.2.9
7f7ab502a000-7f7ab522a000 ---p 0000f000 fc:00 2887850                    /usr/lib/x86_64-linux-gnu/libavahi-client.so.3.2.9
7f7ab522a000-7f7ab522b000 r--p 0000f000 fc:00 2887850                    /usr/lib/x86_64-linux-gnu/libavahi-client.so.3.2.9
7f7ab522b000-7f7ab522c000 rw-p 00010000 fc:00 2887850                    /usr/lib/x86_64-linux-gnu/libavahi-client.so.3.2.9
7f7ab522c000-7f7ab5237000 r-xp 00000000 fc:00 2884006                    /usr/lib/x86_64-linux-gnu/libavahi-common.so.3.5.3
7f7ab5237000-7f7ab5436000 ---p 0000b000 fc:00 2884006                    /usr/lib/x86_64-linux-gnu/libavahi-common.so.3.5.3
7f7ab5436000-7f7ab5437000 r--p 0000a000 fc:00 2884006                    /usr/lib/x86_64-linux-gnu/libavahi-common.so.3.5.3
7f7ab5437000-7f7ab5438000 rw-p 0000b000 fc:00 2884006                    /usr/lib/x86_64-linux-gnu/libavahi-common.so.3.5.3
7f7ab5438000-7f7ab54ee000 r-xp 00000000 fc:00 2888317                    /usr/lib/x86_64-linux-gnu/libgnutls.so.26.22.6
7f7ab54ee000-7f7ab56ee000 ---p 000b6000 fc:00 2888317                    /usr/lib/x86_64-linux-gnu/libgnutls.so.26.22.6
7f7ab56ee000-7f7ab56f4000 r--p 000b6000 fc:00 2888317                    /usr/lib/x86_64-linux-gnu/libgnutls.so.26.22.6
7f7ab56f4000-7f7ab56f5000 rw-p 000bc000 fc:00 2888317                    /usr/lib/x86_64-linux-gnu/libgnutls.so.26.22.6
7f7ab56f5000-7f7ab56f6000 rw-p 00000000 00:00 0 
7f7ab56f6000-7f7ab5731000 r-xp 00000000 fc:00 2891830                    /usr/lib/x86_64-linux-gnu/libgssapi_krb5.so.2.2
7f7ab5731000-7f7ab5931000 ---p 0003b000 fc:00 2891830                    /usr/lib/x86_64-linux-gnu/libgssapi_krb5.so.2.2
7f7ab5931000-7f7ab5932000 r--p 0003b000 fc:00 2891830                    /usr/lib/x86_64-linux-gnu/libgssapi_krb5.so.2.2
7f7ab5932000-7f7ab5934000 rw-p 0003c000 fc:00 2891830                    /usr/lib/x86_64-linux-gnu/libgssapi_krb5.so.2.2
7f7ab5934000-7f7ab5971000 r-xp 00000000 fc:00 6557635                    /lib/x86_64-linux-gnu/libpcre.so.3.13.1
7f7ab5971000-7f7ab5b71000 ---p 0003d000 fc:00 6557635                    /lib/x86_64-linux-gnu/libpcre.so.3.13.1
7f7ab5b71000-7f7ab5b72000 r--p 0003d000 fc:00 6557635                    /lib/x86_64-linux-gnu/libpcre.so.3.13.1
7f7ab5b72000-7f7ab5b73000 rw-p 0003e000 fc:00 6557635                    /lib/x86_64-linux-gnu/libpcre.so.3.13.1
7f7ab5b73000-7f7ab5b7a000 r-xp 00000000 fc:00 2891675                    /usr/lib/x86_64-linux-gnu/libffi.so.6.0.1
7f7ab5b7a000-7f7ab5d79000 ---p 00007000 fc:00 2891675                    /usr/lib/x86_64-linux-gnu/libffi.so.6.0.1
7f7ab5d79000-7f7ab5d7a000 r--p 00006000 fc:00 2891675                    /usr/lib/x86_64-linux-gnu/libffi.so.6.0.1
7f7ab5d7a000-7f7ab5d7b000 rw-p 00007000 fc:00 2891675                    /usr/lib/x86_64-linux-gnu/libffi.so.6.0.1
7f7ab5d7b000-7f7ab5da2000 r-xp 00000000 fc:00 6557557                    /lib/x86_64-linux-gnu/libexpat.so.1.6.0
7f7ab5da2000-7f7ab5fa2000 ---p 00027000 fc:00 6557557                    /lib/x86_64-linux-gnu/libexpat.so.1.6.0
7f7ab5fa2000-7f7ab5fa4000 r--p 00027000 fc:00 6557557                    /lib/x86_64-linux-gnu/libexpat.so.1.6.0
7f7ab5fa4000-7f7ab5fa5000 rw-p 00029000 fc:00 6557557                    /lib/x86_64-linux-gnu/libexpat.so.1.6.0
7f7ab5fa5000-7f7ab6041000 r-xp 00000000 fc:00 2891717                    /usr/lib/x86_64-linux-gnu/libfreetype.so.6.10.1
7f7ab6041000-7f7ab6241000 ---p 0009c000 fc:00 2891717                    /usr/lib/x86_64-linux-gnu/libfreetype.so.6.10.1
7f7ab6241000-7f7ab6246000 r--p 0009c000 fc:00 2891717                    /usr/lib/x86_64-linux-gnu/libfreetype.so.6.10.1
7f7ab6246000-7f7ab6247000 rw-p 000a1000 fc:00 2891717                    /usr/lib/x86_64-linux-gnu/libfreetype.so.6.10.1
7f7ab6247000-7f7ab624f000 r-xp 00000000 fc:00 2892264                    /usr/lib/x86_64-linux-gnu/libthai.so.0.2.0
7f7ab624f000-7f7ab644e000 ---p 00008000 fc:00 2892264                    /usr/lib/x86_64-linux-gnu/libthai.so.0.2.0
7f7ab644e000-7f7ab644f000 r--p 00007000 fc:00 2892264                    /usr/lib/x86_64-linux-gnu/libthai.so.0.2.0
7f7ab644f000-7f7ab6450000 rw-p 00008000 fc:00 2892264                    /usr/lib/x86_64-linux-gnu/libthai.so.0.2.0
7f7ab6450000-7f7ab6466000 r-xp 00000000 fc:00 6557658                    /lib/x86_64-linux-gnu/libresolv-2.17.so
7f7ab6466000-7f7ab6666000 ---p 00016000 fc:00 6557658                    /lib/x86_64-linux-gnu/libresolv-2.17.so
7f7ab6666000-7f7ab6667000 r--p 00016000 fc:00 6557658                    /lib/x86_64-linux-gnu/libresolv-2.17.so
7f7ab6667000-7f7ab6668000 rw-p 00017000 fc:00 6557658                    /lib/x86_64-linux-gnu/libresolv-2.17.so
7f7ab6668000-7f7ab666a000 rw-p 00000000 00:00 0 
7f7ab666a000-7f7ab6689000 r-xp 00000000 fc:00 6557662                    /lib/x86_64-linux-gnu/libselinux.so.1
7f7ab6689000-7f7ab6889000 ---p 0001f000 fc:00 6557662                    /lib/x86_64-linux-gnu/libselinux.so.1
7f7ab6889000-7f7ab688a000 r--p 0001f000 fc:00 6557662                    /lib/x86_64-linux-gnu/libselinux.so.1
7f7ab688a000-7f7ab688b000 rw-p 00020000 fc:00 6557662                    /lib/x86_64-linux-gnu/libselinux.so.1
7f7ab688b000-7f7ab688c000 rw-p 00000000 00:00 0 
7f7ab688c000-7f7ab688e000 r-xp 00000000 fc:00 2891436                    /usr/lib/x86_64-linux-gnu/libXdamage.so.1.1.0
7f7ab688e000-7f7ab6a8d000 ---p 00002000 fc:00 2891436                    /usr/lib/x86_64-linux-gnu/libXdamage.so.1.1.0
7f7ab6a8d000-7f7ab6a8e000 r--p 00001000 fc:00 2891436                    /usr/lib/x86_64-linux-gnu/libXdamage.so.1.1.0
7f7ab6a8e000-7f7ab6a8f000 rw-p 00002000 fc:00 2891436                    /usr/lib/x86_64-linux-gnu/libXdamage.so.1.1.0
7f7ab6a8f000-7f7ab6a91000 r-xp 00000000 fc:00 2891432                    /usr/lib/x86_64-linux-gnu/libXcomposite.so.1.0.0
7f7ab6a91000-7f7ab6c90000 ---p 00002000 fc:00 2891432                    /usr/lib/x86_64-linux-gnu/libXcomposite.so.1.0.0
7f7ab6c90000-7f7ab6c91000 r--p 00001000 fc:00 2891432                    /usr/lib/x86_64-linux-gnu/libXcomposite.so.1.0.0
7f7ab6c91000-7f7ab6c92000 rw-p 00002000 fc:00 2891432                    /usr/lib/x86_64-linux-gnu/libXcomposite.so.1.0.0
7f7ab6c92000-7f7ab6c9b000 r-xp 00000000 fc:00 2891434                    /usr/lib/x86_64-linux-gnu/libXcursor.so.1.0.2
7f7ab6c9b000-7f7ab6e9a000 ---p 00009000 fc:00 2891434                    /usr/lib/x86_64-linux-gnu/libXcursor.so.1.0.2
7f7ab6e9a000-7f7ab6e9b000 r--p 00008000 fc:00 2891434                    /usr/lib/x86_64-linux-gnu/libXcursor.so.1.0.2
7f7ab6e9b000-7f7ab6e9c000 rw-p 00009000 fc:00 2891434                    /usr/lib/x86_64-linux-gnu/libXcursor.so.1.0.2
7f7ab6e9c000-7f7ab6ea5000 r-xp 00000000 fc:00 2891460                    /usr/lib/x86_64-linux-gnu/libXrandr.so.2.2.0
7f7ab6ea5000-7f7ab70a4000 ---p 00009000 fc:00 2891460                    /usr/lib/x86_64-linux-gnu/libXrandr.so.2.2.0
7f7ab70a4000-7f7ab70a5000 r--p 00008000 fc:00 2891460                    /usr/lib/x86_64-linux-gnu/libXrandr.so.2.2.0
7f7ab70a5000-7f7ab70a6000 rw-p 00009000 fc:00 2891460                    /usr/lib/x86_64-linux-gnu/libXrandr.so.2.2.0
7f7ab70a6000-7f7ab70a8000 r-xp 00000000 fc:00 2891450                    /usr/lib/x86_64-linux-gnu/libXinerama.so.1.0.0
7f7ab70a8000-7f7ab72a7000 ---p 00002000 fc:00 2891450                    /usr/lib/x86_64-linux-gnu/libXinerama.so.1.0.0
7f7ab72a7000-7f7ab72a8000 r--p 00001000 fc:00 2891450                    /usr/lib/x86_64-linux-gnu/libXinerama.so.1.0.0
7f7ab72a8000-7f7ab72a9000 rw-p 00002000 fc:00 2891450                    /usr/lib/x86_64-linux-gnu/libXinerama.so.1.0.0
7f7ab72a9000-7f7ab72bd000 r-xp 00000000 fc:00 2892110                    /usr/lib/x86_64-linux-gnu/libpangoft2-1.0.so.0.3200.5
7f7ab72bd000-7f7ab74bc000 ---p 00014000 fc:00 2892110                    /usr/lib/x86_64-linux-gnu/libpangoft2-1.0.so.0.3200.5
7f7ab74bc000-7f7ab74bd000 r--p 00013000 fc:00 2892110                    /usr/lib/x86_64-linux-gnu/libpangoft2-1.0.so.0.3200.5
7f7ab74bd000-7f7ab74be000 rw-p 00014000 fc:00 2892110                    /usr/lib/x86_64-linux-gnu/libpangoft2-1.0.so.0.3200.5
7f7ab74be000-7f7ab75c2000 r-xp 00000000 fc:00 2891547                    /usr/lib/x86_64-linux-gnu/libcairo.so.2.11200.16
7f7ab75c2000-7f7ab77c1000 ---p 00104000 fc:00 2891547                    /usr/lib/x86_64-linux-gnu/libcairo.so.2.11200.16
7f7ab77c1000-7f7ab77c4000 r--p 00103000 fc:00 2891547                    /usr/lib/x86_64-linux-gnu/libcairo.so.2.11200.16
7f7ab77c4000-7f7ab77c5000 rw-p 00106000 fc:00 2891547                    /usr/lib/x86_64-linux-gnu/libcairo.so.2.11200.16
7f7ab77c5000-7f7ab77c7000 rw-p 00000000 00:00 0 
7f7ab77c7000-7f7ab77e6000 r-xp 00000000 fc:00 2891507                    /usr/lib/x86_64-linux-gnu/libatk-1.0.so.0.21009.1
7f7ab77e6000-7f7ab79e6000 ---p 0001f000 fc:00 2891507                    /usr/lib/x86_64-linux-gnu/libatk-1.0.so.0.21009.1
7f7ab79e6000-7f7ab79e8000 r--p 0001f000 fc:00 2891507                    /usr/lib/x86_64-linux-gnu/libatk-1.0.so.0.21009.1
7f7ab79e8000-7f7ab79e9000 rw-p 00021000 fc:00 2891507                    /usr/lib/x86_64-linux-gnu/libatk-1.0.so.0.21009.1
7f7ab79e9000-7f7ab79ee000 r-xp 00000000 fc:00 2891442                    /usr/lib/x86_64-linux-gnu/libXfixes.so.3.1.0
7f7ab79ee000-7f7ab7bed000 ---p 00005000 fc:00 2891442                    /usr/lib/x86_64-linux-gnu/libXfixes.so.3.1.0
7f7ab7bed000-7f7ab7bee000 r--p 00004000 fc:00 2891442                    /usr/lib/x86_64-linux-gnu/libXfixes.so.3.1.0
7f7ab7bee000-7f7ab7bef000 rw-p 00005000 fc:00 2891442                    /usr/lib/x86_64-linux-gnu/libXfixes.so.3.1.0
7f7ab7bef000-7f7ab7bfa000 r-xp 00000000 fc:00 2892108                    /usr/lib/x86_64-linux-gnu/libpangocairo-1.0.so.0.3200.5
7f7ab7bfa000-7f7ab7dfa000 ---p 0000b000 fc:00 2892108                    /usr/lib/x86_64-linux-gnu/libpangocairo-1.0.so.0.3200.5
7f7ab7dfa000-7f7ab7dfb000 r--p 0000b000 fc:00 2892108                    /usr/lib/x86_64-linux-gnu/libpangocairo-1.0.so.0.3200.5
7f7ab7dfb000-7f7ab7dfc000 rw-p 0000c000 fc:00 2892108                    /usr/lib/x86_64-linux-gnu/libpangocairo-1.0.so.0.3200.5
7f7ab7dfc000-7f7ab7dff000 r-xp 00000000 fc:00 2888049                    /usr/lib/x86_64-linux-gnu/libgmodule-2.0.so.0.3800.1
7f7ab7dff000-7f7ab7ffe000 ---p 00003000 fc:00 2888049                    /usr/lib/x86_64-linux-gnu/libgmodule-2.0.so.0.3800.1
7f7ab7ffe000-7f7ab7fff000 r--p 00002000 fc:00 2888049                    /usr/lib/x86_64-linux-gnu/libgmodule-2.0.so.0.3800.1
7f7ab7fff000-7f7ab8000000 rw-p 00003000 fc:00 2888049                    /usr/lib/x86_64-linux-gnu/libgmodule-2.0.so.0.3800.1
7f7ab8000000-7f7ab8406000 rw-p 00000000 00:00 0 
7f7ab8406000-7f7abc000000 ---p 00000000 00:00 0 
7f7abc000000-7f7abc021000 rw-p 00000000 00:00 0 
7f7abc021000-7f7ac0000000 ---p 00000000 00:00 0 
7f7ac0000000-7f7ac0021000 rw-p 00000000 00:00 0 
7f7ac0021000-7f7ac4000000 ---p 00000000 00:00 0 
7f7ac4000000-7f7ac4580000 rw-p 00000000 00:00 0 
7f7ac4580000-7f7ac8000000 ---p 00000000 00:00 0 
7f7ac8000000-7f7ac8021000 rw-p 00000000 00:00 0 
7f7ac8021000-7f7acc000000 ---p 00000000 00:00 0 
7f7acc000000-7f7acc021000 rw-p 00000000 00:00 0 
7f7acc021000-7f7ad0000000 ---p 00000000 00:00 0 
7f7ad0000000-7f7ad0021000 rw-p 00000000 00:00 0 
7f7ad0021000-7f7ad4000000 ---p 00000000 00:00 0 
7f7ad4000000-7f7ad4007000 r--s 00000000 fc:00 3148701                    /usr/lib/x86_64-linux-gnu/gconv/gconv-modules.cache
7f7ad4007000-7f7ad4009000 rw-s 107c79000 00:05 9086                      /dev/dri/card0
7f7ad400a000-7f7ad400b000 rw-s 107d55000 00:05 9086                      /dev/dri/card0
7f7ad400b000-7f7ad400e000 ---p 00000000 00:00 0 
7f7ad400e000-7f7ad410c000 rw-p 00000000 00:00 0                          [stack:25742]
7f7ad410c000-7f7ad4129000 r-xp 00000000 fc:00 2892379                    /usr/lib/x86_64-linux-gnu/libxcb.so.1.1.0
7f7ad4129000-7f7ad4328000 ---p 0001d000 fc:00 2892379                    /usr/lib/x86_64-linux-gnu/libxcb.so.1.1.0
7f7ad4328000-7f7ad4329000 r--p 0001c000 fc:00 2892379                    /usr/lib/x86_64-linux-gnu/libxcb.so.1.1.0
7f7ad4329000-7f7ad432a000 rw-p 0001d000 fc:00 2892379                    /usr/lib/x86_64-linux-gnu/libxcb.so.1.1.0
7f7ad432a000-7f7ad4396000 r-xp 00000000 fc:00 2884101                    /usr/lib/x86_64-linux-gnu/libcups.so.2
7f7ad4396000-7f7ad4595000 ---p 0006c000 fc:00 2884101                    /usr/lib/x86_64-linux-gnu/libcups.so.2
7f7ad4595000-7f7ad459c000 r--p 0006b000 fc:00 2884101                    /usr/lib/x86_64-linux-gnu/libcups.so.2
7f7ad459c000-7f7ad459d000 rw-p 00072000 fc:00 2884101                    /usr/lib/x86_64-linux-gnu/libcups.so.2
7f7ad459d000-7f7ad469b000 r-xp 00000000 fc:00 6557487                    /lib/x86_64-linux-gnu/libglib-2.0.so.0.3800.1
7f7ad469b000-7f7ad489b000 ---p 000fe000 fc:00 6557487                    /lib/x86_64-linux-gnu/libglib-2.0.so.0.3800.1
7f7ad489b000-7f7ad489c000 r--p 000fe000 fc:00 6557487                    /lib/x86_64-linux-gnu/libglib-2.0.so.0.3800.1
7f7ad489c000-7f7ad489d000 rw-p 000ff000 fc:00 6557487                    /lib/x86_64-linux-gnu/libglib-2.0.so.0.3800.1
7f7ad489d000-7f7ad489e000 rw-p 00000000 00:00 0 
7f7ad489e000-7f7ad489f000 r-xp 00000000 fc:00 2888048                    /usr/lib/x86_64-linux-gnu/libgthread-2.0.so.0.3800.1
7f7ad489f000-7f7ad4a9e000 ---p 00001000 fc:00 2888048                    /usr/lib/x86_64-linux-gnu/libgthread-2.0.so.0.3800.1
7f7ad4a9e000-7f7ad4a9f000 r--p 00000000 fc:00 2888048                    /usr/lib/x86_64-linux-gnu/libgthread-2.0.so.0.3800.1
7f7ad4a9f000-7f7ad4aa0000 rw-p 00001000 fc:00 2888048                    /usr/lib/x86_64-linux-gnu/libgthread-2.0.so.0.3800.1
7f7ad4aa0000-7f7ad4aef000 r-xp 00000000 fc:00 2883988                    /usr/lib/x86_64-linux-gnu/libgobject-2.0.so.0.3800.1
7f7ad4aef000-7f7ad4cef000 ---p 0004f000 fc:00 2883988                    /usr/lib/x86_64-linux-gnu/libgobject-2.0.so.0.3800.1
7f7ad4cef000-7f7ad4cf0000 r--p 0004f000 fc:00 2883988                    /usr/lib/x86_64-linux-gnu/libgobject-2.0.so.0.3800.1
7f7ad4cf0000-7f7ad4cf1000 rw-p 00050000 fc:00 2883988                    /usr/lib/x86_64-linux-gnu/libgobject-2.0.so.0.3800.1
7f7ad4cf1000-7f7ad4d2a000 r-xp 00000000 fc:00 2891689                    /usr/lib/x86_64-linux-gnu/libfontconfig.so.1.7.0
7f7ad4d2a000-7f7ad4f2a000 ---p 00039000 fc:00 2891689                    /usr/lib/x86_64-linux-gnu/libfontconfig.so.1.7.0
7f7ad4f2a000-7f7ad4f2c000 r--p 00039000 fc:00 2891689                    /usr/lib/x86_64-linux-gnu/libfontconfig.so.1.7.0
7f7ad4f2c000-7f7ad4f2d000 rw-p 0003b000 fc:00 2891689                    /usr/lib/x86_64-linux-gnu/libfontconfig.so.1.7.0
7f7ad4f2d000-7f7ad4f77000 r-xp 00000000 fc:00 2892106                    /usr/lib/x86_64-linux-gnu/libpango-1.0.so.0.3200.5
7f7ad4f77000-7f7ad5176000 ---p 0004a000 fc:00 2892106                    /usr/lib/x86_64-linux-gnu/libpango-1.0.so.0.3200.5
7f7ad5176000-7f7ad5178000 r--p 00049000 fc:00 2892106                    /usr/lib/x86_64-linux-gnu/libpango-1.0.so.0.3200.5
7f7ad5178000-7f7ad5179000 rw-p 0004b000 fc:00 2892106                    /usr/lib/x86_64-linux-gnu/libpango-1.0.so.0.3200.5
7f7ad5179000-7f7ad5198000 r-xp 00000000 fc:00 2891756                    /usr/lib/x86_64-linux-gnu/libgdk_pixbuf-2.0.so.0.2800.1
7f7ad5198000-7f7ad5397000 ---p 0001f000 fc:00 2891756                    /usr/lib/x86_64-linux-gnu/libgdk_pixbuf-2.0.so.0.2800.1
7f7ad5397000-7f7ad5398000 r--p 0001e000 fc:00 2891756                    /usr/lib/x86_64-linux-gnu/libgdk_pixbuf-2.0.so.0.2800.1
7f7ad5398000-7f7ad5399000 rw-p 0001f000 fc:00 2891756                    /usr/lib/x86_64-linux-gnu/libgdk_pixbuf-2.0.so.0.2800.1
7f7ad5399000-7f7ad54f5000 r-xp 00000000 fc:00 2883969                    /usr/lib/x86_64-linux-gnu/libgio-2.0.so.0.3800.1
7f7ad54f5000-7f7ad56f4000 ---p 0015c000 fc:00 2883969                    /usr/lib/x86_64-linux-gnu/libgio-2.0.so.0.3800.1
7f7ad56f4000-7f7ad56f8000 r--p 0015b000 fc:00 2883969                    /usr/lib/x86_64-linux-gnu/libgio-2.0.so.0.3800.1
7f7ad56f8000-7f7ad56fa000 rw-p 0015f000 fc:00 2883969                    /usr/lib/x86_64-linux-gnu/libgio-2.0.so.0.3800.1
7f7ad56fa000-7f7ad56fc000 rw-p 00000000 00:00 0 
7f7ad56fc000-7f7ad57a9000 r-xp 00000000 fc:00 2891754                    /usr/lib/x86_64-linux-gnu/libgdk-x11-2.0.so.0.2400.20
7f7ad57a9000-7f7ad59a8000 ---p 000ad000 fc:00 2891754                    /usr/lib/x86_64-linux-gnu/libgdk-x11-2.0.so.0.2400.20
7f7ad59a8000-7f7ad59ac000 r--p 000ac000 fc:00 2891754                    /usr/lib/x86_64-linux-gnu/libgdk-x11-2.0.so.0.2400.20
7f7ad59ac000-7f7ad59ae000 rw-p 000b0000 fc:00 2891754                    /usr/lib/x86_64-linux-gnu/libgdk-x11-2.0.so.0.2400.20
7f7ad59ae000-7f7ad5ddd000 r-xp 00000000 fc:00 2891914                    /usr/lib/x86_64-linux-gnu/libgtk-x11-2.0.so.0.2400.20
7f7ad5ddd000-7f7ad5fdc000 ---p 0042f000 fc:00 2891914                    /usr/lib/x86_64-linux-gnu/libgtk-x11-2.0.so.0.2400.20
7f7ad5fdc000-7f7ad5fe3000 r--p 0042e000 fc:00 2891914                    /usr/lib/x86_64-linux-gnu/libgtk-x11-2.0.so.0.2400.20
7f7ad5fe3000-7f7ad5fe7000 rw-p 00435000 fc:00 2891914                    /usr/lib/x86_64-linux-gnu/libgtk-x11-2.0.so.0.2400.20
7f7ad5fe7000-7f7ad5fea000 rw-p 00000000 00:00 0 
7f7ad5fea000-7f7ad5ff9000 r-xp 00000000 fc:00 2891448                    /usr/lib/x86_64-linux-gnu/libXi.so.6.1.0
7f7ad5ff9000-7f7ad61f8000 ---p 0000f000 fc:00 2891448                    /usr/lib/x86_64-linux-gnu/libXi.so.6.1.0
7f7ad61f8000-7f7ad61f9000 r--p 0000e000 fc:00 2891448                    /usr/lib/x86_64-linux-gnu/libXi.so.6.1.0
7f7ad61f9000-7f7ad61fa000 rw-p 0000f000 fc:00 2891448                    /usr/lib/x86_64-linux-gnu/libXi.so.6.1.0
7f7ad61fa000-7f7ad61ff000 r-xp 00000000 fc:00 2891466                    /usr/lib/x86_64-linux-gnu/libXtst.so.6.1.0
7f7ad61ff000-7f7ad63fe000 ---p 00005000 fc:00 2891466                    /usr/lib/x86_64-linux-gnu/libXtst.so.6.1.0
7f7ad63fe000-7f7ad63ff000 r--p 00004000 fc:00 2891466                    /usr/lib/x86_64-linux-gnu/libXtst.so.6.1.0
7f7ad63ff000-7f7ad6400000 rw-p 00005000 fc:00 2891466                    /usr/lib/x86_64-linux-gnu/libXtst.so.6.1.0
7f7ad6400000-7f7ad6409000 r-xp 00000000 fc:00 2891462                    /usr/lib/x86_64-linux-gnu/libXrender.so.1.3.0
7f7ad6409000-7f7ad6608000 ---p 00009000 fc:00 2891462                    /usr/lib/x86_64-linux-gnu/libXrender.so.1.3.0
7f7ad6608000-7f7ad6609000 r--p 00008000 fc:00 2891462                    /usr/lib/x86_64-linux-gnu/libXrender.so.1.3.0
7f7ad6609000-7f7ad660a000 rw-p 00009000 fc:00 2891462                    /usr/lib/x86_64-linux-gnu/libXrender.so.1.3.0
7f7ad660a000-7f7ad673a000 r-xp 00000000 fc:00 2891423                    /usr/lib/x86_64-linux-gnu/libX11.so.6.3.0
7f7ad673a000-7f7ad693a000 ---p 00130000 fc:00 2891423                    /usr/lib/x86_64-linux-gnu/libX11.so.6.3.0
7f7ad693a000-7f7ad693b000 r--p 00130000 fc:00 2891423                    /usr/lib/x86_64-linux-gnu/libX11.so.6.3.0
7f7ad693b000-7f7ad693f000 rw-p 00131000 fc:00 2891423                    /usr/lib/x86_64-linux-gnu/libX11.so.6.3.0
7f7ad693f000-7f7ad6950000 r-xp 00000000 fc:00 2891440                    /usr/lib/x86_64-linux-gnu/libXext.so.6.4.0
7f7ad6950000-7f7ad6b4f000 ---p 00011000 fc:00 2891440                    /usr/lib/x86_64-linux-gnu/libXext.so.6.4.0
7f7ad6b4f000-7f7ad6b50000 r--p 00010000 fc:00 2891440                    /usr/lib/x86_64-linux-gnu/libXext.so.6.4.0
7f7ad6b50000-7f7ad6b51000 rw-p 00011000 fc:00 2891440                    /usr/lib/x86_64-linux-gnu/libXext.so.6.4.0
7f7ad6b51000-7f7ad6b52000 rw-s 107d56000 00:05 9086                      /dev/dri/card0
7f7ad6b52000-7f7ad6b54000 rw-s 00000000 00:04 243181                     /drm mm object (deleted)
7f7ad6b54000-7f7ad6b55000 rw-s 107c77000 00:05 9086                      /dev/dri/card0
7f7ad6b55000-7f7ad6b64000 r--s 000be000 fc:00 2105207                    /home/alvin/workspace/Lumen/lib/jar/TWL.jar
7f7ad6b64000-7f7ad6b6f000 r--s 000af000 fc:00 2105213                    /home/alvin/workspace/Lumen/lib/jar/slick.jar
7f7ad6b6f000-7f7ad6bc0000 r-xp 00000000 fc:00 3676055                    /usr/lib/jvm/java-7-openjdk-amd64/jre/lib/amd64/xawt/libmawt.so
7f7ad6bc0000-7f7ad6dbf000 ---p 00051000 fc:00 3676055                    /usr/lib/jvm/java-7-openjdk-amd64/jre/lib/amd64/xawt/libmawt.so
7f7ad6dbf000-7f7ad6dc0000 r--p 00050000 fc:00 3676055                    /usr/lib/jvm/java-7-openjdk-amd64/jre/lib/amd64/xawt/libmawt.so
7f7ad6dc0000-7f7ad6dc3000 rw-p 00051000 fc:00 3676055                    /usr/lib/jvm/java-7-openjdk-amd64/jre/lib/amd64/xawt/libmawt.so
7f7ad6dc3000-7f7ad6dc4000 rw-p 00000000 00:00 0 
7f7ad6dc4000-7f7ad6e64000 r-xp 00000000 fc:00 3546289                    /usr/lib/jvm/java-7-openjdk-amd64/jre/lib/amd64/libawt.so
7f7ad6e64000-7f7ad7063000 ---p 000a0000 fc:00 3546289                    /usr/lib/jvm/java-7-openjdk-amd64/jre/lib/amd64/libawt.so
7f7ad7063000-7f7ad7064000 r--p 0009f000 fc:00 3546289                    /usr/lib/jvm/java-7-openjdk-amd64/jre/lib/amd64/libawt.so
7f7ad7064000-7f7ad706f000 rw-p 000a0000 fc:00 3546289                    /usr/lib/jvm/java-7-openjdk-amd64/jre/lib/amd64/libawt.so
7f7ad706f000-7f7ad7094000 rw-p 00000000 00:00 0 
7f7ad7094000-7f7ad70a1000 r--s 000e6000 fc:00 2105211                    /home/alvin/workspace/Lumen/lib/jar/lwjgl.jar
7f7ad70a1000-7f7ad70a2000 ---p 00000000 00:00 0 
7f7ad70a2000-7f7ad71a2000 rw-p 00000000 00:00 0 
7f7ad71a2000-7f7ad71a5000 ---p 00000000 00:00 0 
7f7ad71a5000-7f7ad72a3000 rw-p 00000000 00:00 0                          [stack:25740]
7f7ad72a3000-7f7ad72a6000 ---p 00000000 00:00 0 
7f7ad72a6000-7f7ad73a4000 rw-p 00000000 00:00 0                          [stack:25739]
7f7ad73a4000-7f7ad73a7000 ---p 00000000 00:00 0 
7f7ad73a7000-7f7ad74a5000 rw-p 00000000 00:00 0                          [stack:25738]
7f7ad74a5000-7f7ad74a8000 ---p 00000000 00:00 0 
7f7ad74a8000-7f7ad75a6000 rw-p 00000000 00:00 0 
7f7ad75a6000-7f7ad7db9000 r--p 00000000 fc:00 2890467                    /usr/lib/locale/locale-archive
7f7ad7db9000-7f7ad7dbc000 ---p 00000000 00:00 0 
7f7ad7dbc000-7f7ad7eba000 rw-p 00000000 00:00 0                          [stack:25731]
7f7ad7eba000-7f7ad7ebd000 ---p 00000000 00:00 0 
7f7ad7ebd000-7f7ad7fbb000 rw-p 00000000 00:00 0                          [stack:25730]
7f7ad7fbb000-7f7ad7fbc000 ---p 00000000 00:00 0 
7f7ad7fbc000-7f7ad80bc000 rw-p 00000000 00:00 0                          [stack:25729]
7f7ad80bc000-7f7ad826a000 r--s 01cf4000 fc:00 3546302                    /usr/lib/jvm/java-7-openjdk-amd64/jre/lib/rt.jar
7f7ad826a000-7f7ad837e000 rw-p 00000000 00:00 0 
7f7ad837e000-7f7ad841a000 rw-p 00000000 00:00 0 
7f7ad841a000-7f7ad843c000 rw-p 00000000 00:00 0 
7f7ad843c000-7f7ad8489000 rw-p 00000000 00:00 0 
7f7ad8489000-7f7ad84cc000 rw-p 00000000 00:00 0 
7f7ad84cc000-7f7ad8567000 rw-p 00000000 00:00 0 
7f7ad8567000-7f7ad8572000 rw-p 00000000 00:00 0 
7f7ad8572000-7f7ad85ba000 rw-p 00000000 00:00 0 
7f7ad85ba000-7f7ad85bb000 rw-p 00000000 00:00 0 
7f7ad85bb000-7f7ad882b000 rwxp 00000000 00:00 0 
7f7ad882b000-7f7adb5bb000 rw-p 00000000 00:00 0 
7f7adb5bb000-7f7adb5c3000 r-xp 00000000 fc:00 3546257                    /usr/lib/jvm/java-7-openjdk-amd64/jre/lib/amd64/libzip.so
7f7adb5c3000-7f7adb7c2000 ---p 00008000 fc:00 3546257                    /usr/lib/jvm/java-7-openjdk-amd64/jre/lib/amd64/libzip.so
7f7adb7c2000-7f7adb7c3000 r--p 00007000 fc:00 3546257                    /usr/lib/jvm/java-7-openjdk-amd64/jre/lib/amd64/libzip.so
7f7adb7c3000-7f7adb7c4000 rw-p 00008000 fc:00 3546257                    /usr/lib/jvm/java-7-openjdk-amd64/jre/lib/amd64/libzip.so
7f7adb7c4000-7f7adb7d0000 r-xp 00000000 fc:00 6557613                    /lib/x86_64-linux-gnu/libnss_files-2.17.so
7f7adb7d0000-7f7adb9cf000 ---p 0000c000 fc:00 6557613                    /lib/x86_64-linux-gnu/libnss_files-2.17.so
7f7adb9cf000-7f7adb9d0000 r--p 0000b000 fc:00 6557613                    /lib/x86_64-linux-gnu/libnss_files-2.17.so
7f7adb9d0000-7f7adb9d1000 rw-p 0000c000 fc:00 6557613                    /lib/x86_64-linux-gnu/libnss_files-2.17.so
7f7adb9d1000-7f7adb9dc000 r-xp 00000000 fc:00 6557617                    /lib/x86_64-linux-gnu/libnss_nis-2.17.so
7f7adb9dc000-7f7adbbdb000 ---p 0000b000 fc:00 6557617                    /lib/x86_64-linux-gnu/libnss_nis-2.17.so
7f7adbbdb000-7f7adbbdc000 r--p 0000a000 fc:00 6557617                    /lib/x86_64-linux-gnu/libnss_nis-2.17.so
7f7adbbdc000-7f7adbbdd000 rw-p 0000b000 fc:00 6557617                    /lib/x86_64-linux-gnu/libnss_nis-2.17.so
7f7adbbdd000-7f7adbbf4000 r-xp 00000000 fc:00 6557607                    /lib/x86_64-linux-gnu/libnsl-2.17.so
7f7adbbf4000-7f7adbdf3000 ---p 00017000 fc:00 6557607                    /lib/x86_64-linux-gnu/libnsl-2.17.so
7f7adbdf3000-7f7adbdf4000 r--p 00016000 fc:00 6557607                    /lib/x86_64-linux-gnu/libnsl-2.17.so
7f7adbdf4000-7f7adbdf5000 rw-p 00017000 fc:00 6557607                    /lib/x86_64-linux-gnu/libnsl-2.17.so
7f7adbdf5000-7f7adbdf7000 rw-p 00000000 00:00 0 
7f7adbdf7000-7f7adbdff000 r-xp 00000000 fc:00 6557609                    /lib/x86_64-linux-gnu/libnss_compat-2.17.so
7f7adbdff000-7f7adbffe000 ---p 00008000 fc:00 6557609                    /lib/x86_64-linux-gnu/libnss_compat-2.17.so
7f7adbffe000-7f7adbfff000 r--p 00007000 fc:00 6557609                    /lib/x86_64-linux-gnu/libnss_compat-2.17.so
7f7adbfff000-7f7adc000000 rw-p 00008000 fc:00 6557609                    /lib/x86_64-linux-gnu/libnss_compat-2.17.so
7f7adc000000-7f7adca2a000 rw-p 00000000 00:00 0 
7f7adca2a000-7f7ae0000000 ---p 00000000 00:00 0 
7f7ae0000000-7f7ae007b000 rw-p 00000000 00:00 0 
7f7ae007b000-7f7ae00c4000 rw-p 00000000 00:00 0 
7f7ae00c4000-7f7ae00ef000 r-xp 00000000 fc:00 3546254                    /usr/lib/jvm/java-7-openjdk-amd64/jre/lib/amd64/libjava.so
7f7ae00ef000-7f7ae02ee000 ---p 0002b000 fc:00 3546254                    /usr/lib/jvm/java-7-openjdk-amd64/jre/lib/amd64/libjava.so
7f7ae02ee000-7f7ae02ef000 r--p 0002a000 fc:00 3546254                    /usr/lib/jvm/java-7-openjdk-amd64/jre/lib/amd64/libjava.so
7f7ae02ef000-7f7ae02f1000 rw-p 0002b000 fc:00 3546254                    /usr/lib/jvm/java-7-openjdk-amd64/jre/lib/amd64/libjava.so
7f7ae02f1000-7f7ae0301000 r-xp 00000000 fc:00 3546268                    /usr/lib/jvm/java-7-openjdk-amd64/jre/lib/amd64/libverify.so
7f7ae0301000-7f7ae0500000 ---p 00010000 fc:00 3546268                    /usr/lib/jvm/java-7-openjdk-amd64/jre/lib/amd64/libverify.so
7f7ae0500000-7f7ae0502000 r--p 0000f000 fc:00 3546268                    /usr/lib/jvm/java-7-openjdk-amd64/jre/lib/amd64/libverify.so
7f7ae0502000-7f7ae0503000 rw-p 00011000 fc:00 3546268                    /usr/lib/jvm/java-7-openjdk-amd64/jre/lib/amd64/libverify.so
7f7ae0503000-7f7ae050a000 r-xp 00000000 fc:00 6557660                    /lib/x86_64-linux-gnu/librt-2.17.so
7f7ae050a000-7f7ae0709000 ---p 00007000 fc:00 6557660                    /lib/x86_64-linux-gnu/librt-2.17.so
7f7ae0709000-7f7ae070a000 r--p 00006000 fc:00 6557660                    /lib/x86_64-linux-gnu/librt-2.17.so
7f7ae070a000-7f7ae070b000 rw-p 00007000 fc:00 6557660                    /lib/x86_64-linux-gnu/librt-2.17.so
7f7ae070b000-7f7ae0720000 r-xp 00000000 fc:00 6553605                    /lib/x86_64-linux-gnu/libgcc_s.so.1
7f7ae0720000-7f7ae091f000 ---p 00015000 fc:00 6553605                    /lib/x86_64-linux-gnu/libgcc_s.so.1
7f7ae091f000-7f7ae0920000 r--p 00014000 fc:00 6553605                    /lib/x86_64-linux-gnu/libgcc_s.so.1
7f7ae0920000-7f7ae0921000 rw-p 00015000 fc:00 6553605                    /lib/x86_64-linux-gnu/libgcc_s.so.1
7f7ae0921000-7f7ae0a24000 r-xp 00000000 fc:00 6557588                    /lib/x86_64-linux-gnu/libm-2.17.so
7f7ae0a24000-7f7ae0c23000 ---p 00103000 fc:00 6557588                    /lib/x86_64-linux-gnu/libm-2.17.so
7f7ae0c23000-7f7ae0c24000 r--p 00102000 fc:00 6557588                    /lib/x86_64-linux-gnu/libm-2.17.so
7f7ae0c24000-7f7ae0c25000 rw-p 00103000 fc:00 6557588                    /lib/x86_64-linux-gnu/libm-2.17.so
7f7ae0c25000-7f7ae0d0b000 r-xp 00000000 fc:00 2889861                    /usr/lib/x86_64-linux-gnu/libstdc++.so.6.0.18
7f7ae0d0b000-7f7ae0f0a000 ---p 000e6000 fc:00 2889861                    /usr/lib/x86_64-linux-gnu/libstdc++.so.6.0.18
7f7ae0f0a000-7f7ae0f12000 r--p 000e5000 fc:00 2889861                    /usr/lib/x86_64-linux-gnu/libstdc++.so.6.0.18
7f7ae0f12000-7f7ae0f14000 rw-p 000ed000 fc:00 2889861                    /usr/lib/x86_64-linux-gnu/libstdc++.so.6.0.18
7f7ae0f14000-7f7ae0f29000 rw-p 00000000 00:00 0 
7f7ae0f29000-7f7ae1a08000 r-xp 00000000 fc:00 3546282                    /usr/lib/jvm/java-7-openjdk-amd64/jre/lib/amd64/server/libjvm.so
7f7ae1a08000-7f7ae1c07000 ---p 00adf000 fc:00 3546282                    /usr/lib/jvm/java-7-openjdk-amd64/jre/lib/amd64/server/libjvm.so
7f7ae1c07000-7f7ae1c99000 r--p 00ade000 fc:00 3546282                    /usr/lib/jvm/java-7-openjdk-amd64/jre/lib/amd64/server/libjvm.so
7f7ae1c99000-7f7ae1cbc000 rw-p 00b70000 fc:00 3546282                    /usr/lib/jvm/java-7-openjdk-amd64/jre/lib/amd64/server/libjvm.so
7f7ae1cbc000-7f7ae1ce9000 rw-p 00000000 00:00 0 
7f7ae1ce9000-7f7ae1d01000 r-xp 00000000 fc:00 6557695                    /lib/x86_64-linux-gnu/libz.so.1.2.8
7f7ae1d01000-7f7ae1f00000 ---p 00018000 fc:00 6557695                    /lib/x86_64-linux-gnu/libz.so.1.2.8
7f7ae1f00000-7f7ae1f01000 r--p 00017000 fc:00 6557695                    /lib/x86_64-linux-gnu/libz.so.1.2.8
7f7ae1f01000-7f7ae1f02000 rw-p 00018000 fc:00 6557695                    /lib/x86_64-linux-gnu/libz.so.1.2.8
7f7ae1f02000-7f7ae1f19000 r-xp 00000000 fc:00 6557652                    /lib/x86_64-linux-gnu/libpthread-2.17.so
7f7ae1f19000-7f7ae2119000 ---p 00017000 fc:00 6557652                    /lib/x86_64-linux-gnu/libpthread-2.17.so
7f7ae2119000-7f7ae211a000 r--p 00017000 fc:00 6557652                    /lib/x86_64-linux-gnu/libpthread-2.17.so
7f7ae211a000-7f7ae211b000 rw-p 00018000 fc:00 6557652                    /lib/x86_64-linux-gnu/libpthread-2.17.so
7f7ae211b000-7f7ae211f000 rw-p 00000000 00:00 0 
7f7ae211f000-7f7ae2122000 r-xp 00000000 fc:00 6557552                    /lib/x86_64-linux-gnu/libdl-2.17.so
7f7ae2122000-7f7ae2321000 ---p 00003000 fc:00 6557552                    /lib/x86_64-linux-gnu/libdl-2.17.so
7f7ae2321000-7f7ae2322000 r--p 00002000 fc:00 6557552                    /lib/x86_64-linux-gnu/libdl-2.17.so
7f7ae2322000-7f7ae2323000 rw-p 00003000 fc:00 6557552                    /lib/x86_64-linux-gnu/libdl-2.17.so
7f7ae2323000-7f7ae24e0000 r-xp 00000000 fc:00 6557537                    /lib/x86_64-linux-gnu/libc-2.17.so
7f7ae24e0000-7f7ae26e0000 ---p 001bd000 fc:00 6557537                    /lib/x86_64-linux-gnu/libc-2.17.so
7f7ae26e0000-7f7ae26e4000 r--p 001bd000 fc:00 6557537                    /lib/x86_64-linux-gnu/libc-2.17.so
7f7ae26e4000-7f7ae26e6000 rw-p 001c1000 fc:00 6557537                    /lib/x86_64-linux-gnu/libc-2.17.so
7f7ae26e6000-7f7ae26eb000 rw-p 00000000 00:00 0 
7f7ae26eb000-7f7ae26f8000 r-xp 00000000 fc:00 3671217                    /usr/lib/jvm/java-7-openjdk-amd64/jre/lib/amd64/jli/libjli.so
7f7ae26f8000-7f7ae28f7000 ---p 0000d000 fc:00 3671217                    /usr/lib/jvm/java-7-openjdk-amd64/jre/lib/amd64/jli/libjli.so
7f7ae28f7000-7f7ae28f8000 r--p 0000c000 fc:00 3671217                    /usr/lib/jvm/java-7-openjdk-amd64/jre/lib/amd64/jli/libjli.so
7f7ae28f8000-7f7ae28f9000 rw-p 0000d000 fc:00 3671217                    /usr/lib/jvm/java-7-openjdk-amd64/jre/lib/amd64/jli/libjli.so
7f7ae28f9000-7f7ae291c000 r-xp 00000000 fc:00 6557513                    /lib/x86_64-linux-gnu/ld-2.17.so
7f7ae291c000-7f7ae291d000 rw-s 00000000 00:04 243174                     /drm mm object (deleted)
7f7ae291d000-7f7ae291e000 rwxp 00000000 00:00 0 
7f7ae291e000-7f7ae2928000 r--s 000b8000 fc:00 3546292                    /usr/lib/jvm/java-7-openjdk-amd64/jre/lib/resources.jar
7f7ae2928000-7f7ae292c000 r--s 00027000 fc:00 2105212                    /home/alvin/workspace/Lumen/lib/jar/lwjgl_util.jar
7f7ae292c000-7f7ae2933000 r--s 00049000 fc:00 2105210                    /home/alvin/workspace/Lumen/lib/jar/kryonet-2.18-all.jar
7f7ae2933000-7f7ae2935000 r--s 0000d000 fc:00 2105209                    /home/alvin/workspace/Lumen/lib/jar/jorbis-0.0.15.jar
7f7ae2935000-7f7ae293f000 rw-p 00000000 00:00 0 
7f7ae293f000-7f7ae29f5000 rw-p 00000000 00:00 0 
7f7ae29f5000-7f7ae29f8000 ---p 00000000 00:00 0 
7f7ae29f8000-7f7ae2afb000 rw-p 00000000 00:00 0                          [stack:25728]
7f7ae2afb000-7f7ae2afc000 r--s 00001000 fc:00 2105208                    /home/alvin/workspace/Lumen/lib/jar/jogg-0.0.7.jar
7f7ae2afc000-7f7ae2aff000 r--s 0000f000 fc:00 3675588                    /usr/lib/jvm/java-7-openjdk-amd64/jre/lib/ext/pulse-java.jar
7f7ae2aff000-7f7ae2b00000 r--s 00002000 fc:00 3675591                    /usr/lib/jvm/java-7-openjdk-amd64/jre/lib/ext/dnsns.jar
7f7ae2b00000-7f7ae2b02000 r--s 00006000 fc:00 3286873                    /usr/share/java/java-atk-wrapper.jar
7f7ae2b02000-7f7ae2b04000 r--s 00012000 fc:00 3675589                    /usr/lib/jvm/java-7-openjdk-amd64/jre/lib/ext/zipfs.jar
7f7ae2b04000-7f7ae2b08000 r--s 00085000 fc:00 3675587                    /usr/lib/jvm/java-7-openjdk-amd64/jre/lib/ext/localedata.jar
7f7ae2b08000-7f7ae2b0c000 r--s 0003b000 fc:00 3675592                    /usr/lib/jvm/java-7-openjdk-amd64/jre/lib/ext/sunpkcs11.jar
7f7ae2b0c000-7f7ae2b0f000 r--s 00032000 fc:00 3675590                    /usr/lib/jvm/java-7-openjdk-amd64/jre/lib/ext/sunjce_provider.jar
7f7ae2b0f000-7f7ae2b17000 rw-s 00000000 fc:00 1442567                    /tmp/hsperfdata_alvin/25726 (deleted)
7f7ae2b17000-7f7ae2b18000 rw-p 00000000 00:00 0 
7f7ae2b18000-7f7ae2b19000 ---p 00000000 00:00 0 
7f7ae2b19000-7f7ae2b1b000 rw-p 00000000 00:00 0 
7f7ae2b1b000-7f7ae2b1c000 r--p 00022000 fc:00 6557513                    /lib/x86_64-linux-gnu/ld-2.17.so
7f7ae2b1c000-7f7ae2b1e000 rw-p 00023000 fc:00 6557513                    /lib/x86_64-linux-gnu/ld-2.17.so
7fff4b6e9000-7fff4b70a000 rw-p 00000000 00:00 0                          [stack]
7fff4b74b000-7fff4b74d000 r-xp 00000000 00:00 0                          [vdso]
ffffffffff600000-ffffffffff601000 r-xp 00000000 00:00 0                  [vsyscall]

