#
# A fatal error has been detected by the Java Runtime Environment:
#
#  SIGSEGV (0xb) at pc=0x0000000000000000, pid=22710, tid=140465861699328
#
# JRE version: OpenJDK Runtime Environment (7.0_51) (build 1.7.0_51-b00)
# Java VM: OpenJDK 64-Bit Server VM (24.45-b08 mixed mode linux-amd64 compressed oops)
# Problematic frame:
# C  0x0000000000000000
#
# Failed to write core dump. Core dumps have been disabled. To enable core dumping, try "ulimit -c unlimited" before starting Java again
#
# If you would like to submit a bug report, please include
# instructions on how to reproduce the bug and visit:
#   http://icedtea.classpath.org/bugzilla
#

---------------  T H R E A D  ---------------

Current thread is native thread

siginfo:si_signo=SIGSEGV: si_errno=0, si_code=1 (SEGV_MAPERR), si_addr=0x0000000000000000

Registers:
RAX=0x00007fc0c7f647c0, RBX=0x0000000000000400, RCX=0x0000000000000000, RDX=0x0000000000000000
RSP=0x00007fc0c1ca1ca8, RBP=0x00007fc0f469afb0, RSI=0x0000000000000000, RDI=0x00007fc0f469afb0
R8 =0x0000000000000000, R9 =0x0000000000100000, R10=0x0000000000000000, R11=0x00007fc0fb6cac0d
R12=0x00007fc0f469f140, R13=0x0000000000012000, R14=0x0000000000001000, R15=0x00007fc0c1ca1e58
RIP=0x0000000000000000, EFLAGS=0x0000000000010246, CSGSFS=0x0000000000000033, ERR=0x0000000000000014
  TRAPNO=0x000000000000000e

Top of Stack: (sp=0x00007fc0c1ca1ca8)
0x00007fc0c1ca1ca8:   00007fc0c7d2d4d1 00007fc0fb643ef0
0x00007fc0c1ca1cb8:   00007fc0dc005ca0 00007fc0bb800000
0x00007fc0c1ca1cc8:   00007fc0fb72a729 0000000000000000
0x00007fc0c1ca1cd8:   00007fc0c7675fa2 00007fc0f47c14b0
0x00007fc0c1ca1ce8:   0000000000000000 0000000000000000
0x00007fc0c1ca1cf8:   0000000000000000 00007fc0f46b9a70
0x00007fc0c1ca1d08:   00007fc0f47c98c0 0000000000002000
0x00007fc0c1ca1d18:   00007fc0c767dcba 00007fc0f47c9790
0x00007fc0c1ca1d28:   00007fc0e8000f60 0000000000000000
0x00007fc0c1ca1d38:   5700000000000001 0000000000002000
0x00007fc0c1ca1d48:   00007fc0c767f7cb 0000000000000000
0x00007fc0c1ca1d58:   0000000000000000 0000000000000000
0x00007fc0c1ca1d68:   0000000000000000 0000000000000000
0x00007fc0c1ca1d78:   0000000000002000 00007fc0f47c98c0
0x00007fc0c1ca1d88:   00007fc0c1ca1e58 00007fc0c1ca1e50
0x00007fc0c1ca1d98:   00007fc0f469f140 00007fc0c7698c60
0x00007fc0c1ca1da8:   00007fc0c7ae8be2 00007fc0c1ca3040
0x00007fc0c1ca1db8:   00007fc0c1cc3040 00000400fb4352e0
0x00007fc0c1ca1dc8:   00007fc0c1ca1de0 0000000000000000
0x00007fc0c1ca1dd8:   00007fc0c7aedeb2 00001fa00000037f
0x00007fc0c1ca1de8:   00007fc0c76639ff 00007fc0f46b9a70
0x00007fc0c1ca1df8:   0000000000002000 00007fc0f47c13f0
0x00007fc0c1ca1e08:   0000000000000000 00007fc0f469afb0
0x00007fc0c1ca1e18:   0000000000000008 00007fc0c1ca1e58
0x00007fc0c1ca1e28:   00007fc0c7d43544 0000000000000000
0x00007fc0c1ca1e38:   00007fc0c1ca1e50 0000000000002000
0x00007fc0c1ca1e48:   0000000000006000 00007fc0c1cc3040
0x00007fc0c1ca1e58:   0000000000002000 0000000000000000
0x00007fc0c1ca1e68:   00007fc0f46ba050 0000000000000000
0x00007fc0c1ca1e78:   0000000000000000 00007fc0fbe37060
0x00007fc0c1ca1e88:   00007fc0fbe0e7a0 0000000000001000
0x00007fc0c1ca1e98:   00007fc0c7d3673a 0000000000000000 

Instructions: (pc=0x0000000000000000)
0xffffffffffffffe0:   

Register to memory mapping:

RAX=
[error occurred during error reporting (printing register info), id 0xb]

Stack: [0x00007fc0c1ba2000,0x00007fc0c1ca3000],  sp=0x00007fc0c1ca1ca8,  free space=1023k

---------------  P R O C E S S  ---------------

VM state:at safepoint (shutting down)

VM Mutex/Monitor currently owned by a thread:  ([mutex/lock_event])
[0x00007fc0f4006c20] Threads_lock - owner thread: 0x00007fc0f406c000

Heap
 def new generation   total 17024K, used 13118K [0x00000000cc000000, 0x00000000cd270000, 0x00000000d9e00000)
  eden space 15168K,  86% used [0x00000000cc000000, 0x00000000ccccfba8, 0x00000000cced0000)
  from space 1856K,   0% used [0x00000000cced0000, 0x00000000cced0000, 0x00000000cd0a0000)
  to   space 1856K,   0% used [0x00000000cd0a0000, 0x00000000cd0a0000, 0x00000000cd270000)
 tenured generation   total 37700K, used 18511K [0x00000000d9e00000, 0x00000000dc2d1000, 0x00000000f5a00000)
   the space 37700K,  49% used [0x00000000d9e00000, 0x00000000db013cd0, 0x00000000db013e00, 0x00000000dc2d1000)
 compacting perm gen  total 21248K, used 8302K [0x00000000f5a00000, 0x00000000f6ec0000, 0x0000000100000000)
   the space 21248K,  39% used [0x00000000f5a00000, 0x00000000f621b9f8, 0x00000000f621ba00, 0x00000000f6ec0000)
No shared spaces configured.

Card table byte_map: [0x00007fc0f87f9000,0x00007fc0f899a000] byte_map_base: 0x00007fc0f8199000

Polling page: 0x00007fc0fbe33000

Code Cache  [0x00007fc0f1000000, 0x00007fc0f1270000, 0x00007fc0f4000000)
 total_blobs=605 nmethods=147 adapters=413 free_code_cache=48276Kb largest_free_block=49413504

Compilation events (10 events):
Event: 90,210 Thread 0x00007fc0f4098800  142             org.lwjgl.opengl.PeerInfo::getHandle (5 bytes)
Event: 90,211 Thread 0x00007fc0f4098800 nmethod 142 0x00007fc0f10d94d0 code [0x00007fc0f10d9600, 0x00007fc0f10d9658]
Event: 90,259 Thread 0x00007fc0f4098800  143             sound.Sound::find (51 bytes)
Event: 90,262 Thread 0x00007fc0f4098800 nmethod 143 0x00007fc0f10dc610 code [0x00007fc0f10dc760, 0x00007fc0f10dc8f8]
Event: 90,278 Thread 0x00007fc0f409a800  144  s          org.lwjgl.opengl.EventQueue::copyEvents (77 bytes)
Event: 90,291 Thread 0x00007fc0f409a800 nmethod 144 0x00007fc0f10db6d0 code [0x00007fc0f10db860, 0x00007fc0f10dc0d8]
Event: 90,292 Thread 0x00007fc0f4098800  145             org.lwjgl.opengl.GL11::glMatrixMode (19 bytes)
Event: 90,296 Thread 0x00007fc0f4098800 nmethod 145 0x00007fc0f10de6d0 code [0x00007fc0f10de820, 0x00007fc0f10de908]
Event: 104,611 Thread 0x00007fc0f4098800  147             org.lwjgl.opengl.LinuxDisplay::getDisplay (39 bytes)
Event: 104,611 Thread 0x00007fc0f4098800 nmethod 147 0x00007fc0f10db450 code [0x00007fc0f10db580, 0x00007fc0f10db5f8]

GC Heap History (10 events):
Event: 4,058 GC heap before
{Heap before GC invocations=0 (full 0):
 def new generation   total 9600K, used 8576K [0x00000000cc000000, 0x00000000cca60000, 0x00000000d9e00000)
  eden space 8576K, 100% used [0x00000000cc000000, 0x00000000cc860000, 0x00000000cc860000)
  from space 1024K,   0% used [0x00000000cc860000, 0x00000000cc860000, 0x00000000cc960000)
  to   space 1024K,   0% used [0x00000000cc960000, 0x00000000cc960000, 0x00000000cca60000)
 tenured generation   total 21312K, used 0K [0x00000000d9e00000, 0x00000000db2d0000, 0x00000000f5a00000)
   the space 21312K,   0% used [0x00000000d9e00000, 0x00000000d9e00000, 0x00000000d9e00200, 0x00000000db2d0000)
 compacting perm gen  total 21248K, used 8170K [0x00000000f5a00000, 0x00000000f6ec0000, 0x0000000100000000)
   the space 21248K,  38% used [0x00000000f5a00000, 0x00000000f61faaa0, 0x00000000f61fac00, 0x00000000f6ec0000)
No shared spaces configured.
Event: 4,077 GC heap after
Heap after GC invocations=1 (full 0):
 def new generation   total 9600K, used 1024K [0x00000000cc000000, 0x00000000cca60000, 0x00000000d9e00000)
  eden space 8576K,   0% used [0x00000000cc000000, 0x00000000cc000000, 0x00000000cc860000)
  from space 1024K, 100% used [0x00000000cc960000, 0x00000000cca60000, 0x00000000cca60000)
  to   space 1024K,   0% used [0x00000000cc860000, 0x00000000cc860000, 0x00000000cc960000)
 tenured generation   total 21312K, used 902K [0x00000000d9e00000, 0x00000000db2d0000, 0x00000000f5a00000)
   the space 21312K,   4% used [0x00000000d9e00000, 0x00000000d9ee1a28, 0x00000000d9ee1c00, 0x00000000db2d0000)
 compacting perm gen  total 21248K, used 8170K [0x00000000f5a00000, 0x00000000f6ec0000, 0x0000000100000000)
   the space 21248K,  38% used [0x00000000f5a00000, 0x00000000f61faaa0, 0x00000000f61fac00, 0x00000000f6ec0000)
No shared spaces configured.
}
Event: 5,537 GC heap before
{Heap before GC invocations=1 (full 0):
 def new generation   total 9600K, used 6800K [0x00000000cc000000, 0x00000000cca60000, 0x00000000d9e00000)
  eden space 8576K,  67% used [0x00000000cc000000, 0x00000000cc5a4038, 0x00000000cc860000)
  from space 1024K, 100% used [0x00000000cc960000, 0x00000000cca60000, 0x00000000cca60000)
  to   space 1024K,   0% used [0x00000000cc860000, 0x00000000cc860000, 0x00000000cc960000)
 tenured generation   total 21312K, used 902K [0x00000000d9e00000, 0x00000000db2d0000, 0x00000000f5a00000)
   the space 21312K,   4% used [0x00000000d9e00000, 0x00000000d9ee1a28, 0x00000000d9ee1c00, 0x00000000db2d0000)
 compacting perm gen  total 21248K, used 8179K [0x00000000f5a00000, 0x00000000f6ec0000, 0x0000000100000000)
   the space 21248K,  38% used [0x00000000f5a00000, 0x00000000f61fcf08, 0x00000000f61fd000, 0x00000000f6ec0000)
No shared spaces configured.
Event: 5,565 GC heap after
Heap after GC invocations=2 (full 0):
 def new generation   total 9600K, used 845K [0x00000000cc000000, 0x00000000cca60000, 0x00000000d9e00000)
  eden space 8576K,   0% used [0x00000000cc000000, 0x00000000cc000000, 0x00000000cc860000)
  from space 1024K,  82% used [0x00000000cc860000, 0x00000000cc9336f8, 0x00000000cc960000)
  to   space 1024K,   0% used [0x00000000cc960000, 0x00000000cc960000, 0x00000000cca60000)
 tenured generation   total 21312K, used 3949K [0x00000000d9e00000, 0x00000000db2d0000, 0x00000000f5a00000)
   the space 21312K,  18% used [0x00000000d9e00000, 0x00000000da1db508, 0x00000000da1db600, 0x00000000db2d0000)
 compacting perm gen  total 21248K, used 8179K [0x00000000f5a00000, 0x00000000f6ec0000, 0x0000000100000000)
   the space 21248K,  38% used [0x00000000f5a00000, 0x00000000f61fcf08, 0x00000000f61fd000, 0x00000000f6ec0000)
No shared spaces configured.
}
Event: 5,898 GC heap before
{Heap before GC invocations=2 (full 0):
 def new generation   total 9600K, used 5057K [0x00000000cc000000, 0x00000000cca60000, 0x00000000d9e00000)
  eden space 8576K,  49% used [0x00000000cc000000, 0x00000000cc41cd48, 0x00000000cc860000)
  from space 1024K,  82% used [0x00000000cc860000, 0x00000000cc9336f8, 0x00000000cc960000)
  to   space 1024K,   0% used [0x00000000cc960000, 0x00000000cc960000, 0x00000000cca60000)
 tenured generation   total 21312K, used 3949K [0x00000000d9e00000, 0x00000000db2d0000, 0x00000000f5a00000)
   the space 21312K,  18% used [0x00000000d9e00000, 0x00000000da1db508, 0x00000000da1db600, 0x00000000db2d0000)
 compacting perm gen  total 21248K, used 8179K [0x00000000f5a00000, 0x00000000f6ec0000, 0x0000000100000000)
   the space 21248K,  38% used [0x00000000f5a00000, 0x00000000f61fcf08, 0x00000000f61fd000, 0x00000000f6ec0000)
No shared spaces configured.
Event: 5,920 GC heap after
Heap after GC invocations=3 (full 0):
 def new generation   total 9664K, used 0K [0x00000000cc000000, 0x00000000cca70000, 0x00000000d9e00000)
  eden space 8640K,   0% used [0x00000000cc000000, 0x00000000cc000000, 0x00000000cc870000)
  from space 1024K,   0% used [0x00000000cc870000, 0x00000000cc870000, 0x00000000cc970000)
  to   space 1024K,   0% used [0x00000000cc970000, 0x00000000cc970000, 0x00000000cca70000)
 tenured generation   total 21312K, used 8882K [0x00000000d9e00000, 0x00000000db2d0000, 0x00000000f5a00000)
   the space 21312K,  41% used [0x00000000d9e00000, 0x00000000da6ac9b0, 0x00000000da6aca00, 0x00000000db2d0000)
 compacting perm gen  total 21248K, used 8179K [0x00000000f5a00000, 0x00000000f6ec0000, 0x0000000100000000)
   the space 21248K,  38% used [0x00000000f5a00000, 0x00000000f61fcf08, 0x00000000f61fd000, 0x00000000f6ec0000)
No shared spaces configured.
}
Event: 6,276 GC heap before
{Heap before GC invocations=3 (full 0):
 def new generation   total 9664K, used 8308K [0x00000000cc000000, 0x00000000cca70000, 0x00000000d9e00000)
  eden space 8640K,  96% used [0x00000000cc000000, 0x00000000cc81d0b8, 0x00000000cc870000)
  from space 1024K,   0% used [0x00000000cc870000, 0x00000000cc870000, 0x00000000cc970000)
  to   space 1024K,   0% used [0x00000000cc970000, 0x00000000cc970000, 0x00000000cca70000)
 tenured generation   total 21312K, used 8882K [0x00000000d9e00000, 0x00000000db2d0000, 0x00000000f5a00000)
   the space 21312K,  41% used [0x00000000d9e00000, 0x00000000da6ac9b0, 0x00000000da6aca00, 0x00000000db2d0000)
 compacting perm gen  total 21248K, used 8179K [0x00000000f5a00000, 0x00000000f6ec0000, 0x0000000100000000)
   the space 21248K,  38% used [0x00000000f5a00000, 0x00000000f61fcf08, 0x00000000f61fd000, 0x00000000f6ec0000)
No shared spaces configured.
Event: 6,328 GC heap after
Heap after GC invocations=4 (full 1):
 def new generation   total 9664K, used 0K [0x00000000cc000000, 0x00000000cca70000, 0x00000000d9e00000)
  eden space 8640K,   0% used [0x00000000cc000000, 0x00000000cc000000, 0x00000000cc870000)
  from space 1024K,   0% used [0x00000000cc970000, 0x00000000cc970000, 0x00000000cca70000)
  to   space 1024K,   0% used [0x00000000cc870000, 0x00000000cc870000, 0x00000000cc970000)
 tenured generation   total 21312K, used 10926K [0x00000000d9e00000, 0x00000000db2d0000, 0x00000000f5a00000)
   the space 21312K,  51% used [0x00000000d9e00000, 0x00000000da8ab948, 0x00000000da8aba00, 0x00000000db2d0000)
 compacting perm gen  total 21248K, used 8179K [0x00000000f5a00000, 0x00000000f6ec0000, 0x0000000100000000)
   the space 21248K,  38% used [0x00000000f5a00000, 0x00000000f61fcf08, 0x00000000f61fd000, 0x00000000f6ec0000)
No shared spaces configured.
}
Event: 6,603 GC heap before
{Heap before GC invocations=4 (full 1):
 def new generation   total 9664K, used 152K [0x00000000cc000000, 0x00000000cca70000, 0x00000000d9e00000)
  eden space 8640K,   1% used [0x00000000cc000000, 0x00000000cc0263a0, 0x00000000cc870000)
  from space 1024K,   0% used [0x00000000cc970000, 0x00000000cc970000, 0x00000000cca70000)
  to   space 1024K,   0% used [0x00000000cc870000, 0x00000000cc870000, 0x00000000cc970000)
 tenured generation   total 37700K, used 27310K [0x00000000d9e00000, 0x00000000dc2d1000, 0x00000000f5a00000)
   the space 37700K,  72% used [0x00000000d9e00000, 0x00000000db8ab958, 0x00000000db8aba00, 0x00000000dc2d1000)
 compacting perm gen  total 21248K, used 8180K [0x00000000f5a00000, 0x00000000f6ec0000, 0x0000000100000000)
   the space 21248K,  38% used [0x00000000f5a00000, 0x00000000f61fd090, 0x00000000f61fd200, 0x00000000f6ec0000)
No shared spaces configured.
Event: 6,644 GC heap after
Heap after GC invocations=5 (full 2):
 def new generation   total 17024K, used 0K [0x00000000cc000000, 0x00000000cd270000, 0x00000000d9e00000)
  eden space 15168K,   0% used [0x00000000cc000000, 0x00000000cc000000, 0x00000000cced0000)
  from space 1856K,   0% used [0x00000000cced0000, 0x00000000cced0000, 0x00000000cd0a0000)
  to   space 1856K,   0% used [0x00000000cd0a0000, 0x00000000cd0a0000, 0x00000000cd270000)
 tenured generation   total 37700K, used 18511K [0x00000000d9e00000, 0x00000000dc2d1000, 0x00000000f5a00000)
   the space 37700K,  49% used [0x00000000d9e00000, 0x00000000db013cd0, 0x00000000db013e00, 0x00000000dc2d1000)
 compacting perm gen  total 21248K, used 8180K [0x00000000f5a00000, 0x00000000f6ec0000, 0x0000000100000000)
   the space 21248K,  38% used [0x00000000f5a00000, 0x00000000f61fd090, 0x00000000f61fd200, 0x00000000f6ec0000)
No shared spaces configured.
}

Deoptimization events (6 events):
Event: 3,376 Thread 0x00007fc0f400a800 Uncommon trap: reason=unreached action=reinterpret pc=0x00007fc0f10868fc method=com.jcraft.jogg.StreamState.init(I)V @ 59
Event: 4,220 Thread 0x00007fc0f400a800 Uncommon trap: reason=class_check action=maybe_recompile pc=0x00007fc0f109d02c method=com.jcraft.jorbis.Mapping0.inverse(Lcom/jcraft/jorbis/Block;Ljava/lang/Object;)I @ 459
Event: 4,220 Thread 0x00007fc0f400a800 Uncommon trap: reason=class_check action=maybe_recompile pc=0x00007fc0f109d02c method=com.jcraft.jorbis.Mapping0.inverse(Lcom/jcraft/jorbis/Block;Ljava/lang/Object;)I @ 459
Event: 4,230 Thread 0x00007fc0f400a800 