#
# A fatal error has been detected by the Java Runtime Environment:
#
#  SIGSEGV (0xb) at pc=0x0000000000000000, pid=22648, tid=139888743999232
#
# JRE version: OpenJDK Runtime Environment (7.0_51) (build 1.7.0_51-b00)
# Java VM: OpenJDK 64-Bit Server VM (24.45-b08 mixed mode linux-amd64 compressed oops)
# Problematic frame:
# C  0x0000000000000000
#
# Failed to write core dump. Core dumps have been disabled. To enable core dumping, try "ulimit -c unlimited" before starting Java again
#
# If you would like to submit a bug report, please include
# instructions on how to reproduce the bug and visit:
#   http://icedtea.classpath.org/bugzilla
#

---------------  T H R E A D  ---------------

Current thread is native thread

siginfo:si_signo=SIGSEGV: si_errno=0, si_code=1 (SEGV_MAPERR), si_addr=0x0000000000000000

Registers:
RAX=0x00007f3a691107c0, RBX=0x0000000000000400, RCX=0x0000000000000000, RDX=0x0000000000000000
RSP=0x00007f3a62e4dca8, RBP=0x00007f3a946a4820, RSI=0x0000000000000000, RDI=0x00007f3a946a4820
R8 =0x0000000000000000, R9 =0x0000000000100000, R10=0x0000000000000000, R11=0x00007f3a9c8f3c0d
R12=0x00007f3a946a89b0, R13=0x0000000000012000, R14=0x0000000000001000, R15=0x00007f3a62e4de58
RIP=0x0000000000000000, EFLAGS=0x0000000000010246, CSGSFS=0x0000000000000033, ERR=0x0000000000000014
  TRAPNO=0x000000000000000e

Top of Stack: (sp=0x00007f3a62e4dca8)
0x00007f3a62e4dca8:   00007f3a68ed94d1 00007f3a9c86cef0
0x00007f3a62e4dcb8:   00007f3a88005de0 00007f3abb800000
0x00007f3a62e4dcc8:   00007f3a9c953729 0000000000000000
0x00007f3a62e4dcd8:   00007f3a68821fa2 00007f3a947d3da0
0x00007f3a62e4dce8:   0000000000000000 0000000000000000
0x00007f3a62e4dcf8:   0000000000000000 00007f3a94888e10
0x00007f3a62e4dd08:   00007f3a9488aed0 0000000000002000
0x00007f3a62e4dd18:   00007f3a68829cba 00007f3a9488ada0
0x00007f3a62e4dd28:   00007f3a84006770 0000000000000000
0x00007f3a62e4dd38:   5700000000000001 0000000000002000
0x00007f3a62e4dd48:   00007f3a6882b7cb 0000000000000000
0x00007f3a62e4dd58:   0000000000000000 0000000000000000
0x00007f3a62e4dd68:   0000000000000000 0000000000000000
0x00007f3a62e4dd78:   0000000000002000 00007f3a9488aed0
0x00007f3a62e4dd88:   00007f3a62e4de58 00007f3a62e4de50
0x00007f3a62e4dd98:   00007f3a946a89b0 00007f3a68844c60
0x00007f3a62e4dda8:   00007f3a68c94be2 00007f3a62e8f040
0x00007f3a62e4ddb8:   00007f3a62ebf040 000004009c65e2e0
0x00007f3a62e4ddc8:   00007f3a62e4dde0 0000000000000000
0x00007f3a62e4ddd8:   00007f3a68c99eb2 00001fa00000037f
0x00007f3a62e4dde8:   00007f3a6880f9ff 00007f3a94888e10
0x00007f3a62e4ddf8:   0000000000002000 00007f3a947d4800
0x00007f3a62e4de08:   0000000000000000 00007f3a946a4820
0x00007f3a62e4de18:   0000000000000008 00007f3a62e4de58
0x00007f3a62e4de28:   00007f3a68eef544 0000000000000000
0x00007f3a62e4de38:   00007f3a62e4de50 0000000000002000
0x00007f3a62e4de48:   0000000000006000 00007f3a62ebf040
0x00007f3a62e4de58:   0000000000002000 0000000000000000
0x00007f3a62e4de68:   00007f3a9488a470 0000000000000000
0x00007f3a62e4de78:   0000000000000000 00007f3a9d060060
0x00007f3a62e4de88:   00007f3a9d0377a0 0000000000001000
0x00007f3a62e4de98:   00007f3a68ee273a 0000000000000000 

Instructions: (pc=0x0000000000000000)
0xffffffffffffffe0:   

Register to memory mapping:

RAX=
[error occurred during error reporting (printing register info), id 0xb]

Stack: [0x00007f3a62d4e000,0x00007f3a62e4f000],  sp=0x00007f3a62e4dca8,  free space=1023k

---------------  P R O C E S S  ---------------

VM state:at safepoint (shutting down)

VM Mutex/Monitor currently owned by a thread:  ([mutex/lock_event])
[0x00007f3a94006c20] Threads_lock - owner thread: 0x00007f3a9406c000

Heap
 def new generation   total 61248K, used 46643K [0x00000000cc000000, 0x00000000d0270000, 0x00000000d9e00000)
  eden space 54464K,  85% used [0x00000000cc000000, 0x00000000ced8cf60, 0x00000000cf530000)
  from space 6784K,   0% used [0x00000000cf530000, 0x00000000cf530000, 0x00000000cfbd0000)
  to   space 6784K,   0% used [0x00000000cfbd0000, 0x00000000cfbd0000, 0x00000000d0270000)
 tenured generation   total 136012K, used 66630K [0x00000000d9e00000, 0x00000000e22d3000, 0x00000000f5a00000)
   the space 136012K,  48% used [0x00000000d9e00000, 0x00000000ddf119c8, 0x00000000ddf11a00, 0x00000000e22d3000)
 compacting perm gen  total 21248K, used 8272K [0x00000000f5a00000, 0x00000000f6ec0000, 0x0000000100000000)
   the space 21248K,  38% used [0x00000000f5a00000, 0x00000000f6214040, 0x00000000f6214200, 0x00000000f6ec0000)
No shared spaces configured.

Card table byte_map: [0x00007f3a99a22000,0x00007f3a99bc3000] byte_map_base: 0x00007f3a993c2000

Polling page: 0x00007f3a9d05c000

Code Cache  [0x00007f3a91000000, 0x00007f3a91270000, 0x00007f3a94000000)
 total_blobs=585 nmethods=127 adapters=413 free_code_cache=48312Kb largest_free_block=49451072

Compilation events (10 events):
Event: 39,072 Thread 0x00007f3a94098800 nmethod 121 0x00007f3a910d1010 code [0x00007f3a910d1140, 0x00007f3a910d1198]
Event: 39,072 Thread 0x00007f3a94098800  122             org.lwjgl.Sys::getTimerResolution (9 bytes)
Event: 39,073 Thread 0x00007f3a94098800 nmethod 122 0x00007f3a910d2a50 code [0x00007f3a910d2b80, 0x00007f3a910d2bb8]
Event: 39,073 Thread 0x00007f3a94098800  123             org.lwjgl.DefaultSysImplementation::getTimerResolution (4 bytes)
Event: 39,073 Thread 0x00007f3a94098800 nmethod 123 0x00007f3a910d2850 code [0x00007f3a910d2980, 0x00007f3a910d29d8]
Event: 39,084 Thread 0x00007f3a9409a800 nmethod 119 0x00007f3a910d2610 code [0x00007f3a910d2740, 0x00007f3a910d27b8]
Event: 39,558 Thread 0x00007f3a94098800  124   !         org.lwjgl.opengl.LinuxDisplay::lockAWT (30 bytes)
Event: 39,559 Thread 0x00007f3a94098800 nmethod 124 0x00007f3a910cc690 code [0x00007f3a910cc7e0, 0x00007f3a910cc868]
Event: 39,560 Thread 0x00007f3a94098800  126   !         org.lwjgl.opengl.LinuxDisplay::unlockAWT (30 bytes)
Event: 39,561 Thread 0x00007f3a94098800 nmethod 126 0x00007f3a910cc0d0 code [0x00007f3a910cc220, 0x00007f3a910cc2a8]

GC Heap History (10 events):
Event: 7,467 GC heap before
{Heap before GC invocations=2 (full 0):
 def new generation   total 9600K, used 4984K [0x00000000cc000000, 0x00000000cca60000, 0x00000000d9e00000)
  eden space 8576K,  49% used [0x00000000cc000000, 0x00000000cc41cdf0, 0x00000000cc860000)
  from space 1024K,  75% used [0x00000000cc860000, 0x00000000cc9214a0, 0x00000000cc960000)
  to   space 1024K,   0% used [0x00000000cc960000, 0x00000000cc960000, 0x00000000cca60000)
 tenured generation   total 21312K, used 3943K [0x00000000d9e00000, 0x00000000db2d0000, 0x00000000f5a00000)
   the space 21312K,  18% used [0x00000000d9e00000, 0x00000000da1d9c10, 0x00000000da1d9e00, 0x00000000db2d0000)
 compacting perm gen  total 21248K, used 8179K [0x00000000f5a00000, 0x00000000f6ec0000, 0x0000000100000000)
   the space 21248K,  38% used [0x00000000f5a00000, 0x00000000f61fcf08, 0x00000000f61fd000, 0x00000000f6ec0000)
No shared spaces configured.
Event: 7,480 GC heap after
Heap after GC invocations=3 (full 0):
 def new generation   total 9664K, used 0K [0x00000000cc000000, 0x00000000cca70000, 0x00000000d9e00000)
  eden space 8640K,   0% used [0x00000000cc000000, 0x00000000cc000000, 0x00000000cc870000)
  from space 1024K,   0% used [0x00000000cc870000, 0x00000000cc870000, 0x00000000cc970000)
  to   space 1024K,   0% used [0x00000000cc970000, 0x00000000cc970000, 0x00000000cca70000)
 tenured generation   total 21312K, used 8800K [0x00000000d9e00000, 0x00000000db2d0000, 0x00000000f5a00000)
   the space 21312K,  41% used [0x00000000d9e00000, 0x00000000da698028, 0x00000000da698200, 0x00000000db2d0000)
 compacting perm gen  total 21248K, used 8179K [0x00000000f5a00000, 0x00000000f6ec0000, 0x0000000100000000)
   the space 21248K,  38% used [0x00000000f5a00000, 0x00000000f61fcf08, 0x00000000f61fd000, 0x00000000f6ec0000)
No shared spaces configured.
}
Event: 7,755 GC heap before
{Heap before GC invocations=3 (full 0):
 def new generation   total 9664K, used 8308K [0x00000000cc000000, 0x00000000cca70000, 0x00000000d9e00000)
  eden space 8640K,  96% used [0x00000000cc000000, 0x00000000cc81d168, 0x00000000cc870000)
  from space 1024K,   0% used [0x00000000cc870000, 0x00000000cc870000, 0x00000000cc970000)
  to   space 1024K,   0% used [0x00000000cc970000, 0x00000000cc970000, 0x00000000cca70000)
 tenured generation   total 21312K, used 8800K [0x00000000d9e00000, 0x00000000db2d0000, 0x00000000f5a00000)
   the space 21312K,  41% used [0x00000000d9e00000, 0x00000000da698028, 0x00000000da698200, 0x00000000db2d0000)
 compacting perm gen  total 21248K, used 8180K [0x00000000f5a00000, 0x00000000f6ec0000, 0x0000000100000000)
   the space 21248K,  38% used [0x00000000f5a00000, 0x00000000f61fd200, 0x00000000f61fd200, 0x00000000f6ec0000)
No shared spaces configured.
Event: 7,807 GC heap after
Heap after GC invocations=4 (full 1):
 def new generation   total 9664K, used 0K [0x00000000cc000000, 0x00000000cca70000, 0x00000000d9e00000)
  eden space 8640K,   0% used [0x00000000cc000000, 0x00000000cc000000, 0x00000000cc870000)
  from space 1024K,   0% used [0x00000000cc970000, 0x00000000cc970000, 0x00000000cca70000)
  to   space 1024K,   0% used [0x00000000cc870000, 0x00000000cc870000, 0x00000000cc970000)
 tenured generation   total 21312K, used 10843K [0x00000000d9e00000, 0x00000000db2d0000, 0x00000000f5a00000)
   the space 21312K,  50% used [0x00000000d9e00000, 0x00000000da896dc8, 0x00000000da896e00, 0x00000000db2d0000)
 compacting perm gen  total 21248K, used 8180K [0x00000000f5a00000, 0x00000000f6ec0000, 0x0000000100000000)
   the space 21248K,  38% used [0x00000000f5a00000, 0x00000000f61fd200, 0x00000000f61fd200, 0x00000000f6ec0000)
No shared spaces configured.
}
Event: 8,365 GC heap before
{Heap before GC invocations=4 (full 1):
 def new generation   total 9664K, used 229K [0x00000000cc000000, 0x00000000cca70000, 0x00000000d9e00000)
  eden space 8640K,   2% used [0x00000000cc000000, 0x00000000cc039670, 0x00000000cc870000)
  from space 1024K,   0% used [0x00000000cc970000, 0x00000000cc970000, 0x00000000cca70000)
  to   space 1024K,   0% used [0x00000000cc870000, 0x00000000cc870000, 0x00000000cc970000)
 tenured generation   total 37700K, used 27227K [0x00000000d9e00000, 0x00000000dc2d1000, 0x00000000f5a00000)
   the space 37700K,  72% used [0x00000000d9e00000, 0x00000000db896dd8, 0x00000000db896e00, 0x00000000dc2d1000)
 compacting perm gen  total 21248K, used 8184K [0x00000000f5a00000, 0x00000000f6ec0000, 0x0000000100000000)
   the space 21248K,  38% used [0x00000000f5a00000, 0x00000000f61fe230, 0x00000000f61fe400, 0x00000000f6ec0000)
No shared spaces configured.
Event: 8,405 GC heap after
Heap after GC invocations=5 (full 2):
 def new generation   total 17024K, used 0K [0x00000000cc000000, 0x00000000cd270000, 0x00000000d9e00000)
  eden space 15168K,   0% used [0x00000000cc000000, 0x00000000cc000000, 0x00000000cced0000)
  from space 1856K,   0% used [0x00000000cced0000, 0x00000000cced0000, 0x00000000cd0a0000)
  to   space 1856K,   0% used [0x00000000cd0a0000, 0x00000000cd0a0000, 0x00000000cd270000)
 tenured generation   total 37700K, used 19035K [0x00000000d9e00000, 0x00000000dc2d1000, 0x00000000f5a00000)
   the space 37700K,  50% used [0x00000000d9e00000, 0x00000000db096de8, 0x00000000db096e00, 0x00000000dc2d1000)
 compacting perm gen  total 21248K, used 8184K [0x00000000f5a00000, 0x00000000f6ec0000, 0x0000000100000000)
   the space 21248K,  38% used [0x00000000f5a00000, 0x00000000f61fe230, 0x00000000f61fe400, 0x00000000f6ec0000)
No shared spaces configured.
}
Event: 9,486 GC heap before
{Heap before GC invocations=5 (full 2):
 def new generation   total 17024K, used 537K [0x00000000cc000000, 0x00000000cd270000, 0x00000000d9e00000)
  eden space 15168K,   3% used [0x00000000cc000000, 0x00000000cc0864c8, 0x00000000cced0000)
  from space 1856K,   0% used [0x00000000cced0000, 0x00000000cced0000, 0x00000000cd0a0000)
  to   space 1856K,   0% used [0x00000000cd0a0000, 0x00000000cd0a0000, 0x00000000cd270000)
 tenured generation   total 70472K, used 51803K [0x00000000d9e00000, 0x00000000de2d2000, 0x00000000f5a00000)
   the space 70472K,  73% used [0x00000000d9e00000, 0x00000000dd096df8, 0x00000000dd096e00, 0x00000000de2d2000)
 compacting perm gen  total 21248K, used 8184K [0x00000000f5a00000, 0x00000000f6ec0000, 0x0000000100000000)
   the space 21248K,  38% used [0x00000000f5a00000, 0x00000000f61fe230, 0x00000000f61fe400, 0x00000000f6ec0000)
No shared spaces configured.
Event: 9,539 GC heap after
Heap after GC invocations=6 (full 3):
 def new generation   total 31744K, used 0K [0x00000000cc000000, 0x00000000ce270000, 0x00000000d9e00000)
  eden space 28224K,   0% used [0x00000000cc000000, 0x00000000cc000000, 0x00000000cdb90000)
  from space 3520K,   0% used [0x00000000cdb90000, 0x00000000cdb90000, 0x00000000cdf00000)
  to   space 3520K,   0% used [0x00000000cdf00000, 0x00000000cdf00000, 0x00000000ce270000)
 tenured generation   total 70472K, used 35419K [0x00000000d9e00000, 0x00000000de2d2000, 0x00000000f5a00000)
   the space 70472K,  50% used [0x00000000d9e00000, 0x00000000dc096ec0, 0x00000000dc097000, 0x00000000de2d2000)
 compacting perm gen  total 21248K, used 8184K [0x00000000f5a00000, 0x00000000f6ec0000, 0x0000000100000000)
   the space 21248K,  38% used [0x00000000f5a00000, 0x00000000f61fe230, 0x00000000f61fe400, 0x00000000f6ec0000)
No shared spaces configured.
}
Event: 10,477 GC heap before
{Heap before GC invocations=6 (full 3):
 def new generation   total 31744K, used 499K [0x00000000cc000000, 0x00000000ce270000, 0x00000000d9e00000)
  eden space 28224K,   1% used [0x00000000cc000000, 0x00000000cc07ce68, 0x00000000cdb90000)
  from space 3520K,   0% used [0x00000000cdb90000, 0x00000000cdb90000, 0x00000000cdf00000)
  to   space 3520K,   0% used [0x00000000cdf00000, 0x00000000cdf00000, 0x00000000ce270000)
 tenured generation   total 136012K, used 100955K [0x00000000d9e00000, 0x00000000e22d3000, 0x00000000f5a00000)
   the space 136012K,  74% used [0x00000000d9e00000, 0x00000000e0096ed0, 0x00000000e0097000, 0x00000000e22d3000)
 compacting perm gen  total 21248K, used 8184K [0x00000000f5a00000, 0x00000000f6ec0000, 0x0000000100000000)
   the space 21248K,  38% used [0x00000000f5a00000, 0x00000000f61fe230, 0x00000000f61fe400, 0x00000000f6ec0000)
No shared spaces configured.
Event: 10,561 GC heap after
Heap after GC invocations=7 (full 4):
 def new generation   total 61248K, used 0K [0x00000000cc000000, 0x00000000d0270000, 0x00000000d9e00000)
  eden space 54464K,   0% used [0x00000000cc000000, 0x00000000cc000000, 0x00000000cf530000)
  from space 6784K,   0% used [0x00000000cf530000, 0x00000000cf530000, 0x00000000cfbd0000)
  to   space 6784K,   0% used [0x00000000cfbd0000, 0x00000000cfbd0000, 0x00000000d0270000)
 tenured generation   total 136012K, used 66630K [0x00000000d9e00000, 0x00000000e22d3000, 0x00000000f5a00000)
   the space 136012K,  48% used [0x00000000d9e00000, 0x00000000ddf119c8, 0x00000000ddf11a00, 0x00000000e22d3000)
 compacting perm gen  total 21248K, used 8183K [0x00000000f5a00000, 0x00000000f6ec0000, 0x0000000100000000)
   the space 21248K,  38% used [0x00000000f5a00000, 0x00000000f61fdd10, 0x00000000f61fde00, 0x00000000f6ec0000)
No shared spaces configured.
}

Deoptimization events (5 events):
Event: 5,268 Thread 0x00007f3a9400a800 Uncommon trap: reason=unreached action=reinterpret pc=0x00007f3a910863fc method=com.jcraft.jogg.StreamState.init(I)V @ 59
Event: 6,107 Thread 0x00007f3a9400a800 Uncommon trap: reason=class_check action=maybe_recompile pc=0x00007f3a9109c76c method=com.jcraft.jorbis.Mapping0.inverse(Lcom/jcraft/jorbis/Block;Ljava/lang/Object;)I @ 459
Event: 6,108 Thread 0x00007f3a9400a800 Uncommon trap: reason=class_check action=maybe_recompile pc=0x00007f3a9109c76c method=com.jcraft.jorbis.Mapping0.inverse(Lcom/jcraft/jorbis/Block;Ljava/lang/Object;)I @ 459
Event: 6,115 Thread 0x00007f3a9400a800 Uncommon trap: reason=class_check action=maybe_recompile pc=0x00007f3a9109c76c method=com.jcraft.jorbis.Mapping0.inverse(Lcom/jcraft/jorbis/Block;Ljava/lang/Object;)I @ 459
Event: 6,122 Thread 0x00007f3a9400a800 Uncommon trap: reason=class_check action=maybe_recompile pc=0x00007f3a9109c76c method=com.jcraft.jorbis.Mapping0.inverse(Lcom/jcraft/jorbis/Block;Ljava/lang/Object;)I @ 459

Internal exceptions (10 events):
Event: 10,875 Thread 0x00007f3a9400a800 Threw 0x00000000ceaf1c18 at /build/buildd/openjdk-7-7u51-2.4.4/build/openjdk/hotspot/src/share/vm/prims/jvm.cpp:1244
Event: 10,876 Thread 0x00007f3a9400a800 Threw 0x00000000ceaf38b0 at /build/buildd/openjdk-7-7u51-2.4.4/build/openjdk/hotspot/src/share/vm/prims/jvm.cpp:1244
Event: 10,877 Thread 0x00007f3a9400a800 Threw 0x00000000ceaf5348 at /build/buildd/openjdk-7-7u51-2.4.4/build/openjdk/hotspot/src/share/vm/prims/jvm.cpp:1244
Event: 10,893 Thread 0x00007f3a9400a800 Threw 0x00000000ceafc970 at /build/buildd/openjdk-7-7u51-2.4.4/build/openjdk/hotspot/src/share/vm/prims/jvm.cpp:1244
Event: 10,894 Thread 0x00007f3a9400a800 Threw 0x00000000ceafec30 at /build/buildd/openjdk-7-7u51-2.4.4/build/openjdk/hotspot/src/share/vm/prims/jvm.cpp:1244
Event: 10,896 Thread 0x00007f3a9400a800 Threw 0x00000000ceb00e80 at /build/buildd/openjdk-7-7u51-2.4.4/build/openjdk/hotspot/src/share/vm/prims/jvm.cpp:1244
Event: 10,898 Thread 0x00007f3a9400a800 Threw 0x00000000ceb04eb8 at /build/buildd/openjdk-7-7u51-2.4.4/build/openjdk/hotspot/src/share/vm/prims/jvm.cpp:1244
Event: 12,766 Thread 0x00007f3a9400a800 Threw 0x00000000ceb0de98 at /build/buildd/openjdk-7-7u51-2.4.4/build/openjdk/hotspot/src/share/vm/prims/jvm.cpp:1244
Event: 12,767 Thread 0x00007f3a9400a800 Threw 0x00000000ceb0f5e8 at /build/buildd/openjdk-7-7u51-2.4.4/build/openjdk/hotspot/src/share/vm/prims/jvm.cpp:1244
Event: 13,296 Thread 0x00007f3a9400a800 Threw 0x00000000ceb11f60 at /build/buildd/openjdk-7-7u51-2.4.4/build/openjdk/hotspot/src/share/vm/prims/jvm.cpp:1244

Events (10 events):
Event: 42,487 loading class 0x00007f3a94142690
Event: 42,487 loading class 0x00007f3a9484e8b0
Event: 42,487 loading class 0x00007f3a9484e8b0 done
Event: 42,487 loading class 0x00007f3a9484e8e0
Event: 42,487 loading class 0x00007f3a9484e8e0 done
Event: 42,487 loading class 0x00007f3a94142690 done
Event: 42,489 Thread 0x00007f3a947af800 Thread added: 0x00007f3a947af800
Event: 42,489 Thread 0x00007f3a947b9000 Thread exited: 0x00007f3a947b9000
Event: 42,676 Thread 0x00007f3a94096000 Thread exited: 0x00007f3a94096000
Event: 42,677 Executing VM operation: Exit


Dynamic libraries:
00400000-00401000 r-xp 00000000 fc:00 3675615                            /usr/lib/jvm/java-7-openjdk-amd64/jre/bin/java
00600000-00601000 r--p 00000000 fc:00 3675615                            /usr/lib/jvm/java-7-openjdk-amd64/jre/bin/java
00601000-00602000 rw-p 00001000 fc:00 3675615                            /usr/lib/jvm/java-7-openjdk-amd64/jre/bin/java
023fb000-0241c000 rw-p 00000000 00:00 0                                  [heap]
cc000000-d0270000 rw-p 00000000 00:00 0 
d0270000-d9e00000 rw-p 00000000 00:00 0 
d9e00000-e22d3000 rw-p 00000000 00:00 0 
e22d3000-f5a00000 rw-p 00000000 00:00 0 
f5a00000-f6ec0000 rw-p 00000000 00:00 0 
f6ec0000-100000000 rw-p 00000000 00:00 0 
7f3a5d568000-7f3a5d56b000 ---p 00000000 00:00 0 
7f3a5d56b000-7f3a5d669000 rw-p 00000000 00:00 0                          [stack:22677]
7f3a5d669000-7f3a5d66c000 ---p 00000000 00:00 0 
7f3a5d66c000-7f3a62d4e000 rw-p 00000000 00:00 0 
7f3a62d4e000-7f3a62d4f000 ---p 00000000 00:00 0 
7f3a62d4f000-7f3a62e4f000 rw-p 00000000 00:00 0                          [stack:22674]
7f3a62e4f000-7f3a66e50000 rw-s 00000000 00:13 200679                     /run/shm/pulse-shm-4006454770
7f3a66e50000-7f3a66e51000 ---p 00000000 00:00 0 
7f3a66e51000-7f3a67651000 rw-p 00000000 00:00 0                          [stack:22673]
7f3a67651000-7f3a67658000 r-xp 00000000 fc:00 2892090                    /usr/lib/x86_64-linux-gnu/libogg.so.0.8.1
7f3a67658000-7f3a67858000 ---p 00007000 fc:00 2892090                    /usr/lib/x86_64-linux-gnu/libogg.so.0.8.1
7f3a67858000-7f3a67859000 r--p 00007000 fc:00 2892090                    /usr/lib/x86_64-linux-gnu/libogg.so.0.8.1
7f3a67859000-7f3a6785a000 rw-p 00008000 fc:00 2892090                    /usr/lib/x86_64-linux-gnu/libogg.so.0.8.1
7f3a6785a000-7f3a67885000 r-xp 00000000 fc:00 2892321                    /usr/lib/x86_64-linux-gnu/libvorbis.so.0.4.5
7f3a67885000-7f3a67a85000 ---p 0002b000 fc:00 2892321                    /usr/lib/x86_64-linux-gnu/libvorbis.so.0.4.5
7f3a67a85000-7f3a67a86000 r--p 0002b000 fc:00 2892321                    /usr/lib/x86_64-linux-gnu/libvorbis.so.0.4.5
7f3a67a86000-7f3a67a87000 rw-p 0002c000 fc:00 2892321                    /usr/lib/x86_64-linux-gnu/libvorbis.so.0.4.5
7f3a67a87000-7f3a67d3a000 r-xp 00000000 fc:00 2892323                    /usr/lib/x86_64-linux-gnu/libvorbisenc.so.2.0.8
7f3a67d3a000-7f3a67f39000 ---p 002b3000 fc:00 2892323                    /usr/lib/x86_64-linux-gnu/libvorbisenc.so.2.0.8
7f3a67f39000-7f3a67f55000 r--p 002b2000 fc:00 2892323                    /usr/lib/x86_64-linux-gnu/libvorbisenc.so.2.0.8
7f3a67f55000-7f3a67f56000 rw-p 002ce000 fc:00 2892323                    /usr/lib/x86_64-linux-gnu/libvorbisenc.so.2.0.8
7f3a67f56000-7f3a67f85000 r-xp 00000000 fc:00 2891288                    /usr/lib/x86_64-linux-gnu/libFLAC.so.8.3.0
7f3a67f85000-7f3a68185000 ---p 0002f000 fc:00 2891288                    /usr/lib/x86_64-linux-gnu/libFLAC.so.8.3.0
7f3a68185000-7f3a68186000 r--p 0002f000 fc:00 2891288                    /usr/lib/x86_64-linux-gnu/libFLAC.so.8.3.0
7f3a68186000-7f3a68187000 rw-p 00030000 fc:00 2891288                    /usr/lib/x86_64-linux-gnu/libFLAC.so.8.3.0
7f3a68187000-7f3a6818c000 r-xp 00000000 fc:00 2891505                    /usr/lib/x86_64-linux-gnu/libasyncns.so.0.3.1
7f3a6818c000-7f3a6838b000 ---p 00005000 fc:00 2891505                    /usr/lib/x86_64-linux-gnu/libasyncns.so.0.3.1
7f3a6838b000-7f3a6838c000 r--p 00004000 fc:00 2891505                    /usr/lib/x86_64-linux-gnu/libasyncns.so.0.3.1
7f3a6838c000-7f3a6838d000 rw-p 00005000 fc:00 2891505                    /usr/lib/x86_64-linux-gnu/libasyncns.so.0.3.1
7f3a6838d000-7f3a683ee000 r-xp 00000000 fc:00 2892216                    /usr/lib/x86_64-linux-gnu/libsndfile.so.1.0.25
7f3a683ee000-7f3a685ee000 ---p 00061000 fc:00 2892216                    /usr/lib/x86_64-linux-gnu/libsndfile.so.1.0.25
7f3a685ee000-7f3a685f0000 r--p 00061000 fc:00 2892216                    /usr/lib/x86_64-linux-gnu/libsndfile.so.1.0.25
7f3a685f0000-7f3a685f1000 rw-p 00063000 fc:00 2892216                    /usr/lib/x86_64-linux-gnu/libsndfile.so.1.0.25
7f3a685f1000-7f3a685f5000 rw-p 00000000 00:00 0 
7f3a685f5000-7f3a685fd000 r-xp 00000000 fc:00 6557692                    /lib/x86_64-linux-gnu/libwrap.so.0.7.6
7f3a685fd000-7f3a687fd000 ---p 00008000 fc:00 6557692                    /lib/x86_64-linux-gnu/libwrap.so.0.7.6
7f3a687fd000-7f3a687fe000 r--p 00008000 fc:00 6557692                    /lib/x86_64-linux-gnu/libwrap.so.0.7.6
7f3a687fe000-7f3a687ff000 rw-p 00009000 fc:00 6557692                    /lib/x86_64-linux-gnu/libwrap.so.0.7.6
7f3a687ff000-7f3a68865000 r-xp 00000000 fc:00 3277648                    /usr/lib/x86_64-linux-gnu/pulseaudio/libpulsecommon-4.0.so
7f3a68865000-7f3a68a64000 ---p 00066000 fc:00 3277648                    /usr/lib/x86_64-linux-gnu/pulseaudio/libpulsecommon-4.0.so
7f3a68a64000-7f3a68a65000 r--p 00065000 fc:00 3277648                    /usr/lib/x86_64-linux-gnu/pulseaudio/libpulsecommon-4.0.so
7f3a68a65000-7f3a68a66000 rw-p 00066000 fc:00 3277648                    /usr/lib/x86_64-linux-gnu/pulseaudio/libpulsecommon-4.0.so
7f3a68a66000-7f3a68a6f000 r-xp 00000000 fc:00 6557577                    /lib/x86_64-linux-gnu/libjson-c.so.2.0.1
7f3a68a6f000-7f3a68c6e000 ---p 00009000 fc:00 6557577                    /lib/x86_64-linux-gnu/libjson-c.so.2.0.1
7f3a68c6e000-7f3a68c6f000 r--p 00008000 fc:00 6557577                    /lib/x86_64-linux-gnu/libjson-c.so.2.0.1
7f3a68c6f000-7f3a68c70000 rw-p 00009000 fc:00 6557577                    /lib/x86_64-linux-gnu/libjson-c.so.2.0.1
7f3a68c70000-7f3a68cb7000 r-xp 00000000 fc:00 2892153                    /usr/lib/x86_64-linux-gnu/libpulse.so.0.16.2
7f3a68cb7000-7f3a68eb7000 ---p 00047000 fc:00 2892153                    /usr/lib/x86_64-linux-gnu/libpulse.so.0.16.2
7f3a68eb7000-7f3a68eb8000 r--p 00047000 fc:00 2892153                    /usr/lib/x86_64-linux-gnu/libpulse.so.0.16.2
7f3a68eb8000-7f3a68eb9000 rw-p 00048000 fc:00 2892153                    /usr/lib/x86_64-linux-gnu/libpulse.so.0.16.2
7f3a68eb9000-7f3a68f0e000 r-xp 00000000 fc:00 2098387                    /home/alvin/workspace/Copy of Lumen/LWJGL Library/native/linux/libopenal64.so
7f3a68f0e000-7f3a6910d000 ---p 00055000 fc:00 2098387                    /home/alvin/workspace/Copy of Lumen/LWJGL Library/native/linux/libopenal64.so
7f3a6910d000-7f3a69110000 r--p 00054000 fc:00 2098387                    /home/alvin/workspace/Copy of Lumen/LWJGL Library/native/linux/libopenal64.so
7f3a69110000-7f3a69111000 rw-p 00057000 fc:00 2098387                    /home/alvin/workspace/Copy of Lumen/LWJGL Library/native/linux/libopenal64.so
7f3a69111000-7f3a69112000 rw-p 00000000 00:00 0 
7f3a69112000-7f3a69128000 r-xp 00000000 fc:00 3546263                    /usr/lib/jvm/java-7-openjdk-amd64/jre/lib/amd64/libnet.so
7f3a69128000-7f3a69327000 ---p 00016000 fc:00 3546263                    /usr/lib/jvm/java-7-openjdk-amd64/jre/lib/amd64/libnet.so
7f3a69327000-7f3a69328000 r--p 00015000 fc:00 3546263                    /usr/lib/jvm/java-7-openjdk-amd64/jre/lib/amd64/libnet.so
7f3a69328000-7f3a69329000 rw-p 00016000 fc:00 3546263                    /usr/lib/jvm/java-7-openjdk-amd64/jre/lib/amd64/libnet.so
7f3a69329000-7f3a69339000 r-xp 00000000 fc:00 3546284                    /usr/lib/jvm/java-7-openjdk-amd64/jre/lib/amd64/libnio.so
7f3a69339000-7f3a69539000 ---p 00010000 fc:00 3546284                    /usr/lib/jvm/java-7-openjdk-amd64/jre/lib/amd64/libnio.so
7f3a69539000-7f3a6953a000 r--p 00010000 fc:00 3546284                    /usr/lib/jvm/java-7-openjdk-amd64/jre/lib/amd64/libnio.so
7f3a6953a000-7f3a6953b000 rw-p 00011000 fc:00 3546284                    /usr/lib/jvm/java-7-openjdk-amd64/jre/lib/amd64/libnio.so
7f3a6953b000-7f3a6a68e000 rw-p 00000000 00:00 0 
7f3a6a68e000-7f3a6a6c0000 r-xp 00000000 fc:00 2892280                    /usr/lib/x86_64-linux-gnu/libtxc_dxtn_s2tc.so.0.0.0
7f3a6a6c0000-7f3a6a8bf000 ---p 00032000 fc:00 2892280                    /usr/lib/x86_64-linux-gnu/libtxc_dxtn_s2tc.so.0.0.0
7f3a6a8bf000-7f3a6a8c0000 r--p 00031000 fc:00 2892280                    /usr/lib/x86_64-linux-gnu/libtxc_dxtn_s2tc.so.0.0.0
7f3a6a8c0000-7f3a6a8c1000 rw-p 00032000 fc:00 2892280                    /usr/lib/x86_64-linux-gnu/libtxc_dxtn_s2tc.so.0.0.0
7f3a6a8c1000-7f3a6a935000 rw-p 00000000 00:00 0 
7f3a6a982000-7f3a6a98a000 r-xp 00000000 fc:00 2892122                    /usr/lib/x86_64-linux-gnu/libpciaccess.so.0.11.1
7f3a6a98a000-7f3a6ab89000 ---p 00008000 fc:00 2892122                    /usr/lib/x86_64-linux-gnu/libpciaccess.so.0.11.1
7f3a6ab89000-7f3a6ab8a000 r--p 00007000 fc:00 2892122                    /usr/lib/x86_64-linux-gnu/libpciaccess.so.0.11.1
7f3a6ab8a000-7f3a6ab8b000 rw-p 00008000 fc:00 2892122                    /usr/lib/x86_64-linux-gnu/libpciaccess.so.0.11.1
7f3a6ab8b000-7f3a6abaa000 r-xp 00000000 fc:00 2888072                    /usr/lib/x86_64-linux-gnu/libdrm_intel.so.1.0.0
7f3a6abaa000-7f3a6ada9000 ---p 0001f000 fc:00 2888072                    /usr/lib/x86_64-linux-gnu/libdrm_intel.so.1.0.0
7f3a6ada9000-7f3a6adaa000 r--p 0001e000 fc:00 2888072                    /usr/lib/x86_64-linux-gnu/libdrm_intel.so.1.0.0
7f3a6adaa000-7f3a6adab000 rw-p 0001f000 fc:00 2888072                    /usr/lib/x86_64-linux-gnu/libdrm_intel.so.1.0.0
7f3a6adab000-7f3a6b169000 r-xp 00000000 fc:00 2891639                    /usr/lib/x86_64-linux-gnu/libdricore9.2.1.so.1.0.0
7f3a6b169000-7f3a6b368000 ---p 003be000 fc:00 2891639                    /usr/lib/x86_64-linux-gnu/libdricore9.2.1.so.1.0.0
7f3a6b368000-7f3a6b378000 r--p 003bd000 fc:00 2891639                    /usr/lib/x86_64-linux-gnu/libdricore9.2.1.so.1.0.0
7f3a6b378000-7f3a6b380000 rw-p 003cd000 fc:00 2891639                    /usr/lib/x86_64-linux-gnu/libdricore9.2.1.so.1.0.0
7f3a6b380000-7f3a6b398000 rw-p 00000000 00:00 0 
7f3a6b398000-7f3a6b46d000 r-xp 00000000 fc:00 3148337                    /usr/lib/x86_64-linux-gnu/dri/i965_dri.so
7f3a6b46d000-7f3a6b66d000 ---p 000d5000 fc:00 3148337                    /usr/lib/x86_64-linux-gnu/dri/i965_dri.so
7f3a6b66d000-7f3a6b670000 r--p 000d5000 fc:00 3148337                    /usr/lib/x86_64-linux-gnu/dri/i965_dri.so
7f3a6b670000-7f3a6b672000 rw-p 000d8000 fc:00 3148337                    /usr/lib/x86_64-linux-gnu/dri/i965_dri.so
7f3a6b672000-7f3a6b673000 rw-p 00000000 00:00 0 
7f3a6b673000-7f3a6b67e000 r-xp 00000000 fc:00 2887841                    /usr/lib/x86_64-linux-gnu/libdrm.so.2.4.0
7f3a6b67e000-7f3a6b87d000 ---p 0000b000 fc:00 2887841                    /usr/lib/x86_64-linux-gnu/libdrm.so.2.4.0
7f3a6b87d000-7f3a6b87e000 r--p 0000a000 fc:00 2887841                    /usr/lib/x86_64-linux-gnu/libdrm.so.2.4.0
7f3a6b87e000-7f3a6b87f000 rw-p 0000b000 fc:00 2887841                    /usr/lib/x86_64-linux-gnu/libdrm.so.2.4.0
7f3a6b87f000-7f3a6b882000 r-xp 00000000 fc:00 2892353                    /usr/lib/x86_64-linux-gnu/libxcb-dri2.so.0.0.0
7f3a6b882000-7f3a6ba82000 ---p 00003000 fc:00 2892353                    /usr/lib/x86_64-linux-gnu/libxcb-dri2.so.0.0.0
7f3a6ba82000-7f3a6ba83000 r--p 00003000 fc:00 2892353                    /usr/lib/x86_64-linux-gnu/libxcb-dri2.so.0.0.0
7f3a6ba83000-7f3a6ba84000 rw-p 00004000 fc:00 2892353                    /usr/lib/x86_64-linux-gnu/libxcb-dri2.so.0.0.0
7f3a6ba84000-7f3a6ba99000 r-xp 00000000 fc:00 2892355                    /usr/lib/x86_64-linux-gnu/libxcb-glx.so.0.0.0
7f3a6ba99000-7f3a6bc98000 ---p 00015000 fc:00 2892355                    /usr/lib/x86_64-linux-gnu/libxcb-glx.so.0.0.0
7f3a6bc98000-7f3a6bc9a000 r--p 00014000 fc:00 2892355                    /usr/lib/x86_64-linux-gnu/libxcb-glx.so.0.0.0
7f3a6bc9a000-7f3a6bc9b000 rw-p 00016000 fc:00 2892355                    /usr/lib/x86_64-linux-gnu/libxcb-glx.so.0.0.0
7f3a6bc9b000-7f3a6bc9c000 r-xp 00000000 fc:00 2891421                    /usr/lib/x86_64-linux-gnu/libX11-xcb.so.1.0.0
7f3a6bc9c000-7f3a6be9b000 ---p 00001000 fc:00 2891421                    /usr/lib/x86_64-linux-gnu/libX11-xcb.so.1.0.0
7f3a6be9b000-7f3a6be9c000 r--p 00000000 fc:00 2891421                    /usr/lib/x86_64-linux-gnu/libX11-xcb.so.1.0.0
7f3a6be9c000-7f3a6be9d000 rw-p 00001000 fc:00 2891421                    /usr/lib/x86_64-linux-gnu/libX11-xcb.so.1.0.0
7f3a6be9d000-7f3a6bebe000 r-xp 00000000 fc:00 2891782                    /usr/lib/x86_64-linux-gnu/libglapi.so.0.0.0
7f3a6bebe000-7f3a6c0be000 ---p 00021000 fc:00 2891782                    /usr/lib/x86_64-linux-gnu/libglapi.so.0.0.0
7f3a6c0be000-7f3a6c0c1000 r--p 00021000 fc:00 2891782                    /usr/lib/x86_64-linux-gnu/libglapi.so.0.0.0
7f3a6c0c1000-7f3a6c0c2000 rw-p 00024000 fc:00 2891782                    /usr/lib/x86_64-linux-gnu/libglapi.so.0.0.0
7f3a6c0c2000-7f3a6c0c3000 rw-p 00000000 00:00 0 
7f3a6c0c3000-7f3a6c11d000 r-xp 00000000 fc:00 3277591                    /usr/lib/x86_64-linux-gnu/mesa/libGL.so.1.2.0
7f3a6c11d000-7f3a6c31d000 ---p 0005a000 fc:00 3277591                    /usr/lib/x86_64-linux-gnu/mesa/libGL.so.1.2.0
7f3a6c31d000-7f3a6c31f000 r--p 0005a000 fc:00 3277591                    /usr/lib/x86_64-linux-gnu/mesa/libGL.so.1.2.0
7f3a6c31f000-7f3a6c320000 rw-p 0005c000 fc:00 3277591                    /usr/lib/x86_64-linux-gnu/mesa/libGL.so.1.2.0
7f3a6c320000-7f3a6c321000 rw-p 00000000 00:00 0 
7f3a6c321000-7f3a6c325000 r-xp 00000000 fc:00 2891472                    /usr/lib/x86_64-linux-gnu/libXxf86vm.so.1.0.0
7f3a6c325000-7f3a6c525000 ---p 00004000 fc:00 2891472                    /usr/lib/x86_64-linux-gnu/libXxf86vm.so.1.0.0
7f3a6c525000-7f3a6c526000 r--p 00004000 fc:00 2891472                    /usr/lib/x86_64-linux-gnu/libXxf86vm.so.1.0.0
7f3a6c526000-7f3a6c527000 rw-p 00005000 fc:00 2891472                    /usr/lib/x86_64-linux-gnu/libXxf86vm.so.1.0.0
7f3a6c527000-7f3a6c591000 r-xp 00000000 fc:00 2098385                    /home/alvin/workspace/Copy of Lumen/LWJGL Library/native/linux/liblwjgl64.so
7f3a6c591000-7f3a6c791000 ---p 0006a000 fc:00 2098385                    /home/alvin/workspace/Copy of Lumen/LWJGL Library/native/linux/liblwjgl64.so
7f3a6c791000-7f3a6c793000 r--p 0006a000 fc:00 2098385                    /home/alvin/workspace/Copy of Lumen/LWJGL Library/native/linux/liblwjgl64.so
7f3a6c793000-7f3a6c794000 rw-p 0006c000 fc:00 2098385                    /home/alvin/workspace/Copy of Lumen/LWJGL Library/native/linux/liblwjgl64.so
7f3a6c794000-7f3a6c795000 r-xp 00000000 fc:00 3546274                    /usr/lib/jvm/java-7-openjdk-amd64/jre/lib/amd64/libjawt.so
7f3a6c795000-7f3a6c994000 ---p 00001000 fc:00 3546274                    /usr/lib/jvm/java-7-openjdk-amd64/jre/lib/amd64/libjawt.so
7f3a6c994000-7f3a6c995000 r--p 00000000 fc:00 3546274                    /usr/lib/jvm/java-7-openjdk-amd64/jre/lib/amd64/libjawt.so
7f3a6c995000-7f3a6c996000 rw-p 00001000 fc:00 3546274                    /usr/lib/jvm/java-7-openjdk-amd64/jre/lib/amd64/libjawt.so
7f3a6c996000-7f3a6c999000 ---p 00000000 00:00 0 
7f3a6c999000-7f3a6ca97000 rw-p 00000000 00:00 0                          [stack:22664]
7f3a6ca97000-7f3a6ca9b000 r-xp 00000000 fc:00 6557568                    /lib/x86_64-linux-gnu/libgpg-error.so.0.10.0
7f3a6ca9b000-7f3a6cc9a000 ---p 00004000 fc:00 6557568                    /lib/x86_64-linux-gnu/libgpg-error.so.0.10.0
7f3a6cc9a000-7f3a6cc9b000 r--p 00003000 fc:00 6557568                    /lib/x86_64-linux-gnu/libgpg-error.so.0.10.0
7f3a6cc9b000-7f3a6cc9c000 rw-p 00004000 fc:00 6557568                    /lib/x86_64-linux-gnu/libgpg-error.so.0.10.0
7f3a6cc9c000-7f3a6cc9e000 r-xp 00000000 fc:00 6557580                    /lib/x86_64-linux-gnu/libkeyutils.so.1.4
7f3a6cc9e000-7f3a6ce9e000 ---p 00002000 fc:00 6557580                    /lib/x86_64-linux-gnu/libkeyutils.so.1.4
7f3a6ce9e000-7f3a6ce9f000 r--p 00002000 fc:00 6557580                    /lib/x86_64-linux-gnu/libkeyutils.so.1.4
7f3a6ce9f000-7f3a6cea0000 rw-p 00003000 fc:00 6557580                    /lib/x86_64-linux-gnu/libkeyutils.so.1.4
7f3a6cea0000-7f3a6ceb8000 r-xp 00000000 fc:00 2891824                    /usr/lib/x86_64-linux-gnu/libgraphite2.so.3.0.1
7f3a6ceb8000-7f3a6d0b7000 ---p 00018000 fc:00 2891824                    /usr/lib/x86_64-linux-gnu/libgraphite2.so.3.0.1
7f3a6d0b7000-7f3a6d0b9000 r--p 00017000 fc:00 2891824                    /usr/lib/x86_64-linux-gnu/libgraphite2.so.3.0.1
7f3a6d0b9000-7f3a6d0ba000 rw-p 00019000 fc:00 2891824                    /usr/lib/x86_64-linux-gnu/libgraphite2.so.3.0.1
7f3a6d0ba000-7f3a6d0fe000 r-xp 00000000 fc:00 6557549                    /lib/x86_64-linux-gnu/libdbus-1.so.3.7.4
7f3a6d0fe000-7f3a6d2fd000 ---p 00044000 fc:00 6557549                    /lib/x86_64-linux-gnu/libdbus-1.so.3.7.4
7f3a6d2fd000-7f3a6d2fe000 r--p 00043000 fc:00 6557549                    /lib/x86_64-linux-gnu/libdbus-1.so.3.7.4
7f3a6d2fe000-7f3a6d2ff000 rw-p 00044000 fc:00 6557549                    /lib/x86_64-linux-gnu/libdbus-1.so.3.7.4
7f3a6d2ff000-7f3a6d31d000 r-xp 00000000 fc:00 2892098                    /usr/lib/x86_64-linux-gnu/libp11-kit.so.0.0.0
7f3a6d31d000-7f3a6d51c000 ---p 0001e000 fc:00 2892098                    /usr/lib/x86_64-linux-gnu/libp11-kit.so.0.0.0
7f3a6d51c000-7f3a6d51e000 r--p 0001d000 fc:00 2892098                    /usr/lib/x86_64-linux-gnu/libp11-kit.so.0.0.0
7f3a6d51e000-7f3a6d51f000 rw-p 0001f000 fc:00 2892098                    /usr/lib/x86_64-linux-gnu/libp11-kit.so.0.0.0
7f3a6d51f000-7f3a6d52f000 r-xp 00000000 fc:00 2892252                    /usr/lib/x86_64-linux-gnu/libtasn1.so.3.2.0
7f3a6d52f000-7f3a6d72e000 ---p 00010000 fc:00 2892252                    /usr/lib/x86_64-linux-gnu/libtasn1.so.3.2.0
7f3a6d72e000-7f3a6d72f000 r--p 0000f000 fc:00 2892252                    /usr/lib/x86_64-linux-gnu/libtasn1.so.3.2.0
7f3a6d72f000-7f3a6d730000 rw-p 00010000 fc:00 2892252                    /usr/lib/x86_64-linux-gnu/libtasn1.so.3.2.0
7f3a6d730000-7f3a6d7aa000 r-xp 00000000 fc:00 6557564                    /lib/x86_64-linux-gnu/libgcrypt.so.11.7.0
7f3a6d7aa000-7f3a6d9aa000 ---p 0007a000 fc:00 6557564                    /lib/x86_64-linux-gnu/libgcrypt.so.11.7.0
7f3a6d9aa000-7f3a6d9ab000 r--p 0007a000 fc:00 6557564                    /lib/x86_64-linux-gnu/libgcrypt.so.11.7.0
7f3a6d9ab000-7f3a6d9ae000 rw-p 0007b000 fc:00 6557564                    /lib/x86_64-linux-gnu/libgcrypt.so.11.7.0
7f3a6d9ae000-7f3a6d9b5000 r-xp 00000000 fc:00 2891997                    /usr/lib/x86_64-linux-gnu/libkrb5support.so.0.1
7f3a6d9b5000-7f3a6dbb4000 ---p 00007000 fc:00 2891997                    /usr/lib/x86_64-linux-gnu/libkrb5support.so.0.1
7f3a6dbb4000-7f3a6dbb5000 r--p 00006000 fc:00 2891997                    /usr/lib/x86_64-linux-gnu/libkrb5support.so.0.1
7f3a6dbb5000-7f3a6dbb6000 rw-p 00007000 fc:00 2891997                    /usr/lib/x86_64-linux-gnu/libkrb5support.so.0.1
7f3a6dbb6000-7f3a6dbb9000 r-xp 00000000 fc:00 6557544                    /lib/x86_64-linux-gnu/libcom_err.so.2.1
7f3a6dbb9000-7f3a6ddb8000 ---p 00003000 fc:00 6557544                    /lib/x86_64-linux-gnu/libcom_err.so.2.1
7f3a6ddb8000-7f3a6ddb9000 r--p 00002000 fc:00 6557544                    /lib/x86_64-linux-gnu/libcom_err.so.2.1
7f3a6ddb9000-7f3a6ddba000 rw-p 00003000 fc:00 6557544                    /lib/x86_64-linux-gnu/libcom_err.so.2.1
7f3a6ddba000-7f3a6dde0000 r-xp 00000000 fc:00 2891991                    /usr/lib/x86_64-linux-gnu/libk5crypto.so.3.1
7f3a6dde0000-7f3a6dfdf000 ---p 00026000 fc:00 2891991                    /usr/lib/x86_64-linux-gnu/libk5crypto.so.3.1
7f3a6dfdf000-7f3a6dfe0000 r--p 00025000 fc:00 2891991                    /usr/lib/x86_64-linux-gnu/libk5crypto.so.3.1
7f3a6dfe0000-7f3a6dfe1000 rw-p 00026000 fc:00 2891991                    /usr/lib/x86_64-linux-gnu/libk5crypto.so.3.1
7f3a6dfe1000-7f3a6dfe2000 rw-p 00000000 00:00 0 
7f3a6dfe2000-7f3a6e0a7000 r-xp 00000000 fc:00 2891995                    /usr/lib/x86_64-linux-gnu/libkrb5.so.3.3
7f3a6e0a7000-7f3a6e2a6000 ---p 000c5000 fc:00 2891995                    /usr/lib/x86_64-linux-gnu/libkrb5.so.3.3
7f3a6e2a6000-7f3a6e2b0000 r--p 000c4000 fc:00 2891995                    /usr/lib/x86_64-linux-gnu/libkrb5.so.3.3
7f3a6e2b0000-7f3a6e2b1000 rw-p 000ce000 fc:00 2891995                    /usr/lib/x86_64-linux-gnu/libkrb5.so.3.3
7f3a6e2b1000-7f3a6e2b7000 r-xp 00000000 fc:00 2891616                    /usr/lib/x86_64-linux-gnu/libdatrie.so.1.2.0
7f3a6e2b7000-7f3a6e4b6000 ---p 00006000 fc:00 2891616                    /usr/lib/x86_64-linux-gnu/libdatrie.so.1.2.0
7f3a6e4b6000-7f3a6e4b7000 r--p 00005000 fc:00 2891616                    /usr/lib/x86_64-linux-gnu/libdatrie.so.1.2.0
7f3a6e4b7000-7f3a6e4b8000 rw-p 00006000 fc:00 2891616                    /usr/lib/x86_64-linux-gnu/libdatrie.so.1.2.0
7f3a6e4b8000-7f3a6e508000 r-xp 00000000 fc:00 2891932                    /usr/lib/x86_64-linux-gnu/libharfbuzz.so.0.919.0
7f3a6e508000-7f3a6e708000 ---p 00050000 fc:00 2891932                    /usr/lib/x86_64-linux-gnu/libharfbuzz.so.0.919.0
7f3a6e708000-7f3a6e709000 r--p 00050000 fc:00 2891932                    /usr/lib/x86_64-linux-gnu/libharfbuzz.so.0.919.0
7f3a6e709000-7f3a6e70a000 rw-p 00051000 fc:00 2891932                    /usr/lib/x86_64-linux-gnu/libharfbuzz.so.0.919.0
7f3a6e70a000-7f3a6e712000 r-xp 00000000 fc:00 2892367                    /usr/lib/x86_64-linux-gnu/libxcb-render.so.0.0.0
7f3a6e712000-7f3a6e911000 ---p 00008000 fc:00 2892367                    /usr/lib/x86_64-linux-gnu/libxcb-render.so.0.0.0
7f3a6e911000-7f3a6e912000 r--p 00007000 fc:00 2892367                    /usr/lib/x86_64-linux-gnu/libxcb-render.so.0.0.0
7f3a6e912000-7f3a6e913000 rw-p 00008000 fc:00 2892367                    /usr/lib/x86_64-linux-gnu/libxcb-render.so.0.0.0
7f3a6e913000-7f3a6e915000 r-xp 00000000 fc:00 2892371                    /usr/lib/x86_64-linux-gnu/libxcb-shm.so.0.0.0
7f3a6e915000-7f3a6eb14000 ---p 00002000 fc:00 2892371                    /usr/lib/x86_64-linux-gnu/libxcb-shm.so.0.0.0
7f3a6eb14000-7f3a6eb15000 r--p 00001000 fc:00 2892371                    /usr/lib/x86_64-linux-gnu/libxcb-shm.so.0.0.0
7f3a6eb15000-7f3a6eb16000 rw-p 00002000 fc:00 2892371                    /usr/lib/x86_64-linux-gnu/libxcb-shm.so.0.0.0
7f3a6eb16000-7f3a6eb3b000 r-xp 00000000 fc:00 6557647                    /lib/x86_64-linux-gnu/libpng12.so.0.49.0
7f3a6eb3b000-7f3a6ed3a000 ---p 00025000 fc:00 6557647                    /lib/x86_64-linux-gnu/libpng12.so.0.49.0
7f3a6ed3a000-7f3a6ed3b000 r--p 00024000 fc:00 6557647                    /lib/x86_64-linux-gnu/libpng12.so.0.49.0
7f3a6ed3b000-7f3a6ed3c000 rw-p 00025000 fc:00 6557647                    /lib/x86_64-linux-gnu/libpng12.so.0.49.0
7f3a6ed3c000-7f3a6eddd000 r-xp 00000000 fc:00 2890002                    /usr/lib/x86_64-linux-gnu/libpixman-1.so.0.30.2
7f3a6eddd000-7f3a6efdd000 ---p 000a1000 fc:00 2890002                    /usr/lib/x86_64-linux-gnu/libpixman-1.so.0.30.2
7f3a6efdd000-7f3a6efe4000 r--p 000a1000 fc:00 2890002                    /usr/lib/x86_64-linux-gnu/libpixman-1.so.0.30.2
7f3a6efe4000-7f3a6efe5000 rw-p 000a8000 fc:00 2890002                    /usr/lib/x86_64-linux-gnu/libpixman-1.so.0.30.2
7f3a6efe5000-7f3a6efea000 r-xp 00000000 fc:00 2891438                    /usr/lib/x86_64-linux-gnu/libXdmcp.so.6.0.0
7f3a6efea000-7f3a6f1e9000 ---p 00005000 fc:00 2891438                    /usr/lib/x86_64-linux-gnu/libXdmcp.so.6.0.0
7f3a6f1e9000-7f3a6f1ea000 r--p 00004000 fc:00 2891438                    /usr/lib/x86_64-linux-gnu/libXdmcp.so.6.0.0
7f3a6f1ea000-7f3a6f1eb000 rw-p 00005000 fc:00 2891438                    /usr/lib/x86_64-linux-gnu/libXdmcp.so.6.0.0
7f3a6f1eb000-7f3a6f1ed000 r-xp 00000000 fc:00 2891427                    /usr/lib/x86_64-linux-gnu/libXau.so.6.0.0
7f3a6f1ed000-7f3a6f3ed000 ---p 00002000 fc:00 2891427                    /usr/lib/x86_64-linux-gnu/libXau.so.6.0.0
7f3a6f3ed000-7f3a6f3ee000 r--p 00002000 fc:00 2891427                    /usr/lib/x86_64-linux-gnu/libXau.so.6.0.0
7f3a6f3ee000-7f3a6f3ef000 rw-p 00003000 fc:00 2891427                    /usr/lib/x86_64-linux-gnu/libXau.so.6.0.0
7f3a6f3ef000-7f3a6f3fe000 r-xp 00000000 fc:00 2887850                    /usr/lib/x86_64-linux-gnu/libavahi-client.so.3.2.9
7f3a6f3fe000-7f3a6f5fe000 ---p 0000f000 fc:00 2887850                    /usr/lib/x86_64-linux-gnu/libavahi-client.so.3.2.9
7f3a6f5fe000-7f3a6f5ff000 r--p 0000f000 fc:00 2887850                    /usr/lib/x86_64-linux-gnu/libavahi-client.so.3.2.9
7f3a6f5ff000-7f3a6f600000 rw-p 00010000 fc:00 2887850                    /usr/lib/x86_64-linux-gnu/libavahi-client.so.3.2.9
7f3a6f600000-7f3a6f60b000 r-xp 00000000 fc:00 2884006                    /usr/lib/x86_64-linux-gnu/libavahi-common.so.3.5.3
7f3a6f60b000-7f3a6f80a000 ---p 0000b000 fc:00 2884006                    /usr/lib/x86_64-linux-gnu/libavahi-common.so.3.5.3
7f3a6f80a000-7f3a6f80b000 r--p 0000a000 fc:00 2884006                    /usr/lib/x86_64-linux-gnu/libavahi-common.so.3.5.3
7f3a6f80b000-7f3a6f80c000 rw-p 0000b000 fc:00 2884006                    /usr/lib/x86_64-linux-gnu/libavahi-common.so.3.5.3
7f3a6f80c000-7f3a6f8c2000 r-xp 00000000 fc:00 2888317                    /usr/lib/x86_64-linux-gnu/libgnutls.so.26.22.6
7f3a6f8c2000-7f3a6fac2000 ---p 000b6000 fc:00 2888317                    /usr/lib/x86_64-linux-gnu/libgnutls.so.26.22.6
7f3a6fac2000-7f3a6fac8000 r--p 000b6000 fc:00 2888317                    /usr/lib/x86_64-linux-gnu/libgnutls.so.26.22.6
7f3a6fac8000-7f3a6fac9000 rw-p 000bc000 fc:00 2888317                    /usr/lib/x86_64-linux-gnu/libgnutls.so.26.22.6
7f3a6fac9000-7f3a6faca000 rw-p 00000000 00:00 0 
7f3a6faca000-7f3a6fb05000 r-xp 00000000 fc:00 2891830                    /usr/lib/x86_64-linux-gnu/libgssapi_krb5.so.2.2
7f3a6fb05000-7f3a6fd05000 ---p 0003b000 fc:00 2891830                    /usr/lib/x86_64-linux-gnu/libgssapi_krb5.so.2.2
7f3a6fd05000-7f3a6fd06000 r--p 0003b000 fc:00 2891830                    /usr/lib/x86_64-linux-gnu/libgssapi_krb5.so.2.2
7f3a6fd06000-7f3a6fd08000 rw-p 0003c000 fc:00 2891830                    /usr/lib/x86_64-linux-gnu/libgssapi_krb5.so.2.2
7f3a6fd08000-7f3a6fd45000 r-xp 00000000 fc:00 6557635                    /lib/x86_64-linux-gnu/libpcre.so.3.13.1
7f3a6fd45000-7f3a6ff45000 ---p 0003d000 fc:00 6557635                    /lib/x86_64-linux-gnu/libpcre.so.3.13.1
7f3a6ff45000-7f3a6ff46000 r--p 0003d000 fc:00 6557635                    /lib/x86_64-linux-gnu/libpcre.so.3.13.1
7f3a6ff46000-7f3a6ff47000 rw-p 0003e000 fc:00 6557635                    /lib/x86_64-linux-gnu/libpcre.so.3.13.1
7f3a6ff47000-7f3a6ff4e000 r-xp 00000000 fc:00 2891675                    /usr/lib/x86_64-linux-gnu/libffi.so.6.0.1
7f3a6ff4e000-7f3a7014d000 ---p 00007000 fc:00 2891675                    /usr/lib/x86_64-linux-gnu/libffi.so.6.0.1
7f3a7014d000-7f3a7014e000 r--p 00006000 fc:00 2891675                    /usr/lib/x86_64-linux-gnu/libffi.so.6.0.1
7f3a7014e000-7f3a7014f000 rw-p 00007000 fc:00 2891675                    /usr/lib/x86_64-linux-gnu/libffi.so.6.0.1
7f3a7014f000-7f3a70176000 r-xp 00000000 fc:00 6557557                    /lib/x86_64-linux-gnu/libexpat.so.1.6.0
7f3a70176000-7f3a70376000 ---p 00027000 fc:00 6557557                    /lib/x86_64-linux-gnu/libexpat.so.1.6.0
7f3a70376000-7f3a70378000 r--p 00027000 fc:00 6557557                    /lib/x86_64-linux-gnu/libexpat.so.1.6.0
7f3a70378000-7f3a70379000 rw-p 00029000 fc:00 6557557                    /lib/x86_64-linux-gnu/libexpat.so.1.6.0
7f3a70379000-7f3a70415000 r-xp 00000000 fc:00 2891717                    /usr/lib/x86_64-linux-gnu/libfreetype.so.6.10.1
7f3a70415000-7f3a70615000 ---p 0009c000 fc:00 2891717                    /usr/lib/x86_64-linux-gnu/libfreetype.so.6.10.1
7f3a70615000-7f3a7061a000 r--p 0009c000 fc:00 2891717                    /usr/lib/x86_64-linux-gnu/libfreetype.so.6.10.1
7f3a7061a000-7f3a7061b000 rw-p 000a1000 fc:00 2891717                    /usr/lib/x86_64-linux-gnu/libfreetype.so.6.10.1
7f3a7061b000-7f3a70623000 r-xp 00000000 fc:00 2892264                    /usr/lib/x86_64-linux-gnu/libthai.so.0.2.0
7f3a70623000-7f3a70822000 ---p 00008000 fc:00 2892264                    /usr/lib/x86_64-linux-gnu/libthai.so.0.2.0
7f3a70822000-7f3a70823000 r--p 00007000 fc:00 2892264                    /usr/lib/x86_64-linux-gnu/libthai.so.0.2.0
7f3a70823000-7f3a70824000 rw-p 00008000 fc:00 2892264                    /usr/lib/x86_64-linux-gnu/libthai.so.0.2.0
7f3a70824000-7f3a7083a000 r-xp 00000000 fc:00 6557658                    /lib/x86_64-linux-gnu/libresolv-2.17.so
7f3a7083a000-7f3a70a3a000 ---p 00016000 fc:00 6557658                    /lib/x86_64-linux-gnu/libresolv-2.17.so
7f3a70a3a000-7f3a70a3b000 r--p 00016000 fc:00 6557658                    /lib/x86_64-linux-gnu/libresolv-2.17.so
7f3a70a3b000-7f3a70a3c000 rw-p 00017000 fc:00 6557658                    /lib/x86_64-linux-gnu/libresolv-2.17.so
7f3a70a3c000-7f3a70a3e000 rw-p 00000000 00:00 0 
7f3a70a3e000-7f3a70a5d000 r-xp 00000000 fc:00 6557662                    /lib/x86_64-linux-gnu/libselinux.so.1
7f3a70a5d000-7f3a70c5d000 ---p 0001f000 fc:00 6557662                    /lib/x86_64-linux-gnu/libselinux.so.1
7f3a70c5d000-7f3a70c5e000 r--p 0001f000 fc:00 6557662                    /lib/x86_64-linux-gnu/libselinux.so.1
7f3a70c5e000-7f3a70c5f000 rw-p 00020000 fc:00 6557662                    /lib/x86_64-linux-gnu/libselinux.so.1
7f3a70c5f000-7f3a70c60000 rw-p 00000000 00:00 0 
7f3a70c60000-7f3a70c62000 r-xp 00000000 fc:00 2891436                    /usr/lib/x86_64-linux-gnu/libXdamage.so.1.1.0
7f3a70c62000-7f3a70e61000 ---p 00002000 fc:00 2891436                    /usr/lib/x86_64-linux-gnu/libXdamage.so.1.1.0
7f3a70e61000-7f3a70e62000 r--p 00001000 fc:00 2891436                    /usr/lib/x86_64-linux-gnu/libXdamage.so.1.1.0
7f3a70e62000-7f3a70e63000 rw-p 00002000 fc:00 2891436                    /usr/lib/x86_64-linux-gnu/libXdamage.so.1.1.0
7f3a70e63000-7f3a70e65000 r-xp 00000000 fc:00 2891432                    /usr/lib/x86_64-linux-gnu/libXcomposite.so.1.0.0
7f3a70e65000-7f3a71064000 ---p 00002000 fc:00 2891432                    /usr/lib/x86_64-linux-gnu/libXcomposite.so.1.0.0
7f3a71064000-7f3a71065000 r--p 00001000 fc:00 2891432                    /usr/lib/x86_64-linux-gnu/libXcomposite.so.1.0.0
7f3a71065000-7f3a71066000 rw-p 00002000 fc:00 2891432                    /usr/lib/x86_64-linux-gnu/libXcomposite.so.1.0.0
7f3a71066000-7f3a7106f000 r-xp 00000000 fc:00 2891434                    /usr/lib/x86_64-linux-gnu/libXcursor.so.1.0.2
7f3a7106f000-7f3a7126e000 ---p 00009000 fc:00 2891434                    /usr/lib/x86_64-linux-gnu/libXcursor.so.1.0.2
7f3a7126e000-7f3a7126f000 r--p 00008000 fc:00 2891434                    /usr/lib/x86_64-linux-gnu/libXcursor.so.1.0.2
7f3a7126f000-7f3a71270000 rw-p 00009000 fc:00 2891434                    /usr/lib/x86_64-linux-gnu/libXcursor.so.1.0.2
7f3a71270000-7f3a71279000 r-xp 00000000 fc:00 2891460                    /usr/lib/x86_64-linux-gnu/libXrandr.so.2.2.0
7f3a71279000-7f3a71478000 ---p 00009000 fc:00 2891460                    /usr/lib/x86_64-linux-gnu/libXrandr.so.2.2.0
7f3a71478000-7f3a71479000 r--p 00008000 fc:00 2891460                    /usr/lib/x86_64-linux-gnu/libXrandr.so.2.2.0
7f3a71479000-7f3a7147a000 rw-p 00009000 fc:00 2891460                    /usr/lib/x86_64-linux-gnu/libXrandr.so.2.2.0
7f3a7147a000-7f3a7147c000 r-xp 00000000 fc:00 2891450                    /usr/lib/x86_64-linux-gnu/libXinerama.so.1.0.0
7f3a7147c000-7f3a7167b000 ---p 00002000 fc:00 2891450                    /usr/lib/x86_64-linux-gnu/libXinerama.so.1.0.0
7f3a7167b000-7f3a7167c000 r--p 00001000 fc:00 2891450                    /usr/lib/x86_64-linux-gnu/libXinerama.so.1.0.0
7f3a7167c000-7f3a7167d000 rw-p 00002000 fc:00 2891450                    /usr/lib/x86_64-linux-gnu/libXinerama.so.1.0.0
7f3a7167d000-7f3a71691000 r-xp 00000000 fc:00 2892110                    /usr/lib/x86_64-linux-gnu/libpangoft2-1.0.so.0.3200.5
7f3a71691000-7f3a71890000 ---p 00014000 fc:00 2892110                    /usr/lib/x86_64-linux-gnu/libpangoft2-1.0.so.0.3200.5
7f3a71890000-7f3a71891000 r--p 00013000 fc:00 2892110                    /usr/lib/x86_64-linux-gnu/libpangoft2-1.0.so.0.3200.5
7f3a71891000-7f3a71892000 rw-p 00014000 fc:00 2892110                    /usr/lib/x86_64-linux-gnu/libpangoft2-1.0.so.0.3200.5
7f3a71892000-7f3a71996000 r-xp 00000000 fc:00 2891547                    /usr/lib/x86_64-linux-gnu/libcairo.so.2.11200.16
7f3a71996000-7f3a71b95000 ---p 00104000 fc:00 2891547                    /usr/lib/x86_64-linux-gnu/libcairo.so.2.11200.16
7f3a71b95000-7f3a71b98000 r--p 00103000 fc:00 2891547                    /usr/lib/x86_64-linux-gnu/libcairo.so.2.11200.16
7f3a71b98000-7f3a71b99000 rw-p 00106000 fc:00 2891547                    /usr/lib/x86_64-linux-gnu/libcairo.so.2.11200.16
7f3a71b99000-7f3a71b9b000 rw-p 00000000 00:00 0 
7f3a71b9b000-7f3a71bba000 r-xp 00000000 fc:00 2891507                    /usr/lib/x86_64-linux-gnu/libatk-1.0.so.0.21009.1
7f3a71bba000-7f3a71dba000 ---p 0001f000 fc:00 2891507                    /usr/lib/x86_64-linux-gnu/libatk-1.0.so.0.21009.1
7f3a71dba000-7f3a71dbc000 r--p 0001f000 fc:00 2891507                    /usr/lib/x86_64-linux-gnu/libatk-1.0.so.0.21009.1
7f3a71dbc000-7f3a71dbd000 rw-p 00021000 fc:00 2891507                    /usr/lib/x86_64-linux-gnu/libatk-1.0.so.0.21009.1
7f3a71dbd000-7f3a71dc2000 r-xp 00000000 fc:00 2891442                    /usr/lib/x86_64-linux-gnu/libXfixes.so.3.1.0
7f3a71dc2000-7f3a71fc1000 ---p 00005000 fc:00 2891442                    /usr/lib/x86_64-linux-gnu/libXfixes.so.3.1.0
7f3a71fc1000-7f3a71fc2000 r--p 00004000 fc:00 2891442                    /usr/lib/x86_64-linux-gnu/libXfixes.so.3.1.0
7f3a71fc2000-7f3a71fc3000 rw-p 00005000 fc:00 2891442                    /usr/lib/x86_64-linux-gnu/libXfixes.so.3.1.0
7f3a71fc3000-7f3a71fce000 r-xp 00000000 fc:00 2892108                    /usr/lib/x86_64-linux-gnu/libpangocairo-1.0.so.0.3200.5
7f3a71fce000-7f3a721ce000 ---p 0000b000 fc:00 2892108                    /usr/lib/x86_64-linux-gnu/libpangocairo-1.0.so.0.3200.5
7f3a721ce000-7f3a721cf000 r--p 0000b000 fc:00 2892108                    /usr/lib/x86_64-linux-gnu/libpangocairo-1.0.so.0.3200.5
7f3a721cf000-7f3a721d0000 rw-p 0000c000 fc:00 2892108                    /usr/lib/x86_64-linux-gnu/libpangocairo-1.0.so.0.3200.5
7f3a721d0000-7f3a721d3000 r-xp 00000000 fc:00 2888049                    /usr/lib/x86_64-linux-gnu/libgmodule-2.0.so.0.3800.1
7f3a721d3000-7f3a723d2000 ---p 00003000 fc:00 2888049                    /usr/lib/x86_64-linux-gnu/libgmodule-2.0.so.0.3800.1
7f3a723d2000-7f3a723d3000 r--p 00002000 fc:00 2888049                    /usr/lib/x86_64-linux-gnu/libgmodule-2.0.so.0.3800.1
7f3a723d3000-7f3a723d4000 rw-p 00003000 fc:00 2888049                    /usr/lib/x86_64-linux-gnu/libgmodule-2.0.so.0.3800.1
7f3a723d4000-7f3a723f1000 r-xp 00000000 fc:00 2892379                    /usr/lib/x86_64-linux-gnu/libxcb.so.1.1.0
7f3a723f1000-7f3a725f0000 ---p 0001d000 fc:00 2892379                    /usr/lib/x86_64-linux-gnu/libxcb.so.1.1.0
7f3a725f0000-7f3a725f1000 r--p 0001c000 fc:00 2892379                    /usr/lib/x86_64-linux-gnu/libxcb.so.1.1.0
7f3a725f1000-7f3a725f2000 rw-p 0001d000 fc:00 2892379                    /usr/lib/x86_64-linux-gnu/libxcb.so.1.1.0
7f3a725f2000-7f3a7265e000 r-xp 00000000 fc:00 2884101                    /usr/lib/x86_64-linux-gnu/libcups.so.2
7f3a7265e000-7f3a7285d000 ---p 0006c000 fc:00 2884101                    /usr/lib/x86_64-linux-gnu/libcups.so.2
7f3a7285d000-7f3a72864000 r--p 0006b000 fc:00 2884101                    /usr/lib/x86_64-linux-gnu/libcups.so.2
7f3a72864000-7f3a72865000 rw-p 00072000 fc:00 2884101                    /usr/lib/x86_64-linux-gnu/libcups.so.2
7f3a72865000-7f3a72963000 r-xp 00000000 fc:00 6557487                    /lib/x86_64-linux-gnu/libglib-2.0.so.0.3800.1
7f3a72963000-7f3a72b63000 ---p 000fe000 fc:00 6557487                    /lib/x86_64-linux-gnu/libglib-2.0.so.0.3800.1
7f3a72b63000-7f3a72b64000 r--p 000fe000 fc:00 6557487                    /lib/x86_64-linux-gnu/libglib-2.0.so.0.3800.1
7f3a72b64000-7f3a72b65000 rw-p 000ff000 fc:00 6557487                    /lib/x86_64-linux-gnu/libglib-2.0.so.0.3800.1
7f3a72b65000-7f3a72b66000 rw-p 00000000 00:00 0 
7f3a72b66000-7f3a72b67000 r-xp 00000000 fc:00 2888048                    /usr/lib/x86_64-linux-gnu/libgthread-2.0.so.0.3800.1
7f3a72b67000-7f3a72d66000 ---p 00001000 fc:00 2888048                    /usr/lib/x86_64-linux-gnu/libgthread-2.0.so.0.3800.1
7f3a72d66000-7f3a72d67000 r--p 00000000 fc:00 2888048                    /usr/lib/x86_64-linux-gnu/libgthread-2.0.so.0.3800.1
7f3a72d67000-7f3a72d68000 rw-p 00001000 fc:00 2888048                    /usr/lib/x86_64-linux-gnu/libgthread-2.0.so.0.3800.1
7f3a72d68000-7f3a72db7000 r-xp 00000000 fc:00 2883988                    /usr/lib/x86_64-linux-gnu/libgobject-2.0.so.0.3800.1
7f3a72db7000-7f3a72fb7000 ---p 0004f000 fc:00 2883988                    /usr/lib/x86_64-linux-gnu/libgobject-2.0.so.0.3800.1
7f3a72fb7000-7f3a72fb8000 r--p 0004f000 fc:00 2883988                    /usr/lib/x86_64-linux-gnu/libgobject-2.0.so.0.3800.1
7f3a72fb8000-7f3a72fb9000 rw-p 00050000 fc:00 2883988                    /usr/lib/x86_64-linux-gnu/libgobject-2.0.so.0.3800.1
7f3a72fb9000-7f3a72ff2000 r-xp 00000000 fc:00 2891689                    /usr/lib/x86_64-linux-gnu/libfontconfig.so.1.7.0
7f3a72ff2000-7f3a731f2000 ---p 00039000 fc:00 2891689                    /usr/lib/x86_64-linux-gnu/libfontconfig.so.1.7.0
7f3a731f2000-7f3a731f4000 r--p 00039000 fc:00 2891689                    /usr/lib/x86_64-linux-gnu/libfontconfig.so.1.7.0
7f3a731f4000-7f3a731f5000 rw-p 0003b000 fc:00 2891689                    /usr/lib/x86_64-linux-gnu/libfontconfig.so.1.7.0
7f3a731f5000-7f3a7323f000 r-xp 00000000 fc:00 2892106                    /usr/lib/x86_64-linux-gnu/libpango-1.0.so.0.3200.5
7f3a7323f000-7f3a7343e000 ---p 0004a000 fc:00 2892106                    /usr/lib/x86_64-linux-gnu/libpango-1.0.so.0.3200.5
7f3a7343e000-7f3a73440000 r--p 00049000 fc:00 2892106                    /usr/lib/x86_64-linux-gnu/libpango-1.0.so.0.3200.5
7f3a73440000-7f3a73441000 rw-p 0004b000 fc:00 2892106                    /usr/lib/x86_64-linux-gnu/libpango-1.0.so.0.3200.5
7f3a73441000-7f3a73460000 r-xp 00000000 fc:00 2891756                    /usr/lib/x86_64-linux-gnu/libgdk_pixbuf-2.0.so.0.2800.1
7f3a73460000-7f3a7365f000 ---p 0001f000 fc:00 2891756                    /usr/lib/x86_64-linux-gnu/libgdk_pixbuf-2.0.so.0.2800.1
7f3a7365f000-7f3a73660000 r--p 0001e000 fc:00 2891756                    /usr/lib/x86_64-linux-gnu/libgdk_pixbuf-2.0.so.0.2800.1
7f3a73660000-7f3a73661000 rw-p 0001f000 fc:00 2891756                    /usr/lib/x86_64-linux-gnu/libgdk_pixbuf-2.0.so.0.2800.1
7f3a73661000-7f3a737bd000 r-xp 00000000 fc:00 2883969                    /usr/lib/x86_64-linux-gnu/libgio-2.0.so.0.3800.1
7f3a737bd000-7f3a739bc000 ---p 0015c000 fc:00 2883969                    /usr/lib/x86_64-linux-gnu/libgio-2.0.so.0.3800.1
7f3a739bc000-7f3a739c0000 r--p 0015b000 fc:00 2883969                    /usr/lib/x86_64-linux-gnu/libgio-2.0.so.0.3800.1
7f3a739c0000-7f3a739c2000 rw-p 0015f000 fc:00 2883969                    /usr/lib/x86_64-linux-gnu/libgio-2.0.so.0.3800.1
7f3a739c2000-7f3a739c4000 rw-p 00000000 00:00 0 
7f3a739c4000-7f3a73df3000 r-xp 00000000 fc:00 2891914                    /usr/lib/x86_64-linux-gnu/libgtk-x11-2.0.so.0.2400.20
7f3a73df3000-7f3a73ff2000 ---p 0042f000 fc:00 2891914                    /usr/lib/x86_64-linux-gnu/libgtk-x11-2.0.so.0.2400.20
7f3a73ff2000-7f3a73ff9000 r--p 0042e000 fc:00 2891914                    /usr/lib/x86_64-linux-gnu/libgtk-x11-2.0.so.0.2400.20
7f3a73ff9000-7f3a73ffd000 rw-p 00435000 fc:00 2891914                    /usr/lib/x86_64-linux-gnu/libgtk-x11-2.0.so.0.2400.20
7f3a73ffd000-7f3a74000000 rw-p 00000000 00:00 0 
7f3a74000000-7f3a74526000 rw-p 00000000 00:00 0 
7f3a74526000-7f3a78000000 ---p 00000000 00:00 0 
7f3a78000000-7f3a78021000 rw-p 00000000 00:00 0 
7f3a78021000-7f3a7c000000 ---p 00000000 00:00 0 
7f3a7c000000-7f3a7c021000 rw-p 00000000 00:00 0 
7f3a7c021000-7f3a80000000 ---p 00000000 00:00 0 
7f3a80000000-7f3a80447000 rw-p 00000000 00:00 0 
7f3a80447000-7f3a84000000 ---p 00000000 00:00 0 
7f3a84000000-7f3a84021000 rw-p 00000000 00:00 0 
7f3a84021000-7f3a88000000 ---p 00000000 00:00 0 
7f3a88000000-7f3a88021000 rw-p 00000000 00:00 0 
7f3a88021000-7f3a8c000000 ---p 00000000 00:00 0 
7f3a8c000000-7f3a8c021000 rw-p 00000000 00:00 0 
7f3a8c021000-7f3a90000000 ---p 00000000 00:00 0 
7f3a900b9000-7f3a900ba000 rw-s 11d4e0000 00:05 9086                      /dev/dri/card0
7f3a900ba000-7f3a900bb000 rw-s 11d4df000 00:05 9086                      /dev/dri/card0
7f3a900bb000-7f3a900bc000 rw-s 11d4de000 00:05 9086                      /dev/dri/card0
7f3a900bc000-7f3a900c0000 rw-s 00000000 00:04 200742                     /drm mm object (deleted)
7f3a900c2000-7f3a900c4000 rw-s 11ee60000 00:05 9086                      /dev/dri/card0
7f3a900c4000-7f3a900c5000 rw-s 00000000 00:04 200740                     /drm mm object (deleted)
7f3a900c5000-7f3a900c6000 rw-s 00000000 00:04 200739                     /drm mm object (deleted)
7f3a900c6000-7f3a900c7000 rw-s 00000000 00:04 200738                     /drm mm object (deleted)
7f3a900c7000-7f3a900c8000 rw-s 00000000 00:04 200737                     /drm mm object (deleted)
7f3a900c8000-7f3a900c9000 rw-s 00000000 00:04 200736                     /drm mm object (deleted)
7f3a900c9000-7f3a900ca000 rw-s 00000000 00:04 200735                     /drm mm object (deleted)
7f3a900ca000-7f3a900cb000 rw-s 00000000 00:04 200734                     /drm mm object (deleted)
7f3a900cb000-7f3a900cc000 rw-s 00000000 00:04 200733                     /drm mm object (deleted)
7f3a900cc000-7f3a900cd000 rw-s 00000000 00:04 200732                     /drm mm object (deleted)
7f3a900cd000-7f3a900ce000 rw-s 00000000 00:04 200731                     /drm mm object (deleted)
7f3a900ce000-7f3a900cf000 rw-s 00000000 00:04 200730                     /drm mm object (deleted)
7f3a900cf000-7f3a900d0000 rw-s 00000000 00:04 200729                     /drm mm object (deleted)
7f3a900d0000-7f3a900d1000 rw-s 00000000 00:04 200728                     /drm mm object (deleted)
7f3a900d1000-7f3a900d2000 rw-s 00000000 00:04 200727                     /drm mm object (deleted)
7f3a900d2000-7f3a900d3000 rw-s 00000000 00:04 200726                     /drm mm object (deleted)
7f3a900d3000-7f3a900d4000 rw-s 00000000 00:04 200725                     /drm mm object (deleted)
7f3a900d4000-7f3a900d5000 rw-s 00000000 00:04 200724                     /drm mm object (deleted)
7f3a900d5000-7f3a900d6000 rw-s 00000000 00:04 200723                     /drm mm object (deleted)
7f3a900d6000-7f3a900d7000 rw-s 00000000 00:04 200722                     /drm mm object (deleted)
7f3a900d7000-7f3a900d8000 rw-s 00000000 00:04 200721                     /drm mm object (deleted)
7f3a900d8000-7f3a900d9000 rw-s 00000000 00:04 200720                     /drm mm object (deleted)
7f3a900d9000-7f3a900da000 rw-s 00000000 00:04 200719                     /drm mm object (deleted)
7f3a900da000-7f3a900db000 rw-s 00000000 00:04 200718                     /drm mm object (deleted)
7f3a900db000-7f3a900dc000 rw-s 00000000 00:04 200717                     /drm mm object (deleted)
7f3a900dc000-7f3a900dd000 rw-s 00000000 00:04 200716                     /drm mm object (deleted)
7f3a900dd000-7f3a900de000 rw-s 00000000 00:04 200715                     /drm mm object (deleted)
7f3a900de000-7f3a900df000 rw-s 00000000 00:04 200714                     /drm mm object (deleted)
7f3a900df000-7f3a900e0000 rw-s 00000000 00:04 200713                     /drm mm object (deleted)
7f3a900e0000-7f3a900e1000 rw-s 00000000 00:04 200712                     /drm mm object (deleted)
7f3a900e1000-7f3a900e2000 rw-s 00000000 00:04 200711                     /drm mm object (deleted)
7f3a900e2000-7f3a900e3000 rw-s 00000000 00:04 200710                     /drm mm object (deleted)
7f3a900e3000-7f3a900e4000 rw-s 00000000 00:04 200709                     /drm mm object (deleted)
7f3a900e4000-7f3a900e5000 rw-s 00000000 00:04 200708                     /drm mm object (deleted)
7f3a900e5000-7f3a900e6000 rw-s 00000000 00:04 200707                     /drm mm object (deleted)
7f3a900e6000-7f3a900e9000 ---p 00000000 00:00 0 
7f3a900e9000-7f3a901e7000 rw-p 00000000 00:00 0                          [stack:22663]
7f3a901e7000-7f3a90294000 r-xp 00000000 fc:00 2891754                    /usr/lib/x86_64-linux-gnu/libgdk-x11-2.0.so.0.2400.20
7f3a90294000-7f3a90493000 ---p 000ad000 fc:00 2891754                    /usr/lib/x86_64-linux-gnu/libgdk-x11-2.0.so.0.2400.20
7f3a90493000-7f3a90497000 r--p 000ac000 fc:00 2891754                    /usr/lib/x86_64-linux-gnu/libgdk-x11-2.0.so.0.2400.20
7f3a90497000-7f3a90499000 rw-p 000b0000 fc:00 2891754                    /usr/lib/x86_64-linux-gnu/libgdk-x11-2.0.so.0.2400.20
7f3a90499000-7f3a904a8000 r-xp 00000000 fc:00 2891448                    /usr/lib/x86_64-linux-gnu/libXi.so.6.1.0
7f3a904a8000-7f3a906a7000 ---p 0000f000 fc:00 2891448                    /usr/lib/x86_64-linux-gnu/libXi.so.6.1.0
7f3a906a7000-7f3a906a8000 r--p 0000e000 fc:00 2891448                    /usr/lib/x86_64-linux-gnu/libXi.so.6.1.0
7f3a906a8000-7f3a906a9000 rw-p 0000f000 fc:00 2891448                    /usr/lib/x86_64-linux-gnu/libXi.so.6.1.0
7f3a906a9000-7f3a906ae000 r-xp 00000000 fc:00 2891466                    /usr/lib/x86_64-linux-gnu/libXtst.so.6.1.0
7f3a906ae000-7f3a908ad000 ---p 00005000 fc:00 2891466                    /usr/lib/x86_64-linux-gnu/libXtst.so.6.1.0
7f3a908ad000-7f3a908ae000 r--p 00004000 fc:00 2891466                    /usr/lib/x86_64-linux-gnu/libXtst.so.6.1.0
7f3a908ae000-7f3a908af000 rw-p 00005000 fc:00 2891466                    /usr/lib/x86_64-linux-gnu/libXtst.so.6.1.0
7f3a908af000-7f3a908b8000 r-xp 00000000 fc:00 2891462                    /usr/lib/x86_64-linux-gnu/libXrender.so.1.3.0
7f3a908b8000-7f3a90ab7000 ---p 00009000 fc:00 2891462                    /usr/lib/x86_64-linux-gnu/libXrender.so.1.3.0
7f3a90ab7000-7f3a90ab8000 r--p 00008000 fc:00 2891462                    /usr/lib/x86_64-linux-gnu/libXrender.so.1.3.0
7f3a90ab8000-7f3a90ab9000 rw-p 00009000 fc:00 2891462                    /usr/lib/x86_64-linux-gnu/libXrender.so.1.3.0
7f3a90ab9000-7f3a90be9000 r-xp 00000000 fc:00 2891423                    /usr/lib/x86_64-linux-gnu/libX11.so.6.3.0
7f3a90be9000-7f3a90de9000 ---p 00130000 fc:00 2891423                    /usr/lib/x86_64-linux-gnu/libX11.so.6.3.0
7f3a90de9000-7f3a90dea000 r--p 00130000 fc:00 2891423                    /usr/lib/x86_64-linux-gnu/libX11.so.6.3.0
7f3a90dea000-7f3a90dee000 rw-p 00131000 fc:00 2891423                    /usr/lib/x86_64-linux-gnu/libX11.so.6.3.0
7f3a90dee000-7f3a90dff000 r-xp 00000000 fc:00 2891440                    /usr/lib/x86_64-linux-gnu/libXext.so.6.4.0
7f3a90dff000-7f3a90ffe000 ---p 00011000 fc:00 2891440                    /usr/lib/x86_64-linux-gnu/libXext.so.6.4.0
7f3a90ffe000-7f3a90fff000 r--p 00010000 fc:00 2891440                    /usr/lib/x86_64-linux-gnu/libXext.so.6.4.0
7f3a90fff000-7f3a91000000 rw-p 00011000 fc:00 2891440                    /usr/lib/x86_64-linux-gnu/libXext.so.6.4.0
7f3a91000000-7f3a91270000 rwxp 00000000 00:00 0 
7f3a91270000-7f3a94bea000 rw-p 00000000 00:00 0 
7f3a94bea000-7f3a98000000 ---p 00000000 00:00 0 
7f3a98000000-7f3a98001000 rw-s 00000000 00:04 200706                     /drm mm object (deleted)
7f3a98001000-7f3a98002000 rw-s 00000000 00:04 200705                     /drm mm object (deleted)
7f3a98002000-7f3a98003000 rw-s 00000000 00:04 200704                     /drm mm object (deleted)
7f3a98003000-7f3a98004000 rw-s 00000000 00:04 200703                     /drm mm object (deleted)
7f3a98004000-7f3a98005000 rw-s 00000000 00:04 200702                     /drm mm object (deleted)
7f3a98005000-7f3a98006000 rw-s 00000000 00:04 200701                     /drm mm object (deleted)
7f3a98006000-7f3a98007000 rw-s 00000000 00:04 200700                     /drm mm object (deleted)
7f3a98007000-7f3a98008000 rw-s 00000000 00:04 200699                     /drm mm object (deleted)
7f3a98008000-7f3a98009000 rw-s 00000000 00:04 200698                     /drm mm object (deleted)
7f3a98009000-7f3a9800a000 rw-s 00000000 00:04 200697                     /drm mm object (deleted)
7f3a9800a000-7f3a9800b000 rw-s 00000000 00:04 200696                     /drm mm object (deleted)
7f3a9800b000-7f3a9800c000 rw-s 00000000 00:04 200695                     /drm mm object (deleted)
7f3a9800c000-7f3a9800d000 rw-s 00000000 00:04 200694                     /drm mm object (deleted)
7f3a9800d000-7f3a9800e000 rw-s 00000000 00:04 200693                     /drm mm object (deleted)
7f3a9800e000-7f3a9800f000 rw-s 00000000 00:04 200692                     /drm mm object (deleted)
7f3a9800f000-7f3a98010000 rw-s 00000000 00:04 200691                     /drm mm object (deleted)
7f3a98010000-7f3a98011000 rw-s 00000000 00:04 200690                     /drm mm object (deleted)
7f3a98011000-7f3a98012000 rw-s 00000000 00:04 200689                     /drm mm object (deleted)
7f3a98012000-7f3a98013000 rw-s 00000000 00:04 200688                     /drm mm object (deleted)
7f3a98013000-7f3a98014000 rw-s 00000000 00:04 200687                     /drm mm object (deleted)
7f3a98014000-7f3a98015000 rw-s 00000000 00:04 200686                     /drm mm object (deleted)
7f3a98015000-7f3a98016000 rw-s 00000000 00:04 200685                     /drm mm object (deleted)
7f3a98016000-7f3a98017000 rw-s 00000000 00:04 200684                     /drm mm object (deleted)
7f3a98017000-7f3a98018000 rw-s 00000000 00:04 200661                     /drm mm object (deleted)
7f3a98018000-7f3a9801a000 rw-s 11ee5d000 00:05 9086                      /dev/dri/card0
7f3a9801a000-7f3a98021000 r--s 00000000 fc:00 3148701                    /usr/lib/x86_64-linux-gnu/gconv/gconv-modules.cache
7f3a98021000-7f3a98022000 rw-s 11f2e0000 00:05 9086                      /dev/dri/card0
7f3a98024000-7f3a98026000 rw-s 00000000 00:04 200662                     /drm mm object (deleted)
7f3a98026000-7f3a98027000 rw-s 11f2de000 00:05 9086                      /dev/dri/card0
7f3a98027000-7f3a98036000 r--s 000be000 fc:00 2105207                    /home/alvin/workspace/Lumen/lib/jar/TWL.jar
7f3a98036000-7f3a98041000 r--s 000af000 fc:00 2105213                    /home/alvin/workspace/Lumen/lib/jar/slick.jar
7f3a98041000-7f3a98044000 ---p 00000000 00:00 0 
7f3a98044000-7f3a9807a000 rw-p 00000000 00:00 0                          [stack:22668]
7f3a9807a000-7f3a9807d000 ---p 00000000 00:00 0 
7f3a9807d000-7f3a980b3000 rw-p 00000000 00:00 0                          [stack:22666]
7f3a980b3000-7f3a98104000 r-xp 00000000 fc:00 3676055                    /usr/lib/jvm/java-7-openjdk-amd64/jre/lib/amd64/xawt/libmawt.so
7f3a98104000-7f3a98303000 ---p 00051000 fc:00 3676055                    /usr/lib/jvm/java-7-openjdk-amd64/jre/lib/amd64/xawt/libmawt.so
7f3a98303000-7f3a98304000 r--p 00050000 fc:00 3676055                    /usr/lib/jvm/java-7-openjdk-amd64/jre/lib/amd64/xawt/libmawt.so
7f3a98304000-7f3a98307000 rw-p 00051000 fc:00 3676055                    /usr/lib/jvm/java-7-openjdk-amd64/jre/lib/amd64/xawt/libmawt.so
7f3a98307000-7f3a98308000 rw-p 00000000 00:00 0 
7f3a98308000-7f3a983a8000 r-xp 00000000 fc:00 3546289                    /usr/lib/jvm/java-7-openjdk-amd64/jre/lib/amd64/libawt.so
7f3a983a8000-7f3a985a7000 ---p 000a0000 fc:00 3546289                    /usr/lib/jvm/java-7-openjdk-amd64/jre/lib/amd64/libawt.so
7f3a985a7000-7f3a985a8000 r--p 0009f000 fc:00 3546289                    /usr/lib/jvm/java-7-openjdk-amd64/jre/lib/amd64/libawt.so
7f3a985a8000-7f3a985b3000 rw-p 000a0000 fc:00 3546289                    /usr/lib/jvm/java-7-openjdk-amd64/jre/lib/amd64/libawt.so
7f3a985b3000-7f3a985d8000 rw-p 00000000 00:00 0 
7f3a985d8000-7f3a985e5000 r--s 000e6000 fc:00 2105211                    /home/alvin/workspace/Lumen/lib/jar/lwjgl.jar
7f3a985e5000-7f3a985e6000 ---p 00000000 00:00 0 
7f3a985e6000-7f3a986e6000 rw-p 00000000 00:00 0 
7f3a986e6000-7f3a986e9000 ---p 00000000 00:00 0 
7f3a986e9000-7f3a987e7000 rw-p 00000000 00:00 0                          [stack:22661]
7f3a987e7000-7f3a987ea000 ---p 00000000 00:00 0 
7f3a987ea000-7f3a988e8000 rw-p 00000000 00:00 0                          [stack:22660]
7f3a988e8000-7f3a988eb000 ---p 00000000 00:00 0 
7f3a988eb000-7f3a989e9000 rw-p 00000000 00:00 0                          [stack:22659]
7f3a989e9000-7f3a989ec000 ---p 00000000 00:00 0 
7f3a989ec000-7f3a98aea000 rw-p 00000000 00:00 0 
7f3a98aea000-7f3a992fd000 r--p 00000000 fc:00 2890467                    /usr/lib/locale/locale-archive
7f3a992fd000-7f3a99300000 ---p 00000000 00:00 0 
7f3a99300000-7f3a993fe000 rw-p 00000000 00:00 0                          [stack:22657]
7f3a993fe000-7f3a99401000 ---p 00000000 00:00 0 
7f3a99401000-7f3a994ff000 rw-p 00000000 00:00 0                          [stack:22656]
7f3a994ff000-7f3a99500000 ---p 00000000 00:00 0 
7f3a99500000-7f3a99648000 rw-p 00000000 00:00 0                          [stack:22655]
7f3a99648000-7f3a997f6000 r--s 01cf4000 fc:00 3546302                    /usr/lib/jvm/java-7-openjdk-amd64/jre/lib/rt.jar
7f3a997f6000-7f3a998fa000 rw-p 00000000 00:00 0 
7f3a998fa000-7f3a99943000 rw-p 00000000 00:00 0 
7f3a99943000-7f3a99986000 rw-p 00000000 00:00 0 
7f3a99986000-7f3a99a22000 rw-p 00000000 00:00 0 
7f3a99a22000-7f3a99a44000 rw-p 00000000 00:00 0 
7f3a99a44000-7f3a99a91000 rw-p 00000000 00:00 0 
7f3a99a91000-7f3a99ad4000 rw-p 00000000 00:00 0 
7f3a99ad4000-7f3a99b6f000 rw-p 00000000 00:00 0 
7f3a99b6f000-7f3a99b7a000 rw-p 00000000 00:00 0 
7f3a99b7a000-7f3a99bc2000 rw-p 00000000 00:00 0 
7f3a99bc2000-7f3a99bc3000 rw-p 00000000 00:00 0 
7f3a99bc3000-7f3a99bcb000 r-xp 00000000 fc:00 3546257                    /usr/lib/jvm/java-7-openjdk-amd64/jre/lib/amd64/libzip.so
7f3a99bcb000-7f3a99dca000 ---p 00008000 fc:00 3546257                    /usr/lib/jvm/java-7-openjdk-amd64/jre/lib/amd64/libzip.so
7f3a99dca000-7f3a99dcb000 r--p 00007000 fc:00 3546257                    /usr/lib/jvm/java-7-openjdk-amd64/jre/lib/amd64/libzip.so
7f3a99dcb000-7f3a99dcc000 rw-p 00008000 fc:00 3546257                    /usr/lib/jvm/java-7-openjdk-amd64/jre/lib/amd64/libzip.so
7f3a99dcc000-7f3a99dd8000 r-xp 00000000 fc:00 6557613                    /lib/x86_64-linux-gnu/libnss_files-2.17.so
7f3a99dd8000-7f3a99fd7000 ---p 0000c000 fc:00 6557613                    /lib/x86_64-linux-gnu/libnss_files-2.17.so
7f3a99fd7000-7f3a99fd8000 r--p 0000b000 fc:00 6557613                    /lib/x86_64-linux-gnu/libnss_files-2.17.so
7f3a99fd8000-7f3a99fd9000 rw-p 0000c000 fc:00 6557613                    /lib/x86_64-linux-gnu/libnss_files-2.17.so
7f3a99fd9000-7f3a99fe4000 r-xp 00000000 fc:00 6557617                    /lib/x86_64-linux-gnu/libnss_nis-2.17.so
7f3a99fe4000-7f3a9a1e3000 ---p 0000b000 fc:00 6557617                    /lib/x86_64-linux-gnu/libnss_nis-2.17.so
7f3a9a1e3000-7f3a9a1e4000 r--p 0000a000 fc:00 6557617                    /lib/x86_64-linux-gnu/libnss_nis-2.17.so
7f3a9a1e4000-7f3a9a1e5000 rw-p 0000b000 fc:00 6557617                    /lib/x86_64-linux-gnu/libnss_nis-2.17.so
7f3a9a1e5000-7f3a9a1fc000 r-xp 00000000 fc:00 6557607                    /lib/x86_64-linux-gnu/libnsl-2.17.so
7f3a9a1fc000-7f3a9a3fb000 ---p 00017000 fc:00 6557607                    /lib/x86_64-linux-gnu/libnsl-2.17.so
7f3a9a3fb000-7f3a9a3fc000 r--p 00016000 fc:00 6557607                    /lib/x86_64-linux-gnu/libnsl-2.17.so
7f3a9a3fc000-7f3a9a3fd000 rw-p 00017000 fc:00 6557607                    /lib/x86_64-linux-gnu/libnsl-2.17.so
7f3a9a3fd000-7f3a9a3ff000 rw-p 00000000 00:00 0 
7f3a9a3ff000-7f3a9a407000 r-xp 00000000 fc:00 6557609                    /lib/x86_64-linux-gnu/libnss_compat-2.17.so
7f3a9a407000-7f3a9a606000 ---p 00008000 fc:00 6557609                    /lib/x86_64-linux-gnu/libnss_compat-2.17.so
7f3a9a606000-7f3a9a607000 r--p 00007000 fc:00 6557609                    /lib/x86_64-linux-gnu/libnss_compat-2.17.so
7f3a9a607000-7f3a9a608000 rw-p 00008000 fc:00 6557609                    /lib/x86_64-linux-gnu/libnss_compat-2.17.so
7f3a9a608000-7f3a9a633000 r-xp 00000000 fc:00 3546254                    /usr/lib/jvm/java-7-openjdk-amd64/jre/lib/amd64/libjava.so
7f3a9a633000-7f3a9a832000 ---p 0002b000 fc:00 3546254                    /usr/lib/jvm/java-7-openjdk-amd64/jre/lib/amd64/libjava.so
7f3a9a832000-7f3a9a833000 r--p 0002a000 fc:00 3546254                    /usr/lib/jvm/java-7-openjdk-amd64/jre/lib/amd64/libjava.so
7f3a9a833000-7f3a9a835000 rw-p 0002b000 fc:00 3546254                    /usr/lib/jvm/java-7-openjdk-amd64/jre/lib/amd64/libjava.so
7f3a9a835000-7f3a9a845000 r-xp 00000000 fc:00 3546268                    /usr/lib/jvm/java-7-openjdk-amd64/jre/lib/amd64/libverify.so
7f3a9a845000-7f3a9aa44000 ---p 00010000 fc:00 3546268                    /usr/lib/jvm/java-7-openjdk-amd64/jre/lib/amd64/libverify.so
7f3a9aa44000-7f3a9aa46000 r--p 0000f000 fc:00 3546268                    /usr/lib/jvm/java-7-openjdk-amd64/jre/lib/amd64/libverify.so
7f3a9aa46000-7f3a9aa47000 rw-p 00011000 fc:00 3546268                    /usr/lib/jvm/java-7-openjdk-amd64/jre/lib/amd64/libverify.so
7f3a9aa47000-7f3a9aa4e000 r-xp 00000000 fc:00 6557660                    /lib/x86_64-linux-gnu/librt-2.17.so
7f3a9aa4e000-7f3a9ac4d000 ---p 00007000 fc:00 6557660                    /lib/x86_64-linux-gnu/librt-2.17.so
7f3a9ac4d000-7f3a9ac4e000 r--p 00006000 fc:00 6557660                    /lib/x86_64-linux-gnu/librt-2.17.so
7f3a9ac4e000-7f3a9ac4f000 rw-p 00007000 fc:00 6557660                    /lib/x86_64-linux-gnu/librt-2.17.so
7f3a9ac4f000-7f3a9ac64000 r-xp 00000000 fc:00 6553605                    /lib/x86_64-linux-gnu/libgcc_s.so.1
7f3a9ac64000-7f3a9ae63000 ---p 00015000 fc:00 6553605                    /lib/x86_64-linux-gnu/libgcc_s.so.1
7f3a9ae63000-7f3a9ae64000 r--p 00014000 fc:00 6553605                    /lib/x86_64-linux-gnu/libgcc_s.so.1
7f3a9ae64000-7f3a9ae65000 rw-p 00015000 fc:00 6553605                    /lib/x86_64-linux-gnu/libgcc_s.so.1
7f3a9ae65000-7f3a9af68000 r-xp 00000000 fc:00 6557588                    /lib/x86_64-linux-gnu/libm-2.17.so
7f3a9af68000-7f3a9b167000 ---p 00103000 fc:00 6557588                    /lib/x86_64-linux-gnu/libm-2.17.so
7f3a9b167000-7f3a9b168000 r--p 00102000 fc:00 6557588                    /lib/x86_64-linux-gnu/libm-2.17.so
7f3a9b168000-7f3a9b169000 rw-p 00103000 fc:00 6557588                    /lib/x86_64-linux-gnu/libm-2.17.so
7f3a9b169000-7f3a9b24f000 r-xp 00000000 fc:00 2889861                    /usr/lib/x86_64-linux-gnu/libstdc++.so.6.0.18
7f3a9b24f000-7f3a9b44e000 ---p 000e6000 fc:00 2889861                    /usr/lib/x86_64-linux-gnu/libstdc++.so.6.0.18
7f3a9b44e000-7f3a9b456000 r--p 000e5000 fc:00 2889861                    /usr/lib/x86_64-linux-gnu/libstdc++.so.6.0.18
7f3a9b456000-7f3a9b458000 rw-p 000ed000 fc:00 2889861                    /usr/lib/x86_64-linux-gnu/libstdc++.so.6.0.18
7f3a9b458000-7f3a9b46d000 rw-p 00000000 00:00 0 
7f3a9b46d000-7f3a9bf4c000 r-xp 00000000 fc:00 3546282                    /usr/lib/jvm/java-7-openjdk-amd64/jre/lib/amd64/server/libjvm.so
7f3a9bf4c000-7f3a9c14b000 ---p 00adf000 fc:00 3546282                    /usr/lib/jvm/java-7-openjdk-amd64/jre/lib/amd64/server/libjvm.so
7f3a9c14b000-7f3a9c1dd000 r--p 00ade000 fc:00 3546282                    /usr/lib/jvm/java-7-openjdk-amd64/jre/lib/amd64/server/libjvm.so
7f3a9c1dd000-7f3a9c200000 rw-p 00b70000 fc:00 3546282                    /usr/lib/jvm/java-7-openjdk-amd64/jre/lib/amd64/server/libjvm.so
7f3a9c200000-7f3a9c22d000 rw-p 00000000 00:00 0 
7f3a9c22d000-7f3a9c245000 r-xp 00000000 fc:00 6557695                    /lib/x86_64-linux-gnu/libz.so.1.2.8
7f3a9c245000-7f3a9c444000 ---p 00018000 fc:00 6557695                    /lib/x86_64-linux-gnu/libz.so.1.2.8
7f3a9c444000-7f3a9c445000 r--p 00017000 fc:00 6557695                    /lib/x86_64-linux-gnu/libz.so.1.2.8
7f3a9c445000-7f3a9c446000 rw-p 00018000 fc:00 6557695                    /lib/x86_64-linux-gnu/libz.so.1.2.8
7f3a9c446000-7f3a9c45d000 r-xp 00000000 fc:00 6557652                    /lib/x86_64-linux-gnu/libpthread-2.17.so
7f3a9c45d000-7f3a9c65d000 ---p 00017000 fc:00 6557652                    /lib/x86_64-linux-gnu/libpthread-2.17.so
7f3a9c65d000-7f3a9c65e000 r--p 00017000 fc:00 6557652                    /lib/x86_64-linux-gnu/libpthread-2.17.so
7f3a9c65e000-7f3a9c65f000 rw-p 00018000 fc:00 6557652                    /lib/x86_64-linux-gnu/libpthread-2.17.so
7f3a9c65f000-7f3a9c663000 rw-p 00000000 00:00 0 
7f3a9c663000-7f3a9c666000 r-xp 00000000 fc:00 6557552                    /lib/x86_64-linux-gnu/libdl-2.17.so
7f3a9c666000-7f3a9c865000 ---p 00003000 fc:00 6557552                    /lib/x86_64-linux-gnu/libdl-2.17.so
7f3a9c865000-7f3a9c866000 r--p 00002000 fc:00 6557552                    /lib/x86_64-linux-gnu/libdl-2.17.so
7f3a9c866000-7f3a9c867000 rw-p 00003000 fc:00 6557552                    /lib/x86_64-linux-gnu/libdl-2.17.so
7f3a9c867000-7f3a9ca24000 r-xp 00000000 fc:00 6557537                    /lib/x86_64-linux-gnu/libc-2.17.so
7f3a9ca24000-7f3a9cc24000 ---p 001bd000 fc:00 6557537                    /lib/x86_64-linux-gnu/libc-2.17.so
7f3a9cc24000-7f3a9cc28000 r--p 001bd000 fc:00 6557537                    /lib/x86_64-linux-gnu/libc-2.17.so
7f3a9cc28000-7f3a9cc2a000 rw-p 001c1000 fc:00 6557537                    /lib/x86_64-linux-gnu/libc-2.17.so
7f3a9cc2a000-7f3a9cc2f000 rw-p 00000000 00:00 0 
7f3a9cc2f000-7f3a9cc3c000 r-xp 00000000 fc:00 3671217                    /usr/lib/jvm/java-7-openjdk-amd64/jre/lib/amd64/jli/libjli.so
7f3a9cc3c000-7f3a9ce3b000 ---p 0000d000 fc:00 3671217                    /usr/lib/jvm/java-7-openjdk-amd64/jre/lib/amd64/jli/libjli.so
7f3a9ce3b000-7f3a9ce3c000 r--p 0000c000 fc:00 3671217                    /usr/lib/jvm/java-7-openjdk-amd64/jre/lib/amd64/jli/libjli.so
7f3a9ce3c000-7f3a9ce3d000 rw-p 0000d000 fc:00 3671217                    /usr/lib/jvm/java-7-openjdk-amd64/jre/lib/amd64/jli/libjli.so
7f3a9ce3d000-7f3a9ce60000 r-xp 00000000 fc:00 6557513                    /lib/x86_64-linux-gnu/ld-2.17.so
7f3a9ce60000-7f3a9ce61000 rw-s 00000000 00:04 200659                     /drm mm object (deleted)
7f3a9ce61000-7f3a9ce62000 rwxp 00000000 00:00 0 
7f3a9ce62000-7f3a9ce6c000 r--s 000b8000 fc:00 3546292                    /usr/lib/jvm/java-7-openjdk-amd64/jre/lib/resources.jar
7f3a9ce6c000-7f3a9ce70000 r--s 00027000 fc:00 2105212                    /home/alvin/workspace/Lumen/lib/jar/lwjgl_util.jar
7f3a9ce70000-7f3a9ce77000 r--s 00049000 fc:00 2105210                    /home/alvin/workspace/Lumen/lib/jar/kryonet-2.18-all.jar
7f3a9ce77000-7f3a9ce79000 r--s 0000d000 fc:00 2105209                    /home/alvin/workspace/Lumen/lib/jar/jorbis-0.0.15.jar
7f3a9ce79000-7f3a9ce83000 rw-p 00000000 00:00 0 
7f3a9ce83000-7f3a9cf39000 rw-p 00000000 00:00 0 
7f3a9cf39000-7f3a9cf3c000 ---p 00000000 00:00 0 
7f3a9cf3c000-7f3a9d03f000 rw-p 00000000 00:00 0                          [stack:22654]
7f3a9d03f000-7f3a9d040000 r--s 00001000 fc:00 2105208                    /home/alvin/workspace/Lumen/lib/jar/jogg-0.0.7.jar
7f3a9d040000-7f3a9d043000 r--s 0000f000 fc:00 3675588                    /usr/lib/jvm/java-7-openjdk-amd64/jre/lib/ext/pulse-java.jar
7f3a9d043000-7f3a9d044000 r--s 00002000 fc:00 3675591                    /usr/lib/jvm/java-7-openjdk-amd64/jre/lib/ext/dnsns.jar
7f3a9d044000-7f3a9d046000 r--s 00006000 fc:00 3286873                    /usr/share/java/java-atk-wrapper.jar
7f3a9d046000-7f3a9d048000 r--s 00012000 fc:00 3675589                    /usr/lib/jvm/java-7-openjdk-amd64/jre/lib/ext/zipfs.jar
7f3a9d048000-7f3a9d04c000 r--s 00085000 fc:00 3675587                    /usr/lib/jvm/java-7-openjdk-amd64/jre/lib/ext/localedata.jar
7f3a9d04c000-7f3a9d050000 r--s 0003b000 fc:00 3675592                    /usr/lib/jvm/java-7-openjdk-amd64/jre/lib/ext/sunpkcs11.jar
7f3a9d050000-7f3a9d053000 r--s 00032000 fc:00 3675590                    /usr/lib/jvm/java-7-openjdk-amd64/jre/lib/ext/sunjce_provider.jar
7f3a9d053000-7f3a9d05b000 rw-s 00000000 fc:00 1442455                    /tmp/hsperfdata_alvin/22648 (deleted)
7f3a9d05b000-7f3a9d05c000 rw-p 00000000 00:00 0 
7f3a9d05c000-7f3a9d05d000 ---p 00000000 00:00 0 
7f3a9d05d000-7f3a9d05f000 rw-p 00000000 00:00 0 
7f3a9d05f000-7f3a9d060000 r--p 00022000 fc:00 6557513                    /lib/x86_64-linux-gnu/ld-2.17.so
7f3a9d060000-7f3a9d062000 rw-p 00023000 fc:00 6557513                    /lib/x86_64-linux-gnu/ld-2.17.so
7fffb4b17000-7fffb4b38000 rw-p 00000000 00:00 0                          [stack]
7fffb4bfe000-7fffb4c00000 r-xp 00000000 00:00 0                          [vdso]
ffffffffff600000-ffffffffff601000 r-xp 00000000 00:00 0                  [vsyscall]

VM Arguments:
jvm_args: -Djava.library.path=/home/alvin/workspace/Lumen/lib/native-win:/home/alvin/workspace/Copy of Lumen/LWJGL Library/native/linux:/home/alvin/workspace/Copy of Lumen/LWJGL Library/native/linux:/home/alvin/workspace/Copy of Lumen/LWJGL Library/native/linux:/home/alvin/workspace/Copy of Lumen/LWJGL Library/native/linux:/home/alvin/workspace/Copy of Lumen/LWJGL Library/native/linux:/home/alvin/workspace/Copy of Lumen/LWJGL Library/native/linux:/home/alvin/workspace/Copy of Lumen/LWJGL Library/native/linux -Dfile.encoding=UTF-8 
java_command: game.Main
Launcher Type: SUN_STANDARD

Environment Variables:
PATH=/usr/lib/lightdm/lightdm:/usr/local/sbin:/usr/local/bin:/usr/sbin:/usr/bin:/sbin:/bin:/usr/games:/usr/local/games
SHELL=/bin/bash
DISPLAY=:0

Signal Handlers:
SIGSEGV: [libjvm.so+0x916ea0], sa_mask[0]=0x7ffbfeff, sa_flags=0x10000004
SIGBUS: [libjvm.so+0x916ea0], sa_mask[0]=0x7ffbfeff, sa_flags=0x10000004
SIGFPE: [libjvm.so+0x794800], sa_mask[0]=0x7ffbfeff, sa_flags=0x10000004
SIGPIPE: [libjvm.so+0x794800], sa_mask[0]=0x7ffbfeff, sa_flags=0x10000004
SIGXFSZ: [libjvm.so+0x794800], sa_mask[0]=0x7ffbfeff, sa_flags=0x10000004
SIGILL: [libjvm.so+0x794800], sa_mask[0]=0x7ffbfeff, sa_flags=0x10000004
SIGUSR1: SIG_DFL, sa_mask[0]=0x00000000, sa_flags=0x00000000
SIGUSR2: [libjvm.so+0x7946a0], sa_mask[0]=0x00000004, sa_flags=0x10000004
SIGHUP: [libjvm.so+0x794880], sa_mask[0]=0x7ffbfeff, sa_flags=0x10000004
SIGINT: [libjvm.so+0x794880], sa_mask[0]=0x7ffbfeff, sa_flags=0x10000004
SIGTERM: [libjvm.so+0x794880], sa_mask[0]=0x7ffbfeff, sa_flags=0x10000004
SIGQUIT: [libjvm.so+0x794880], sa_mask[0]=0x7ffbfeff, sa_flags=0x10000004


---------------  S Y S T E M  ---------------

OS:Ubuntu 13.10 (saucy)
uname:Linux 3.11.0-17-generic #31-Ubuntu SMP Mon Feb 3 21:52:43 UTC 2014 x86_64
libc:glibc 2.17 NPTL 2.17 
rlimit: STACK 8192k, CORE 0k, NPROC 15788, NOFILE 4096, AS infinity
load average:0,89 0,67 0,50

/proc/meminfo:
MemTotal:        2041852 kB
MemFree:           82220 kB
Buffers:            2492 kB
Cached:           502684 kB
SwapCached:        50244 kB
Active:          1302348 kB
Inactive:         503760 kB
Active(anon):    1200692 kB
Inactive(anon):   401292 kB
Active(file):     101656 kB
Inactive(file):   102468 kB
Unevictable:          32 kB
Mlocked:              32 kB
SwapTotal:       2088956 kB
SwapFree:        1699192 kB
Dirty:               104 kB
Writeback:             0 kB
AnonPages:       1279072 kB
Mapped:           145452 kB
Shmem:            301028 kB
Slab:              78408 kB
SReclaimable:      43964 kB
SUnreclaim:        34444 kB
KernelStack:        4472 kB
PageTables:        37552 kB
NFS_Unstable:          0 kB
Bounce:                0 kB
WritebackTmp:          0 kB
CommitLimit:     3109880 kB
Committed_AS:    5451500 kB
VmallocTotal:   34359738367 kB
VmallocUsed:      340828 kB
VmallocChunk:   34359393788 kB
HardwareCorrupted:     0 kB
AnonHugePages:         0 kB
HugePages_Total:       0
HugePages_Free:        0
HugePages_Rsvd:        0
HugePages_Surp:        0
Hugepagesize:       2048 kB
DirectMap4k:       50880 kB
DirectMap2M:     2037760 kB


CPU:total 1 (1 cores per cpu, 1 threads per core) family 6 model 22 stepping 1, cmov, cx8, fxsr, mmx, sse, sse2, sse3, ssse3, tsc

/proc/cpuinfo:
processor	: 0
vendor_id	: GenuineIntel
cpu family	: 6
model		: 22
model name	: Intel(R) Celeron(R) CPU          550  @ 2.00GHz
stepping	: 1
microcode	: 0x33
cpu MHz		: 1994.989
cache size	: 1024 KB
fpu		: yes
fpu_exception	: yes
cpuid level	: 10
wp		: yes
flags		: fpu vme de pse tsc msr pae mce cx8 apic sep mtrr pge mca cmov pat pse36 clflush dts acpi mmx fxsr sse sse2 ss tm pbe syscall nx lm constant_tsc arch_perfmon pebs bts rep_good nopl aperfmperf pni dtes64 monitor ds_cpl tm2 ssse3 cx16 xtpr pdcm lahf_lm dtherm
bogomips	: 3989.97
clflush size	: 64
cache_alignment	: 64
address sizes	: 36 bits physical, 48 bits virtual
power management:



Memory: 4k page, physical 2041852k(82220k free), swap 2088956k(1699192k free)

vm_info: OpenJDK 64-Bit Server VM (24.45-b08) for linux-amd64 JRE (1.7.0_51-b00), built on Jan 15 2014 22:02:57 by "buildd" with gcc 4.8.1

time: Mon Mar  3 19:34:45 2014
elapsed time: 43 seconds

