#
# A fatal error has been detected by the Java Runtime Environment:
#
#  SIGSEGV (0xb) at pc=0x0000000000000000, pid=17861, tid=140456750577408
#
# JRE version: OpenJDK Runtime Environment (7.0_51) (build 1.7.0_51-b00)
# Java VM: OpenJDK 64-Bit Server VM (24.45-b08 mixed mode linux-amd64 compressed oops)
# Problematic frame:
# C  0x0000000000000000
#
# Failed to write core dump. Core dumps have been disabled. To enable core dumping, try "ulimit -c unlimited" before starting Java again
#
# If you would like to submit a bug report, please include
# instructions on how to reproduce the bug and visit:
#   http://icedtea.classpath.org/bugzilla
#

---------------  T H R E A D  ---------------

Current thread is native thread

siginfo:si_signo=SIGSEGV: si_errno=0, si_code=1 (SEGV_MAPERR), si_addr=0x0000000000000000

Registers:
RAX=0x00007fbea8e597c0, RBX=0x0000000000000400, RCX=0x0000000000000000, RDX=0x0000000000000000
RSP=0x00007fbea2b96ca8, RBP=0x00007fbed46ac840, RSI=0x0000000000000000, RDI=0x00007fbed46ac840
R8 =0x0000000000000000, R9 =0x0000000000100000, R10=0x0000000000000000, R11=0x00007fbedc5f4c0d
R12=0x00007fbed46b09d0, R13=0x0000000000012000, R14=0x0000000000001000, R15=0x00007fbea2b96e58
RIP=0x0000000000000000, EFLAGS=0x0000000000010246, CSGSFS=0x0000000000000033, ERR=0x0000000000000014
  TRAPNO=0x000000000000000e

Top of Stack: (sp=0x00007fbea2b96ca8)
0x00007fbea2b96ca8:   00007fbea8c224d1 00007fbedc56def0
0x00007fbea2b96cb8:   00007fbec8005de0 00007fbebb800000
0x00007fbea2b96cc8:   00007fbedc654729 0000000000000000
0x00007fbea2b96cd8:   00007fbea856afa2 00007fbed45346e0
0x00007fbea2b96ce8:   0000000000000000 0000000000000000
0x00007fbea2b96cf8:   0000000000000000 00007fbed453b510
0x00007fbea2b96d08:   00007fbed453cdb0 0000000000002000
0x00007fbea2b96d18:   00007fbea8572cba 00007fbed453cab0
0x00007fbea2b96d28:   00007fbec4006770 0000000000000000
0x00007fbea2b96d38:   5700000000000001 0000000000002000
0x00007fbea2b96d48:   00007fbea85747cb 0000000000000000
0x00007fbea2b96d58:   0000000000000000 0000000000000000
0x00007fbea2b96d68:   0000000000000000 0000000000000000
0x00007fbea2b96d78:   0000000000002000 00007fbed453cdb0
0x00007fbea2b96d88:   00007fbea2b96e58 00007fbea2b96e50
0x00007fbea2b96d98:   00007fbed46b09d0 00007fbea858dc60
0x00007fbea2b96da8:   00007fbea89ddbe2 00007fbea2c48040
0x00007fbea2b96db8:   00007fbea2ba8040 00000400dc35f2e0
0x00007fbea2b96dc8:   00007fbea2b96de0 0000000000000000
0x00007fbea2b96dd8:   00007fbea89e2eb2 00001fa00000037f
0x00007fbea2b96de8:   00007fbea85589ff 00007fbed453b510
0x00007fbea2b96df8:   0000000000002000 00007fbed4534620
0x00007fbea2b96e08:   0000000000000000 00007fbed46ac840
0x00007fbea2b96e18:   0000000000000008 00007fbea2b96e58
0x00007fbea2b96e28:   00007fbea8c38544 0000000000000000
0x00007fbea2b96e38:   00007fbea2b96e50 0000000000002000
0x00007fbea2b96e48:   0000000000006000 00007fbea2ba8040
0x00007fbea2b96e58:   0000000000002000 0000000000000000
0x00007fbea2b96e68:   00007fbed453ca60 0000000000000000
0x00007fbea2b96e78:   0000000000000000 00007fbedcd61060
0x00007fbea2b96e88:   00007fbedcd387a0 0000000000001000
0x00007fbea2b96e98:   00007fbea8c2b73a 0000000000000000 

Instructions: (pc=0x0000000000000000)
0xffffffffffffffe0:   

Register to memory mapping:

RAX=
[error occurred during error reporting (printing register info), id 0xb]

Stack: [0x00007fbea2a97000,0x00007fbea2b98000],  sp=0x00007fbea2b96ca8,  free space=1023k

---------------  P R O C E S S  ---------------

VM state:at safepoint (shutting down)

VM Mutex/Monitor currently owned by a thread:  ([mutex/lock_event])
[0x00007fbed4006c20] Threads_lock - owner thread: 0x00007fbed406c000

Heap
 def new generation   total 31744K, used 2929K [0x00000000cc000000, 0x00000000ce270000, 0x00000000d9e00000)
  eden space 28224K,  10% used [0x00000000cc000000, 0x00000000cc2dc630, 0x00000000cdb90000)
  from space 3520K,   0% used [0x00000000cdb90000, 0x00000000cdb90000, 0x00000000cdf00000)
  to   space 3520K,   0% used [0x00000000cdf00000, 0x00000000cdf00000, 0x00000000ce270000)
 tenured generation   total 70472K, used 67241K [0x00000000d9e00000, 0x00000000de2d2000, 0x00000000f5a00000)
   the space 70472K,  95% used [0x00000000d9e00000, 0x00000000ddfaa598, 0x00000000ddfaa600, 0x00000000de2d2000)
 compacting perm gen  total 21248K, used 8324K [0x00000000f5a00000, 0x00000000f6ec0000, 0x0000000100000000)
   the space 21248K,  39% used [0x00000000f5a00000, 0x00000000f62210a8, 0x00000000f6221200, 0x00000000f6ec0000)
No shared spaces configured.

Card table byte_map: [0x00007fbed9723000,0x00007fbed98c4000] byte_map_base: 0x00007fbed90c3000

Polling page: 0x00007fbedcd5d000

Code Cache  [0x00007fbed1000000, 0x00007fbed1270000, 0x00007fbed4000000)
 total_blobs=620 nmethods=163 adapters=412 free_code_cache=48170Kb largest_free_block=49302720

Compilation events (10 events):
Event: 144,518 Thread 0x00007fbed4098800  158             java.nio.charset.CoderResult::isUnderflow (13 bytes)
Event: 144,519 Thread 0x00007fbed4098800 nmethod 158 0x00007fbed10f7850 code [0x00007fbed10f7980, 0x00007fbed10f79d8]
Event: 151,091 Thread 0x00007fbed4098800  159             org.lwjgl.opengl.GL11::glBlendFunc (20 bytes)
Event: 151,100 Thread 0x00007fbed4098800 nmethod 159 0x00007fbed10f7410 code [0x00007fbed10f7560, 0x00007fbed10f7668]
Event: 163,051 Thread 0x00007fbed409a800  161             java.io.BufferedWriter::ensureOpen (18 bytes)
Event: 163,051 Thread 0x00007fbed409a800 nmethod 161 0x00007fbed10f3a10 code [0x00007fbed10f3b40, 0x00007fbed10f3bb8]
Event: 163,051 Thread 0x00007fbed409a800  162             java.io.PrintStream::ensureOpen (18 bytes)
Event: 163,052 Thread 0x00007fbed409a800 nmethod 162 0x00007fbed10f37d0 code [0x00007fbed10f3900, 0x00007fbed10f3978]
Event: 163,064 Thread 0x00007fbed409a800  163   !         java.io.BufferedWriter::write (117 bytes)
Event: 163,093 Thread 0x00007fbed409a800 nmethod 163 0x00007fbed10f8950 code [0x00007fbed10f8ac0, 0x00007fbed10f91a8]

GC Heap History (10 events):
Event: 10,317 GC heap before
{Heap before GC invocations=1 (full 0):
 def new generation   total 9600K, used 6896K [0x00000000cc000000, 0x00000000cca60000, 0x00000000d9e00000)
  eden space 8576K,  68% used [0x00000000cc000000, 0x00000000cc5bc270, 0x00000000cc860000)
  from space 1024K,  99% used [0x00000000cc960000, 0x00000000cca5fff8, 0x00000000cca60000)
  to   space 1024K,   0% used [0x00000000cc860000, 0x00000000cc860000, 0x00000000cc960000)
 tenured generation   total 21312K, used 887K [0x00000000d9e00000, 0x00000000db2d0000, 0x00000000f5a00000)
   the space 21312K,   4% used [0x00000000d9e00000, 0x00000000d9eddf80, 0x00000000d9ede000, 0x00000000db2d0000)
 compacting perm gen  total 21248K, used 8179K [0x00000000f5a00000, 0x00000000f6ec0000, 0x0000000100000000)
   the space 21248K,  38% used [0x00000000f5a00000, 0x00000000f61fcf08, 0x00000000f61fd000, 0x00000000f6ec0000)
No shared spaces configured.
Event: 10,342 GC heap after
Heap after GC invocations=2 (full 0):
 def new generation   total 9600K, used 772K [0x00000000cc000000, 0x00000000cca60000, 0x00000000d9e00000)
  eden space 8576K,   0% used [0x00000000cc000000, 0x00000000cc000000, 0x00000000cc860000)
  from space 1024K,  75% used [0x00000000cc860000, 0x00000000cc921398, 0x00000000cc960000)
  to   space 1024K,   0% used [0x00000000cc960000, 0x00000000cc960000, 0x00000000cca60000)
 tenured generation   total 21312K, used 3942K [0x00000000d9e00000, 0x00000000db2d0000, 0x00000000f5a00000)
   the space 21312K,  18% used [0x00000000d9e00000, 0x00000000da1d9b78, 0x00000000da1d9c00, 0x00000000db2d0000)
 compacting perm gen  total 21248K, used 8179K [0x00000000f5a00000, 0x00000000f6ec0000, 0x0000000100000000)
   the space 21248K,  38% used [0x00000000f5a00000, 0x00000000f61fcf08, 0x00000000f61fd000, 0x00000000f6ec0000)
No shared spaces configured.
}
Event: 10,490 GC heap before
{Heap before GC invocations=2 (full 0):
 def new generation   total 9600K, used 4984K [0x00000000cc000000, 0x00000000cca60000, 0x00000000d9e00000)
  eden space 8576K,  49% used [0x00000000cc000000, 0x00000000cc41ce08, 0x00000000cc860000)
  from space 1024K,  75% used [0x00000000cc860000, 0x00000000cc921398, 0x00000000cc960000)
  to   space 1024K,   0% used [0x00000000cc960000, 0x00000000cc960000, 0x00000000cca60000)
 tenured generation   total 21312K, used 3942K [0x00000000d9e00000, 0x00000000db2d0000, 0x00000000f5a00000)
   the space 21312K,  18% used [0x00000000d9e00000, 0x00000000da1d9b78, 0x00000000da1d9c00, 0x00000000db2d0000)
 compacting perm gen  total 21248K, used 8179K [0x00000000f5a00000, 0x00000000f6ec0000, 0x0000000100000000)
   the space 21248K,  38% used [0x00000000f5a00000, 0x00000000f61fcf08, 0x00000000f61fd000, 0x00000000f6ec0000)
No shared spaces configured.
Event: 10,503 GC heap after
Heap after GC invocations=3 (full 0):
 def new generation   total 9664K, used 0K [0x00000000cc000000, 0x00000000cca70000, 0x00000000d9e00000)
  eden space 8640K,   0% used [0x00000000cc000000, 0x00000000cc000000, 0x00000000cc870000)
  from space 1024K,   0% used [0x00000000cc870000, 0x00000000cc870000, 0x00000000cc970000)
  to   space 1024K,   0% used [0x00000000cc970000, 0x00000000cc970000, 0x00000000cca70000)
 tenured generation   total 21312K, used 8799K [0x00000000d9e00000, 0x00000000db2d0000, 0x00000000f5a00000)
   the space 21312K,  41% used [0x00000000d9e00000, 0x00000000da697e88, 0x00000000da698000, 0x00000000db2d0000)
 compacting perm gen  total 21248K, used 8179K [0x00000000f5a00000, 0x00000000f6ec0000, 0x0000000100000000)
   the space 21248K,  38% used [0x00000000f5a00000, 0x00000000f61fcf08, 0x00000000f61fd000, 0x00000000f6ec0000)
No shared spaces configured.
}
Event: 10,769 GC heap before
{Heap before GC invocations=3 (full 0):
 def new generation   total 9664K, used 8308K [0x00000000cc000000, 0x00000000cca70000, 0x00000000d9e00000)
  eden space 8640K,  96% used [0x00000000cc000000, 0x00000000cc81d178, 0x00000000cc870000)
  from space 1024K,   0% used [0x00000000cc870000, 0x00000000cc870000, 0x00000000cc970000)
  to   space 1024K,   0% used [0x00000000cc970000, 0x00000000cc970000, 0x00000000cca70000)
 tenured generation   total 21312K, used 8799K [0x00000000d9e00000, 0x00000000db2d0000, 0x00000000f5a00000)
   the space 21312K,  41% used [0x00000000d9e00000, 0x00000000da697e88, 0x00000000da698000, 0x00000000db2d0000)
 compacting perm gen  total 21248K, used 8180K [0x00000000f5a00000, 0x00000000f6ec0000, 0x0000000100000000)
   the space 21248K,  38% used [0x00000000f5a00000, 0x00000000f61fd200, 0x00000000f61fd200, 0x00000000f6ec0000)
No shared spaces configured.
Event: 10,835 GC heap after
Heap after GC invocations=4 (full 1):
 def new generation   total 9664K, used 0K [0x00000000cc000000, 0x00000000cca70000, 0x00000000d9e00000)
  eden space 8640K,   0% used [0x00000000cc000000, 0x00000000cc000000, 0x00000000cc870000)
  from space 1024K,   0% used [0x00000000cc970000, 0x00000000cc970000, 0x00000000cca70000)
  to   space 1024K,   0% used [0x00000000cc870000, 0x00000000cc870000, 0x00000000cc970000)
 tenured generation   total 21312K, used 10843K [0x00000000d9e00000, 0x00000000db2d0000, 0x00000000f5a00000)
   the space 21312K,  50% used [0x00000000d9e00000, 0x00000000da896d00, 0x00000000da896e00, 0x00000000db2d0000)
 compacting perm gen  total 21248K, used 8180K [0x00000000f5a00000, 0x00000000f6ec0000, 0x0000000100000000)
   the space 21248K,  38% used [0x00000000f5a00000, 0x00000000f61fd200, 0x00000000f61fd200, 0x00000000f6ec0000)
No shared spaces configured.
}
Event: 11,398 GC heap before
{Heap before GC invocations=4 (full 1):
 def new generation   total 9664K, used 229K [0x00000000cc000000, 0x00000000cca70000, 0x00000000d9e00000)
  eden space 8640K,   2% used [0x00000000cc000000, 0x00000000cc0396a0, 0x00000000cc870000)
  from space 1024K,   0% used [0x00000000cc970000, 0x00000000cc970000, 0x00000000cca70000)
  to   space 1024K,   0% used [0x00000000cc870000, 0x00000000cc870000, 0x00000000cc970000)
 tenured generation   total 37700K, used 27227K [0x00000000d9e00000, 0x00000000dc2d1000, 0x00000000f5a00000)
   the space 37700K,  72% used [0x00000000d9e00000, 0x00000000db896d10, 0x00000000db896e00, 0x00000000dc2d1000)
 compacting perm gen  total 21248K, used 8184K [0x00000000f5a00000, 0x00000000f6ec0000, 0x0000000100000000)
   the space 21248K,  38% used [0x00000000f5a00000, 0x00000000f61fe230, 0x00000000f61fe400, 0x00000000f6ec0000)
No shared spaces configured.
Event: 11,439 GC heap after
Heap after GC invocations=5 (full 2):
 def new generation   total 17024K, used 0K [0x00000000cc000000, 0x00000000cd270000, 0x00000000d9e00000)
  eden space 15168K,   0% used [0x00000000cc000000, 0x00000000cc000000, 0x00000000cced0000)
  from space 1856K,   0% used [0x00000000cced0000, 0x00000000cced0000, 0x00000000cd0a0000)
  to   space 1856K,   0% used [0x00000000cd0a0000, 0x00000000cd0a0000, 0x00000000cd270000)
 tenured generation   total 37700K, used 19035K [0x00000000d9e00000, 0x00000000dc2d1000, 0x00000000f5a00000)
   the space 37700K,  50% used [0x00000000d9e00000, 0x00000000db096d20, 0x00000000db096e00, 0x00000000dc2d1000)
 compacting perm gen  total 21248K, used 8184K [0x00000000f5a00000, 0x00000000f6ec0000, 0x0000000100000000)
   the space 21248K,  38% used [0x00000000f5a00000, 0x00000000f61fe230, 0x00000000f61fe400, 0x00000000f6ec0000)
No shared spaces configured.
}
Event: 12,533 GC heap before
{Heap before GC invocations=5 (full 2):
 def new generation   total 17024K, used 537K [0x00000000cc000000, 0x00000000cd270000, 0x00000000d9e00000)
  eden space 15168K,   3% used [0x00000000cc000000, 0x00000000cc086508, 0x00000000cced0000)
  from space 1856K,   0% used [0x00000000cced0000, 0x00000000cced0000, 0x00000000cd0a0000)
  to   space 1856K,   0% used [0x00000000cd0a0000, 0x00000000cd0a0000, 0x00000000cd270000)
 tenured generation   total 70472K, used 51803K [0x00000000d9e00000, 0x00000000de2d2000, 0x00000000f5a00000)
   the space 70472K,  73% used [0x00000000d9e00000, 0x00000000dd096d30, 0x00000000dd096e00, 0x00000000de2d2000)
 compacting perm gen  total 21248K, used 8184K [0x00000000f5a00000, 0x00000000f6ec0000, 0x0000000100000000)
   the space 21248K,  38% used [0x00000000f5a00000, 0x00000000f61fe230, 0x00000000f61fe400, 0x00000000f6ec0000)
No shared spaces configured.
Event: 12,585 GC heap after
Heap after GC invocations=6 (full 3):
 def new generation   total 31744K, used 0K [0x00000000cc000000, 0x00000000ce270000, 0x00000000d9e00000)
  eden space 28224K,   0% used [0x00000000cc000000, 0x00000000cc000000, 0x00000000cdb90000)
  from space 3520K,   0% used [0x00000000cdb90000, 0x00000000cdb90000, 0x00000000cdf00000)
  to   space 3520K,   0% used [0x00000000cdf00000, 0x00000000cdf00000, 0x00000000ce270000)
 tenured generation   total 70472K, used 34855K [0x00000000d9e00000, 0x00000000de2d2000, 0x00000000f5a00000)
   the space 70472K,  49% used [0x00000000d9e00000, 0x00000000dc009dc8, 0x00000000dc009e00, 0x00000000de2d2000)
 compacting perm gen  total 21248K, used 8184K [0x00000000f5a00000, 0x00000000f6ec0000, 0x0000000100000000)
   the space 21248K,  38% used [0x00000000f5a00000, 0x00000000f61fe230, 0x00000000f61fe400, 0x00000000f6ec0000)
No shared spaces configured.
}

Deoptimization events (8 events):
Event: 8,291 Thread 0x00007fbed400a800 Uncommon trap: reason=unreached action=reinterpret pc=0x00007fbed10868fc method=com.jcraft.jogg.StreamState.init(I)V @ 59
Event: 9,169 Thread 0x00007fbed400a800 Uncommon trap: reason=class_check action=maybe_recompile pc=0x00007fbed10a0bec method=com.jcraft.jorbis.Mapping0.inverse(Lcom/jcraft/jorbis/Block;Ljava/lang/Object;)I @ 459
Event: 9,169 Thread 0x00007fbed400a800 Uncommon trap: reason=class_check action=maybe_recompile pc=0x00007fbed10a0bec method=com.jcraft.jorbis.Mapping0.inverse(Lcom/jcraft/jorbis/Block;Ljava/lang/Object;)I @ 459
Event: 9,175 Thread 0x00007fbed400a800 Uncommon trap: reason=class_check action=maybe_recompile pc=0x00007fbed10a0bec method=com.jcraft.jorbis.Mapping0.inverse(Lcom/jcraft/jorbis/Block;Ljava/lang/Object;)I @ 459
Event: 9,182 Thread 0x00007fbed400a800 Uncommon trap: reason=class_check action=maybe_recompile pc=0x00007fbed10a0bec method=com.jcraft.jorbis.Mapping0.inverse(Lcom/jcraft/jorbis/Block;Ljava/lang/Object;)I @ 459
Event: 12,532 Thread 0x00007fbed400a800 Uncommon trap: reason=unreached action=reinterpret pc=0x00007fbed10a48f4 method=com.jcraft.jorbis.Floor1.inverse2(Lcom/jcraft/jorbis/Block;Ljava/lang/Object;Ljava/lang/Object;[F)I @ 33
Event: 64,503 Thread 0x00007fbed41ec800 Uncommon trap: reason=unreached action=reinterpret pc=0x00007fbed10c1810 method=java.util.concurrent.locks.AbstractQueuedSynchronizer.release(I)Z @ 14
Event: 65,247 Thread 0x00007fbed41e1800 Uncommon trap: reason=unreached action=reinterpret pc=0x00007fbed10c1be8 method=java.util.concurrent.locks.AbstractQueuedSynchronizer.release(I)Z @ 14

Internal exceptions (10 events):
Event: 13,332 Thread 0x00007fbed400a800 Threw 0x00000000cc0040d0 at /build/buildd/openjdk-7-7u51-2.4.4/build/openjdk/hotspot/src/share/vm/prims/jvm.cpp:1244
Event: 13,424 Thread 0x00007fbed400a800 Threw 0x00000000cc00b6f8 at /build/buildd/openjdk-7-7u51-2.4.4/build/openjdk/hotspot/src/share/vm/prims/jvm.cpp:1244
Event: 13,440 Thread 0x00007fbed400a800 Threw 0x00000000cc00d9b8 at /build/buildd/openjdk-7-7u51-2.4.4/build/openjdk/hotspot/src/share/vm/prims/jvm.cpp:1244
Event: 13,456 Thread 0x00007fbed400a800 Threw 0x00000000cc00f6c8 at /build/buildd/openjdk-7-7u51-2.4.4/build/openjdk/hotspot/src/share/vm/prims/jvm.cpp:1244
Event: 13,458 Thread 0x00007fbed400a800 Threw 0x00000000cc013700 at /build/buildd/openjdk-7-7u51-2.4.4/build/openjdk/hotspot/src/share/vm/prims/jvm.cpp:1244
Event: 64,503 Thread 0x00007fbed41ec800 Implicit null exception at 0x00007fbed10c17b0 to 0x00007fbed10c1801
Event: 65,247 Thread 0x00007fbed41e1800 Implicit null exception at 0x00007fbed10c1b7a to 0x00007fbed10c1bd9
Event: 113,767 Thread 0x00007fbed400a800 Threw 0x00000000cc1282a8 at /build/buildd/openjdk-7-7u51-2.4.4/build/openjdk/hotspot/src/share/vm/prims/jvm.cpp:1244
Event: 113,785 Thread 0x00007fbed400a800 Threw 0x00000000cc1299f8 at /build/buildd/openjdk-7-7u51-2.4.4/build/openjdk/hotspot/src/share/vm/prims/jvm.cpp:1244
Event: 115,761 Thread 0x00007fbed400a800 Threw 0x00000000cc12feb0 at /build/buildd/openjdk-7-7u51-2.4.4/build/openjdk/hotspot/src/share/vm/prims/jvm.cpp:1244

Events (10 events):
Event: 169,058 loading class 0x00007fbec0096250
Event: 169,116 loading class 0x00007fbec0089f00
Event: 169,125 loading class 0x00007fbec0089f00 done
Event: 169,125 loading class 0x00007fbec0089f30
Event: 169,136 loading class 0x00007fbec0089f30 done
Event: 169,136 loading class 0x00007fbec0096250 done
Event: 169,209 Thread 0x00007fbed41ec800 Thread exited: 0x00007fbed41ec800
Event: 169,245 Thread 0x00007fbed4096000 Thread exited: 0x00007fbed4096000
Event: 169,245 Thread 0x00007fbed4646000 Thread exited: 0x00007fbed4646000
Event: 169,265 Executing VM operation: Exit


Dynamic libraries:
00400000-00401000 r-xp 00000000 fc:00 3675615                            /usr/lib/jvm/java-7-openjdk-amd64/jre/bin/java
00600000-00601000 r--p 00000000 fc:00 3675615                            /usr/lib/jvm/java-7-openjdk-amd64/jre/bin/java
00601000-00602000 rw-p 00001000 fc:00 3675615                            /usr/lib/jvm/java-7-openjdk-amd64/jre/bin/java
00c99000-00cba000 rw-p 00000000 00:00 0                                  [heap]
cc000000-ce270000 rw-p 00000000 00:00 0 
ce270000-d9e00000 rw-p 00000000 00:00 0 
d9e00000-de2d2000 rw-p 00000000 00:00 0 
de2d2000-f5a00000 rw-p 00000000 00:00 0 
f5a00000-f6ec0000 rw-p 00000000 00:00 0 
f6ec0000-100000000 rw-p 00000000 00:00 0 
7fbe9e953000-7fbe9e956000 ---p 00000000 00:00 0 
7fbe9e956000-7fbe9ea54000 rw-p 00000000 00:00 0 
7fbe9ea54000-7fbe9ea57000 ---p 00000000 00:00 0 
7fbe9ea57000-7fbea2a97000 rw-p 00000000 00:00 0 
7fbea2a97000-7fbea2a98000 ---p 00000000 00:00 0 
7fbea2a98000-7fbea2b98000 rw-p 00000000 00:00 0                          [stack:17888]
7fbea2b98000-7fbea6b99000 rw-s 00000000 00:13 137461                     /run/shm/pulse-shm-2164340349
7fbea6b99000-7fbea6b9a000 ---p 00000000 00:00 0 
7fbea6b9a000-7fbea739a000 rw-p 00000000 00:00 0                          [stack:17887]
7fbea739a000-7fbea73a1000 r-xp 00000000 fc:00 2892090                    /usr/lib/x86_64-linux-gnu/libogg.so.0.8.1
7fbea73a1000-7fbea75a1000 ---p 00007000 fc:00 2892090                    /usr/lib/x86_64-linux-gnu/libogg.so.0.8.1
7fbea75a1000-7fbea75a2000 r--p 00007000 fc:00 2892090                    /usr/lib/x86_64-linux-gnu/libogg.so.0.8.1
7fbea75a2000-7fbea75a3000 rw-p 00008000 fc:00 2892090                    /usr/lib/x86_64-linux-gnu/libogg.so.0.8.1
7fbea75a3000-7fbea75ce000 r-xp 00000000 fc:00 2892321                    /usr/lib/x86_64-linux-gnu/libvorbis.so.0.4.5
7fbea75ce000-7fbea77ce000 ---p 0002b000 fc:00 2892321                    /usr/lib/x86_64-linux-gnu/libvorbis.so.0.4.5
7fbea77ce000-7fbea77cf000 r--p 0002b000 fc:00 2892321                    /usr/lib/x86_64-linux-gnu/libvorbis.so.0.4.5
7fbea77cf000-7fbea77d0000 rw-p 0002c000 fc:00 2892321                    /usr/lib/x86_64-linux-gnu/libvorbis.so.0.4.5
7fbea77d0000-7fbea7a83000 r-xp 00000000 fc:00 2892323                    /usr/lib/x86_64-linux-gnu/libvorbisenc.so.2.0.8
7fbea7a83000-7fbea7c82000 ---p 002b3000 fc:00 2892323                    /usr/lib/x86_64-linux-gnu/libvorbisenc.so.2.0.8
7fbea7c82000-7fbea7c9e000 r--p 002b2000 fc:00 2892323                    /usr/lib/x86_64-linux-gnu/libvorbisenc.so.2.0.8
7fbea7c9e000-7fbea7c9f000 rw-p 002ce000 fc:00 2892323                    /usr/lib/x86_64-linux-gnu/libvorbisenc.so.2.0.8
7fbea7c9f000-7fbea7cce000 r-xp 00000000 fc:00 2891288                    /usr/lib/x86_64-linux-gnu/libFLAC.so.8.3.0
7fbea7cce000-7fbea7ece000 ---p 0002f000 fc:00 2891288                    /usr/lib/x86_64-linux-gnu/libFLAC.so.8.3.0
7fbea7ece000-7fbea7ecf000 r--p 0002f000 fc:00 2891288                    /usr/lib/x86_64-linux-gnu/libFLAC.so.8.3.0
7fbea7ecf000-7fbea7ed0000 rw-p 00030000 fc:00 2891288                    /usr/lib/x86_64-linux-gnu/libFLAC.so.8.3.0
7fbea7ed0000-7fbea7ed5000 r-xp 00000000 fc:00 2891505                    /usr/lib/x86_64-linux-gnu/libasyncns.so.0.3.1
7fbea7ed5000-7fbea80d4000 ---p 00005000 fc:00 2891505                    /usr/lib/x86_64-linux-gnu/libasyncns.so.0.3.1
7fbea80d4000-7fbea80d5000 r--p 00004000 fc:00 2891505                    /usr/lib/x86_64-linux-gnu/libasyncns.so.0.3.1
7fbea80d5000-7fbea80d6000 rw-p 00005000 fc:00 2891505                    /usr/lib/x86_64-linux-gnu/libasyncns.so.0.3.1
7fbea80d6000-7fbea8137000 r-xp 00000000 fc:00 2892216                    /usr/lib/x86_64-linux-gnu/libsndfile.so.1.0.25
7fbea8137000-7fbea8337000 ---p 00061000 fc:00 2892216                    /usr/lib/x86_64-linux-gnu/libsndfile.so.1.0.25
7fbea8337000-7fbea8339000 r--p 00061000 fc:00 2892216                    /usr/lib/x86_64-linux-gnu/libsndfile.so.1.0.25
7fbea8339000-7fbea833a000 rw-p 00063000 fc:00 2892216                    /usr/lib/x86_64-linux-gnu/libsndfile.so.1.0.25
7fbea833a000-7fbea833e000 rw-p 00000000 00:00 0 
7fbea833e000-7fbea8346000 r-xp 00000000 fc:00 6557692                    /lib/x86_64-linux-gnu/libwrap.so.0.7.6
7fbea8346000-7fbea8546000 ---p 00008000 fc:00 6557692                    /lib/x86_64-linux-gnu/libwrap.so.0.7.6
7fbea8546000-7fbea8547000 r--p 00008000 fc:00 6557692                    /lib/x86_64-linux-gnu/libwrap.so.0.7.6
7fbea8547000-7fbea8548000 rw-p 00009000 fc:00 6557692                    /lib/x86_64-linux-gnu/libwrap.so.0.7.6
7fbea8548000-7fbea85ae000 r-xp 00000000 fc:00 3277648                    /usr/lib/x86_64-linux-gnu/pulseaudio/libpulsecommon-4.0.so
7fbea85ae000-7fbea87ad000 ---p 00066000 fc:00 3277648                    /usr/lib/x86_64-linux-gnu/pulseaudio/libpulsecommon-4.0.so
7fbea87ad000-7fbea87ae000 r--p 00065000 fc:00 3277648                    /usr/lib/x86_64-linux-gnu/pulseaudio/libpulsecommon-4.0.so
7fbea87ae000-7fbea87af000 rw-p 00066000 fc:00 3277648                    /usr/lib/x86_64-linux-gnu/pulseaudio/libpulsecommon-4.0.so
7fbea87af000-7fbea87b8000 r-xp 00000000 fc:00 6557577                    /lib/x86_64-linux-gnu/libjson-c.so.2.0.1
7fbea87b8000-7fbea89b7000 ---p 00009000 fc:00 6557577                    /lib/x86_64-linux-gnu/libjson-c.so.2.0.1
7fbea89b7000-7fbea89b8000 r--p 00008000 fc:00 6557577                    /lib/x86_64-linux-gnu/libjson-c.so.2.0.1
7fbea89b8000-7fbea89b9000 rw-p 00009000 fc:00 6557577                    /lib/x86_64-linux-gnu/libjson-c.so.2.0.1
7fbea89b9000-7fbea8a00000 r-xp 00000000 fc:00 2892153                    /usr/lib/x86_64-linux-gnu/libpulse.so.0.16.2
7fbea8a00000-7fbea8c00000 ---p 00047000 fc:00 2892153                    /usr/lib/x86_64-linux-gnu/libpulse.so.0.16.2
7fbea8c00000-7fbea8c01000 r--p 00047000 fc:00 2892153                    /usr/lib/x86_64-linux-gnu/libpulse.so.0.16.2
7fbea8c01000-7fbea8c02000 rw-p 00048000 fc:00 2892153                    /usr/lib/x86_64-linux-gnu/libpulse.so.0.16.2
7fbea8c02000-7fbea8c57000 r-xp 00000000 fc:00 2098387                    /home/alvin/workspace/Copy of Lumen/LWJGL Library/native/linux/libopenal64.so
7fbea8c57000-7fbea8e56000 ---p 00055000 fc:00 2098387                    /home/alvin/workspace/Copy of Lumen/LWJGL Library/native/linux/libopenal64.so
7fbea8e56000-7fbea8e59000 r--p 00054000 fc:00 2098387                    /home/alvin/workspace/Copy of Lumen/LWJGL Library/native/linux/libopenal64.so
7fbea8e59000-7fbea8e5a000 rw-p 00057000 fc:00 2098387                    /home/alvin/workspace/Copy of Lumen/LWJGL Library/native/linux/libopenal64.so
7fbea8e5a000-7fbea8e5b000 rw-p 00000000 00:00 0 
7fbea8e5b000-7fbea8e71000 r-xp 00000000 fc:00 3546263                    /usr/lib/jvm/java-7-openjdk-amd64/jre/lib/amd64/libnet.so
7fbea8e71000-7fbea9070000 ---p 00016000 fc:00 3546263                    /usr/lib/jvm/java-7-openjdk-amd64/jre/lib/amd64/libnet.so
7fbea9070000-7fbea9071000 r--p 00015000 fc:00 3546263                    /usr/lib/jvm/java-7-openjdk-amd64/jre/lib/amd64/libnet.so
7fbea9071000-7fbea9072000 rw-p 00016000 fc:00 3546263                    /usr/lib/jvm/java-7-openjdk-amd64/jre/lib/amd64/libnet.so
7fbea9072000-7fbea9082000 r-xp 00000000 fc:00 3546284                    /usr/lib/jvm/java-7-openjdk-amd64/jre/lib/amd64/libnio.so
7fbea9082000-7fbea9282000 ---p 00010000 fc:00 3546284                    /usr/lib/jvm/java-7-openjdk-amd64/jre/lib/amd64/libnio.so
7fbea9282000-7fbea9283000 r--p 00010000 fc:00 3546284                    /usr/lib/jvm/java-7-openjdk-amd64/jre/lib/amd64/libnio.so
7fbea9283000-7fbea9284000 rw-p 00011000 fc:00 3546284                    /usr/lib/jvm/java-7-openjdk-amd64/jre/lib/amd64/libnio.so
7fbea9284000-7fbeaa3d7000 rw-p 00000000 00:00 0 
7fbeaa3d7000-7fbeaa409000 r-xp 00000000 fc:00 2892280                    /usr/lib/x86_64-linux-gnu/libtxc_dxtn_s2tc.so.0.0.0
7fbeaa409000-7fbeaa608000 ---p 00032000 fc:00 2892280                    /usr/lib/x86_64-linux-gnu/libtxc_dxtn_s2tc.so.0.0.0
7fbeaa608000-7fbeaa609000 r--p 00031000 fc:00 2892280                    /usr/lib/x86_64-linux-gnu/libtxc_dxtn_s2tc.so.0.0.0
7fbeaa609000-7fbeaa60a000 rw-p 00032000 fc:00 2892280                    /usr/lib/x86_64-linux-gnu/libtxc_dxtn_s2tc.so.0.0.0
7fbeaa60a000-7fbeaa67e000 rw-p 00000000 00:00 0 
7fbeaa73c000-7fbeaa73d000 rw-s 116b05000 00:05 9086                      /dev/dri/card0
7fbeaa73d000-7fbeaa73e000 rw-s 116b04000 00:05 9086                      /dev/dri/card0
7fbeaa73e000-7fbeaa73f000 rw-s 116b03000 00:05 9086                      /dev/dri/card0
7fbeaa73f000-7fbeaa743000 rw-s 00000000 00:04 137531                     /drm mm object (deleted)
7fbeaa745000-7fbeaa747000 rw-s 116c14000 00:05 9086                      /dev/dri/card0
7fbeaa747000-7fbeaa748000 rw-s 00000000 00:04 137523                     /drm mm object (deleted)
7fbeaa748000-7fbeaa749000 rw-s 00000000 00:04 137522                     /drm mm object (deleted)
7fbeaa749000-7fbeaa74a000 rw-s 00000000 00:04 137521                     /drm mm object (deleted)
7fbeaa74a000-7fbeaa74b000 rw-s 00000000 00:04 137520                     /drm mm object (deleted)
7fbeaa74b000-7fbeaa74c000 rw-s 00000000 00:04 137519                     /drm mm object (deleted)
7fbeaa74c000-7fbeaa74d000 rw-s 00000000 00:04 137518                     /drm mm object (deleted)
7fbeaa74d000-7fbeaa74e000 rw-s 00000000 00:04 137517                     /drm mm object (deleted)
7fbeaa74e000-7fbeaa74f000 rw-s 00000000 00:04 137516                     /drm mm object (deleted)
7fbeaa74f000-7fbeaa750000 rw-s 00000000 00:04 137515                     /drm mm object (deleted)
7fbeaa750000-7fbeaa751000 rw-s 00000000 00:04 137514                     /drm mm object (deleted)
7fbeaa751000-7fbeaa752000 rw-s 00000000 00:04 137513                     /drm mm object (deleted)
7fbeaa752000-7fbeaa753000 rw-s 00000000 00:04 137512                     /drm mm object (deleted)
7fbeaa753000-7fbeaa754000 rw-s 00000000 00:04 137511                     /drm mm object (deleted)
7fbeaa754000-7fbeaa755000 rw-s 00000000 00:04 137510                     /drm mm object (deleted)
7fbeaa755000-7fbeaa756000 rw-s 00000000 00:04 137509                     /drm mm object (deleted)
7fbeaa756000-7fbeaa757000 rw-s 00000000 00:04 137508                     /drm mm object (deleted)
7fbeaa757000-7fbeaa758000 rw-s 00000000 00:04 137507                     /drm mm object (deleted)
7fbeaa758000-7fbeaa759000 rw-s 00000000 00:04 137506                     /drm mm object (deleted)
7fbeaa759000-7fbeaa75a000 rw-s 00000000 00:04 137505                     /drm mm object (deleted)
7fbeaa75a000-7fbeaa75b000 rw-s 00000000 00:04 137504                     /drm mm object (deleted)
7fbeaa75b000-7fbeaa75c000 rw-s 00000000 00:04 137503                     /drm mm object (deleted)
7fbeaa75c000-7fbeaa75d000 rw-s 00000000 00:04 137502                     /drm mm object (deleted)
7fbeaa75d000-7fbeaa75e000 rw-s 00000000 00:04 137501                     /drm mm object (deleted)
7fbeaa75e000-7fbeaa75f000 rw-s 00000000 00:04 137500                     /drm mm object (deleted)
7fbeaa75f000-7fbeaa767000 r-xp 00000000 fc:00 2892122                    /usr/lib/x86_64-linux-gnu/libpciaccess.so.0.11.1
7fbeaa767000-7fbeaa966000 ---p 00008000 fc:00 2892122                    /usr/lib/x86_64-linux-gnu/libpciaccess.so.0.11.1
7fbeaa966000-7fbeaa967000 r--p 00007000 fc:00 2892122                    /usr/lib/x86_64-linux-gnu/libpciaccess.so.0.11.1
7fbeaa967000-7fbeaa968000 rw-p 00008000 fc:00 2892122                    /usr/lib/x86_64-linux-gnu/libpciaccess.so.0.11.1
7fbeaa968000-7fbeaa987000 r-xp 00000000 fc:00 2888072                    /usr/lib/x86_64-linux-gnu/libdrm_intel.so.1.0.0
7fbeaa987000-7fbeaab86000 ---p 0001f000 fc:00 2888072                    /usr/lib/x86_64-linux-gnu/libdrm_intel.so.1.0.0
7fbeaab86000-7fbeaab87000 r--p 0001e000 fc:00 2888072                    /usr/lib/x86_64-linux-gnu/libdrm_intel.so.1.0.0
7fbeaab87000-7fbeaab88000 rw-p 0001f000 fc:00 2888072                    /usr/lib/x86_64-linux-gnu/libdrm_intel.so.1.0.0
7fbeaab88000-7fbeaaf46000 r-xp 00000000 fc:00 2891639                    /usr/lib/x86_64-linux-gnu/libdricore9.2.1.so.1.0.0
7fbeaaf46000-7fbeab145000 ---p 003be000 fc:00 2891639                    /usr/lib/x86_64-linux-gnu/libdricore9.2.1.so.1.0.0
7fbeab145000-7fbeab155000 r--p 003bd000 fc:00 2891639                    /usr/lib/x86_64-linux-gnu/libdricore9.2.1.so.1.0.0
7fbeab155000-7fbeab15d000 rw-p 003cd000 fc:00 2891639                    /usr/lib/x86_64-linux-gnu/libdricore9.2.1.so.1.0.0
7fbeab15d000-7fbeab175000 rw-p 00000000 00:00 0 
7fbeab175000-7fbeab176000 rw-s 00000000 00:04 137499                     /drm mm object (deleted)
7fbeab176000-7fbeab177000 rw-s 00000000 00:04 137498                     /drm mm object (deleted)
7fbeab177000-7fbeab178000 rw-s 00000000 00:04 137497                     /drm mm object (deleted)
7fbeab178000-7fbeab179000 rw-s 00000000 00:04 137496                     /drm mm object (deleted)
7fbeab179000-7fbeab17a000 rw-s 00000000 00:04 137495                     /drm mm object (deleted)
7fbeab17a000-7fbeab17b000 rw-s 00000000 00:04 137494                     /drm mm object (deleted)
7fbeab17b000-7fbeab17c000 rw-s 00000000 00:04 137493                     /drm mm object (deleted)
7fbeab17c000-7fbeab17d000 rw-s 00000000 00:04 137492                     /drm mm object (deleted)
7fbeab17d000-7fbeab17e000 rw-s 00000000 00:04 137491                     /drm mm object (deleted)
7fbeab17e000-7fbeab17f000 rw-s 00000000 00:04 137490                     /drm mm object (deleted)
7fbeab17f000-7fbeab180000 rw-s 00000000 00:04 137489                     /drm mm object (deleted)
7fbeab180000-7fbeab181000 rw-s 00000000 00:04 137488                     /drm mm object (deleted)
7fbeab181000-7fbeab182000 rw-s 00000000 00:04 137487                     /drm mm object (deleted)
7fbeab182000-7fbeab183000 rw-s 00000000 00:04 137486                     /drm mm object (deleted)
7fbeab183000-7fbeab184000 rw-s 00000000 00:04 137485                     /drm mm object (deleted)
7fbeab184000-7fbeab185000 rw-s 00000000 00:04 137484                     /drm mm object (deleted)
7fbeab185000-7fbeab186000 rw-s 00000000 00:04 137483                     /drm mm object (deleted)
7fbeab186000-7fbeab187000 rw-s 00000000 00:04 137482                     /drm mm object (deleted)
7fbeab187000-7fbeab188000 rw-s 00000000 00:04 137481                     /drm mm object (deleted)
7fbeab188000-7fbeab189000 rw-s 00000000 00:04 137480                     /drm mm object (deleted)
7fbeab189000-7fbeab18a000 rw-s 00000000 00:04 137479                     /drm mm object (deleted)
7fbeab18a000-7fbeab18b000 rw-s 00000000 00:04 137478                     /drm mm object (deleted)
7fbeab18b000-7fbeab18c000 rw-s 00000000 00:04 137477                     /drm mm object (deleted)
7fbeab18c000-7fbeab193000 r--s 00000000 fc:00 3148701                    /usr/lib/x86_64-linux-gnu/gconv/gconv-modules.cache
7fbeab193000-7fbeab268000 r-xp 00000000 fc:00 3148337                    /usr/lib/x86_64-linux-gnu/dri/i965_dri.so
7fbeab268000-7fbeab468000 ---p 000d5000 fc:00 3148337                    /usr/lib/x86_64-linux-gnu/dri/i965_dri.so
7fbeab468000-7fbeab46b000 r--p 000d5000 fc:00 3148337                    /usr/lib/x86_64-linux-gnu/dri/i965_dri.so
7fbeab46b000-7fbeab46d000 rw-p 000d8000 fc:00 3148337                    /usr/lib/x86_64-linux-gnu/dri/i965_dri.so
7fbeab46d000-7fbeab46e000 rw-p 00000000 00:00 0 
7fbeab46e000-7fbeab479000 r-xp 00000000 fc:00 2887841                    /usr/lib/x86_64-linux-gnu/libdrm.so.2.4.0
7fbeab479000-7fbeab678000 ---p 0000b000 fc:00 2887841                    /usr/lib/x86_64-linux-gnu/libdrm.so.2.4.0
7fbeab678000-7fbeab679000 r--p 0000a000 fc:00 2887841                    /usr/lib/x86_64-linux-gnu/libdrm.so.2.4.0
7fbeab679000-7fbeab67a000 rw-p 0000b000 fc:00 2887841                    /usr/lib/x86_64-linux-gnu/libdrm.so.2.4.0
7fbeab67a000-7fbeab67d000 r-xp 00000000 fc:00 2892353                    /usr/lib/x86_64-linux-gnu/libxcb-dri2.so.0.0.0
7fbeab67d000-7fbeab87d000 ---p 00003000 fc:00 2892353                    /usr/lib/x86_64-linux-gnu/libxcb-dri2.so.0.0.0
7fbeab87d000-7fbeab87e000 r--p 00003000 fc:00 2892353                    /usr/lib/x86_64-linux-gnu/libxcb-dri2.so.0.0.0
7fbeab87e000-7fbeab87f000 rw-p 00004000 fc:00 2892353                    /usr/lib/x86_64-linux-gnu/libxcb-dri2.so.0.0.0
7fbeab87f000-7fbeab894000 r-xp 00000000 fc:00 2892355                    /usr/lib/x86_64-linux-gnu/libxcb-glx.so.0.0.0
7fbeab894000-7fbeaba93000 ---p 00015000 fc:00 2892355                    /usr/lib/x86_64-linux-gnu/libxcb-glx.so.0.0.0
7fbeaba93000-7fbeaba95000 r--p 00014000 fc:00 2892355                    /usr/lib/x86_64-linux-gnu/libxcb-glx.so.0.0.0
7fbeaba95000-7fbeaba96000 rw-p 00016000 fc:00 2892355                    /usr/lib/x86_64-linux-gnu/libxcb-glx.so.0.0.0
7fbeaba96000-7fbeaba97000 r-xp 00000000 fc:00 2891421                    /usr/lib/x86_64-linux-gnu/libX11-xcb.so.1.0.0
7fbeaba97000-7fbeabc96000 ---p 00001000 fc:00 2891421                    /usr/lib/x86_64-linux-gnu/libX11-xcb.so.1.0.0
7fbeabc96000-7fbeabc97000 r--p 00000000 fc:00 2891421                    /usr/lib/x86_64-linux-gnu/libX11-xcb.so.1.0.0
7fbeabc97000-7fbeabc98000 rw-p 00001000 fc:00 2891421                    /usr/lib/x86_64-linux-gnu/libX11-xcb.so.1.0.0
7fbeabc98000-7fbeabcb9000 r-xp 00000000 fc:00 2891782                    /usr/lib/x86_64-linux-gnu/libglapi.so.0.0.0
7fbeabcb9000-7fbeabeb9000 ---p 00021000 fc:00 2891782                    /usr/lib/x86_64-linux-gnu/libglapi.so.0.0.0
7fbeabeb9000-7fbeabebc000 r--p 00021000 fc:00 2891782                    /usr/lib/x86_64-linux-gnu/libglapi.so.0.0.0
7fbeabebc000-7fbeabebd000 rw-p 00024000 fc:00 2891782                    /usr/lib/x86_64-linux-gnu/libglapi.so.0.0.0
7fbeabebd000-7fbeabebe000 rw-p 00000000 00:00 0 
7fbeabebe000-7fbeabf18000 r-xp 00000000 fc:00 3277591                    /usr/lib/x86_64-linux-gnu/mesa/libGL.so.1.2.0
7fbeabf18000-7fbeac118000 ---p 0005a000 fc:00 3277591                    /usr/lib/x86_64-linux-gnu/mesa/libGL.so.1.2.0
7fbeac118000-7fbeac11a000 r--p 0005a000 fc:00 3277591                    /usr/lib/x86_64-linux-gnu/mesa/libGL.so.1.2.0
7fbeac11a000-7fbeac11b000 rw-p 0005c000 fc:00 3277591                    /usr/lib/x86_64-linux-gnu/mesa/libGL.so.1.2.0
7fbeac11b000-7fbeac11c000 rw-p 00000000 00:00 0 
7fbeac11c000-7fbeac11f000 ---p 00000000 00:00 0 
7fbeac11f000-7fbeac155000 rw-p 00000000 00:00 0 
7fbeac155000-7fbeac158000 ---p 00000000 00:00 0 
7fbeac158000-7fbeac18e000 rw-p 00000000 00:00 0 
7fbeac18e000-7fbeac192000 r-xp 00000000 fc:00 2891472                    /usr/lib/x86_64-linux-gnu/libXxf86vm.so.1.0.0
7fbeac192000-7fbeac392000 ---p 00004000 fc:00 2891472                    /usr/lib/x86_64-linux-gnu/libXxf86vm.so.1.0.0
7fbeac392000-7fbeac393000 r--p 00004000 fc:00 2891472                    /usr/lib/x86_64-linux-gnu/libXxf86vm.so.1.0.0
7fbeac393000-7fbeac394000 rw-p 00005000 fc:00 2891472                    /usr/lib/x86_64-linux-gnu/libXxf86vm.so.1.0.0
7fbeac394000-7fbeac3fe000 r-xp 00000000 fc:00 2098385                    /home/alvin/workspace/Copy of Lumen/LWJGL Library/native/linux/liblwjgl64.so
7fbeac3fe000-7fbeac5fe000 ---p 0006a000 fc:00 2098385                    /home/alvin/workspace/Copy of Lumen/LWJGL Library/native/linux/liblwjgl64.so
7fbeac5fe000-7fbeac600000 r--p 0006a000 fc:00 2098385                    /home/alvin/workspace/Copy of Lumen/LWJGL Library/native/linux/liblwjgl64.so
7fbeac600000-7fbeac601000 rw-p 0006c000 fc:00 2098385                    /home/alvin/workspace/Copy of Lumen/LWJGL Library/native/linux/liblwjgl64.so
7fbeac601000-7fbeac602000 r-xp 00000000 fc:00 3546274                    /usr/lib/jvm/java-7-openjdk-amd64/jre/lib/amd64/libjawt.so
7fbeac602000-7fbeac801000 ---p 00001000 fc:00 3546274                    /usr/lib/jvm/java-7-openjdk-amd64/jre/lib/amd64/libjawt.so
7fbeac801000-7fbeac802000 r--p 00000000 fc:00 3546274                    /usr/lib/jvm/java-7-openjdk-amd64/jre/lib/amd64/libjawt.so
7fbeac802000-7fbeac803000 rw-p 00001000 fc:00 3546274                    /usr/lib/jvm/java-7-openjdk-amd64/jre/lib/amd64/libjawt.so
7fbeac803000-7fbeac806000 ---p 00000000 00:00 0 
7fbeac806000-7fbeac904000 rw-p 00000000 00:00 0                          [stack:17877]
7fbeac904000-7fbeac907000 ---p 00000000 00:00 0 
7fbeac907000-7fbeaca05000 rw-p 00000000 00:00 0                          [stack:17876]
7fbeaca05000-7fbeaca09000 r-xp 00000000 fc:00 6557568                    /lib/x86_64-linux-gnu/libgpg-error.so.0.10.0
7fbeaca09000-7fbeacc08000 ---p 00004000 fc:00 6557568                    /lib/x86_64-linux-gnu/libgpg-error.so.0.10.0
7fbeacc08000-7fbeacc09000 r--p 00003000 fc:00 6557568                    /lib/x86_64-linux-gnu/libgpg-error.so.0.10.0
7fbeacc09000-7fbeacc0a000 rw-p 00004000 fc:00 6557568                    /lib/x86_64-linux-gnu/libgpg-error.so.0.10.0
7fbeacc0a000-7fbeacc0c000 r-xp 00000000 fc:00 6557580                    /lib/x86_64-linux-gnu/libkeyutils.so.1.4
7fbeacc0c000-7fbeace0c000 ---p 00002000 fc:00 6557580                    /lib/x86_64-linux-gnu/libkeyutils.so.1.4
7fbeace0c000-7fbeace0d000 r--p 00002000 fc:00 6557580                    /lib/x86_64-linux-gnu/libkeyutils.so.1.4
7fbeace0d000-7fbeace0e000 rw-p 00003000 fc:00 6557580                    /lib/x86_64-linux-gnu/libkeyutils.so.1.4
7fbeace0e000-7fbeace26000 r-xp 00000000 fc:00 2891824                    /usr/lib/x86_64-linux-gnu/libgraphite2.so.3.0.1
7fbeace26000-7fbead025000 ---p 00018000 fc:00 2891824                    /usr/lib/x86_64-linux-gnu/libgraphite2.so.3.0.1
7fbead025000-7fbead027000 r--p 00017000 fc:00 2891824                    /usr/lib/x86_64-linux-gnu/libgraphite2.so.3.0.1
7fbead027000-7fbead028000 rw-p 00019000 fc:00 2891824                    /usr/lib/x86_64-linux-gnu/libgraphite2.so.3.0.1
7fbead028000-7fbead06c000 r-xp 00000000 fc:00 6557549                    /lib/x86_64-linux-gnu/libdbus-1.so.3.7.4
7fbead06c000-7fbead26b000 ---p 00044000 fc:00 6557549                    /lib/x86_64-linux-gnu/libdbus-1.so.3.7.4
7fbead26b000-7fbead26c000 r--p 00043000 fc:00 6557549                    /lib/x86_64-linux-gnu/libdbus-1.so.3.7.4
7fbead26c000-7fbead26d000 rw-p 00044000 fc:00 6557549                    /lib/x86_64-linux-gnu/libdbus-1.so.3.7.4
7fbead26d000-7fbead28b000 r-xp 00000000 fc:00 2892098                    /usr/lib/x86_64-linux-gnu/libp11-kit.so.0.0.0
7fbead28b000-7fbead48a000 ---p 0001e000 fc:00 2892098                    /usr/lib/x86_64-linux-gnu/libp11-kit.so.0.0.0
7fbead48a000-7fbead48c000 r--p 0001d000 fc:00 2892098                    /usr/lib/x86_64-linux-gnu/libp11-kit.so.0.0.0
7fbead48c000-7fbead48d000 rw-p 0001f000 fc:00 2892098                    /usr/lib/x86_64-linux-gnu/libp11-kit.so.0.0.0
7fbead48d000-7fbead49d000 r-xp 00000000 fc:00 2892252                    /usr/lib/x86_64-linux-gnu/libtasn1.so.3.2.0
7fbead49d000-7fbead69c000 ---p 00010000 fc:00 2892252                    /usr/lib/x86_64-linux-gnu/libtasn1.so.3.2.0
7fbead69c000-7fbead69d000 r--p 0000f000 fc:00 2892252                    /usr/lib/x86_64-linux-gnu/libtasn1.so.3.2.0
7fbead69d000-7fbead69e000 rw-p 00010000 fc:00 2892252                    /usr/lib/x86_64-linux-gnu/libtasn1.so.3.2.0
7fbead69e000-7fbead718000 r-xp 00000000 fc:00 6557564                    /lib/x86_64-linux-gnu/libgcrypt.so.11.7.0
7fbead718000-7fbead918000 ---p 0007a000 fc:00 6557564                    /lib/x86_64-linux-gnu/libgcrypt.so.11.7.0
7fbead918000-7fbead919000 r--p 0007a000 fc:00 6557564                    /lib/x86_64-linux-gnu/libgcrypt.so.11.7.0
7fbead919000-7fbead91c000 rw-p 0007b000 fc:00 6557564                    /lib/x86_64-linux-gnu/libgcrypt.so.11.7.0
7fbead91c000-7fbead923000 r-xp 00000000 fc:00 2891997                    /usr/lib/x86_64-linux-gnu/libkrb5support.so.0.1
7fbead923000-7fbeadb22000 ---p 00007000 fc:00 2891997                    /usr/lib/x86_64-linux-gnu/libkrb5support.so.0.1
7fbeadb22000-7fbeadb23000 r--p 00006000 fc:00 2891997                    /usr/lib/x86_64-linux-gnu/libkrb5support.so.0.1
7fbeadb23000-7fbeadb24000 rw-p 00007000 fc:00 2891997                    /usr/lib/x86_64-linux-gnu/libkrb5support.so.0.1
7fbeadb24000-7fbeadb27000 r-xp 00000000 fc:00 6557544                    /lib/x86_64-linux-gnu/libcom_err.so.2.1
7fbeadb27000-7fbeadd26000 ---p 00003000 fc:00 6557544                    /lib/x86_64-linux-gnu/libcom_err.so.2.1
7fbeadd26000-7fbeadd27000 r--p 00002000 fc:00 6557544                    /lib/x86_64-linux-gnu/libcom_err.so.2.1
7fbeadd27000-7fbeadd28000 rw-p 00003000 fc:00 6557544                    /lib/x86_64-linux-gnu/libcom_err.so.2.1
7fbeadd28000-7fbeadd4e000 r-xp 00000000 fc:00 2891991                    /usr/lib/x86_64-linux-gnu/libk5crypto.so.3.1
7fbeadd4e000-7fbeadf4d000 ---p 00026000 fc:00 2891991                    /usr/lib/x86_64-linux-gnu/libk5crypto.so.3.1
7fbeadf4d000-7fbeadf4e000 r--p 00025000 fc:00 2891991                    /usr/lib/x86_64-linux-gnu/libk5crypto.so.3.1
7fbeadf4e000-7fbeadf4f000 rw-p 00026000 fc:00 2891991                    /usr/lib/x86_64-linux-gnu/libk5crypto.so.3.1
7fbeadf4f000-7fbeadf50000 rw-p 00000000 00:00 0 
7fbeadf50000-7fbeae015000 r-xp 00000000 fc:00 2891995                    /usr/lib/x86_64-linux-gnu/libkrb5.so.3.3
7fbeae015000-7fbeae214000 ---p 000c5000 fc:00 2891995                    /usr/lib/x86_64-linux-gnu/libkrb5.so.3.3
7fbeae214000-7fbeae21e000 r--p 000c4000 fc:00 2891995                    /usr/lib/x86_64-linux-gnu/libkrb5.so.3.3
7fbeae21e000-7fbeae21f000 rw-p 000ce000 fc:00 2891995                    /usr/lib/x86_64-linux-gnu/libkrb5.so.3.3
7fbeae21f000-7fbeae225000 r-xp 00000000 fc:00 2891616                    /usr/lib/x86_64-linux-gnu/libdatrie.so.1.2.0
7fbeae225000-7fbeae424000 ---p 00006000 fc:00 2891616                    /usr/lib/x86_64-linux-gnu/libdatrie.so.1.2.0
7fbeae424000-7fbeae425000 r--p 00005000 fc:00 2891616                    /usr/lib/x86_64-linux-gnu/libdatrie.so.1.2.0
7fbeae425000-7fbeae426000 rw-p 00006000 fc:00 2891616                    /usr/lib/x86_64-linux-gnu/libdatrie.so.1.2.0
7fbeae426000-7fbeae476000 r-xp 00000000 fc:00 2891932                    /usr/lib/x86_64-linux-gnu/libharfbuzz.so.0.919.0
7fbeae476000-7fbeae676000 ---p 00050000 fc:00 2891932                    /usr/lib/x86_64-linux-gnu/libharfbuzz.so.0.919.0
7fbeae676000-7fbeae677000 r--p 00050000 fc:00 2891932                    /usr/lib/x86_64-linux-gnu/libharfbuzz.so.0.919.0
7fbeae677000-7fbeae678000 rw-p 00051000 fc:00 2891932                    /usr/lib/x86_64-linux-gnu/libharfbuzz.so.0.919.0
7fbeae678000-7fbeae680000 r-xp 00000000 fc:00 2892367                    /usr/lib/x86_64-linux-gnu/libxcb-render.so.0.0.0
7fbeae680000-7fbeae87f000 ---p 00008000 fc:00 2892367                    /usr/lib/x86_64-linux-gnu/libxcb-render.so.0.0.0
7fbeae87f000-7fbeae880000 r--p 00007000 fc:00 2892367                    /usr/lib/x86_64-linux-gnu/libxcb-render.so.0.0.0
7fbeae880000-7fbeae881000 rw-p 00008000 fc:00 2892367                    /usr/lib/x86_64-linux-gnu/libxcb-render.so.0.0.0
7fbeae881000-7fbeae883000 r-xp 00000000 fc:00 2892371                    /usr/lib/x86_64-linux-gnu/libxcb-shm.so.0.0.0
7fbeae883000-7fbeaea82000 ---p 00002000 fc:00 2892371                    /usr/lib/x86_64-linux-gnu/libxcb-shm.so.0.0.0
7fbeaea82000-7fbeaea83000 r--p 00001000 fc:00 2892371                    /usr/lib/x86_64-linux-gnu/libxcb-shm.so.0.0.0
7fbeaea83000-7fbeaea84000 rw-p 00002000 fc:00 2892371                    /usr/lib/x86_64-linux-gnu/libxcb-shm.so.0.0.0
7fbeaea84000-7fbeaeaa9000 r-xp 00000000 fc:00 6557647                    /lib/x86_64-linux-gnu/libpng12.so.0.49.0
7fbeaeaa9000-7fbeaeca8000 ---p 00025000 fc:00 6557647                    /lib/x86_64-linux-gnu/libpng12.so.0.49.0
7fbeaeca8000-7fbeaeca9000 r--p 00024000 fc:00 6557647                    /lib/x86_64-linux-gnu/libpng12.so.0.49.0
7fbeaeca9000-7fbeaecaa000 rw-p 00025000 fc:00 6557647                    /lib/x86_64-linux-gnu/libpng12.so.0.49.0
7fbeaecaa000-7fbeaed4b000 r-xp 00000000 fc:00 2890002                    /usr/lib/x86_64-linux-gnu/libpixman-1.so.0.30.2
7fbeaed4b000-7fbeaef4b000 ---p 000a1000 fc:00 2890002                    /usr/lib/x86_64-linux-gnu/libpixman-1.so.0.30.2
7fbeaef4b000-7fbeaef52000 r--p 000a1000 fc:00 2890002                    /usr/lib/x86_64-linux-gnu/libpixman-1.so.0.30.2
7fbeaef52000-7fbeaef53000 rw-p 000a8000 fc:00 2890002                    /usr/lib/x86_64-linux-gnu/libpixman-1.so.0.30.2
7fbeaef53000-7fbeaef58000 r-xp 00000000 fc:00 2891438                    /usr/lib/x86_64-linux-gnu/libXdmcp.so.6.0.0
7fbeaef58000-7fbeaf157000 ---p 00005000 fc:00 2891438                    /usr/lib/x86_64-linux-gnu/libXdmcp.so.6.0.0
7fbeaf157000-7fbeaf158000 r--p 00004000 fc:00 2891438                    /usr/lib/x86_64-linux-gnu/libXdmcp.so.6.0.0
7fbeaf158000-7fbeaf159000 rw-p 00005000 fc:00 2891438                    /usr/lib/x86_64-linux-gnu/libXdmcp.so.6.0.0
7fbeaf159000-7fbeaf15b000 r-xp 00000000 fc:00 2891427                    /usr/lib/x86_64-linux-gnu/libXau.so.6.0.0
7fbeaf15b000-7fbeaf35b000 ---p 00002000 fc:00 2891427                    /usr/lib/x86_64-linux-gnu/libXau.so.6.0.0
7fbeaf35b000-7fbeaf35c000 r--p 00002000 fc:00 2891427                    /usr/lib/x86_64-linux-gnu/libXau.so.6.0.0
7fbeaf35c000-7fbeaf35d000 rw-p 00003000 fc:00 2891427                    /usr/lib/x86_64-linux-gnu/libXau.so.6.0.0
7fbeaf35d000-7fbeaf36c000 r-xp 00000000 fc:00 2887850                    /usr/lib/x86_64-linux-gnu/libavahi-client.so.3.2.9
7fbeaf36c000-7fbeaf56c000 ---p 0000f000 fc:00 2887850                    /usr/lib/x86_64-linux-gnu/libavahi-client.so.3.2.9
7fbeaf56c000-7fbeaf56d000 r--p 0000f000 fc:00 2887850                    /usr/lib/x86_64-linux-gnu/libavahi-client.so.3.2.9
7fbeaf56d000-7fbeaf56e000 rw-p 00010000 fc:00 2887850                    /usr/lib/x86_64-linux-gnu/libavahi-client.so.3.2.9
7fbeaf56e000-7fbeaf579000 r-xp 00000000 fc:00 2884006                    /usr/lib/x86_64-linux-gnu/libavahi-common.so.3.5.3
7fbeaf579000-7fbeaf778000 ---p 0000b000 fc:00 2884006                    /usr/lib/x86_64-linux-gnu/libavahi-common.so.3.5.3
7fbeaf778000-7fbeaf779000 r--p 0000a000 fc:00 2884006                    /usr/lib/x86_64-linux-gnu/libavahi-common.so.3.5.3
7fbeaf779000-7fbeaf77a000 rw-p 0000b000 fc:00 2884006                    /usr/lib/x86_64-linux-gnu/libavahi-common.so.3.5.3
7fbeaf77a000-7fbeaf830000 r-xp 00000000 fc:00 2888317                    /usr/lib/x86_64-linux-gnu/libgnutls.so.26.22.6
7fbeaf830000-7fbeafa30000 ---p 000b6000 fc:00 2888317                    /usr/lib/x86_64-linux-gnu/libgnutls.so.26.22.6
7fbeafa30000-7fbeafa36000 r--p 000b6000 fc:00 2888317                    /usr/lib/x86_64-linux-gnu/libgnutls.so.26.22.6
7fbeafa36000-7fbeafa37000 rw-p 000bc000 fc:00 2888317                    /usr/lib/x86_64-linux-gnu/libgnutls.so.26.22.6
7fbeafa37000-7fbeafa38000 rw-p 00000000 00:00 0 
7fbeafa38000-7fbeafa73000 r-xp 00000000 fc:00 2891830                    /usr/lib/x86_64-linux-gnu/libgssapi_krb5.so.2.2
7fbeafa73000-7fbeafc73000 ---p 0003b000 fc:00 2891830                    /usr/lib/x86_64-linux-gnu/libgssapi_krb5.so.2.2
7fbeafc73000-7fbeafc74000 r--p 0003b000 fc:00 2891830                    /usr/lib/x86_64-linux-gnu/libgssapi_krb5.so.2.2
7fbeafc74000-7fbeafc76000 rw-p 0003c000 fc:00 2891830                    /usr/lib/x86_64-linux-gnu/libgssapi_krb5.so.2.2
7fbeafc76000-7fbeafcb3000 r-xp 00000000 fc:00 6557635                    /lib/x86_64-linux-gnu/libpcre.so.3.13.1
7fbeafcb3000-7fbeafeb3000 ---p 0003d000 fc:00 6557635                    /lib/x86_64-linux-gnu/libpcre.so.3.13.1
7fbeafeb3000-7fbeafeb4000 r--p 0003d000 fc:00 6557635                    /lib/x86_64-linux-gnu/libpcre.so.3.13.1
7fbeafeb4000-7fbeafeb5000 rw-p 0003e000 fc:00 6557635                    /lib/x86_64-linux-gnu/libpcre.so.3.13.1
7fbeafeb5000-7fbeafebc000 r-xp 00000000 fc:00 2891675                    /usr/lib/x86_64-linux-gnu/libffi.so.6.0.1
7fbeafebc000-7fbeb00bb000 ---p 00007000 fc:00 2891675                    /usr/lib/x86_64-linux-gnu/libffi.so.6.0.1
7fbeb00bb000-7fbeb00bc000 r--p 00006000 fc:00 2891675                    /usr/lib/x86_64-linux-gnu/libffi.so.6.0.1
7fbeb00bc000-7fbeb00bd000 rw-p 00007000 fc:00 2891675                    /usr/lib/x86_64-linux-gnu/libffi.so.6.0.1
7fbeb00bd000-7fbeb00e4000 r-xp 00000000 fc:00 6557557                    /lib/x86_64-linux-gnu/libexpat.so.1.6.0
7fbeb00e4000-7fbeb02e4000 ---p 00027000 fc:00 6557557                    /lib/x86_64-linux-gnu/libexpat.so.1.6.0
7fbeb02e4000-7fbeb02e6000 r--p 00027000 fc:00 6557557                    /lib/x86_64-linux-gnu/libexpat.so.1.6.0
7fbeb02e6000-7fbeb02e7000 rw-p 00029000 fc:00 6557557                    /lib/x86_64-linux-gnu/libexpat.so.1.6.0
7fbeb02e7000-7fbeb0383000 r-xp 00000000 fc:00 2891717                    /usr/lib/x86_64-linux-gnu/libfreetype.so.6.10.1
7fbeb0383000-7fbeb0583000 ---p 0009c000 fc:00 2891717                    /usr/lib/x86_64-linux-gnu/libfreetype.so.6.10.1
7fbeb0583000-7fbeb0588000 r--p 0009c000 fc:00 2891717                    /usr/lib/x86_64-linux-gnu/libfreetype.so.6.10.1
7fbeb0588000-7fbeb0589000 rw-p 000a1000 fc:00 2891717                    /usr/lib/x86_64-linux-gnu/libfreetype.so.6.10.1
7fbeb0589000-7fbeb0591000 r-xp 00000000 fc:00 2892264                    /usr/lib/x86_64-linux-gnu/libthai.so.0.2.0
7fbeb0591000-7fbeb0790000 ---p 00008000 fc:00 2892264                    /usr/lib/x86_64-linux-gnu/libthai.so.0.2.0
7fbeb0790000-7fbeb0791000 r--p 00007000 fc:00 2892264                    /usr/lib/x86_64-linux-gnu/libthai.so.0.2.0
7fbeb0791000-7fbeb0792000 rw-p 00008000 fc:00 2892264                    /usr/lib/x86_64-linux-gnu/libthai.so.0.2.0
7fbeb0792000-7fbeb07a8000 r-xp 00000000 fc:00 6557658                    /lib/x86_64-linux-gnu/libresolv-2.17.so
7fbeb07a8000-7fbeb09a8000 ---p 00016000 fc:00 6557658                    /lib/x86_64-linux-gnu/libresolv-2.17.so
7fbeb09a8000-7fbeb09a9000 r--p 00016000 fc:00 6557658                    /lib/x86_64-linux-gnu/libresolv-2.17.so
7fbeb09a9000-7fbeb09aa000 rw-p 00017000 fc:00 6557658                    /lib/x86_64-linux-gnu/libresolv-2.17.so
7fbeb09aa000-7fbeb09ac000 rw-p 00000000 00:00 0 
7fbeb09ac000-7fbeb09cb000 r-xp 00000000 fc:00 6557662                    /lib/x86_64-linux-gnu/libselinux.so.1
7fbeb09cb000-7fbeb0bcb000 ---p 0001f000 fc:00 6557662                    /lib/x86_64-linux-gnu/libselinux.so.1
7fbeb0bcb000-7fbeb0bcc000 r--p 0001f000 fc:00 6557662                    /lib/x86_64-linux-gnu/libselinux.so.1
7fbeb0bcc000-7fbeb0bcd000 rw-p 00020000 fc:00 6557662                    /lib/x86_64-linux-gnu/libselinux.so.1
7fbeb0bcd000-7fbeb0bce000 rw-p 00000000 00:00 0 
7fbeb0bce000-7fbeb0bd0000 r-xp 00000000 fc:00 2891436                    /usr/lib/x86_64-linux-gnu/libXdamage.so.1.1.0
7fbeb0bd0000-7fbeb0dcf000 ---p 00002000 fc:00 2891436                    /usr/lib/x86_64-linux-gnu/libXdamage.so.1.1.0
7fbeb0dcf000-7fbeb0dd0000 r--p 00001000 fc:00 2891436                    /usr/lib/x86_64-linux-gnu/libXdamage.so.1.1.0
7fbeb0dd0000-7fbeb0dd1000 rw-p 00002000 fc:00 2891436                    /usr/lib/x86_64-linux-gnu/libXdamage.so.1.1.0
7fbeb0dd1000-7fbeb0dd3000 r-xp 00000000 fc:00 2891432                    /usr/lib/x86_64-linux-gnu/libXcomposite.so.1.0.0
7fbeb0dd3000-7fbeb0fd2000 ---p 00002000 fc:00 2891432                    /usr/lib/x86_64-linux-gnu/libXcomposite.so.1.0.0
7fbeb0fd2000-7fbeb0fd3000 r--p 00001000 fc:00 2891432                    /usr/lib/x86_64-linux-gnu/libXcomposite.so.1.0.0
7fbeb0fd3000-7fbeb0fd4000 rw-p 00002000 fc:00 2891432                    /usr/lib/x86_64-linux-gnu/libXcomposite.so.1.0.0
7fbeb0fd4000-7fbeb0fdd000 r-xp 00000000 fc:00 2891434                    /usr/lib/x86_64-linux-gnu/libXcursor.so.1.0.2
7fbeb0fdd000-7fbeb11dc000 ---p 00009000 fc:00 2891434                    /usr/lib/x86_64-linux-gnu/libXcursor.so.1.0.2
7fbeb11dc000-7fbeb11dd000 r--p 00008000 fc:00 2891434                    /usr/lib/x86_64-linux-gnu/libXcursor.so.1.0.2
7fbeb11dd000-7fbeb11de000 rw-p 00009000 fc:00 2891434                    /usr/lib/x86_64-linux-gnu/libXcursor.so.1.0.2
7fbeb11de000-7fbeb11e7000 r-xp 00000000 fc:00 2891460                    /usr/lib/x86_64-linux-gnu/libXrandr.so.2.2.0
7fbeb11e7000-7fbeb13e6000 ---p 00009000 fc:00 2891460                    /usr/lib/x86_64-linux-gnu/libXrandr.so.2.2.0
7fbeb13e6000-7fbeb13e7000 r--p 00008000 fc:00 2891460                    /usr/lib/x86_64-linux-gnu/libXrandr.so.2.2.0
7fbeb13e7000-7fbeb13e8000 rw-p 00009000 fc:00 2891460                    /usr/lib/x86_64-linux-gnu/libXrandr.so.2.2.0
7fbeb13e8000-7fbeb13ea000 r-xp 00000000 fc:00 2891450                    /usr/lib/x86_64-linux-gnu/libXinerama.so.1.0.0
7fbeb13ea000-7fbeb15e9000 ---p 00002000 fc:00 2891450                    /usr/lib/x86_64-linux-gnu/libXinerama.so.1.0.0
7fbeb15e9000-7fbeb15ea000 r--p 00001000 fc:00 2891450                    /usr/lib/x86_64-linux-gnu/libXinerama.so.1.0.0
7fbeb15ea000-7fbeb15eb000 rw-p 00002000 fc:00 2891450                    /usr/lib/x86_64-linux-gnu/libXinerama.so.1.0.0
7fbeb15eb000-7fbeb15ff000 r-xp 00000000 fc:00 2892110                    /usr/lib/x86_64-linux-gnu/libpangoft2-1.0.so.0.3200.5
7fbeb15ff000-7fbeb17fe000 ---p 00014000 fc:00 2892110                    /usr/lib/x86_64-linux-gnu/libpangoft2-1.0.so.0.3200.5
7fbeb17fe000-7fbeb17ff000 r--p 00013000 fc:00 2892110                    /usr/lib/x86_64-linux-gnu/libpangoft2-1.0.so.0.3200.5
7fbeb17ff000-7fbeb1800000 rw-p 00014000 fc:00 2892110                    /usr/lib/x86_64-linux-gnu/libpangoft2-1.0.so.0.3200.5
7fbeb1800000-7fbeb1904000 r-xp 00000000 fc:00 2891547                    /usr/lib/x86_64-linux-gnu/libcairo.so.2.11200.16
7fbeb1904000-7fbeb1b03000 ---p 00104000 fc:00 2891547                    /usr/lib/x86_64-linux-gnu/libcairo.so.2.11200.16
7fbeb1b03000-7fbeb1b06000 r--p 00103000 fc:00 2891547                    /usr/lib/x86_64-linux-gnu/libcairo.so.2.11200.16
7fbeb1b06000-7fbeb1b07000 rw-p 00106000 fc:00 2891547                    /usr/lib/x86_64-linux-gnu/libcairo.so.2.11200.16
7fbeb1b07000-7fbeb1b09000 rw-p 00000000 00:00 0 
7fbeb1b09000-7fbeb1b28000 r-xp 00000000 fc:00 2891507                    /usr/lib/x86_64-linux-gnu/libatk-1.0.so.0.21009.1
7fbeb1b28000-7fbeb1d28000 ---p 0001f000 fc:00 2891507                    /usr/lib/x86_64-linux-gnu/libatk-1.0.so.0.21009.1
7fbeb1d28000-7fbeb1d2a000 r--p 0001f000 fc:00 2891507                    /usr/lib/x86_64-linux-gnu/libatk-1.0.so.0.21009.1
7fbeb1d2a000-7fbeb1d2b000 rw-p 00021000 fc:00 2891507                    /usr/lib/x86_64-linux-gnu/libatk-1.0.so.0.21009.1
7fbeb1d2b000-7fbeb1d30000 r-xp 00000000 fc:00 2891442                    /usr/lib/x86_64-linux-gnu/libXfixes.so.3.1.0
7fbeb1d30000-7fbeb1f2f000 ---p 00005000 fc:00 2891442                    /usr/lib/x86_64-linux-gnu/libXfixes.so.3.1.0
7fbeb1f2f000-7fbeb1f30000 r--p 00004000 fc:00 2891442                    /usr/lib/x86_64-linux-gnu/libXfixes.so.3.1.0
7fbeb1f30000-7fbeb1f31000 rw-p 00005000 fc:00 2891442                    /usr/lib/x86_64-linux-gnu/libXfixes.so.3.1.0
7fbeb1f31000-7fbeb1f3c000 r-xp 00000000 fc:00 2892108                    /usr/lib/x86_64-linux-gnu/libpangocairo-1.0.so.0.3200.5
7fbeb1f3c000-7fbeb213c000 ---p 0000b000 fc:00 2892108                    /usr/lib/x86_64-linux-gnu/libpangocairo-1.0.so.0.3200.5
7fbeb213c000-7fbeb213d000 r--p 0000b000 fc:00 2892108                    /usr/lib/x86_64-linux-gnu/libpangocairo-1.0.so.0.3200.5
7fbeb213d000-7fbeb213e000 rw-p 0000c000 fc:00 2892108                    /usr/lib/x86_64-linux-gnu/libpangocairo-1.0.so.0.3200.5
7fbeb213e000-7fbeb2141000 r-xp 00000000 fc:00 2888049                    /usr/lib/x86_64-linux-gnu/libgmodule-2.0.so.0.3800.1
7fbeb2141000-7fbeb2340000 ---p 00003000 fc:00 2888049                    /usr/lib/x86_64-linux-gnu/libgmodule-2.0.so.0.3800.1
7fbeb2340000-7fbeb2341000 r--p 00002000 fc:00 2888049                    /usr/lib/x86_64-linux-gnu/libgmodule-2.0.so.0.3800.1
7fbeb2341000-7fbeb2342000 rw-p 00003000 fc:00 2888049                    /usr/lib/x86_64-linux-gnu/libgmodule-2.0.so.0.3800.1
7fbeb2342000-7fbeb235f000 r-xp 00000000 fc:00 2892379                    /usr/lib/x86_64-linux-gnu/libxcb.so.1.1.0
7fbeb235f000-7fbeb255e000 ---p 0001d000 fc:00 2892379                    /usr/lib/x86_64-linux-gnu/libxcb.so.1.1.0
7fbeb255e000-7fbeb255f000 r--p 0001c000 fc:00 2892379                    /usr/lib/x86_64-linux-gnu/libxcb.so.1.1.0
7fbeb255f000-7fbeb2560000 rw-p 0001d000 fc:00 2892379                    /usr/lib/x86_64-linux-gnu/libxcb.so.1.1.0
7fbeb2560000-7fbeb25cc000 r-xp 00000000 fc:00 2884101                    /usr/lib/x86_64-linux-gnu/libcups.so.2
7fbeb25cc000-7fbeb27cb000 ---p 0006c000 fc:00 2884101                    /usr/lib/x86_64-linux-gnu/libcups.so.2
7fbeb27cb000-7fbeb27d2000 r--p 0006b000 fc:00 2884101                    /usr/lib/x86_64-linux-gnu/libcups.so.2
7fbeb27d2000-7fbeb27d3000 rw-p 00072000 fc:00 2884101                    /usr/lib/x86_64-linux-gnu/libcups.so.2
7fbeb27d3000-7fbeb28d1000 r-xp 00000000 fc:00 6557487                    /lib/x86_64-linux-gnu/libglib-2.0.so.0.3800.1
7fbeb28d1000-7fbeb2ad1000 ---p 000fe000 fc:00 6557487                    /lib/x86_64-linux-gnu/libglib-2.0.so.0.3800.1
7fbeb2ad1000-7fbeb2ad2000 r--p 000fe000 fc:00 6557487                    /lib/x86_64-linux-gnu/libglib-2.0.so.0.3800.1
7fbeb2ad2000-7fbeb2ad3000 rw-p 000ff000 fc:00 6557487                    /lib/x86_64-linux-gnu/libglib-2.0.so.0.3800.1
7fbeb2ad3000-7fbeb2ad4000 rw-p 00000000 00:00 0 
7fbeb2ad4000-7fbeb2ad5000 r-xp 00000000 fc:00 2888048                    /usr/lib/x86_64-linux-gnu/libgthread-2.0.so.0.3800.1
7fbeb2ad5000-7fbeb2cd4000 ---p 00001000 fc:00 2888048                    /usr/lib/x86_64-linux-gnu/libgthread-2.0.so.0.3800.1
7fbeb2cd4000-7fbeb2cd5000 r--p 00000000 fc:00 2888048                    /usr/lib/x86_64-linux-gnu/libgthread-2.0.so.0.3800.1
7fbeb2cd5000-7fbeb2cd6000 rw-p 00001000 fc:00 2888048                    /usr/lib/x86_64-linux-gnu/libgthread-2.0.so.0.3800.1
7fbeb2cd6000-7fbeb2d25000 r-xp 00000000 fc:00 2883988                    /usr/lib/x86_64-linux-gnu/libgobject-2.0.so.0.3800.1
7fbeb2d25000-7fbeb2f25000 ---p 0004f000 fc:00 2883988                    /usr/lib/x86_64-linux-gnu/libgobject-2.0.so.0.3800.1
7fbeb2f25000-7fbeb2f26000 r--p 0004f000 fc:00 2883988                    /usr/lib/x86_64-linux-gnu/libgobject-2.0.so.0.3800.1
7fbeb2f26000-7fbeb2f27000 rw-p 00050000 fc:00 2883988                    /usr/lib/x86_64-linux-gnu/libgobject-2.0.so.0.3800.1
7fbeb2f27000-7fbeb2f60000 r-xp 00000000 fc:00 2891689                    /usr/lib/x86_64-linux-gnu/libfontconfig.so.1.7.0
7fbeb2f60000-7fbeb3160000 ---p 00039000 fc:00 2891689                    /usr/lib/x86_64-linux-gnu/libfontconfig.so.1.7.0
7fbeb3160000-7fbeb3162000 r--p 00039000 fc:00 2891689                    /usr/lib/x86_64-linux-gnu/libfontconfig.so.1.7.0
7fbeb3162000-7fbeb3163000 rw-p 0003b000 fc:00 2891689                    /usr/lib/x86_64-linux-gnu/libfontconfig.so.1.7.0
7fbeb3163000-7fbeb31ad000 r-xp 00000000 fc:00 2892106                    /usr/lib/x86_64-linux-gnu/libpango-1.0.so.0.3200.5
7fbeb31ad000-7fbeb33ac000 ---p 0004a000 fc:00 2892106                    /usr/lib/x86_64-linux-gnu/libpango-1.0.so.0.3200.5
7fbeb33ac000-7fbeb33ae000 r--p 00049000 fc:00 2892106                    /usr/lib/x86_64-linux-gnu/libpango-1.0.so.0.3200.5
7fbeb33ae000-7fbeb33af000 rw-p 0004b000 fc:00 2892106                    /usr/lib/x86_64-linux-gnu/libpango-1.0.so.0.3200.5
7fbeb33af000-7fbeb350b000 r-xp 00000000 fc:00 2883969                    /usr/lib/x86_64-linux-gnu/libgio-2.0.so.0.3800.1
7fbeb350b000-7fbeb370a000 ---p 0015c000 fc:00 2883969                    /usr/lib/x86_64-linux-gnu/libgio-2.0.so.0.3800.1
7fbeb370a000-7fbeb370e000 r--p 0015b000 fc:00 2883969                    /usr/lib/x86_64-linux-gnu/libgio-2.0.so.0.3800.1
7fbeb370e000-7fbeb3710000 rw-p 0015f000 fc:00 2883969                    /usr/lib/x86_64-linux-gnu/libgio-2.0.so.0.3800.1
7fbeb3710000-7fbeb3712000 rw-p 00000000 00:00 0 
7fbeb3712000-7fbeb37bf000 r-xp 00000000 fc:00 2891754                    /usr/lib/x86_64-linux-gnu/libgdk-x11-2.0.so.0.2400.20
7fbeb37bf000-7fbeb39be000 ---p 000ad000 fc:00 2891754                    /usr/lib/x86_64-linux-gnu/libgdk-x11-2.0.so.0.2400.20
7fbeb39be000-7fbeb39c2000 r--p 000ac000 fc:00 2891754                    /usr/lib/x86_64-linux-gnu/libgdk-x11-2.0.so.0.2400.20
7fbeb39c2000-7fbeb39c4000 rw-p 000b0000 fc:00 2891754                    /usr/lib/x86_64-linux-gnu/libgdk-x11-2.0.so.0.2400.20
7fbeb39c4000-7fbeb3df3000 r-xp 00000000 fc:00 2891914                    /usr/lib/x86_64-linux-gnu/libgtk-x11-2.0.so.0.2400.20
7fbeb3df3000-7fbeb3ff2000 ---p 0042f000 fc:00 2891914                    /usr/lib/x86_64-linux-gnu/libgtk-x11-2.0.so.0.2400.20
7fbeb3ff2000-7fbeb3ff9000 r--p 0042e000 fc:00 2891914                    /usr/lib/x86_64-linux-gnu/libgtk-x11-2.0.so.0.2400.20
7fbeb3ff9000-7fbeb3ffd000 rw-p 00435000 fc:00 2891914                    /usr/lib/x86_64-linux-gnu/libgtk-x11-2.0.so.0.2400.20
7fbeb3ffd000-7fbeb4000000 rw-p 00000000 00:00 0 
7fbeb4000000-7fbeb457f000 rw-p 00000000 00:00 0 
7fbeb457f000-7fbeb8000000 ---p 00000000 00:00 0 
7fbeb8000000-7fbeb8021000 rw-p 00000000 00:00 0 
7fbeb8021000-7fbebc000000 ---p 00000000 00:00 0 
7fbebc000000-7fbebc021000 rw-p 00000000 00:00 0 
7fbebc021000-7fbec0000000 ---p 00000000 00:00 0 
7fbec0000000-7fbec0cd3000 rw-p 00000000 00:00 0 
7fbec0cd3000-7fbec4000000 ---p 00000000 00:00 0 
7fbec4000000-7fbec4021000 rw-p 00000000 00:00 0 
7fbec4021000-7fbec8000000 ---p 00000000 00:00 0 
7fbec8000000-7fbec8021000 rw-p 00000000 00:00 0 
7fbec8021000-7fbecc000000 ---p 00000000 00:00 0 
7fbecc000000-7fbecc021000 rw-p 00000000 00:00 0 
7fbecc021000-7fbed0000000 ---p 00000000 00:00 0 
7fbed0000000-7fbed0001000 rw-s 00000000 00:04 137476                     /drm mm object (deleted)
7fbed0001000-7fbed0002000 rw-s 00000000 00:04 137475                     /drm mm object (deleted)
7fbed0002000-7fbed0003000 rw-s 00000000 00:04 137474                     /drm mm object (deleted)
7fbed0003000-7fbed0004000 rw-s 00000000 00:04 137473                     /drm mm object (deleted)
7fbed0004000-7fbed0005000 rw-s 00000000 00:04 137472                     /drm mm object (deleted)
7fbed0005000-7fbed0006000 rw-s 00000000 00:04 137471                     /drm mm object (deleted)
7fbed0006000-7fbed0025000 r-xp 00000000 fc:00 2891756                    /usr/lib/x86_64-linux-gnu/libgdk_pixbuf-2.0.so.0.2800.1
7fbed0025000-7fbed0224000 ---p 0001f000 fc:00 2891756                    /usr/lib/x86_64-linux-gnu/libgdk_pixbuf-2.0.so.0.2800.1
7fbed0224000-7fbed0225000 r--p 0001e000 fc:00 2891756                    /usr/lib/x86_64-linux-gnu/libgdk_pixbuf-2.0.so.0.2800.1
7fbed0225000-7fbed0226000 rw-p 0001f000 fc:00 2891756                    /usr/lib/x86_64-linux-gnu/libgdk_pixbuf-2.0.so.0.2800.1
7fbed0226000-7fbed0235000 r-xp 00000000 fc:00 2891448                    /usr/lib/x86_64-linux-gnu/libXi.so.6.1.0
7fbed0235000-7fbed0434000 ---p 0000f000 fc:00 2891448                    /usr/lib/x86_64-linux-gnu/libXi.so.6.1.0
7fbed0434000-7fbed0435000 r--p 0000e000 fc:00 2891448                    /usr/lib/x86_64-linux-gnu/libXi.so.6.1.0
7fbed0435000-7fbed0436000 rw-p 0000f000 fc:00 2891448                    /usr/lib/x86_64-linux-gnu/libXi.so.6.1.0
7fbed0436000-7fbed043b000 r-xp 00000000 fc:00 2891466                    /usr/lib/x86_64-linux-gnu/libXtst.so.6.1.0
7fbed043b000-7fbed063a000 ---p 00005000 fc:00 2891466                    /usr/lib/x86_64-linux-gnu/libXtst.so.6.1.0
7fbed063a000-7fbed063b000 r--p 00004000 fc:00 2891466                    /usr/lib/x86_64-linux-gnu/libXtst.so.6.1.0
7fbed063b000-7fbed063c000 rw-p 00005000 fc:00 2891466                    /usr/lib/x86_64-linux-gnu/libXtst.so.6.1.0
7fbed063c000-7fbed0645000 r-xp 00000000 fc:00 2891462                    /usr/lib/x86_64-linux-gnu/libXrender.so.1.3.0
7fbed0645000-7fbed0844000 ---p 00009000 fc:00 2891462                    /usr/lib/x86_64-linux-gnu/libXrender.so.1.3.0
7fbed0844000-7fbed0845000 r--p 00008000 fc:00 2891462                    /usr/lib/x86_64-linux-gnu/libXrender.so.1.3.0
7fbed0845000-7fbed0846000 rw-p 00009000 fc:00 2891462                    /usr/lib/x86_64-linux-gnu/libXrender.so.1.3.0
7fbed0846000-7fbed0976000 r-xp 00000000 fc:00 2891423                    /usr/lib/x86_64-linux-gnu/libX11.so.6.3.0
7fbed0976000-7fbed0b76000 ---p 00130000 fc:00 2891423                    /usr/lib/x86_64-linux-gnu/libX11.so.6.3.0
7fbed0b76000-7fbed0b77000 r--p 00130000 fc:00 2891423                    /usr/lib/x86_64-linux-gnu/libX11.so.6.3.0
7fbed0b77000-7fbed0b7b000 rw-p 00131000 fc:00 2891423                    /usr/lib/x86_64-linux-gnu/libX11.so.6.3.0
7fbed0b7b000-7fbed0b8c000 r-xp 00000000 fc:00 2891440                    /usr/lib/x86_64-linux-gnu/libXext.so.6.4.0
7fbed0b8c000-7fbed0d8b000 ---p 00011000 fc:00 2891440                    /usr/lib/x86_64-linux-gnu/libXext.so.6.4.0
7fbed0d8b000-7fbed0d8c000 r--p 00010000 fc:00 2891440                    /usr/lib/x86_64-linux-gnu/libXext.so.6.4.0
7fbed0d8c000-7fbed0d8d000 rw-p 00011000 fc:00 2891440                    /usr/lib/x86_64-linux-gnu/libXext.so.6.4.0
7fbed0d8d000-7fbed0d8e000 rw-s 00000000 00:04 137470                     /drm mm object (deleted)
7fbed0d8e000-7fbed0d8f000 rw-s 00000000 00:04 137469                     /drm mm object (deleted)
7fbed0d8f000-7fbed0d90000 rw-s 00000000 00:04 137468                     /drm mm object (deleted)
7fbed0d90000-7fbed0d91000 rw-s 00000000 00:04 137467                     /drm mm object (deleted)
7fbed0d91000-7fbed0da0000 r--s 000be000 fc:00 2105207                    /home/alvin/workspace/Lumen/lib/jar/TWL.jar
7fbed0da0000-7fbed0dab000 r--s 000af000 fc:00 2105213                    /home/alvin/workspace/Lumen/lib/jar/slick.jar
7fbed0dab000-7fbed0dfc000 r-xp 00000000 fc:00 3676055                    /usr/lib/jvm/java-7-openjdk-amd64/jre/lib/amd64/xawt/libmawt.so
7fbed0dfc000-7fbed0ffb000 ---p 00051000 fc:00 3676055                    /usr/lib/jvm/java-7-openjdk-amd64/jre/lib/amd64/xawt/libmawt.so
7fbed0ffb000-7fbed0ffc000 r--p 00050000 fc:00 3676055                    /usr/lib/jvm/java-7-openjdk-amd64/jre/lib/amd64/xawt/libmawt.so
7fbed0ffc000-7fbed0fff000 rw-p 00051000 fc:00 3676055                    /usr/lib/jvm/java-7-openjdk-amd64/jre/lib/amd64/xawt/libmawt.so
7fbed0fff000-7fbed1000000 rw-p 00000000 00:00 0 
7fbed1000000-7fbed1270000 rwxp 00000000 00:00 0 
7fbed1270000-7fbed4bca000 rw-p 00000000 00:00 0 
7fbed4bca000-7fbed8000000 ---p 00000000 00:00 0 
7fbed8000000-7fbed8001000 rw-s 00000000 00:04 137439                     /drm mm object (deleted)
7fbed8001000-7fbed8003000 rw-s 116c12000 00:05 9086                      /dev/dri/card0
7fbed8003000-7fbed8004000 rw-s 116c0e000 00:05 9086                      /dev/dri/card0
7fbed8006000-7fbed8008000 rw-s 00000000 00:04 137440                     /drm mm object (deleted)
7fbed8008000-7fbed8009000 rw-s 116c0d000 00:05 9086                      /dev/dri/card0
7fbed8009000-7fbed80a9000 r-xp 00000000 fc:00 3546289                    /usr/lib/jvm/java-7-openjdk-amd64/jre/lib/amd64/libawt.so
7fbed80a9000-7fbed82a8000 ---p 000a0000 fc:00 3546289                    /usr/lib/jvm/java-7-openjdk-amd64/jre/lib/amd64/libawt.so
7fbed82a8000-7fbed82a9000 r--p 0009f000 fc:00 3546289                    /usr/lib/jvm/java-7-openjdk-amd64/jre/lib/amd64/libawt.so
7fbed82a9000-7fbed82b4000 rw-p 000a0000 fc:00 3546289                    /usr/lib/jvm/java-7-openjdk-amd64/jre/lib/amd64/libawt.so
7fbed82b4000-7fbed82d9000 rw-p 00000000 00:00 0 
7fbed82d9000-7fbed82e6000 r--s 000e6000 fc:00 2105211                    /home/alvin/workspace/Lumen/lib/jar/lwjgl.jar
7fbed82e6000-7fbed82e7000 ---p 00000000 00:00 0 
7fbed82e7000-7fbed83e7000 rw-p 00000000 00:00 0 
7fbed83e7000-7fbed83ea000 ---p 00000000 00:00 0 
7fbed83ea000-7fbed84e8000 rw-p 00000000 00:00 0                          [stack:17874]
7fbed84e8000-7fbed84eb000 ---p 00000000 00:00 0 
7fbed84eb000-7fbed85e9000 rw-p 00000000 00:00 0                          [stack:17873]
7fbed85e9000-7fbed85ec000 ---p 00000000 00:00 0 
7fbed85ec000-7fbed86ea000 rw-p 00000000 00:00 0                          [stack:17872]
7fbed86ea000-7fbed86ed000 ---p 00000000 00:00 0 
7fbed86ed000-7fbed87eb000 rw-p 00000000 00:00 0 
7fbed87eb000-7fbed8ffe000 r--p 00000000 fc:00 2890467                    /usr/lib/locale/locale-archive
7fbed8ffe000-7fbed9001000 ---p 00000000 00:00 0 
7fbed9001000-7fbed90ff000 rw-p 00000000 00:00 0                          [stack:17870]
7fbed90ff000-7fbed9102000 ---p 00000000 00:00 0 
7fbed9102000-7fbed9200000 rw-p 00000000 00:00 0                          [stack:17869]
7fbed9200000-7fbed9201000 ---p 00000000 00:00 0 
7fbed9201000-7fbed9349000 rw-p 00000000 00:00 0                          [stack:17868]
7fbed9349000-7fbed94f7000 r--s 01cf4000 fc:00 3546302                    /usr/lib/jvm/java-7-openjdk-amd64/jre/lib/rt.jar
7fbed94f7000-7fbed95fb000 rw-p 00000000 00:00 0 
7fbed95fb000-7fbed9644000 rw-p 00000000 00:00 0 
7fbed9644000-7fbed9667000 rw-p 00000000 00:00 0 
7fbed9667000-7fbed9723000 rw-p 00000000 00:00 0 
7fbed9723000-7fbed9735000 rw-p 00000000 00:00 0 
7fbed9735000-7fbed9792000 rw-p 00000000 00:00 0 
7fbed9792000-7fbed97b5000 rw-p 00000000 00:00 0 
7fbed97b5000-7fbed9870000 rw-p 00000000 00:00 0 
7fbed9870000-7fbed987b000 rw-p 00000000 00:00 0 
7fbed987b000-7fbed98c3000 rw-p 00000000 00:00 0 
7fbed98c3000-7fbed98c4000 rw-p 00000000 00:00 0 
7fbed98c4000-7fbed98cc000 r-xp 00000000 fc:00 3546257                    /usr/lib/jvm/java-7-openjdk-amd64/jre/lib/amd64/libzip.so
7fbed98cc000-7fbed9acb000 ---p 00008000 fc:00 3546257                    /usr/lib/jvm/java-7-openjdk-amd64/jre/lib/amd64/libzip.so
7fbed9acb000-7fbed9acc000 r--p 00007000 fc:00 3546257                    /usr/lib/jvm/java-7-openjdk-amd64/jre/lib/amd64/libzip.so
7fbed9acc000-7fbed9acd000 rw-p 00008000 fc:00 3546257                    /usr/lib/jvm/java-7-openjdk-amd64/jre/lib/amd64/libzip.so
7fbed9acd000-7fbed9ad9000 r-xp 00000000 fc:00 6557613                    /lib/x86_64-linux-gnu/libnss_files-2.17.so
7fbed9ad9000-7fbed9cd8000 ---p 0000c000 fc:00 6557613                    /lib/x86_64-linux-gnu/libnss_files-2.17.so
7fbed9cd8000-7fbed9cd9000 r--p 0000b000 fc:00 6557613                    /lib/x86_64-linux-gnu/libnss_files-2.17.so
7fbed9cd9000-7fbed9cda000 rw-p 0000c000 fc:00 6557613                    /lib/x86_64-linux-gnu/libnss_files-2.17.so
7fbed9cda000-7fbed9ce5000 r-xp 00000000 fc:00 6557617                    /lib/x86_64-linux-gnu/libnss_nis-2.17.so
7fbed9ce5000-7fbed9ee4000 ---p 0000b000 fc:00 6557617                    /lib/x86_64-linux-gnu/libnss_nis-2.17.so
7fbed9ee4000-7fbed9ee5000 r--p 0000a000 fc:00 6557617                    /lib/x86_64-linux-gnu/libnss_nis-2.17.so
7fbed9ee5000-7fbed9ee6000 rw-p 0000b000 fc:00 6557617                    /lib/x86_64-linux-gnu/libnss_nis-2.17.so
7fbed9ee6000-7fbed9efd000 r-xp 00000000 fc:00 6557607                    /lib/x86_64-linux-gnu/libnsl-2.17.so
7fbed9efd000-7fbeda0fc000 ---p 00017000 fc:00 6557607                    /lib/x86_64-linux-gnu/libnsl-2.17.so
7fbeda0fc000-7fbeda0fd000 r--p 00016000 fc:00 6557607                    /lib/x86_64-linux-gnu/libnsl-2.17.so
7fbeda0fd000-7fbeda0fe000 rw-p 00017000 fc:00 6557607                    /lib/x86_64-linux-gnu/libnsl-2.17.so
7fbeda0fe000-7fbeda100000 rw-p 00000000 00:00 0 
7fbeda100000-7fbeda108000 r-xp 00000000 fc:00 6557609                    /lib/x86_64-linux-gnu/libnss_compat-2.17.so
7fbeda108000-7fbeda307000 ---p 00008000 fc:00 6557609                    /lib/x86_64-linux-gnu/libnss_compat-2.17.so
7fbeda307000-7fbeda308000 r--p 00007000 fc:00 6557609                    /lib/x86_64-linux-gnu/libnss_compat-2.17.so
7fbeda308000-7fbeda309000 rw-p 00008000 fc:00 6557609                    /lib/x86_64-linux-gnu/libnss_compat-2.17.so
7fbeda309000-7fbeda334000 r-xp 00000000 fc:00 3546254                    /usr/lib/jvm/java-7-openjdk-amd64/jre/lib/amd64/libjava.so
7fbeda334000-7fbeda533000 ---p 0002b000 fc:00 3546254                    /usr/lib/jvm/java-7-openjdk-amd64/jre/lib/amd64/libjava.so
7fbeda533000-7fbeda534000 r--p 0002a000 fc:00 3546254                    /usr/lib/jvm/java-7-openjdk-amd64/jre/lib/amd64/libjava.so
7fbeda534000-7fbeda536000 rw-p 0002b000 fc:00 3546254                    /usr/lib/jvm/java-7-openjdk-amd64/jre/lib/amd64/libjava.so
7fbeda536000-7fbeda546000 r-xp 00000000 fc:00 3546268                    /usr/lib/jvm/java-7-openjdk-amd64/jre/lib/amd64/libverify.so
7fbeda546000-7fbeda745000 ---p 00010000 fc:00 3546268                    /usr/lib/jvm/java-7-openjdk-amd64/jre/lib/amd64/libverify.so
7fbeda745000-7fbeda747000 r--p 0000f000 fc:00 3546268                    /usr/lib/jvm/java-7-openjdk-amd64/jre/lib/amd64/libverify.so
7fbeda747000-7fbeda748000 rw-p 00011000 fc:00 3546268                    /usr/lib/jvm/java-7-openjdk-amd64/jre/lib/amd64/libverify.so
7fbeda748000-7fbeda74f000 r-xp 00000000 fc:00 6557660                    /lib/x86_64-linux-gnu/librt-2.17.so
7fbeda74f000-7fbeda94e000 ---p 00007000 fc:00 6557660                    /lib/x86_64-linux-gnu/librt-2.17.so
7fbeda94e000-7fbeda94f000 r--p 00006000 fc:00 6557660                    /lib/x86_64-linux-gnu/librt-2.17.so
7fbeda94f000-7fbeda950000 rw-p 00007000 fc:00 6557660                    /lib/x86_64-linux-gnu/librt-2.17.so
7fbeda950000-7fbeda965000 r-xp 00000000 fc:00 6553605                    /lib/x86_64-linux-gnu/libgcc_s.so.1
7fbeda965000-7fbedab64000 ---p 00015000 fc:00 6553605                    /lib/x86_64-linux-gnu/libgcc_s.so.1
7fbedab64000-7fbedab65000 r--p 00014000 fc:00 6553605                    /lib/x86_64-linux-gnu/libgcc_s.so.1
7fbedab65000-7fbedab66000 rw-p 00015000 fc:00 6553605                    /lib/x86_64-linux-gnu/libgcc_s.so.1
7fbedab66000-7fbedac69000 r-xp 00000000 fc:00 6557588                    /lib/x86_64-linux-gnu/libm-2.17.so
7fbedac69000-7fbedae68000 ---p 00103000 fc:00 6557588                    /lib/x86_64-linux-gnu/libm-2.17.so
7fbedae68000-7fbedae69000 r--p 00102000 fc:00 6557588                    /lib/x86_64-linux-gnu/libm-2.17.so
7fbedae69000-7fbedae6a000 rw-p 00103000 fc:00 6557588                    /lib/x86_64-linux-gnu/libm-2.17.so
7fbedae6a000-7fbedaf50000 r-xp 00000000 fc:00 2889861                    /usr/lib/x86_64-linux-gnu/libstdc++.so.6.0.18
7fbedaf50000-7fbedb14f000 ---p 000e6000 fc:00 2889861                    /usr/lib/x86_64-linux-gnu/libstdc++.so.6.0.18
7fbedb14f000-7fbedb157000 r--p 000e5000 fc:00 2889861                    /usr/lib/x86_64-linux-gnu/libstdc++.so.6.0.18
7fbedb157000-7fbedb159000 rw-p 000ed000 fc:00 2889861                    /usr/lib/x86_64-linux-gnu/libstdc++.so.6.0.18
7fbedb159000-7fbedb16e000 rw-p 00000000 00:00 0 
7fbedb16e000-7fbedbc4d000 r-xp 00000000 fc:00 3546282                    /usr/lib/jvm/java-7-openjdk-amd64/jre/lib/amd64/server/libjvm.so
7fbedbc4d000-7fbedbe4c000 ---p 00adf000 fc:00 3546282                    /usr/lib/jvm/java-7-openjdk-amd64/jre/lib/amd64/server/libjvm.so
7fbedbe4c000-7fbedbede000 r--p 00ade000 fc:00 3546282                    /usr/lib/jvm/java-7-openjdk-amd64/jre/lib/amd64/server/libjvm.so
7fbedbede000-7fbedbf01000 rw-p 00b70000 fc:00 3546282                    /usr/lib/jvm/java-7-openjdk-amd64/jre/lib/amd64/server/libjvm.so
7fbedbf01000-7fbedbf2e000 rw-p 00000000 00:00 0 
7fbedbf2e000-7fbedbf46000 r-xp 00000000 fc:00 6557695                    /lib/x86_64-linux-gnu/libz.so.1.2.8
7fbedbf46000-7fbedc145000 ---p 00018000 fc:00 6557695                    /lib/x86_64-linux-gnu/libz.so.1.2.8
7fbedc145000-7fbedc146000 r--p 00017000 fc:00 6557695                    /lib/x86_64-linux-gnu/libz.so.1.2.8
7fbedc146000-7fbedc147000 rw-p 00018000 fc:00 6557695                    /lib/x86_64-linux-gnu/libz.so.1.2.8
7fbedc147000-7fbedc15e000 r-xp 00000000 fc:00 6557652                    /lib/x86_64-linux-gnu/libpthread-2.17.so
7fbedc15e000-7fbedc35e000 ---p 00017000 fc:00 6557652                    /lib/x86_64-linux-gnu/libpthread-2.17.so
7fbedc35e000-7fbedc35f000 r--p 00017000 fc:00 6557652                    /lib/x86_64-linux-gnu/libpthread-2.17.so
7fbedc35f000-7fbedc360000 rw-p 00018000 fc:00 6557652                    /lib/x86_64-linux-gnu/libpthread-2.17.so
7fbedc360000-7fbedc364000 rw-p 00000000 00:00 0 
7fbedc364000-7fbedc367000 r-xp 00000000 fc:00 6557552                    /lib/x86_64-linux-gnu/libdl-2.17.so
7fbedc367000-7fbedc566000 ---p 00003000 fc:00 6557552                    /lib/x86_64-linux-gnu/libdl-2.17.so
7fbedc566000-7fbedc567000 r--p 00002000 fc:00 6557552                    /lib/x86_64-linux-gnu/libdl-2.17.so
7fbedc567000-7fbedc568000 rw-p 00003000 fc:00 6557552                    /lib/x86_64-linux-gnu/libdl-2.17.so
7fbedc568000-7fbedc725000 r-xp 00000000 fc:00 6557537                    /lib/x86_64-linux-gnu/libc-2.17.so
7fbedc725000-7fbedc925000 ---p 001bd000 fc:00 6557537                    /lib/x86_64-linux-gnu/libc-2.17.so
7fbedc925000-7fbedc929000 r--p 001bd000 fc:00 6557537                    /lib/x86_64-linux-gnu/libc-2.17.so
7fbedc929000-7fbedc92b000 rw-p 001c1000 fc:00 6557537                    /lib/x86_64-linux-gnu/libc-2.17.so
7fbedc92b000-7fbedc930000 rw-p 00000000 00:00 0 
7fbedc930000-7fbedc93d000 r-xp 00000000 fc:00 3671217                    /usr/lib/jvm/java-7-openjdk-amd64/jre/lib/amd64/jli/libjli.so
7fbedc93d000-7fbedcb3c000 ---p 0000d000 fc:00 3671217                    /usr/lib/jvm/java-7-openjdk-amd64/jre/lib/amd64/jli/libjli.so
7fbedcb3c000-7fbedcb3d000 r--p 0000c000 fc:00 3671217                    /usr/lib/jvm/java-7-openjdk-amd64/jre/lib/amd64/jli/libjli.so
7fbedcb3d000-7fbedcb3e000 rw-p 0000d000 fc:00 3671217                    /usr/lib/jvm/java-7-openjdk-amd64/jre/lib/amd64/jli/libjli.so
7fbedcb3e000-7fbedcb61000 r-xp 00000000 fc:00 6557513                    /lib/x86_64-linux-gnu/ld-2.17.so
7fbedcb61000-7fbedcb62000 rw-s 00000000 00:04 137436                     /drm mm object (deleted)
7fbedcb62000-7fbedcb63000 rwxp 00000000 00:00 0 
7fbedcb63000-7fbedcb6d000 r--s 000b8000 fc:00 3546292                    /usr/lib/jvm/java-7-openjdk-amd64/jre/lib/resources.jar
7fbedcb6d000-7fbedcb71000 r--s 00027000 fc:00 2105212                    /home/alvin/workspace/Lumen/lib/jar/lwjgl_util.jar
7fbedcb71000-7fbedcb78000 r--s 00049000 fc:00 2105210                    /home/alvin/workspace/Lumen/lib/jar/kryonet-2.18-all.jar
7fbedcb78000-7fbedcb7a000 r--s 0000d000 fc:00 2105209                    /home/alvin/workspace/Lumen/lib/jar/jorbis-0.0.15.jar
7fbedcb7a000-7fbedcb84000 rw-p 00000000 00:00 0 
7fbedcb84000-7fbedcc3a000 rw-p 00000000 00:00 0 
7fbedcc3a000-7fbedcc3d000 ---p 00000000 00:00 0 
7fbedcc3d000-7fbedcd40000 rw-p 00000000 00:00 0                          [stack:17867]
7fbedcd40000-7fbedcd41000 r--s 00001000 fc:00 2105208                    /home/alvin/workspace/Lumen/lib/jar/jogg-0.0.7.jar
7fbedcd41000-7fbedcd44000 r--s 0000f000 fc:00 3675588                    /usr/lib/jvm/java-7-openjdk-amd64/jre/lib/ext/pulse-java.jar
7fbedcd44000-7fbedcd45000 r--s 00002000 fc:00 3675591                    /usr/lib/jvm/java-7-openjdk-amd64/jre/lib/ext/dnsns.jar
7fbedcd45000-7fbedcd47000 r--s 00006000 fc:00 3286873                    /usr/share/java/java-atk-wrapper.jar
7fbedcd47000-7fbedcd49000 r--s 00012000 fc:00 3675589                    /usr/lib/jvm/java-7-openjdk-amd64/jre/lib/ext/zipfs.jar
7fbedcd49000-7fbedcd4d000 r--s 00085000 fc:00 3675587                    /usr/lib/jvm/java-7-openjdk-amd64/jre/lib/ext/localedata.jar
7fbedcd4d000-7fbedcd51000 r--s 0003b000 fc:00 3675592                    /usr/lib/jvm/java-7-openjdk-amd64/jre/lib/ext/sunpkcs11.jar
7fbedcd51000-7fbedcd54000 r--s 00032000 fc:00 3675590                    /usr/lib/jvm/java-7-openjdk-amd64/jre/lib/ext/sunjce_provider.jar
7fbedcd54000-7fbedcd5c000 rw-s 00000000 fc:00 1448491                    /tmp/hsperfdata_alvin/17861 (deleted)
7fbedcd5c000-7fbedcd5d000 rw-p 00000000 00:00 0 
7fbedcd5d000-7fbedcd5e000 ---p 00000000 00:00 0 
7fbedcd5e000-7fbedcd60000 rw-p 00000000 00:00 0 
7fbedcd60000-7fbedcd61000 r--p 00022000 fc:00 6557513                    /lib/x86_64-linux-gnu/ld-2.17.so
7fbedcd61000-7fbedcd63000 rw-p 00023000 fc:00 6557513                    /lib/x86_64-linux-gnu/ld-2.17.so
7fffd5282000-7fffd52a3000 rw-p 00000000 00:00 0                          [stack]
7fffd537a000-7fffd537c000 r-xp 00000000 00:00 0                          [vdso]
ffffffffff600000-ffffffffff601000 r-xp 00000000 00:00 0                  [vsyscall]

VM Arguments:
jvm_args: -Djava.library.path=/home/alvin/workspace/Lumen/lib/native-win:/home/alvin/workspace/Copy of Lumen/LWJGL Library/native/linux:/home/alvin/workspace/Copy of Lumen/LWJGL Library/native/linux:/home/alvin/workspace/Copy of Lumen/LWJGL Library/native/linux:/home/alvin/workspace/Copy of Lumen/LWJGL Library/native/linux:/home/alvin/workspace/Copy of Lumen/LWJGL Library/native/linux:/home/alvin/workspace/Copy of Lumen/LWJGL Library/native/linux:/home/alvin/workspace/Copy of Lumen/LWJGL Library/native/linux -Dfile.encoding=UTF-8 
java_command: game.Main
Launcher Type: SUN_STANDARD

Environment Variables:
PATH=/usr/lib/lightdm/lightdm:/usr/local/sbin:/usr/local/bin:/usr/sbin:/usr/bin:/sbin:/bin:/usr/games:/usr/local/games
SHELL=/bin/bash
DISPLAY=:0

Signal Handlers:
SIGSEGV: [libjvm.so+0x916ea0], sa_mask[0]=0x7ffbfeff, sa_flags=0x10000004
SIGBUS: [libjvm.so+0x916ea0], sa_mask[0]=0x7ffbfeff, sa_flags=0x10000004
SIGFPE: [libjvm.so+0x794800], sa_mask[0]=0x7ffbfeff, sa_flags=0x10000004
SIGPIPE: [libjvm.so+0x794800], sa_mask[0]=0x7ffbfeff, sa_flags=0x10000004
SIGXFSZ: [libjvm.so+0x794800], sa_mask[0]=0x7ffbfeff, sa_flags=0x10000004
SIGILL: [libjvm.so+0x794800], sa_mask[0]=0x7ffbfeff, sa_flags=0x10000004
SIGUSR1: SIG_DFL, sa_mask[0]=0x00000000, sa_flags=0x00000000
SIGUSR2: [libjvm.so+0x7946a0], sa_mask[0]=0x00000004, sa_flags=0x10000004
SIGHUP: [libjvm.so+0x794880], sa_mask[0]=0x7ffbfeff, sa_flags=0x10000004
SIGINT: [libjvm.so+0x794880], sa_mask[0]=0x7ffbfeff, sa_flags=0x10000004
SIGTERM: [libjvm.so+0x794880], sa_mask[0]=0x7ffbfeff, sa_flags=0x10000004
SIGQUIT: [libjvm.so+0x794880], sa_mask[0]=0x7ffbfeff, sa_flags=0x10000004


---------------  S Y S T E M  ---------------

OS:Ubuntu 13.10 (saucy)
uname:Linux 3.11.0-17-generic #31-Ubuntu SMP Mon Feb 3 21:52:43 UTC 2014 x86_64
libc:glibc 2.17 NPTL 2.17 
rlimit: STACK 8192k, CORE 0k, NPROC 15788, NOFILE 4096, AS infinity
load average:0,58 0,74 0,82

/proc/meminfo:
MemTotal:        2041852 kB
MemFree:           72164 kB
Buffers:            1604 kB
Cached:           383200 kB
SwapCached:        35424 kB
Active:          1330780 kB
Inactive:         481304 kB
Active(anon):    1299872 kB
Inactive(anon):   447148 kB
Active(file):      30908 kB
Inactive(file):    34156 kB
Unevictable:          32 kB
Mlocked:              32 kB
SwapTotal:       2088956 kB
SwapFree:        1578384 kB
Dirty:               132 kB
Writeback:             0 kB
AnonPages:       1414852 kB
Mapped:            79384 kB
Shmem:            319708 kB
Slab:              77196 kB
SReclaimable:      41276 kB
SUnreclaim:        35920 kB
KernelStack:        5032 kB
PageTables:        41108 kB
NFS_Unstable:          0 kB
Bounce:                0 kB
WritebackTmp:          0 kB
CommitLimit:     3109880 kB
Committed_AS:    5936424 kB
VmallocTotal:   34359738367 kB
VmallocUsed:      340828 kB
VmallocChunk:   34359393788 kB
HardwareCorrupted:     0 kB
AnonHugePages:         0 kB
HugePages_Total:       0
HugePages_Free:        0
HugePages_Rsvd:        0
HugePages_Surp:        0
Hugepagesize:       2048 kB
DirectMap4k:       50880 kB
DirectMap2M:     2037760 kB


CPU:total 1 (1 cores per cpu, 1 threads per core) family 6 model 22 stepping 1, cmov, cx8, fxsr, mmx, sse, sse2, sse3, ssse3, tsc

/proc/cpuinfo:
processor	: 0
vendor_id	: GenuineIntel
cpu family	: 6
model		: 22
model name	: Intel(R) Celeron(R) CPU          550  @ 2.00GHz
stepping	: 1
microcode	: 0x33
cpu MHz		: 1994.989
cache size	: 1024 KB
fpu		: yes
fpu_exception	: yes
cpuid level	: 10
wp		: yes
flags		: fpu vme de pse tsc msr pae mce cx8 apic sep mtrr pge mca cmov pat pse36 clflush dts acpi mmx fxsr sse sse2 ss tm pbe syscall nx lm constant_tsc arch_perfmon pebs bts rep_good nopl aperfmperf pni dtes64 monitor ds_cpl tm2 ssse3 cx16 xtpr pdcm lahf_lm dtherm
bogomips	: 3989.97
clflush size	: 64
cache_alignment	: 64
address sizes	: 36 bits physical, 48 bits virtual
power management:



Memory: 4k page, physical 2041852k(72164k free), swap 2088956k(1578384k free)

vm_info: OpenJDK 64-Bit Server VM (24.45-b08) for linux-amd64 JRE (1.7.0_51-b00), built on Jan 15 2014 22:02:57 by "buildd" with gcc 4.8.1

time: Mon Mar  3 16:43:44 2014
elapsed time: 170 seconds

