#
# A fatal error has been detected by the Java Runtime Environment:
#
#  SIGSEGV (0xb) at pc=0x0000000000000000, pid=23797, tid=140513676465920
#
# JRE version: OpenJDK Runtime Environment (7.0_51) (build 1.7.0_51-b00)
# Java VM: OpenJDK 64-Bit Server VM (24.45-b08 mixed mode linux-amd64 compressed oops)
# Problematic frame:
# C  0x0000000000000000
#
# Failed to write core dump. Core dumps have been disabled. To enable core dumping, try "ulimit -c unlimited" before starting Java again
#
# If you would like to submit a bug report, please include
# instructions on how to reproduce the bug and visit:
#   http://icedtea.classpath.org/bugzilla
#

---------------  T H R E A D  ---------------

Current thread is native thread

siginfo:si_signo=SIGSEGV: si_errno=0, si_code=1 (SEGV_MAPERR), si_addr=0x0000000000000000

Registers:
RAX=0x00007fcbe9f1b7c0, RBX=0x0000000000000800, RCX=0x0000000000000000, RDX=0x0000000000000000
RSP=0x00007fcbe3c58ca8, RBP=0x00007fcc1469af80, RSI=0x0000000000000000, RDI=0x00007fcc1469af80
R8 =0x0000000000000000, R9 =0x0000000000100000, R10=0x0000000000000000, R11=0x00007fcc1d6b3c0d
R12=0x00007fcc1469f110, R13=0x0000000000012000, R14=0x0000000000002000, R15=0x00007fcbe3c58e58
RIP=0x0000000000000000, EFLAGS=0x0000000000010246, CSGSFS=0x0000000000000033, ERR=0x0000000000000014
  TRAPNO=0x000000000000000e

Top of Stack: (sp=0x00007fcbe3c58ca8)
0x00007fcbe3c58ca8:   00007fcbe9ce44d1 00007fcc1d62cef0
0x00007fcbe3c58cb8:   00007fcbfc005ca0 00007fccbb800000
0x00007fcbe3c58cc8:   00007fcc1d713729 0000000000000000
0x00007fcbe3c58cd8:   00007fcbe962cfa2 00007fcc147c17f0
0x00007fcbe3c58ce8:   0000000000000000 0000000000000000
0x00007fcbe3c58cf8:   0000000000000000 00007fcc147c8550
0x00007fcbe3c58d08:   00007fcc147c1fb0 0000000000004000
0x00007fcbe3c58d18:   00007fcbe9634cba 00007fcc147c9a80
0x00007fcbe3c58d28:   00007fcc08000f60 0000000000000000
0x00007fcbe3c58d38:   5700000000000001 0000000000004000
0x00007fcbe3c58d48:   00007fcbe96367cb 0000000000000000
0x00007fcbe3c58d58:   0000000000000000 0000000000000000
0x00007fcbe3c58d68:   0000000000000000 0000000000000000
0x00007fcbe3c58d78:   0000000000004000 00007fcc147c1fb0
0x00007fcbe3c58d88:   00007fcbe3c58e58 00007fcbe3c58e50
0x00007fcbe3c58d98:   00007fcc1469f110 00007fcbe964fc60
0x00007fcbe3c58da8:   00007fcbe9a9fbe2 00007fcbe3d0a040
0x00007fcbe3c58db8:   00007fcbe3cfa040 000008001d41e2e0
0x00007fcbe3c58dc8:   00007fcbe3c58de0 0000000000000000
0x00007fcbe3c58dd8:   00007fcbe9aa4eb2 00001fa00000037f
0x00007fcbe3c58de8:   00007fcbe961a9ff 00007fcc147c8550
0x00007fcbe3c58df8:   0000000000004000 00007fcc147c1730
0x00007fcbe3c58e08:   0000000000000000 00007fcc1469af80
0x00007fcbe3c58e18:   0000000000000008 00007fcbe3c58e58
0x00007fcbe3c58e28:   00007fcbe9cfa544 0000000000000000
0x00007fcbe3c58e38:   00007fcbe3c58e50 0000000000002000
0x00007fcbe3c58e48:   0000000000006000 00007fcbe3cfa040
0x00007fcbe3c58e58:   0000000000004000 0000000000000000
0x00007fcbe3c58e68:   00007fcc147c9130 0000000000000000
0x00007fcbe3c58e78:   0000000000000000 00007fcc1de20060
0x00007fcbe3c58e88:   00007fcc1ddf77a0 0000000000001000
0x00007fcbe3c58e98:   00007fcbe9ced73a 0000000000000000 

Instructions: (pc=0x0000000000000000)
0xffffffffffffffe0:   

Register to memory mapping:

RAX=
[error occurred during error reporting (printing register info), id 0xb]

Stack: [0x00007fcbe3b59000,0x00007fcbe3c5a000],  sp=0x00007fcbe3c58ca8,  free space=1023k

---------------  P R O C E S S  ---------------

VM state:at safepoint (shutting down)

VM Mutex/Monitor currently owned by a thread:  ([mutex/lock_event])
[0x00007fcc14006c20] Threads_lock - owner thread: 0x00007fcc1406c000

Heap
 def new generation   total 61248K, used 42248K [0x00000000cc000000, 0x00000000d0270000, 0x00000000d9e00000)
  eden space 54464K,  77% used [0x00000000cc000000, 0x00000000ce942058, 0x00000000cf530000)
  from space 6784K,   0% used [0x00000000cf530000, 0x00000000cf530000, 0x00000000cfbd0000)
  to   space 6784K,   0% used [0x00000000cfbd0000, 0x00000000cfbd0000, 0x00000000d0270000)
 tenured generation   total 136012K, used 66630K [0x00000000d9e00000, 0x00000000e22d3000, 0x00000000f5a00000)
   the space 136012K,  48% used [0x00000000d9e00000, 0x00000000ddf11878, 0x00000000ddf11a00, 0x00000000e22d3000)
 compacting perm gen  total 21248K, used 8408K [0x00000000f5a00000, 0x00000000f6ec0000, 0x0000000100000000)
   the space 21248K,  39% used [0x00000000f5a00000, 0x00000000f62360e0, 0x00000000f6236200, 0x00000000f6ec0000)
No shared spaces configured.

Card table byte_map: [0x00007fcc1a7e2000,0x00007fcc1a983000] byte_map_base: 0x00007fcc1a182000

Polling page: 0x00007fcc1de1c000

Code Cache  [0x00007fcc11000000, 0x00007fcc11270000, 0x00007fcc14000000)
 total_blobs=564 nmethods=100 adapters=419 free_code_cache=48338Kb largest_free_block=49476928

Compilation events (10 events):
Event: 18,320 Thread 0x00007fcc14098800   95             java.nio.Buffer::remaining (10 bytes)
Event: 18,320 Thread 0x00007fcc14098800 nmethod 95 0x00007fcc110c5a50 code [0x00007fcc110c5b80, 0x00007fcc110c5bd8]
Event: 19,378 Thread 0x00007fcc14098800   96             org.newdawn.slick.opengl.TextureImpl::getImageWidth (5 bytes)
Event: 19,378 Thread 0x00007fcc14098800 nmethod 96 0x00007fcc110c57d0 code [0x00007fcc110c5900, 0x00007fcc110c5958]
Event: 22,062 Thread 0x00007fcc14098800   97             java.nio.HeapByteBuffer::ix (7 bytes)
Event: 22,063 Thread 0x00007fcc14098800 nmethod 97 0x00007fcc110c2c90 code [0x00007fcc110c2dc0, 0x00007fcc110c2e18]
Event: 23,028 Thread 0x00007fcc14098800   98             java.nio.HeapByteBuffer::_put (8 bytes)
Event: 23,028 Thread 0x00007fcc14098800 nmethod 98 0x00007fcc110c29d0 code [0x00007fcc110c2b20, 0x00007fcc110c2bb8]
Event: 24,969 Thread 0x00007fcc14098800  100             java.util.concurrent.locks.AbstractOwnableSynchronizer::setExclusiveOwnerThread (6 bytes)
Event: 24,970 Thread 0x00007fcc14098800 nmethod 100 0x00007fcc110cf350 code [0x00007fcc110cf480, 0x00007fcc110cf4f8]

GC Heap History (10 events):
Event: 5,344 GC heap before
{Heap before GC invocations=2 (full 0):
 def new generation   total 9600K, used 4978K [0x00000000cc000000, 0x00000000cca60000, 0x00000000d9e00000)
  eden space 8576K,  49% used [0x00000000cc000000, 0x00000000cc41ce08, 0x00000000cc860000)
  from space 1024K,  74% used [0x00000000cc860000, 0x00000000cc91fc40, 0x00000000cc960000)
  to   space 1024K,   0% used [0x00000000cc960000, 0x00000000cc960000, 0x00000000cca60000)
 tenured generation   total 21312K, used 3948K [0x00000000d9e00000, 0x00000000db2d0000, 0x00000000f5a00000)
   the space 21312K,  18% used [0x00000000d9e00000, 0x00000000da1db2f0, 0x00000000da1db400, 0x00000000db2d0000)
 compacting perm gen  total 21248K, used 8179K [0x00000000f5a00000, 0x00000000f6ec0000, 0x0000000100000000)
   the space 21248K,  38% used [0x00000000f5a00000, 0x00000000f61fceb8, 0x00000000f61fd000, 0x00000000f6ec0000)
No shared spaces configured.
Event: 5,357 GC heap after
Heap after GC invocations=3 (full 0):
 def new generation   total 9664K, used 0K [0x00000000cc000000, 0x00000000cca70000, 0x00000000d9e00000)
  eden space 8640K,   0% used [0x00000000cc000000, 0x00000000cc000000, 0x00000000cc870000)
  from space 1024K,   0% used [0x00000000cc870000, 0x00000000cc870000, 0x00000000cc970000)
  to   space 1024K,   0% used [0x00000000cc970000, 0x00000000cc970000, 0x00000000cca70000)
 tenured generation   total 21312K, used 8803K [0x00000000d9e00000, 0x00000000db2d0000, 0x00000000f5a00000)
   the space 21312K,  41% used [0x00000000d9e00000, 0x00000000da698ce0, 0x00000000da698e00, 0x00000000db2d0000)
 compacting perm gen  total 21248K, used 8179K [0x00000000f5a00000, 0x00000000f6ec0000, 0x0000000100000000)
   the space 21248K,  38% used [0x00000000f5a00000, 0x00000000f61fceb8, 0x00000000f61fd000, 0x00000000f6ec0000)
No shared spaces configured.
}
Event: 5,658 GC heap before
{Heap before GC invocations=3 (full 0):
 def new generation   total 9664K, used 8308K [0x00000000cc000000, 0x00000000cca70000, 0x00000000d9e00000)
  eden space 8640K,  96% used [0x00000000cc000000, 0x00000000cc81d178, 0x00000000cc870000)
  from space 1024K,   0% used [0x00000000cc870000, 0x00000000cc870000, 0x00000000cc970000)
  to   space 1024K,   0% used [0x00000000cc970000, 0x00000000cc970000, 0x00000000cca70000)
 tenured generation   total 21312K, used 8803K [0x00000000d9e00000, 0x00000000db2d0000, 0x00000000f5a00000)
   the space 21312K,  41% used [0x00000000d9e00000, 0x00000000da698ce0, 0x00000000da698e00, 0x00000000db2d0000)
 compacting perm gen  total 21248K, used 8180K [0x00000000f5a00000, 0x00000000f6ec0000, 0x0000000100000000)
   the space 21248K,  38% used [0x00000000f5a00000, 0x00000000f61fd1b0, 0x00000000f61fd200, 0x00000000f6ec0000)
No shared spaces configured.
Event: 5,711 GC heap after
Heap after GC invocations=4 (full 1):
 def new generation   total 9664K, used 0K [0x00000000cc000000, 0x00000000cca70000, 0x00000000d9e00000)
  eden space 8640K,   0% used [0x00000000cc000000, 0x00000000cc000000, 0x00000000cc870000)
  from space 1024K,   0% used [0x00000000cc970000, 0x00000000cc970000, 0x00000000cca70000)
  to   space 1024K,   0% used [0x00000000cc870000, 0x00000000cc870000, 0x00000000cc970000)
 tenured generation   total 21312K, used 10847K [0x00000000d9e00000, 0x00000000db2d0000, 0x00000000f5a00000)
   the space 21312K,  50% used [0x00000000d9e00000, 0x00000000da897cc0, 0x00000000da897e00, 0x00000000db2d0000)
 compacting perm gen  total 21248K, used 8180K [0x00000000f5a00000, 0x00000000f6ec0000, 0x0000000100000000)
   the space 21248K,  38% used [0x00000000f5a00000, 0x00000000f61fd1b0, 0x00000000f61fd200, 0x00000000f6ec0000)
No shared spaces configured.
}
Event: 6,330 GC heap before
{Heap before GC invocations=4 (full 1):
 def new generation   total 9664K, used 229K [0x00000000cc000000, 0x00000000cca70000, 0x00000000d9e00000)
  eden space 8640K,   2% used [0x00000000cc000000, 0x00000000cc0396a0, 0x00000000cc870000)
  from space 1024K,   0% used [0x00000000cc970000, 0x00000000cc970000, 0x00000000cca70000)
  to   space 1024K,   0% used [0x00000000cc870000, 0x00000000cc870000, 0x00000000cc970000)
 tenured generation   total 37700K, used 27231K [0x00000000d9e00000, 0x00000000dc2d1000, 0x00000000f5a00000)
   the space 37700K,  72% used [0x00000000d9e00000, 0x00000000db897cd0, 0x00000000db897e00, 0x00000000dc2d1000)
 compacting perm gen  total 21248K, used 8184K [0x00000000f5a00000, 0x00000000f6ec0000, 0x0000000100000000)
   the space 21248K,  38% used [0x00000000f5a00000, 0x00000000f61fe1e0, 0x00000000f61fe200, 0x00000000f6ec0000)
No shared spaces configured.
Event: 6,371 GC heap after
Heap after GC invocations=5 (full 2):
 def new generation   total 17024K, used 0K [0x00000000cc000000, 0x00000000cd270000, 0x00000000d9e00000)
  eden space 15168K,   0% used [0x00000000cc000000, 0x00000000cc000000, 0x00000000cced0000)
  from space 1856K,   0% used [0x00000000cced0000, 0x00000000cced0000, 0x00000000cd0a0000)
  to   space 1856K,   0% used [0x00000000cd0a0000, 0x00000000cd0a0000, 0x00000000cd270000)
 tenured generation   total 37700K, used 19039K [0x00000000d9e00000, 0x00000000dc2d1000, 0x00000000f5a00000)
   the space 37700K,  50% used [0x00000000d9e00000, 0x00000000db097ce0, 0x00000000db097e00, 0x00000000dc2d1000)
 compacting perm gen  total 21248K, used 8184K [0x00000000f5a00000, 0x00000000f6ec0000, 0x0000000100000000)
   the space 21248K,  38% used [0x00000000f5a00000, 0x00000000f61fe1e0, 0x00000000f61fe200, 0x00000000f6ec0000)
No shared spaces configured.
}
Event: 7,590 GC heap before
{Heap before GC invocations=5 (full 2):
 def new generation   total 17024K, used 537K [0x00000000cc000000, 0x00000000cd270000, 0x00000000d9e00000)
  eden space 15168K,   3% used [0x00000000cc000000, 0x00000000cc086528, 0x00000000cced0000)
  from space 1856K,   0% used [0x00000000cced0000, 0x00000000cced0000, 0x00000000cd0a0000)
  to   space 1856K,   0% used [0x00000000cd0a0000, 0x00000000cd0a0000, 0x00000000cd270000)
 tenured generation   total 70472K, used 51807K [0x00000000d9e00000, 0x00000000de2d2000, 0x00000000f5a00000)
   the space 70472K,  73% used [0x00000000d9e00000, 0x00000000dd097cf0, 0x00000000dd097e00, 0x00000000de2d2000)
 compacting perm gen  total 21248K, used 8184K [0x00000000f5a00000, 0x00000000f6ec0000, 0x0000000100000000)
   the space 21248K,  38% used [0x00000000f5a00000, 0x00000000f61fe1e0, 0x00000000f61fe200, 0x00000000f6ec0000)
No shared spaces configured.
Event: 7,643 GC heap after
Heap after GC invocations=6 (full 3):
 def new generation   total 31744K, used 0K [0x00000000cc000000, 0x00000000ce270000, 0x00000000d9e00000)
  eden space 28224K,   0% used [0x00000000cc000000, 0x00000000cc000000, 0x00000000cdb90000)
  from space 3520K,   0% used [0x00000000cdb90000, 0x00000000cdb90000, 0x00000000cdf00000)
  to   space 3520K,   0% used [0x00000000cdf00000, 0x00000000cdf00000, 0x00000000ce270000)
 tenured generation   total 70472K, used 35423K [0x00000000d9e00000, 0x00000000de2d2000, 0x00000000f5a00000)
   the space 70472K,  50% used [0x00000000d9e00000, 0x00000000dc097db8, 0x00000000dc097e00, 0x00000000de2d2000)
 compacting perm gen  total 21248K, used 8184K [0x00000000f5a00000, 0x00000000f6ec0000, 0x0000000100000000)
   the space 21248K,  38% used [0x00000000f5a00000, 0x00000000f61fe1e0, 0x00000000f61fe200, 0x00000000f6ec0000)
No shared spaces configured.
}
Event: 8,373 GC heap before
{Heap before GC invocations=6 (full 3):
 def new generation   total 31744K, used 249K [0x00000000cc000000, 0x00000000ce270000, 0x00000000d9e00000)
  eden space 28224K,   0% used [0x00000000cc000000, 0x00000000cc03e738, 0x00000000cdb90000)
  from space 3520K,   0% used [0x00000000cdb90000, 0x00000000cdb90000, 0x00000000cdf00000)
  to   space 3520K,   0% used [0x00000000cdf00000, 0x00000000cdf00000, 0x00000000ce270000)
 tenured generation   total 136012K, used 100959K [0x00000000d9e00000, 0x00000000e22d3000, 0x00000000f5a00000)
   the space 136012K,  74% used [0x00000000d9e00000, 0x00000000e0097dc8, 0x00000000e0097e00, 0x00000000e22d3000)
 compacting perm gen  total 21248K, used 8184K [0x00000000f5a00000, 0x00000000f6ec0000, 0x0000000100000000)
   the space 21248K,  38% used [0x00000000f5a00000, 0x00000000f61fe1e0, 0x00000000f61fe200, 0x00000000f6ec0000)
No shared spaces configured.
Event: 8,457 GC heap after
Heap after GC invocations=7 (full 4):
 def new generation   total 61248K, used 0K [0x00000000cc000000, 0x00000000d0270000, 0x00000000d9e00000)
  eden space 54464K,   0% used [0x00000000cc000000, 0x00000000cc000000, 0x00000000cf530000)
  from space 6784K,   0% used [0x00000000cf530000, 0x00000000cf530000, 0x00000000cfbd0000)
  to   space 6784K,   0% used [0x00000000cfbd0000, 0x00000000cfbd0000, 0x00000000d0270000)
 tenured generation   total 136012K, used 66630K [0x00000000d9e00000, 0x00000000e22d3000, 0x00000000f5a00000)
   the space 136012K,  48% used [0x00000000d9e00000, 0x00000000ddf11878, 0x00000000ddf11a00, 0x00000000e22d3000)
 compacting perm gen  total 21248K, used 8183K [0x00000000f5a00000, 0x00000000f6ec0000, 0x0000000100000000)
   the space 21248K,  38% used [0x00000000f5a00000, 0x00000000f61fdcc0, 0x00000000f61fde00, 0x00000000f6ec0000)
No shared spaces configured.
}

Deoptimization events (5 events):
Event: 3,126 Thread 0x00007fcc1400a800 Uncommon trap: reason=unreached action=reinterpret pc=0x00007fcc110868fc method=com.jcraft.jogg.StreamState.init(I)V @ 59
Event: 3,914 Thread 0x00007fcc1400a800 Uncommon trap: reason=class_check action=maybe_recompile pc=0x00007fcc1109d02c method=com.jcraft.jorbis.Mapping0.inverse(Lcom/jcraft/jorbis/Block;Ljava/lang/Object;)I @ 459
Event: 3,914 Thread 0x00007fcc1400a800 Uncommon trap: reason=class_check action=maybe_recompile pc=0x00007fcc1109d02c method=com.jcraft.jorbis.Mapping0.inverse(Lcom/jcraft/jorbis/Block;Ljava/lang/Object;)I @ 459
Event: 3,926 Thread 0x00007fcc1400a800 Uncommon trap: reason=class_check action=maybe_recompile pc=0x00007fcc1109d02c method=com.jcraft.jorbis.Mapping0.inverse(Lcom/jcraft/jorbis/Block;Ljava/lang/Object;)I @ 459
Event: 3,933 Thread 0x00007fcc1400a800 Uncommon trap: reason=class_check action=maybe_recompile pc=0x00007fcc1109d02c method=com.jcraft.jorbis.Mapping0.inverse(Lcom/jcraft/jorbis/Block;Ljava/lang/Object;)I @ 459

Internal exceptions (10 events):
Event: 9,051 Thread 0x00007fcc1400a800 Threw 0x00000000ce6b2a38 at /build/buildd/openjdk-7-7u51-2.4.4/build/openjdk/hotspot/src/share/vm/prims/jvm.cpp:1244
Event: 9,053 Thread 0x00007fcc1400a800 Threw 0x00000000ce6b4cf8 at /build/buildd/openjdk-7-7u51-2.4.4/build/openjdk/hotspot/src/share/vm/prims/jvm.cpp:1244
Event: 9,055 Thread 0x00007fcc1400a800 Threw 0x00000000ce6b6f38 at /build/buildd/openjdk-7-7u51-2.4.4/build/openjdk/hotspot/src/share/vm/prims/jvm.cpp:1244
Event: 9,057 Thread 0x00007fcc1400a800 Threw 0x00000000ce6baf70 at /build/buildd/openjdk-7-7u51-2.4.4/build/openjdk/hotspot/src/share/vm/prims/jvm.cpp:1244
Event: 16,260 Thread 0x00007fcc1400a800 Threw 0x00000000ce6c5450 at /build/buildd/openjdk-7-7u51-2.4.4/build/openjdk/hotspot/src/share/vm/prims/jvm.cpp:1244
Event: 16,260 Thread 0x00007fcc1400a800 Threw 0x00000000ce6c6b48 at /build/buildd/openjdk-7-7u51-2.4.4/build/openjdk/hotspot/src/share/vm/prims/jvm.cpp:1244
Event: 16,261 Thread 0x00007fcc1400a800 Threw 0x00000000ce6c8b00 at /build/buildd/openjdk-7-7u51-2.4.4/build/openjdk/hotspot/src/share/vm/prims/jvm.cpp:1244
Event: 16,262 Thread 0x00007fcc1400a800 Threw 0x00000000ce6ca488 at /build/buildd/openjdk-7-7u51-2.4.4/build/openjdk/hotspot/src/share/vm/prims/jvm.cpp:1244
Event: 16,381 Thread 0x00007fcc1400a800 Threw 0x00000000ce6d4658 at /build/buildd/openjdk-7-7u51-2.4.4/build/openjdk/hotspot/src/share/vm/prims/jvm.cpp:1244
Event: 25,465 Thread 0x00007fcc1400a800 Threw 0x00000000ce6e7758 at /build/buildd/openjdk-7-7u51-2.4.4/build/openjdk/hotspot/src/share/vm/prims/jvm.cpp:1244

Events (10 events):
Event: 25,499 Thread 0x00007fcc14532800 Thread added: 0x00007fcc14532800
Event: 25,499 loading class 0x00007fcc00076290
Event: 25,508 loading class 0x00007fcbf40843e0
Event: 25,519 loading class 0x00007fcbf40843e0 done
Event: 25,519 loading class 0x00007fcbf4084410
Event: 25,528 loading class 0x00007fcbf4084410 done
Event: 25,528 loading class 0x00007fcc00076290 done
Event: 25,640 Thread 0x00007fcc14531000 Thread exited: 0x00007fcc14531000
Event: 25,659 Thread 0x00007fcc14096000 Thread exited: 0x00007fcc14096000
Event: 25,659 Executing VM operation: Exit


Dynamic libraries:
00400000-00401000 r-xp 00000000 fc:00 3675615                            /usr/lib/jvm/java-7-openjdk-amd64/jre/bin/java
00600000-00601000 r--p 00000000 fc:00 3675615                            /usr/lib/jvm/java-7-openjdk-amd64/jre/bin/java
00601000-00602000 rw-p 00001000 fc:00 3675615                            /usr/lib/jvm/java-7-openjdk-amd64/jre/bin/java
01e29000-01e4a000 rw-p 00000000 00:00 0                                  [heap]
cc000000-d0270000 rw-p 00000000 00:00 0 
d0270000-d9e00000 rw-p 00000000 00:00 0 
d9e00000-e22d3000 rw-p 00000000 00:00 0 
e22d3000-f5a00000 rw-p 00000000 00:00 0 
f5a00000-f6ec0000 rw-p 00000000 00:00 0 
f6ec0000-100000000 rw-p 00000000 00:00 0 
7fcbdec07000-7fcbdec0a000 ---p 00000000 00:00 0 
7fcbdec0a000-7fcbded08000 rw-p 00000000 00:00 0                          [stack:23825]
7fcbded08000-7fcbded0b000 ---p 00000000 00:00 0 
7fcbded0b000-7fcbe3b59000 rw-p 00000000 00:00 0 
7fcbe3b59000-7fcbe3b5a000 ---p 00000000 00:00 0 
7fcbe3b5a000-7fcbe3c5a000 rw-p 00000000 00:00 0                          [stack:23822]
7fcbe3c5a000-7fcbe7c5b000 rw-s 00000000 00:13 216823                     /run/shm/pulse-shm-249857590
7fcbe7c5b000-7fcbe7c5c000 ---p 00000000 00:00 0 
7fcbe7c5c000-7fcbe845c000 rw-p 00000000 00:00 0                          [stack:23821]
7fcbe845c000-7fcbe8463000 r-xp 00000000 fc:00 2892090                    /usr/lib/x86_64-linux-gnu/libogg.so.0.8.1
7fcbe8463000-7fcbe8663000 ---p 00007000 fc:00 2892090                    /usr/lib/x86_64-linux-gnu/libogg.so.0.8.1
7fcbe8663000-7fcbe8664000 r--p 00007000 fc:00 2892090                    /usr/lib/x86_64-linux-gnu/libogg.so.0.8.1
7fcbe8664000-7fcbe8665000 rw-p 00008000 fc:00 2892090                    /usr/lib/x86_64-linux-gnu/libogg.so.0.8.1
7fcbe8665000-7fcbe8690000 r-xp 00000000 fc:00 2892321                    /usr/lib/x86_64-linux-gnu/libvorbis.so.0.4.5
7fcbe8690000-7fcbe8890000 ---p 0002b000 fc:00 2892321                    /usr/lib/x86_64-linux-gnu/libvorbis.so.0.4.5
7fcbe8890000-7fcbe8891000 r--p 0002b000 fc:00 2892321                    /usr/lib/x86_64-linux-gnu/libvorbis.so.0.4.5
7fcbe8891000-7fcbe8892000 rw-p 0002c000 fc:00 2892321                    /usr/lib/x86_64-linux-gnu/libvorbis.so.0.4.5
7fcbe8892000-7fcbe8b45000 r-xp 00000000 fc:00 2892323                    /usr/lib/x86_64-linux-gnu/libvorbisenc.so.2.0.8
7fcbe8b45000-7fcbe8d44000 ---p 002b3000 fc:00 2892323                    /usr/lib/x86_64-linux-gnu/libvorbisenc.so.2.0.8
7fcbe8d44000-7fcbe8d60000 r--p 002b2000 fc:00 2892323                    /usr/lib/x86_64-linux-gnu/libvorbisenc.so.2.0.8
7fcbe8d60000-7fcbe8d61000 rw-p 002ce000 fc:00 2892323                    /usr/lib/x86_64-linux-gnu/libvorbisenc.so.2.0.8
7fcbe8d61000-7fcbe8d90000 r-xp 00000000 fc:00 2891288                    /usr/lib/x86_64-linux-gnu/libFLAC.so.8.3.0
7fcbe8d90000-7fcbe8f90000 ---p 0002f000 fc:00 2891288                    /usr/lib/x86_64-linux-gnu/libFLAC.so.8.3.0
7fcbe8f90000-7fcbe8f91000 r--p 0002f000 fc:00 2891288                    /usr/lib/x86_64-linux-gnu/libFLAC.so.8.3.0
7fcbe8f91000-7fcbe8f92000 rw-p 00030000 fc:00 2891288                    /usr/lib/x86_64-linux-gnu/libFLAC.so.8.3.0
7fcbe8f92000-7fcbe8f97000 r-xp 00000000 fc:00 2891505                    /usr/lib/x86_64-linux-gnu/libasyncns.so.0.3.1
7fcbe8f97000-7fcbe9196000 ---p 00005000 fc:00 2891505                    /usr/lib/x86_64-linux-gnu/libasyncns.so.0.3.1
7fcbe9196000-7fcbe9197000 r--p 00004000 fc:00 2891505                    /usr/lib/x86_64-linux-gnu/libasyncns.so.0.3.1
7fcbe9197000-7fcbe9198000 rw-p 00005000 fc:00 2891505                    /usr/lib/x86_64-linux-gnu/libasyncns.so.0.3.1
7fcbe9198000-7fcbe91f9000 r-xp 00000000 fc:00 2892216                    /usr/lib/x86_64-linux-gnu/libsndfile.so.1.0.25
7fcbe91f9000-7fcbe93f9000 ---p 00061000 fc:00 2892216                    /usr/lib/x86_64-linux-gnu/libsndfile.so.1.0.25
7fcbe93f9000-7fcbe93fb000 r--p 00061000 fc:00 2892216                    /usr/lib/x86_64-linux-gnu/libsndfile.so.1.0.25
7fcbe93fb000-7fcbe93fc000 rw-p 00063000 fc:00 2892216                    /usr/lib/x86_64-linux-gnu/libsndfile.so.1.0.25
7fcbe93fc000-7fcbe9400000 rw-p 00000000 00:00 0 
7fcbe9400000-7fcbe9408000 r-xp 00000000 fc:00 6557692                    /lib/x86_64-linux-gnu/libwrap.so.0.7.6
7fcbe9408000-7fcbe9608000 ---p 00008000 fc:00 6557692                    /lib/x86_64-linux-gnu/libwrap.so.0.7.6
7fcbe9608000-7fcbe9609000 r--p 00008000 fc:00 6557692                    /lib/x86_64-linux-gnu/libwrap.so.0.7.6
7fcbe9609000-7fcbe960a000 rw-p 00009000 fc:00 6557692                    /lib/x86_64-linux-gnu/libwrap.so.0.7.6
7fcbe960a000-7fcbe9670000 r-xp 00000000 fc:00 3277648                    /usr/lib/x86_64-linux-gnu/pulseaudio/libpulsecommon-4.0.so
7fcbe9670000-7fcbe986f000 ---p 00066000 fc:00 3277648                    /usr/lib/x86_64-linux-gnu/pulseaudio/libpulsecommon-4.0.so
7fcbe986f000-7fcbe9870000 r--p 00065000 fc:00 3277648                    /usr/lib/x86_64-linux-gnu/pulseaudio/libpulsecommon-4.0.so
7fcbe9870000-7fcbe9871000 rw-p 00066000 fc:00 3277648                    /usr/lib/x86_64-linux-gnu/pulseaudio/libpulsecommon-4.0.so
7fcbe9871000-7fcbe987a000 r-xp 00000000 fc:00 6557577                    /lib/x86_64-linux-gnu/libjson-c.so.2.0.1
7fcbe987a000-7fcbe9a79000 ---p 00009000 fc:00 6557577                    /lib/x86_64-linux-gnu/libjson-c.so.2.0.1
7fcbe9a79000-7fcbe9a7a000 r--p 00008000 fc:00 6557577                    /lib/x86_64-linux-gnu/libjson-c.so.2.0.1
7fcbe9a7a000-7fcbe9a7b000 rw-p 00009000 fc:00 6557577                    /lib/x86_64-linux-gnu/libjson-c.so.2.0.1
7fcbe9a7b000-7fcbe9ac2000 r-xp 00000000 fc:00 2892153                    /usr/lib/x86_64-linux-gnu/libpulse.so.0.16.2
7fcbe9ac2000-7fcbe9cc2000 ---p 00047000 fc:00 2892153                    /usr/lib/x86_64-linux-gnu/libpulse.so.0.16.2
7fcbe9cc2000-7fcbe9cc3000 r--p 00047000 fc:00 2892153                    /usr/lib/x86_64-linux-gnu/libpulse.so.0.16.2
7fcbe9cc3000-7fcbe9cc4000 rw-p 00048000 fc:00 2892153                    /usr/lib/x86_64-linux-gnu/libpulse.so.0.16.2
7fcbe9cc4000-7fcbe9d19000 r-xp 00000000 fc:00 2098387                    /home/alvin/workspace/Copy of Lumen/LWJGL Library/native/linux/libopenal64.so
7fcbe9d19000-7fcbe9f18000 ---p 00055000 fc:00 2098387                    /home/alvin/workspace/Copy of Lumen/LWJGL Library/native/linux/libopenal64.so
7fcbe9f18000-7fcbe9f1b000 r--p 00054000 fc:00 2098387                    /home/alvin/workspace/Copy of Lumen/LWJGL Library/native/linux/libopenal64.so
7fcbe9f1b000-7fcbe9f1c000 rw-p 00057000 fc:00 2098387                    /home/alvin/workspace/Copy of Lumen/LWJGL Library/native/linux/libopenal64.so
7fcbe9f1c000-7fcbe9f1d000 rw-p 00000000 00:00 0 
7fcbe9f1d000-7fcbe9f33000 r-xp 00000000 fc:00 3546263                    /usr/lib/jvm/java-7-openjdk-amd64/jre/lib/amd64/libnet.so
7fcbe9f33000-7fcbea132000 ---p 00016000 fc:00 3546263                    /usr/lib/jvm/java-7-openjdk-amd64/jre/lib/amd64/libnet.so
7fcbea132000-7fcbea133000 r--p 00015000 fc:00 3546263                    /usr/lib/jvm/java-7-openjdk-amd64/jre/lib/amd64/libnet.so
7fcbea133000-7fcbea134000 rw-p 00016000 fc:00 3546263                    /usr/lib/jvm/java-7-openjdk-amd64/jre/lib/amd64/libnet.so
7fcbea134000-7fcbea144000 r-xp 00000000 fc:00 3546284                    /usr/lib/jvm/java-7-openjdk-amd64/jre/lib/amd64/libnio.so
7fcbea144000-7fcbea344000 ---p 00010000 fc:00 3546284                    /usr/lib/jvm/java-7-openjdk-amd64/jre/lib/amd64/libnio.so
7fcbea344000-7fcbea345000 r--p 00010000 fc:00 3546284                    /usr/lib/jvm/java-7-openjdk-amd64/jre/lib/amd64/libnio.so
7fcbea345000-7fcbea346000 rw-p 00011000 fc:00 3546284                    /usr/lib/jvm/java-7-openjdk-amd64/jre/lib/amd64/libnio.so
7fcbea346000-7fcbeb499000 rw-p 00000000 00:00 0 
7fcbeb499000-7fcbeb4cb000 r-xp 00000000 fc:00 2892280                    /usr/lib/x86_64-linux-gnu/libtxc_dxtn_s2tc.so.0.0.0
7fcbeb4cb000-7fcbeb6ca000 ---p 00032000 fc:00 2892280                    /usr/lib/x86_64-linux-gnu/libtxc_dxtn_s2tc.so.0.0.0
7fcbeb6ca000-7fcbeb6cb000 r--p 00031000 fc:00 2892280                    /usr/lib/x86_64-linux-gnu/libtxc_dxtn_s2tc.so.0.0.0
7fcbeb6cb000-7fcbeb6cc000 rw-p 00032000 fc:00 2892280                    /usr/lib/x86_64-linux-gnu/libtxc_dxtn_s2tc.so.0.0.0
7fcbeb6cc000-7fcbeb740000 rw-p 00000000 00:00 0 
7fcbeb78d000-7fcbeb795000 r-xp 00000000 fc:00 2892122                    /usr/lib/x86_64-linux-gnu/libpciaccess.so.0.11.1
7fcbeb795000-7fcbeb994000 ---p 00008000 fc:00 2892122                    /usr/lib/x86_64-linux-gnu/libpciaccess.so.0.11.1
7fcbeb994000-7fcbeb995000 r--p 00007000 fc:00 2892122                    /usr/lib/x86_64-linux-gnu/libpciaccess.so.0.11.1
7fcbeb995000-7fcbeb996000 rw-p 00008000 fc:00 2892122                    /usr/lib/x86_64-linux-gnu/libpciaccess.so.0.11.1
7fcbeb996000-7fcbeb9b5000 r-xp 00000000 fc:00 2888072                    /usr/lib/x86_64-linux-gnu/libdrm_intel.so.1.0.0
7fcbeb9b5000-7fcbebbb4000 ---p 0001f000 fc:00 2888072                    /usr/lib/x86_64-linux-gnu/libdrm_intel.so.1.0.0
7fcbebbb4000-7fcbebbb5000 r--p 0001e000 fc:00 2888072                    /usr/lib/x86_64-linux-gnu/libdrm_intel.so.1.0.0
7fcbebbb5000-7fcbebbb6000 rw-p 0001f000 fc:00 2888072                    /usr/lib/x86_64-linux-gnu/libdrm_intel.so.1.0.0
7fcbebbb6000-7fcbebf74000 r-xp 00000000 fc:00 2891639                    /usr/lib/x86_64-linux-gnu/libdricore9.2.1.so.1.0.0
7fcbebf74000-7fcbec173000 ---p 003be000 fc:00 2891639                    /usr/lib/x86_64-linux-gnu/libdricore9.2.1.so.1.0.0
7fcbec173000-7fcbec183000 r--p 003bd000 fc:00 2891639                    /usr/lib/x86_64-linux-gnu/libdricore9.2.1.so.1.0.0
7fcbec183000-7fcbec18b000 rw-p 003cd000 fc:00 2891639                    /usr/lib/x86_64-linux-gnu/libdricore9.2.1.so.1.0.0
7fcbec18b000-7fcbec1a3000 rw-p 00000000 00:00 0 
7fcbec1a3000-7fcbec278000 r-xp 00000000 fc:00 3148337                    /usr/lib/x86_64-linux-gnu/dri/i965_dri.so
7fcbec278000-7fcbec478000 ---p 000d5000 fc:00 3148337                    /usr/lib/x86_64-linux-gnu/dri/i965_dri.so
7fcbec478000-7fcbec47b000 r--p 000d5000 fc:00 3148337                    /usr/lib/x86_64-linux-gnu/dri/i965_dri.so
7fcbec47b000-7fcbec47d000 rw-p 000d8000 fc:00 3148337                    /usr/lib/x86_64-linux-gnu/dri/i965_dri.so
7fcbec47d000-7fcbec47e000 rw-p 00000000 00:00 0 
7fcbec47e000-7fcbec489000 r-xp 00000000 fc:00 2887841                    /usr/lib/x86_64-linux-gnu/libdrm.so.2.4.0
7fcbec489000-7fcbec688000 ---p 0000b000 fc:00 2887841                    /usr/lib/x86_64-linux-gnu/libdrm.so.2.4.0
7fcbec688000-7fcbec689000 r--p 0000a000 fc:00 2887841                    /usr/lib/x86_64-linux-gnu/libdrm.so.2.4.0
7fcbec689000-7fcbec68a000 rw-p 0000b000 fc:00 2887841                    /usr/lib/x86_64-linux-gnu/libdrm.so.2.4.0
7fcbec68a000-7fcbec68d000 r-xp 00000000 fc:00 2892353                    /usr/lib/x86_64-linux-gnu/libxcb-dri2.so.0.0.0
7fcbec68d000-7fcbec88d000 ---p 00003000 fc:00 2892353                    /usr/lib/x86_64-linux-gnu/libxcb-dri2.so.0.0.0
7fcbec88d000-7fcbec88e000 r--p 00003000 fc:00 2892353                    /usr/lib/x86_64-linux-gnu/libxcb-dri2.so.0.0.0
7fcbec88e000-7fcbec88f000 rw-p 00004000 fc:00 2892353                    /usr/lib/x86_64-linux-gnu/libxcb-dri2.so.0.0.0
7fcbec88f000-7fcbec8a4000 r-xp 00000000 fc:00 2892355                    /usr/lib/x86_64-linux-gnu/libxcb-glx.so.0.0.0
7fcbec8a4000-7fcbecaa3000 ---p 00015000 fc:00 2892355                    /usr/lib/x86_64-linux-gnu/libxcb-glx.so.0.0.0
7fcbecaa3000-7fcbecaa5000 r--p 00014000 fc:00 2892355                    /usr/lib/x86_64-linux-gnu/libxcb-glx.so.0.0.0
7fcbecaa5000-7fcbecaa6000 rw-p 00016000 fc:00 2892355                    /usr/lib/x86_64-linux-gnu/libxcb-glx.so.0.0.0
7fcbecaa6000-7fcbecaa7000 r-xp 00000000 fc:00 2891421                    /usr/lib/x86_64-linux-gnu/libX11-xcb.so.1.0.0
7fcbecaa7000-7fcbecca6000 ---p 00001000 fc:00 2891421                    /usr/lib/x86_64-linux-gnu/libX11-xcb.so.1.0.0
7fcbecca6000-7fcbecca7000 r--p 00000000 fc:00 2891421                    /usr/lib/x86_64-linux-gnu/libX11-xcb.so.1.0.0
7fcbecca7000-7fcbecca8000 rw-p 00001000 fc:00 2891421                    /usr/lib/x86_64-linux-gnu/libX11-xcb.so.1.0.0
7fcbecca8000-7fcbeccc9000 r-xp 00000000 fc:00 2891782                    /usr/lib/x86_64-linux-gnu/libglapi.so.0.0.0
7fcbeccc9000-7fcbecec9000 ---p 00021000 fc:00 2891782                    /usr/lib/x86_64-linux-gnu/libglapi.so.0.0.0
7fcbecec9000-7fcbececc000 r--p 00021000 fc:00 2891782                    /usr/lib/x86_64-linux-gnu/libglapi.so.0.0.0
7fcbececc000-7fcbececd000 rw-p 00024000 fc:00 2891782                    /usr/lib/x86_64-linux-gnu/libglapi.so.0.0.0
7fcbececd000-7fcbecece000 rw-p 00000000 00:00 0 
7fcbecece000-7fcbecf28000 r-xp 00000000 fc:00 3277591                    /usr/lib/x86_64-linux-gnu/mesa/libGL.so.1.2.0
7fcbecf28000-7fcbed128000 ---p 0005a000 fc:00 3277591                    /usr/lib/x86_64-linux-gnu/mesa/libGL.so.1.2.0
7fcbed128000-7fcbed12a000 r--p 0005a000 fc:00 3277591                    /usr/lib/x86_64-linux-gnu/mesa/libGL.so.1.2.0
7fcbed12a000-7fcbed12b000 rw-p 0005c000 fc:00 3277591                    /usr/lib/x86_64-linux-gnu/mesa/libGL.so.1.2.0
7fcbed12b000-7fcbed12c000 rw-p 00000000 00:00 0 
7fcbed12c000-7fcbed130000 r-xp 00000000 fc:00 2891472                    /usr/lib/x86_64-linux-gnu/libXxf86vm.so.1.0.0
7fcbed130000-7fcbed330000 ---p 00004000 fc:00 2891472                    /usr/lib/x86_64-linux-gnu/libXxf86vm.so.1.0.0
7fcbed330000-7fcbed331000 r--p 00004000 fc:00 2891472                    /usr/lib/x86_64-linux-gnu/libXxf86vm.so.1.0.0
7fcbed331000-7fcbed332000 rw-p 00005000 fc:00 2891472                    /usr/lib/x86_64-linux-gnu/libXxf86vm.so.1.0.0
7fcbed332000-7fcbed39c000 r-xp 00000000 fc:00 2098385                    /home/alvin/workspace/Copy of Lumen/LWJGL Library/native/linux/liblwjgl64.so
7fcbed39c000-7fcbed59c000 ---p 0006a000 fc:00 2098385                    /home/alvin/workspace/Copy of Lumen/LWJGL Library/native/linux/liblwjgl64.so
7fcbed59c000-7fcbed59e000 r--p 0006a000 fc:00 2098385                    /home/alvin/workspace/Copy of Lumen/LWJGL Library/native/linux/liblwjgl64.so
7fcbed59e000-7fcbed59f000 rw-p 0006c000 fc:00 2098385                    /home/alvin/workspace/Copy of Lumen/LWJGL Library/native/linux/liblwjgl64.so
7fcbed59f000-7fcbed5a0000 r-xp 00000000 fc:00 3546274                    /usr/lib/jvm/java-7-openjdk-amd64/jre/lib/amd64/libjawt.so
7fcbed5a0000-7fcbed79f000 ---p 00001000 fc:00 3546274                    /usr/lib/jvm/java-7-openjdk-amd64/jre/lib/amd64/libjawt.so
7fcbed79f000-7fcbed7a0000 r--p 00000000 fc:00 3546274                    /usr/lib/jvm/java-7-openjdk-amd64/jre/lib/amd64/libjawt.so
7fcbed7a0000-7fcbed7a1000 rw-p 00001000 fc:00 3546274                    /usr/lib/jvm/java-7-openjdk-amd64/jre/lib/amd64/libjawt.so
7fcbed7a1000-7fcbed7a4000 ---p 00000000 00:00 0 
7fcbed7a4000-7fcbed8a2000 rw-p 00000000 00:00 0                          [stack:23814]
7fcbed8a2000-7fcbed8a6000 r-xp 00000000 fc:00 6557568                    /lib/x86_64-linux-gnu/libgpg-error.so.0.10.0
7fcbed8a6000-7fcbedaa5000 ---p 00004000 fc:00 6557568                    /lib/x86_64-linux-gnu/libgpg-error.so.0.10.0
7fcbedaa5000-7fcbedaa6000 r--p 00003000 fc:00 6557568                    /lib/x86_64-linux-gnu/libgpg-error.so.0.10.0
7fcbedaa6000-7fcbedaa7000 rw-p 00004000 fc:00 6557568                    /lib/x86_64-linux-gnu/libgpg-error.so.0.10.0
7fcbedaa7000-7fcbedaa9000 r-xp 00000000 fc:00 6557580                    /lib/x86_64-linux-gnu/libkeyutils.so.1.4
7fcbedaa9000-7fcbedca9000 ---p 00002000 fc:00 6557580                    /lib/x86_64-linux-gnu/libkeyutils.so.1.4
7fcbedca9000-7fcbedcaa000 r--p 00002000 fc:00 6557580                    /lib/x86_64-linux-gnu/libkeyutils.so.1.4
7fcbedcaa000-7fcbedcab000 rw-p 00003000 fc:00 6557580                    /lib/x86_64-linux-gnu/libkeyutils.so.1.4
7fcbedcab000-7fcbedcc3000 r-xp 00000000 fc:00 2891824                    /usr/lib/x86_64-linux-gnu/libgraphite2.so.3.0.1
7fcbedcc3000-7fcbedec2000 ---p 00018000 fc:00 2891824                    /usr/lib/x86_64-linux-gnu/libgraphite2.so.3.0.1
7fcbedec2000-7fcbedec4000 r--p 00017000 fc:00 2891824                    /usr/lib/x86_64-linux-gnu/libgraphite2.so.3.0.1
7fcbedec4000-7fcbedec5000 rw-p 00019000 fc:00 2891824                    /usr/lib/x86_64-linux-gnu/libgraphite2.so.3.0.1
7fcbedec5000-7fcbedf09000 r-xp 00000000 fc:00 6557549                    /lib/x86_64-linux-gnu/libdbus-1.so.3.7.4
7fcbedf09000-7fcbee108000 ---p 00044000 fc:00 6557549                    /lib/x86_64-linux-gnu/libdbus-1.so.3.7.4
7fcbee108000-7fcbee109000 r--p 00043000 fc:00 6557549                    /lib/x86_64-linux-gnu/libdbus-1.so.3.7.4
7fcbee109000-7fcbee10a000 rw-p 00044000 fc:00 6557549                    /lib/x86_64-linux-gnu/libdbus-1.so.3.7.4
7fcbee10a000-7fcbee128000 r-xp 00000000 fc:00 2892098                    /usr/lib/x86_64-linux-gnu/libp11-kit.so.0.0.0
7fcbee128000-7fcbee327000 ---p 0001e000 fc:00 2892098                    /usr/lib/x86_64-linux-gnu/libp11-kit.so.0.0.0
7fcbee327000-7fcbee329000 r--p 0001d000 fc:00 2892098                    /usr/lib/x86_64-linux-gnu/libp11-kit.so.0.0.0
7fcbee329000-7fcbee32a000 rw-p 0001f000 fc:00 2892098                    /usr/lib/x86_64-linux-gnu/libp11-kit.so.0.0.0
7fcbee32a000-7fcbee33a000 r-xp 00000000 fc:00 2892252                    /usr/lib/x86_64-linux-gnu/libtasn1.so.3.2.0
7fcbee33a000-7fcbee539000 ---p 00010000 fc:00 2892252                    /usr/lib/x86_64-linux-gnu/libtasn1.so.3.2.0
7fcbee539000-7fcbee53a000 r--p 0000f000 fc:00 2892252                    /usr/lib/x86_64-linux-gnu/libtasn1.so.3.2.0
7fcbee53a000-7fcbee53b000 rw-p 00010000 fc:00 2892252                    /usr/lib/x86_64-linux-gnu/libtasn1.so.3.2.0
7fcbee53b000-7fcbee5b5000 r-xp 00000000 fc:00 6557564                    /lib/x86_64-linux-gnu/libgcrypt.so.11.7.0
7fcbee5b5000-7fcbee7b5000 ---p 0007a000 fc:00 6557564                    /lib/x86_64-linux-gnu/libgcrypt.so.11.7.0
7fcbee7b5000-7fcbee7b6000 r--p 0007a000 fc:00 6557564                    /lib/x86_64-linux-gnu/libgcrypt.so.11.7.0
7fcbee7b6000-7fcbee7b9000 rw-p 0007b000 fc:00 6557564                    /lib/x86_64-linux-gnu/libgcrypt.so.11.7.0
7fcbee7b9000-7fcbee7c0000 r-xp 00000000 fc:00 2891997                    /usr/lib/x86_64-linux-gnu/libkrb5support.so.0.1
7fcbee7c0000-7fcbee9bf000 ---p 00007000 fc:00 2891997                    /usr/lib/x86_64-linux-gnu/libkrb5support.so.0.1
7fcbee9bf000-7fcbee9c0000 r--p 00006000 fc:00 2891997                    /usr/lib/x86_64-linux-gnu/libkrb5support.so.0.1
7fcbee9c0000-7fcbee9c1000 rw-p 00007000 fc:00 2891997                    /usr/lib/x86_64-linux-gnu/libkrb5support.so.0.1
7fcbee9c1000-7fcbee9c4000 r-xp 00000000 fc:00 6557544                    /lib/x86_64-linux-gnu/libcom_err.so.2.1
7fcbee9c4000-7fcbeebc3000 ---p 00003000 fc:00 6557544                    /lib/x86_64-linux-gnu/libcom_err.so.2.1
7fcbeebc3000-7fcbeebc4000 r--p 00002000 fc:00 6557544                    /lib/x86_64-linux-gnu/libcom_err.so.2.1
7fcbeebc4000-7fcbeebc5000 rw-p 00003000 fc:00 6557544                    /lib/x86_64-linux-gnu/libcom_err.so.2.1
7fcbeebc5000-7fcbeebeb000 r-xp 00000000 fc:00 2891991                    /usr/lib/x86_64-linux-gnu/libk5crypto.so.3.1
7fcbeebeb000-7fcbeedea000 ---p 00026000 fc:00 2891991                    /usr/lib/x86_64-linux-gnu/libk5crypto.so.3.1
7fcbeedea000-7fcbeedeb000 r--p 00025000 fc:00 2891991                    /usr/lib/x86_64-linux-gnu/libk5crypto.so.3.1
7fcbeedeb000-7fcbeedec000 rw-p 00026000 fc:00 2891991                    /usr/lib/x86_64-linux-gnu/libk5crypto.so.3.1
7fcbeedec000-7fcbeeded000 rw-p 00000000 00:00 0 
7fcbeeded000-7fcbeeeb2000 r-xp 00000000 fc:00 2891995                    /usr/lib/x86_64-linux-gnu/libkrb5.so.3.3
7fcbeeeb2000-7fcbef0b1000 ---p 000c5000 fc:00 2891995                    /usr/lib/x86_64-linux-gnu/libkrb5.so.3.3
7fcbef0b1000-7fcbef0bb000 r--p 000c4000 fc:00 2891995                    /usr/lib/x86_64-linux-gnu/libkrb5.so.3.3
7fcbef0bb000-7fcbef0bc000 rw-p 000ce000 fc:00 2891995                    /usr/lib/x86_64-linux-gnu/libkrb5.so.3.3
7fcbef0bc000-7fcbef0c2000 r-xp 00000000 fc:00 2891616                    /usr/lib/x86_64-linux-gnu/libdatrie.so.1.2.0
7fcbef0c2000-7fcbef2c1000 ---p 00006000 fc:00 2891616                    /usr/lib/x86_64-linux-gnu/libdatrie.so.1.2.0
7fcbef2c1000-7fcbef2c2000 r--p 00005000 fc:00 2891616                    /usr/lib/x86_64-linux-gnu/libdatrie.so.1.2.0
7fcbef2c2000-7fcbef2c3000 rw-p 00006000 fc:00 2891616                    /usr/lib/x86_64-linux-gnu/libdatrie.so.1.2.0
7fcbef2c3000-7fcbef313000 r-xp 00000000 fc:00 2891932                    /usr/lib/x86_64-linux-gnu/libharfbuzz.so.0.919.0
7fcbef313000-7fcbef513000 ---p 00050000 fc:00 2891932                    /usr/lib/x86_64-linux-gnu/libharfbuzz.so.0.919.0
7fcbef513000-7fcbef514000 r--p 00050000 fc:00 2891932                    /usr/lib/x86_64-linux-gnu/libharfbuzz.so.0.919.0
7fcbef514000-7fcbef515000 rw-p 00051000 fc:00 2891932                    /usr/lib/x86_64-linux-gnu/libharfbuzz.so.0.919.0
7fcbef515000-7fcbef51d000 r-xp 00000000 fc:00 2892367                    /usr/lib/x86_64-linux-gnu/libxcb-render.so.0.0.0
7fcbef51d000-7fcbef71c000 ---p 00008000 fc:00 2892367                    /usr/lib/x86_64-linux-gnu/libxcb-render.so.0.0.0
7fcbef71c000-7fcbef71d000 r--p 00007000 fc:00 2892367                    /usr/lib/x86_64-linux-gnu/libxcb-render.so.0.0.0
7fcbef71d000-7fcbef71e000 rw-p 00008000 fc:00 2892367                    /usr/lib/x86_64-linux-gnu/libxcb-render.so.0.0.0
7fcbef71e000-7fcbef720000 r-xp 00000000 fc:00 2892371                    /usr/lib/x86_64-linux-gnu/libxcb-shm.so.0.0.0
7fcbef720000-7fcbef91f000 ---p 00002000 fc:00 2892371                    /usr/lib/x86_64-linux-gnu/libxcb-shm.so.0.0.0
7fcbef91f000-7fcbef920000 r--p 00001000 fc:00 2892371                    /usr/lib/x86_64-linux-gnu/libxcb-shm.so.0.0.0
7fcbef920000-7fcbef921000 rw-p 00002000 fc:00 2892371                    /usr/lib/x86_64-linux-gnu/libxcb-shm.so.0.0.0
7fcbef921000-7fcbef946000 r-xp 00000000 fc:00 6557647                    /lib/x86_64-linux-gnu/libpng12.so.0.49.0
7fcbef946000-7fcbefb45000 ---p 00025000 fc:00 6557647                    /lib/x86_64-linux-gnu/libpng12.so.0.49.0
7fcbefb45000-7fcbefb46000 r--p 00024000 fc:00 6557647                    /lib/x86_64-linux-gnu/libpng12.so.0.49.0
7fcbefb46000-7fcbefb47000 rw-p 00025000 fc:00 6557647                    /lib/x86_64-linux-gnu/libpng12.so.0.49.0
7fcbefb47000-7fcbefbe8000 r-xp 00000000 fc:00 2890002                    /usr/lib/x86_64-linux-gnu/libpixman-1.so.0.30.2
7fcbefbe8000-7fcbefde8000 ---p 000a1000 fc:00 2890002                    /usr/lib/x86_64-linux-gnu/libpixman-1.so.0.30.2
7fcbefde8000-7fcbefdef000 r--p 000a1000 fc:00 2890002                    /usr/lib/x86_64-linux-gnu/libpixman-1.so.0.30.2
7fcbefdef000-7fcbefdf0000 rw-p 000a8000 fc:00 2890002                    /usr/lib/x86_64-linux-gnu/libpixman-1.so.0.30.2
7fcbefdf0000-7fcbefdf5000 r-xp 00000000 fc:00 2891438                    /usr/lib/x86_64-linux-gnu/libXdmcp.so.6.0.0
7fcbefdf5000-7fcbefff4000 ---p 00005000 fc:00 2891438                    /usr/lib/x86_64-linux-gnu/libXdmcp.so.6.0.0
7fcbefff4000-7fcbefff5000 r--p 00004000 fc:00 2891438                    /usr/lib/x86_64-linux-gnu/libXdmcp.so.6.0.0
7fcbefff5000-7fcbefff6000 rw-p 00005000 fc:00 2891438                    /usr/lib/x86_64-linux-gnu/libXdmcp.so.6.0.0
7fcbefff6000-7fcbefff8000 r-xp 00000000 fc:00 2891427                    /usr/lib/x86_64-linux-gnu/libXau.so.6.0.0
7fcbefff8000-7fcbf01f8000 ---p 00002000 fc:00 2891427                    /usr/lib/x86_64-linux-gnu/libXau.so.6.0.0
7fcbf01f8000-7fcbf01f9000 r--p 00002000 fc:00 2891427                    /usr/lib/x86_64-linux-gnu/libXau.so.6.0.0
7fcbf01f9000-7fcbf01fa000 rw-p 00003000 fc:00 2891427                    /usr/lib/x86_64-linux-gnu/libXau.so.6.0.0
7fcbf01fa000-7fcbf0209000 r-xp 00000000 fc:00 2887850                    /usr/lib/x86_64-linux-gnu/libavahi-client.so.3.2.9
7fcbf0209000-7fcbf0409000 ---p 0000f000 fc:00 2887850                    /usr/lib/x86_64-linux-gnu/libavahi-client.so.3.2.9
7fcbf0409000-7fcbf040a000 r--p 0000f000 fc:00 2887850                    /usr/lib/x86_64-linux-gnu/libavahi-client.so.3.2.9
7fcbf040a000-7fcbf040b000 rw-p 00010000 fc:00 2887850                    /usr/lib/x86_64-linux-gnu/libavahi-client.so.3.2.9
7fcbf040b000-7fcbf0416000 r-xp 00000000 fc:00 2884006                    /usr/lib/x86_64-linux-gnu/libavahi-common.so.3.5.3
7fcbf0416000-7fcbf0615000 ---p 0000b000 fc:00 2884006                    /usr/lib/x86_64-linux-gnu/libavahi-common.so.3.5.3
7fcbf0615000-7fcbf0616000 r--p 0000a000 fc:00 2884006                    /usr/lib/x86_64-linux-gnu/libavahi-common.so.3.5.3
7fcbf0616000-7fcbf0617000 rw-p 0000b000 fc:00 2884006                    /usr/lib/x86_64-linux-gnu/libavahi-common.so.3.5.3
7fcbf0617000-7fcbf06cd000 r-xp 00000000 fc:00 2888317                    /usr/lib/x86_64-linux-gnu/libgnutls.so.26.22.6
7fcbf06cd000-7fcbf08cd000 ---p 000b6000 fc:00 2888317                    /usr/lib/x86_64-linux-gnu/libgnutls.so.26.22.6
7fcbf08cd000-7fcbf08d3000 r--p 000b6000 fc:00 2888317                    /usr/lib/x86_64-linux-gnu/libgnutls.so.26.22.6
7fcbf08d3000-7fcbf08d4000 rw-p 000bc000 fc:00 2888317                    /usr/lib/x86_64-linux-gnu/libgnutls.so.26.22.6
7fcbf08d4000-7fcbf08d5000 rw-p 00000000 00:00 0 
7fcbf08d5000-7fcbf0910000 r-xp 00000000 fc:00 2891830                    /usr/lib/x86_64-linux-gnu/libgssapi_krb5.so.2.2
7fcbf0910000-7fcbf0b10000 ---p 0003b000 fc:00 2891830                    /usr/lib/x86_64-linux-gnu/libgssapi_krb5.so.2.2
7fcbf0b10000-7fcbf0b11000 r--p 0003b000 fc:00 2891830                    /usr/lib/x86_64-linux-gnu/libgssapi_krb5.so.2.2
7fcbf0b11000-7fcbf0b13000 rw-p 0003c000 fc:00 2891830                    /usr/lib/x86_64-linux-gnu/libgssapi_krb5.so.2.2
7fcbf0b13000-7fcbf0b50000 r-xp 00000000 fc:00 6557635                    /lib/x86_64-linux-gnu/libpcre.so.3.13.1
7fcbf0b50000-7fcbf0d50000 ---p 0003d000 fc:00 6557635                    /lib/x86_64-linux-gnu/libpcre.so.3.13.1
7fcbf0d50000-7fcbf0d51000 r--p 0003d000 fc:00 6557635                    /lib/x86_64-linux-gnu/libpcre.so.3.13.1
7fcbf0d51000-7fcbf0d52000 rw-p 0003e000 fc:00 6557635                    /lib/x86_64-linux-gnu/libpcre.so.3.13.1
7fcbf0d52000-7fcbf0d59000 r-xp 00000000 fc:00 2891675                    /usr/lib/x86_64-linux-gnu/libffi.so.6.0.1
7fcbf0d59000-7fcbf0f58000 ---p 00007000 fc:00 2891675                    /usr/lib/x86_64-linux-gnu/libffi.so.6.0.1
7fcbf0f58000-7fcbf0f59000 r--p 00006000 fc:00 2891675                    /usr/lib/x86_64-linux-gnu/libffi.so.6.0.1
7fcbf0f59000-7fcbf0f5a000 rw-p 00007000 fc:00 2891675                    /usr/lib/x86_64-linux-gnu/libffi.so.6.0.1
7fcbf0f5a000-7fcbf0f81000 r-xp 00000000 fc:00 6557557                    /lib/x86_64-linux-gnu/libexpat.so.1.6.0
7fcbf0f81000-7fcbf1181000 ---p 00027000 fc:00 6557557                    /lib/x86_64-linux-gnu/libexpat.so.1.6.0
7fcbf1181000-7fcbf1183000 r--p 00027000 fc:00 6557557                    /lib/x86_64-linux-gnu/libexpat.so.1.6.0
7fcbf1183000-7fcbf1184000 rw-p 00029000 fc:00 6557557                    /lib/x86_64-linux-gnu/libexpat.so.1.6.0
7fcbf1184000-7fcbf1220000 r-xp 00000000 fc:00 2891717                    /usr/lib/x86_64-linux-gnu/libfreetype.so.6.10.1
7fcbf1220000-7fcbf1420000 ---p 0009c000 fc:00 2891717                    /usr/lib/x86_64-linux-gnu/libfreetype.so.6.10.1
7fcbf1420000-7fcbf1425000 r--p 0009c000 fc:00 2891717                    /usr/lib/x86_64-linux-gnu/libfreetype.so.6.10.1
7fcbf1425000-7fcbf1426000 rw-p 000a1000 fc:00 2891717                    /usr/lib/x86_64-linux-gnu/libfreetype.so.6.10.1
7fcbf1426000-7fcbf142e000 r-xp 00000000 fc:00 2892264                    /usr/lib/x86_64-linux-gnu/libthai.so.0.2.0
7fcbf142e000-7fcbf162d000 ---p 00008000 fc:00 2892264                    /usr/lib/x86_64-linux-gnu/libthai.so.0.2.0
7fcbf162d000-7fcbf162e000 r--p 00007000 fc:00 2892264                    /usr/lib/x86_64-linux-gnu/libthai.so.0.2.0
7fcbf162e000-7fcbf162f000 rw-p 00008000 fc:00 2892264                    /usr/lib/x86_64-linux-gnu/libthai.so.0.2.0
7fcbf162f000-7fcbf1645000 r-xp 00000000 fc:00 6557658                    /lib/x86_64-linux-gnu/libresolv-2.17.so
7fcbf1645000-7fcbf1845000 ---p 00016000 fc:00 6557658                    /lib/x86_64-linux-gnu/libresolv-2.17.so
7fcbf1845000-7fcbf1846000 r--p 00016000 fc:00 6557658                    /lib/x86_64-linux-gnu/libresolv-2.17.so
7fcbf1846000-7fcbf1847000 rw-p 00017000 fc:00 6557658                    /lib/x86_64-linux-gnu/libresolv-2.17.so
7fcbf1847000-7fcbf1849000 rw-p 00000000 00:00 0 
7fcbf1849000-7fcbf1868000 r-xp 00000000 fc:00 6557662                    /lib/x86_64-linux-gnu/libselinux.so.1
7fcbf1868000-7fcbf1a68000 ---p 0001f000 fc:00 6557662                    /lib/x86_64-linux-gnu/libselinux.so.1
7fcbf1a68000-7fcbf1a69000 r--p 0001f000 fc:00 6557662                    /lib/x86_64-linux-gnu/libselinux.so.1
7fcbf1a69000-7fcbf1a6a000 rw-p 00020000 fc:00 6557662                    /lib/x86_64-linux-gnu/libselinux.so.1
7fcbf1a6a000-7fcbf1a6b000 rw-p 00000000 00:00 0 
7fcbf1a6b000-7fcbf1a6d000 r-xp 00000000 fc:00 2891436                    /usr/lib/x86_64-linux-gnu/libXdamage.so.1.1.0
7fcbf1a6d000-7fcbf1c6c000 ---p 00002000 fc:00 2891436                    /usr/lib/x86_64-linux-gnu/libXdamage.so.1.1.0
7fcbf1c6c000-7fcbf1c6d000 r--p 00001000 fc:00 2891436                    /usr/lib/x86_64-linux-gnu/libXdamage.so.1.1.0
7fcbf1c6d000-7fcbf1c6e000 rw-p 00002000 fc:00 2891436                    /usr/lib/x86_64-linux-gnu/libXdamage.so.1.1.0
7fcbf1c6e000-7fcbf1c70000 r-xp 00000000 fc:00 2891432                    /usr/lib/x86_64-linux-gnu/libXcomposite.so.1.0.0
7fcbf1c70000-7fcbf1e6f000 ---p 00002000 fc:00 2891432                    /usr/lib/x86_64-linux-gnu/libXcomposite.so.1.0.0
7fcbf1e6f000-7fcbf1e70000 r--p 00001000 fc:00 2891432                    /usr/lib/x86_64-linux-gnu/libXcomposite.so.1.0.0
7fcbf1e70000-7fcbf1e71000 rw-p 00002000 fc:00 2891432                    /usr/lib/x86_64-linux-gnu/libXcomposite.so.1.0.0
7fcbf1e71000-7fcbf1e7a000 r-xp 00000000 fc:00 2891434                    /usr/lib/x86_64-linux-gnu/libXcursor.so.1.0.2
7fcbf1e7a000-7fcbf2079000 ---p 00009000 fc:00 2891434                    /usr/lib/x86_64-linux-gnu/libXcursor.so.1.0.2
7fcbf2079000-7fcbf207a000 r--p 00008000 fc:00 2891434                    /usr/lib/x86_64-linux-gnu/libXcursor.so.1.0.2
7fcbf207a000-7fcbf207b000 rw-p 00009000 fc:00 2891434                    /usr/lib/x86_64-linux-gnu/libXcursor.so.1.0.2
7fcbf207b000-7fcbf2084000 r-xp 00000000 fc:00 2891460                    /usr/lib/x86_64-linux-gnu/libXrandr.so.2.2.0
7fcbf2084000-7fcbf2283000 ---p 00009000 fc:00 2891460                    /usr/lib/x86_64-linux-gnu/libXrandr.so.2.2.0
7fcbf2283000-7fcbf2284000 r--p 00008000 fc:00 2891460                    /usr/lib/x86_64-linux-gnu/libXrandr.so.2.2.0
7fcbf2284000-7fcbf2285000 rw-p 00009000 fc:00 2891460                    /usr/lib/x86_64-linux-gnu/libXrandr.so.2.2.0
7fcbf2285000-7fcbf2287000 r-xp 00000000 fc:00 2891450                    /usr/lib/x86_64-linux-gnu/libXinerama.so.1.0.0
7fcbf2287000-7fcbf2486000 ---p 00002000 fc:00 2891450                    /usr/lib/x86_64-linux-gnu/libXinerama.so.1.0.0
7fcbf2486000-7fcbf2487000 r--p 00001000 fc:00 2891450                    /usr/lib/x86_64-linux-gnu/libXinerama.so.1.0.0
7fcbf2487000-7fcbf2488000 rw-p 00002000 fc:00 2891450                    /usr/lib/x86_64-linux-gnu/libXinerama.so.1.0.0
7fcbf2488000-7fcbf249c000 r-xp 00000000 fc:00 2892110                    /usr/lib/x86_64-linux-gnu/libpangoft2-1.0.so.0.3200.5
7fcbf249c000-7fcbf269b000 ---p 00014000 fc:00 2892110                    /usr/lib/x86_64-linux-gnu/libpangoft2-1.0.so.0.3200.5
7fcbf269b000-7fcbf269c000 r--p 00013000 fc:00 2892110                    /usr/lib/x86_64-linux-gnu/libpangoft2-1.0.so.0.3200.5
7fcbf269c000-7fcbf269d000 rw-p 00014000 fc:00 2892110                    /usr/lib/x86_64-linux-gnu/libpangoft2-1.0.so.0.3200.5
7fcbf269d000-7fcbf27a1000 r-xp 00000000 fc:00 2891547                    /usr/lib/x86_64-linux-gnu/libcairo.so.2.11200.16
7fcbf27a1000-7fcbf29a0000 ---p 00104000 fc:00 2891547                    /usr/lib/x86_64-linux-gnu/libcairo.so.2.11200.16
7fcbf29a0000-7fcbf29a3000 r--p 00103000 fc:00 2891547                    /usr/lib/x86_64-linux-gnu/libcairo.so.2.11200.16
7fcbf29a3000-7fcbf29a4000 rw-p 00106000 fc:00 2891547                    /usr/lib/x86_64-linux-gnu/libcairo.so.2.11200.16
7fcbf29a4000-7fcbf29a6000 rw-p 00000000 00:00 0 
7fcbf29a6000-7fcbf29c5000 r-xp 00000000 fc:00 2891507                    /usr/lib/x86_64-linux-gnu/libatk-1.0.so.0.21009.1
7fcbf29c5000-7fcbf2bc5000 ---p 0001f000 fc:00 2891507                    /usr/lib/x86_64-linux-gnu/libatk-1.0.so.0.21009.1
7fcbf2bc5000-7fcbf2bc7000 r--p 0001f000 fc:00 2891507                    /usr/lib/x86_64-linux-gnu/libatk-1.0.so.0.21009.1
7fcbf2bc7000-7fcbf2bc8000 rw-p 00021000 fc:00 2891507                    /usr/lib/x86_64-linux-gnu/libatk-1.0.so.0.21009.1
7fcbf2bc8000-7fcbf2bcd000 r-xp 00000000 fc:00 2891442                    /usr/lib/x86_64-linux-gnu/libXfixes.so.3.1.0
7fcbf2bcd000-7fcbf2dcc000 ---p 00005000 fc:00 2891442                    /usr/lib/x86_64-linux-gnu/libXfixes.so.3.1.0
7fcbf2dcc000-7fcbf2dcd000 r--p 00004000 fc:00 2891442                    /usr/lib/x86_64-linux-gnu/libXfixes.so.3.1.0
7fcbf2dcd000-7fcbf2dce000 rw-p 00005000 fc:00 2891442                    /usr/lib/x86_64-linux-gnu/libXfixes.so.3.1.0
7fcbf2dce000-7fcbf2dd9000 r-xp 00000000 fc:00 2892108                    /usr/lib/x86_64-linux-gnu/libpangocairo-1.0.so.0.3200.5
7fcbf2dd9000-7fcbf2fd9000 ---p 0000b000 fc:00 2892108                    /usr/lib/x86_64-linux-gnu/libpangocairo-1.0.so.0.3200.5
7fcbf2fd9000-7fcbf2fda000 r--p 0000b000 fc:00 2892108                    /usr/lib/x86_64-linux-gnu/libpangocairo-1.0.so.0.3200.5
7fcbf2fda000-7fcbf2fdb000 rw-p 0000c000 fc:00 2892108                    /usr/lib/x86_64-linux-gnu/libpangocairo-1.0.so.0.3200.5
7fcbf2fdb000-7fcbf2fde000 r-xp 00000000 fc:00 2888049                    /usr/lib/x86_64-linux-gnu/libgmodule-2.0.so.0.3800.1
7fcbf2fde000-7fcbf31dd000 ---p 00003000 fc:00 2888049                    /usr/lib/x86_64-linux-gnu/libgmodule-2.0.so.0.3800.1
7fcbf31dd000-7fcbf31de000 r--p 00002000 fc:00 2888049                    /usr/lib/x86_64-linux-gnu/libgmodule-2.0.so.0.3800.1
7fcbf31de000-7fcbf31df000 rw-p 00003000 fc:00 2888049                    /usr/lib/x86_64-linux-gnu/libgmodule-2.0.so.0.3800.1
7fcbf31df000-7fcbf31fc000 r-xp 00000000 fc:00 2892379                    /usr/lib/x86_64-linux-gnu/libxcb.so.1.1.0
7fcbf31fc000-7fcbf33fb000 ---p 0001d000 fc:00 2892379                    /usr/lib/x86_64-linux-gnu/libxcb.so.1.1.0
7fcbf33fb000-7fcbf33fc000 r--p 0001c000 fc:00 2892379                    /usr/lib/x86_64-linux-gnu/libxcb.so.1.1.0
7fcbf33fc000-7fcbf33fd000 rw-p 0001d000 fc:00 2892379                    /usr/lib/x86_64-linux-gnu/libxcb.so.1.1.0
7fcbf33fd000-7fcbf3469000 r-xp 00000000 fc:00 2884101                    /usr/lib/x86_64-linux-gnu/libcups.so.2
7fcbf3469000-7fcbf3668000 ---p 0006c000 fc:00 2884101                    /usr/lib/x86_64-linux-gnu/libcups.so.2
7fcbf3668000-7fcbf366f000 r--p 0006b000 fc:00 2884101                    /usr/lib/x86_64-linux-gnu/libcups.so.2
7fcbf366f000-7fcbf3670000 rw-p 00072000 fc:00 2884101                    /usr/lib/x86_64-linux-gnu/libcups.so.2
7fcbf3670000-7fcbf376e000 r-xp 00000000 fc:00 6557487                    /lib/x86_64-linux-gnu/libglib-2.0.so.0.3800.1
7fcbf376e000-7fcbf396e000 ---p 000fe000 fc:00 6557487                    /lib/x86_64-linux-gnu/libglib-2.0.so.0.3800.1
7fcbf396e000-7fcbf396f000 r--p 000fe000 fc:00 6557487                    /lib/x86_64-linux-gnu/libglib-2.0.so.0.3800.1
7fcbf396f000-7fcbf3970000 rw-p 000ff000 fc:00 6557487                    /lib/x86_64-linux-gnu/libglib-2.0.so.0.3800.1
7fcbf3970000-7fcbf3971000 rw-p 00000000 00:00 0 
7fcbf3971000-7fcbf3972000 r-xp 00000000 fc:00 2888048                    /usr/lib/x86_64-linux-gnu/libgthread-2.0.so.0.3800.1
7fcbf3972000-7fcbf3b71000 ---p 00001000 fc:00 2888048                    /usr/lib/x86_64-linux-gnu/libgthread-2.0.so.0.3800.1
7fcbf3b71000-7fcbf3b72000 r--p 00000000 fc:00 2888048                    /usr/lib/x86_64-linux-gnu/libgthread-2.0.so.0.3800.1
7fcbf3b72000-7fcbf3b73000 rw-p 00001000 fc:00 2888048                    /usr/lib/x86_64-linux-gnu/libgthread-2.0.so.0.3800.1
7fcbf3b73000-7fcbf3bc2000 r-xp 00000000 fc:00 2883988                    /usr/lib/x86_64-linux-gnu/libgobject-2.0.so.0.3800.1
7fcbf3bc2000-7fcbf3dc2000 ---p 0004f000 fc:00 2883988                    /usr/lib/x86_64-linux-gnu/libgobject-2.0.so.0.3800.1
7fcbf3dc2000-7fcbf3dc3000 r--p 0004f000 fc:00 2883988                    /usr/lib/x86_64-linux-gnu/libgobject-2.0.so.0.3800.1
7fcbf3dc3000-7fcbf3dc4000 rw-p 00050000 fc:00 2883988                    /usr/lib/x86_64-linux-gnu/libgobject-2.0.so.0.3800.1
7fcbf3dc4000-7fcbf3dfd000 r-xp 00000000 fc:00 2891689                    /usr/lib/x86_64-linux-gnu/libfontconfig.so.1.7.0
7fcbf3dfd000-7fcbf3ffd000 ---p 00039000 fc:00 2891689                    /usr/lib/x86_64-linux-gnu/libfontconfig.so.1.7.0
7fcbf3ffd000-7fcbf3fff000 r--p 00039000 fc:00 2891689                    /usr/lib/x86_64-linux-gnu/libfontconfig.so.1.7.0
7fcbf3fff000-7fcbf4000000 rw-p 0003b000 fc:00 2891689                    /usr/lib/x86_64-linux-gnu/libfontconfig.so.1.7.0
7fcbf4000000-7fcbf45b6000 rw-p 00000000 00:00 0 
7fcbf45b6000-7fcbf8000000 ---p 00000000 00:00 0 
7fcbf8000000-7fcbf8021000 rw-p 00000000 00:00 0 
7fcbf8021000-7fcbfc000000 ---p 00000000 00:00 0 
7fcbfc000000-7fcbfc021000 rw-p 00000000 00:00 0 
7fcbfc021000-7fcc00000000 ---p 00000000 00:00 0 
7fcc00000000-7fcc00428000 rw-p 00000000 00:00 0 
7fcc00428000-7fcc04000000 ---p 00000000 00:00 0 
7fcc04000000-7fcc04021000 rw-p 00000000 00:00 0 
7fcc04021000-7fcc08000000 ---p 00000000 00:00 0 
7fcc08000000-7fcc08021000 rw-p 00000000 00:00 0 
7fcc08021000-7fcc0c000000 ---p 00000000 00:00 0 
7fcc0c000000-7fcc0c021000 rw-p 00000000 00:00 0 
7fcc0c021000-7fcc10000000 ---p 00000000 00:00 0 
7fcc100a7000-7fcc100a8000 rw-s 11ed91000 00:05 9086                      /dev/dri/card0
7fcc100a8000-7fcc100a9000 rw-s 11ed90000 00:05 9086                      /dev/dri/card0
7fcc100a9000-7fcc100aa000 rw-s 11ed8f000 00:05 9086                      /dev/dri/card0
7fcc100aa000-7fcc100ae000 rw-s 00000000 00:04 216889                     /drm mm object (deleted)
7fcc100b0000-7fcc100b2000 rw-s 11ed8b000 00:05 9086                      /dev/dri/card0
7fcc100b2000-7fcc100b3000 rw-s 00000000 00:04 216883                     /drm mm object (deleted)
7fcc100b3000-7fcc100b4000 rw-s 00000000 00:04 216882                     /drm mm object (deleted)
7fcc100b4000-7fcc100b5000 rw-s 00000000 00:04 216881                     /drm mm object (deleted)
7fcc100b5000-7fcc100b6000 rw-s 00000000 00:04 216880                     /drm mm object (deleted)
7fcc100b6000-7fcc100b7000 rw-s 00000000 00:04 216879                     /drm mm object (deleted)
7fcc100b7000-7fcc100b8000 rw-s 00000000 00:04 216878                     /drm mm object (deleted)
7fcc100b8000-7fcc100b9000 rw-s 00000000 00:04 216877                     /drm mm object (deleted)
7fcc100b9000-7fcc100ba000 rw-s 00000000 00:04 216876                     /drm mm object (deleted)
7fcc100ba000-7fcc100bb000 rw-s 00000000 00:04 216875                     /drm mm object (deleted)
7fcc100bb000-7fcc100bc000 rw-s 00000000 00:04 216874                     /drm mm object (deleted)
7fcc100bc000-7fcc100bd000 rw-s 00000000 00:04 216873                     /drm mm object (deleted)
7fcc100bd000-7fcc100be000 rw-s 00000000 00:04 216872                     /drm mm object (deleted)
7fcc100be000-7fcc100bf000 rw-s 00000000 00:04 216871                     /drm mm object (deleted)
7fcc100bf000-7fcc100c0000 rw-s 00000000 00:04 216870                     /drm mm object (deleted)
7fcc100c0000-7fcc100c1000 rw-s 00000000 00:04 216869                     /drm mm object (deleted)
7fcc100c1000-7fcc100c2000 rw-s 00000000 00:04 216868                     /drm mm object (deleted)
7fcc100c2000-7fcc100c3000 rw-s 00000000 00:04 216867                     /drm mm object (deleted)
7fcc100c3000-7fcc100c4000 rw-s 00000000 00:04 216866                     /drm mm object (deleted)
7fcc100c4000-7fcc100c5000 rw-s 00000000 00:04 216865                     /drm mm object (deleted)
7fcc100c5000-7fcc100c6000 rw-s 00000000 00:04 216864                     /drm mm object (deleted)
7fcc100c6000-7fcc100c7000 rw-s 00000000 00:04 216863                     /drm mm object (deleted)
7fcc100c7000-7fcc100c8000 rw-s 00000000 00:04 216862                     /drm mm object (deleted)
7fcc100c8000-7fcc100c9000 rw-s 00000000 00:04 216861                     /drm mm object (deleted)
7fcc100c9000-7fcc100ca000 rw-s 00000000 00:04 216860                     /drm mm object (deleted)
7fcc100ca000-7fcc100cb000 rw-s 00000000 00:04 216859                     /drm mm object (deleted)
7fcc100cb000-7fcc100cc000 rw-s 00000000 00:04 216858                     /drm mm object (deleted)
7fcc100cc000-7fcc100cd000 rw-s 00000000 00:04 216857                     /drm mm object (deleted)
7fcc100cd000-7fcc100ce000 rw-s 00000000 00:04 216856                     /drm mm object (deleted)
7fcc100ce000-7fcc100cf000 rw-s 00000000 00:04 216855                     /drm mm object (deleted)
7fcc100cf000-7fcc100d0000 rw-s 00000000 00:04 216854                     /drm mm object (deleted)
7fcc100d0000-7fcc100d1000 rw-s 00000000 00:04 216853                     /drm mm object (deleted)
7fcc100d1000-7fcc100d2000 rw-s 00000000 00:04 216852                     /drm mm object (deleted)
7fcc100d2000-7fcc100d3000 rw-s 00000000 00:04 216851                     /drm mm object (deleted)
7fcc100d3000-7fcc100d4000 rw-s 00000000 00:04 216850                     /drm mm object (deleted)
7fcc100d4000-7fcc100d5000 rw-s 00000000 00:04 216849                     /drm mm object (deleted)
7fcc100d5000-7fcc100d6000 rw-s 00000000 00:04 216848                     /drm mm object (deleted)
7fcc100d6000-7fcc100d7000 rw-s 00000000 00:04 216847                     /drm mm object (deleted)
7fcc100d7000-7fcc100d8000 rw-s 00000000 00:04 216846                     /drm mm object (deleted)
7fcc100d8000-7fcc100d9000 rw-s 00000000 00:04 216845                     /drm mm object (deleted)
7fcc100d9000-7fcc100da000 rw-s 00000000 00:04 216844                     /drm mm object (deleted)
7fcc100da000-7fcc100db000 rw-s 00000000 00:04 216843                     /drm mm object (deleted)
7fcc100db000-7fcc100dc000 rw-s 00000000 00:04 216842                     /drm mm object (deleted)
7fcc100dc000-7fcc100dd000 rw-s 00000000 00:04 216841                     /drm mm object (deleted)
7fcc100dd000-7fcc100de000 rw-s 00000000 00:04 216840                     /drm mm object (deleted)
7fcc100de000-7fcc100df000 rw-s 00000000 00:04 216839                     /drm mm object (deleted)
7fcc100df000-7fcc100e0000 rw-s 00000000 00:04 216838                     /drm mm object (deleted)
7fcc100e0000-7fcc100e1000 rw-s 00000000 00:04 216837                     /drm mm object (deleted)
7fcc100e1000-7fcc100e2000 rw-s 00000000 00:04 216836                     /drm mm object (deleted)
7fcc100e2000-7fcc100e3000 rw-s 00000000 00:04 216835                     /drm mm object (deleted)
7fcc100e3000-7fcc100e4000 rw-s 00000000 00:04 216834                     /drm mm object (deleted)
7fcc100e4000-7fcc100e5000 rw-s 00000000 00:04 216833                     /drm mm object (deleted)
7fcc100e5000-7fcc100e6000 rw-s 00000000 00:04 216832                     /drm mm object (deleted)
7fcc100e6000-7fcc100e7000 rw-s 00000000 00:04 216831                     /drm mm object (deleted)
7fcc100e7000-7fcc100e8000 rw-s 00000000 00:04 216830                     /drm mm object (deleted)
7fcc100e8000-7fcc100e9000 rw-s 00000000 00:04 216829                     /drm mm object (deleted)
7fcc100e9000-7fcc100ea000 rw-s 00000000 00:04 216828                     /drm mm object (deleted)
7fcc100ea000-7fcc100eb000 rw-s 00000000 00:04 216827                     /drm mm object (deleted)
7fcc100eb000-7fcc100ed000 rw-s 11ed88000 00:05 9086                      /dev/dri/card0
7fcc100ed000-7fcc100f4000 r--s 00000000 fc:00 3148701                    /usr/lib/x86_64-linux-gnu/gconv/gconv-modules.cache
7fcc100f4000-7fcc100f7000 ---p 00000000 00:00 0 
7fcc100f7000-7fcc101f5000 rw-p 00000000 00:00 0                          [stack:23813]
7fcc101f5000-7fcc1023f000 r-xp 00000000 fc:00 2892106                    /usr/lib/x86_64-linux-gnu/libpango-1.0.so.0.3200.5
7fcc1023f000-7fcc1043e000 ---p 0004a000 fc:00 2892106                    /usr/lib/x86_64-linux-gnu/libpango-1.0.so.0.3200.5
7fcc1043e000-7fcc10440000 r--p 00049000 fc:00 2892106                    /usr/lib/x86_64-linux-gnu/libpango-1.0.so.0.3200.5
7fcc10440000-7fcc10441000 rw-p 0004b000 fc:00 2892106                    /usr/lib/x86_64-linux-gnu/libpango-1.0.so.0.3200.5
7fcc10441000-7fcc10460000 r-xp 00000000 fc:00 2891756                    /usr/lib/x86_64-linux-gnu/libgdk_pixbuf-2.0.so.0.2800.1
7fcc10460000-7fcc1065f000 ---p 0001f000 fc:00 2891756                    /usr/lib/x86_64-linux-gnu/libgdk_pixbuf-2.0.so.0.2800.1
7fcc1065f000-7fcc10660000 r--p 0001e000 fc:00 2891756                    /usr/lib/x86_64-linux-gnu/libgdk_pixbuf-2.0.so.0.2800.1
7fcc10660000-7fcc10661000 rw-p 0001f000 fc:00 2891756                    /usr/lib/x86_64-linux-gnu/libgdk_pixbuf-2.0.so.0.2800.1
7fcc10661000-7fcc107bd000 r-xp 00000000 fc:00 2883969                    /usr/lib/x86_64-linux-gnu/libgio-2.0.so.0.3800.1
7fcc107bd000-7fcc109bc000 ---p 0015c000 fc:00 2883969                    /usr/lib/x86_64-linux-gnu/libgio-2.0.so.0.3800.1
7fcc109bc000-7fcc109c0000 r--p 0015b000 fc:00 2883969                    /usr/lib/x86_64-linux-gnu/libgio-2.0.so.0.3800.1
7fcc109c0000-7fcc109c2000 rw-p 0015f000 fc:00 2883969                    /usr/lib/x86_64-linux-gnu/libgio-2.0.so.0.3800.1
7fcc109c2000-7fcc109c4000 rw-p 00000000 00:00 0 
7fcc109c4000-7fcc10df3000 r-xp 00000000 fc:00 2891914                    /usr/lib/x86_64-linux-gnu/libgtk-x11-2.0.so.0.2400.20
7fcc10df3000-7fcc10ff2000 ---p 0042f000 fc:00 2891914                    /usr/lib/x86_64-linux-gnu/libgtk-x11-2.0.so.0.2400.20
7fcc10ff2000-7fcc10ff9000 r--p 0042e000 fc:00 2891914                    /usr/lib/x86_64-linux-gnu/libgtk-x11-2.0.so.0.2400.20
7fcc10ff9000-7fcc10ffd000 rw-p 00435000 fc:00 2891914                    /usr/lib/x86_64-linux-gnu/libgtk-x11-2.0.so.0.2400.20
7fcc10ffd000-7fcc11000000 rw-p 00000000 00:00 0 
7fcc11000000-7fcc11270000 rwxp 00000000 00:00 0 
7fcc11270000-7fcc14a0a000 rw-p 00000000 00:00 0 
7fcc14a0a000-7fcc18000000 ---p 00000000 00:00 0 
7fcc18000000-7fcc18001000 rw-s 00000000 00:04 216807                     /drm mm object (deleted)
7fcc18003000-7fcc18006000 ---p 00000000 00:00 0 
7fcc18006000-7fcc1803c000 rw-p 00000000 00:00 0                          [stack:23816]
7fcc1803c000-7fcc180e9000 r-xp 00000000 fc:00 2891754                    /usr/lib/x86_64-linux-gnu/libgdk-x11-2.0.so.0.2400.20
7fcc180e9000-7fcc182e8000 ---p 000ad000 fc:00 2891754                    /usr/lib/x86_64-linux-gnu/libgdk-x11-2.0.so.0.2400.20
7fcc182e8000-7fcc182ec000 r--p 000ac000 fc:00 2891754                    /usr/lib/x86_64-linux-gnu/libgdk-x11-2.0.so.0.2400.20
7fcc182ec000-7fcc182ee000 rw-p 000b0000 fc:00 2891754                    /usr/lib/x86_64-linux-gnu/libgdk-x11-2.0.so.0.2400.20
7fcc182ee000-7fcc182fd000 r-xp 00000000 fc:00 2891448                    /usr/lib/x86_64-linux-gnu/libXi.so.6.1.0
7fcc182fd000-7fcc184fc000 ---p 0000f000 fc:00 2891448                    /usr/lib/x86_64-linux-gnu/libXi.so.6.1.0
7fcc184fc000-7fcc184fd000 r--p 0000e000 fc:00 2891448                    /usr/lib/x86_64-linux-gnu/libXi.so.6.1.0
7fcc184fd000-7fcc184fe000 rw-p 0000f000 fc:00 2891448                    /usr/lib/x86_64-linux-gnu/libXi.so.6.1.0
7fcc184fe000-7fcc18503000 r-xp 00000000 fc:00 2891466                    /usr/lib/x86_64-linux-gnu/libXtst.so.6.1.0
7fcc18503000-7fcc18702000 ---p 00005000 fc:00 2891466                    /usr/lib/x86_64-linux-gnu/libXtst.so.6.1.0
7fcc18702000-7fcc18703000 r--p 00004000 fc:00 2891466                    /usr/lib/x86_64-linux-gnu/libXtst.so.6.1.0
7fcc18703000-7fcc18704000 rw-p 00005000 fc:00 2891466                    /usr/lib/x86_64-linux-gnu/libXtst.so.6.1.0
7fcc18704000-7fcc1870d000 r-xp 00000000 fc:00 2891462                    /usr/lib/x86_64-linux-gnu/libXrender.so.1.3.0
7fcc1870d000-7fcc1890c000 ---p 00009000 fc:00 2891462                    /usr/lib/x86_64-linux-gnu/libXrender.so.1.3.0
7fcc1890c000-7fcc1890d000 r--p 00008000 fc:00 2891462                    /usr/lib/x86_64-linux-gnu/libXrender.so.1.3.0
7fcc1890d000-7fcc1890e000 rw-p 00009000 fc:00 2891462                    /usr/lib/x86_64-linux-gnu/libXrender.so.1.3.0
7fcc1890e000-7fcc18a3e000 r-xp 00000000 fc:00 2891423                    /usr/lib/x86_64-linux-gnu/libX11.so.6.3.0
7fcc18a3e000-7fcc18c3e000 ---p 00130000 fc:00 2891423                    /usr/lib/x86_64-linux-gnu/libX11.so.6.3.0
7fcc18c3e000-7fcc18c3f000 r--p 00130000 fc:00 2891423                    /usr/lib/x86_64-linux-gnu/libX11.so.6.3.0
7fcc18c3f000-7fcc18c43000 rw-p 00131000 fc:00 2891423                    /usr/lib/x86_64-linux-gnu/libX11.so.6.3.0
7fcc18c43000-7fcc18c54000 r-xp 00000000 fc:00 2891440                    /usr/lib/x86_64-linux-gnu/libXext.so.6.4.0
7fcc18c54000-7fcc18e53000 ---p 00011000 fc:00 2891440                    /usr/lib/x86_64-linux-gnu/libXext.so.6.4.0
7fcc18e53000-7fcc18e54000 r--p 00010000 fc:00 2891440                    /usr/lib/x86_64-linux-gnu/libXext.so.6.4.0
7fcc18e54000-7fcc18e55000 rw-p 00011000 fc:00 2891440                    /usr/lib/x86_64-linux-gnu/libXext.so.6.4.0
7fcc18e55000-7fcc18e56000 rw-s 11ed84000 00:05 9086                      /dev/dri/card0
7fcc18e56000-7fcc18e58000 rw-s 00000000 00:04 216808                     /drm mm object (deleted)
7fcc18e58000-7fcc18e59000 rw-s 11ab06000 00:05 9086                      /dev/dri/card0
7fcc18e59000-7fcc18e68000 r--s 000be000 fc:00 2105207                    /home/alvin/workspace/Lumen/lib/jar/TWL.jar
7fcc18e68000-7fcc18e73000 r--s 000af000 fc:00 2105213                    /home/alvin/workspace/Lumen/lib/jar/slick.jar
7fcc18e73000-7fcc18ec4000 r-xp 00000000 fc:00 3676055                    /usr/lib/jvm/java-7-openjdk-amd64/jre/lib/amd64/xawt/libmawt.so
7fcc18ec4000-7fcc190c3000 ---p 00051000 fc:00 3676055                    /usr/lib/jvm/java-7-openjdk-amd64/jre/lib/amd64/xawt/libmawt.so
7fcc190c3000-7fcc190c4000 r--p 00050000 fc:00 3676055                    /usr/lib/jvm/java-7-openjdk-amd64/jre/lib/amd64/xawt/libmawt.so
7fcc190c4000-7fcc190c7000 rw-p 00051000 fc:00 3676055                    /usr/lib/jvm/java-7-openjdk-amd64/jre/lib/amd64/xawt/libmawt.so
7fcc190c7000-7fcc190c8000 rw-p 00000000 00:00 0 
7fcc190c8000-7fcc19168000 r-xp 00000000 fc:00 3546289                    /usr/lib/jvm/java-7-openjdk-amd64/jre/lib/amd64/libawt.so
7fcc19168000-7fcc19367000 ---p 000a0000 fc:00 3546289                    /usr/lib/jvm/java-7-openjdk-amd64/jre/lib/amd64/libawt.so
7fcc19367000-7fcc19368000 r--p 0009f000 fc:00 3546289                    /usr/lib/jvm/java-7-openjdk-amd64/jre/lib/amd64/libawt.so
7fcc19368000-7fcc19373000 rw-p 000a0000 fc:00 3546289                    /usr/lib/jvm/java-7-openjdk-amd64/jre/lib/amd64/libawt.so
7fcc19373000-7fcc19398000 rw-p 00000000 00:00 0 
7fcc19398000-7fcc193a5000 r--s 000e6000 fc:00 2105211                    /home/alvin/workspace/Lumen/lib/jar/lwjgl.jar
7fcc193a5000-7fcc193a6000 ---p 00000000 00:00 0 
7fcc193a6000-7fcc194a6000 rw-p 00000000 00:00 0 
7fcc194a6000-7fcc194a9000 ---p 00000000 00:00 0 
7fcc194a9000-7fcc195a7000 rw-p 00000000 00:00 0                          [stack:23811]
7fcc195a7000-7fcc195aa000 ---p 00000000 00:00 0 
7fcc195aa000-7fcc196a8000 rw-p 00000000 00:00 0                          [stack:23810]
7fcc196a8000-7fcc196ab000 ---p 00000000 00:00 0 
7fcc196ab000-7fcc197a9000 rw-p 00000000 00:00 0                          [stack:23809]
7fcc197a9000-7fcc197ac000 ---p 00000000 00:00 0 
7fcc197ac000-7fcc198aa000 rw-p 00000000 00:00 0 
7fcc198aa000-7fcc1a0bd000 r--p 00000000 fc:00 2890467                    /usr/lib/locale/locale-archive
7fcc1a0bd000-7fcc1a0c0000 ---p 00000000 00:00 0 
7fcc1a0c0000-7fcc1a1be000 rw-p 00000000 00:00 0                          [stack:23807]
7fcc1a1be000-7fcc1a1c1000 ---p 00000000 00:00 0 
7fcc1a1c1000-7fcc1a2bf000 rw-p 00000000 00:00 0                          [stack:23806]
7fcc1a2bf000-7fcc1a2c0000 ---p 00000000 00:00 0 
7fcc1a2c0000-7fcc1a408000 rw-p 00000000 00:00 0                          [stack:23805]
7fcc1a408000-7fcc1a5b6000 r--s 01cf4000 fc:00 3546302                    /usr/lib/jvm/java-7-openjdk-amd64/jre/lib/rt.jar
7fcc1a5b6000-7fcc1a6ba000 rw-p 00000000 00:00 0 
7fcc1a6ba000-7fcc1a703000 rw-p 00000000 00:00 0 
7fcc1a703000-7fcc1a746000 rw-p 00000000 00:00 0 
7fcc1a746000-7fcc1a7e2000 rw-p 00000000 00:00 0 
7fcc1a7e2000-7fcc1a804000 rw-p 00000000 00:00 0 
7fcc1a804000-7fcc1a851000 rw-p 00000000 00:00 0 
7fcc1a851000-7fcc1a894000 rw-p 00000000 00:00 0 
7fcc1a894000-7fcc1a92f000 rw-p 00000000 00:00 0 
7fcc1a92f000-7fcc1a93a000 rw-p 00000000 00:00 0 
7fcc1a93a000-7fcc1a982000 rw-p 00000000 00:00 0 
7fcc1a982000-7fcc1a983000 rw-p 00000000 00:00 0 
7fcc1a983000-7fcc1a98b000 r-xp 00000000 fc:00 3546257                    /usr/lib/jvm/java-7-openjdk-amd64/jre/lib/amd64/libzip.so
7fcc1a98b000-7fcc1ab8a000 ---p 00008000 fc:00 3546257                    /usr/lib/jvm/java-7-openjdk-amd64/jre/lib/amd64/libzip.so
7fcc1ab8a000-7fcc1ab8b000 r--p 00007000 fc:00 3546257                    /usr/lib/jvm/java-7-openjdk-amd64/jre/lib/amd64/libzip.so
7fcc1ab8b000-7fcc1ab8c000 rw-p 00008000 fc:00 3546257                    /usr/lib/jvm/java-7-openjdk-amd64/jre/lib/amd64/libzip.so
7fcc1ab8c000-7fcc1ab98000 r-xp 00000000 fc:00 6557613                    /lib/x86_64-linux-gnu/libnss_files-2.17.so
7fcc1ab98000-7fcc1ad97000 ---p 0000c000 fc:00 6557613                    /lib/x86_64-linux-gnu/libnss_files-2.17.so
7fcc1ad97000-7fcc1ad98000 r--p 0000b000 fc:00 6557613                    /lib/x86_64-linux-gnu/libnss_files-2.17.so
7fcc1ad98000-7fcc1ad99000 rw-p 0000c000 fc:00 6557613                    /lib/x86_64-linux-gnu/libnss_files-2.17.so
7fcc1ad99000-7fcc1ada4000 r-xp 00000000 fc:00 6557617                    /lib/x86_64-linux-gnu/libnss_nis-2.17.so
7fcc1ada4000-7fcc1afa3000 ---p 0000b000 fc:00 6557617                    /lib/x86_64-linux-gnu/libnss_nis-2.17.so
7fcc1afa3000-7fcc1afa4000 r--p 0000a000 fc:00 6557617                    /lib/x86_64-linux-gnu/libnss_nis-2.17.so
7fcc1afa4000-7fcc1afa5000 rw-p 0000b000 fc:00 6557617                    /lib/x86_64-linux-gnu/libnss_nis-2.17.so
7fcc1afa5000-7fcc1afbc000 r-xp 00000000 fc:00 6557607                    /lib/x86_64-linux-gnu/libnsl-2.17.so
7fcc1afbc000-7fcc1b1bb000 ---p 00017000 fc:00 6557607                    /lib/x86_64-linux-gnu/libnsl-2.17.so
7fcc1b1bb000-7fcc1b1bc000 r--p 00016000 fc:00 6557607                    /lib/x86_64-linux-gnu/libnsl-2.17.so
7fcc1b1bc000-7fcc1b1bd000 rw-p 00017000 fc:00 6557607                    /lib/x86_64-linux-gnu/libnsl-2.17.so
7fcc1b1bd000-7fcc1b1bf000 rw-p 00000000 00:00 0 
7fcc1b1bf000-7fcc1b1c7000 r-xp 00000000 fc:00 6557609                    /lib/x86_64-linux-gnu/libnss_compat-2.17.so
7fcc1b1c7000-7fcc1b3c6000 ---p 00008000 fc:00 6557609                    /lib/x86_64-linux-gnu/libnss_compat-2.17.so
7fcc1b3c6000-7fcc1b3c7000 r--p 00007000 fc:00 6557609                    /lib/x86_64-linux-gnu/libnss_compat-2.17.so
7fcc1b3c7000-7fcc1b3c8000 rw-p 00008000 fc:00 6557609                    /lib/x86_64-linux-gnu/libnss_compat-2.17.so
7fcc1b3c8000-7fcc1b3f3000 r-xp 00000000 fc:00 3546254                    /usr/lib/jvm/java-7-openjdk-amd64/jre/lib/amd64/libjava.so
7fcc1b3f3000-7fcc1b5f2000 ---p 0002b000 fc:00 3546254                    /usr/lib/jvm/java-7-openjdk-amd64/jre/lib/amd64/libjava.so
7fcc1b5f2000-7fcc1b5f3000 r--p 0002a000 fc:00 3546254                    /usr/lib/jvm/java-7-openjdk-amd64/jre/lib/amd64/libjava.so
7fcc1b5f3000-7fcc1b5f5000 rw-p 0002b000 fc:00 3546254                    /usr/lib/jvm/java-7-openjdk-amd64/jre/lib/amd64/libjava.so
7fcc1b5f5000-7fcc1b605000 r-xp 00000000 fc:00 3546268                    /usr/lib/jvm/java-7-openjdk-amd64/jre/lib/amd64/libverify.so
7fcc1b605000-7fcc1b804000 ---p 00010000 fc:00 3546268                    /usr/lib/jvm/java-7-openjdk-amd64/jre/lib/amd64/libverify.so
7fcc1b804000-7fcc1b806000 r--p 0000f000 fc:00 3546268                    /usr/lib/jvm/java-7-openjdk-amd64/jre/lib/amd64/libverify.so
7fcc1b806000-7fcc1b807000 rw-p 00011000 fc:00 3546268                    /usr/lib/jvm/java-7-openjdk-amd64/jre/lib/amd64/libverify.so
7fcc1b807000-7fcc1b80e000 r-xp 00000000 fc:00 6557660                    /lib/x86_64-linux-gnu/librt-2.17.so
7fcc1b80e000-7fcc1ba0d000 ---p 00007000 fc:00 6557660                    /lib/x86_64-linux-gnu/librt-2.17.so
7fcc1ba0d000-7fcc1ba0e000 r--p 00006000 fc:00 6557660                    /lib/x86_64-linux-gnu/librt-2.17.so
7fcc1ba0e000-7fcc1ba0f000 rw-p 00007000 fc:00 6557660                    /lib/x86_64-linux-gnu/librt-2.17.so
7fcc1ba0f000-7fcc1ba24000 r-xp 00000000 fc:00 6553605                    /lib/x86_64-linux-gnu/libgcc_s.so.1
7fcc1ba24000-7fcc1bc23000 ---p 00015000 fc:00 6553605                    /lib/x86_64-linux-gnu/libgcc_s.so.1
7fcc1bc23000-7fcc1bc24000 r--p 00014000 fc:00 6553605                    /lib/x86_64-linux-gnu/libgcc_s.so.1
7fcc1bc24000-7fcc1bc25000 rw-p 00015000 fc:00 6553605                    /lib/x86_64-linux-gnu/libgcc_s.so.1
7fcc1bc25000-7fcc1bd28000 r-xp 00000000 fc:00 6557588                    /lib/x86_64-linux-gnu/libm-2.17.so
7fcc1bd28000-7fcc1bf27000 ---p 00103000 fc:00 6557588                    /lib/x86_64-linux-gnu/libm-2.17.so
7fcc1bf27000-7fcc1bf28000 r--p 00102000 fc:00 6557588                    /lib/x86_64-linux-gnu/libm-2.17.so
7fcc1bf28000-7fcc1bf29000 rw-p 00103000 fc:00 6557588                    /lib/x86_64-linux-gnu/libm-2.17.so
7fcc1bf29000-7fcc1c00f000 r-xp 00000000 fc:00 2889861                    /usr/lib/x86_64-linux-gnu/libstdc++.so.6.0.18
7fcc1c00f000-7fcc1c20e000 ---p 000e6000 fc:00 2889861                    /usr/lib/x86_64-linux-gnu/libstdc++.so.6.0.18
7fcc1c20e000-7fcc1c216000 r--p 000e5000 fc:00 2889861                    /usr/lib/x86_64-linux-gnu/libstdc++.so.6.0.18
7fcc1c216000-7fcc1c218000 rw-p 000ed000 fc:00 2889861                    /usr/lib/x86_64-linux-gnu/libstdc++.so.6.0.18
7fcc1c218000-7fcc1c22d000 rw-p 00000000 00:00 0 
7fcc1c22d000-7fcc1cd0c000 r-xp 00000000 fc:00 3546282                    /usr/lib/jvm/java-7-openjdk-amd64/jre/lib/amd64/server/libjvm.so
7fcc1cd0c000-7fcc1cf0b000 ---p 00adf000 fc:00 3546282                    /usr/lib/jvm/java-7-openjdk-amd64/jre/lib/amd64/server/libjvm.so
7fcc1cf0b000-7fcc1cf9d000 r--p 00ade000 fc:00 3546282                    /usr/lib/jvm/java-7-openjdk-amd64/jre/lib/amd64/server/libjvm.so
7fcc1cf9d000-7fcc1cfc0000 rw-p 00b70000 fc:00 3546282                    /usr/lib/jvm/java-7-openjdk-amd64/jre/lib/amd64/server/libjvm.so
7fcc1cfc0000-7fcc1cfed000 rw-p 00000000 00:00 0 
7fcc1cfed000-7fcc1d005000 r-xp 00000000 fc:00 6557695                    /lib/x86_64-linux-gnu/libz.so.1.2.8
7fcc1d005000-7fcc1d204000 ---p 00018000 fc:00 6557695                    /lib/x86_64-linux-gnu/libz.so.1.2.8
7fcc1d204000-7fcc1d205000 r--p 00017000 fc:00 6557695                    /lib/x86_64-linux-gnu/libz.so.1.2.8
7fcc1d205000-7fcc1d206000 rw-p 00018000 fc:00 6557695                    /lib/x86_64-linux-gnu/libz.so.1.2.8
7fcc1d206000-7fcc1d21d000 r-xp 00000000 fc:00 6557652                    /lib/x86_64-linux-gnu/libpthread-2.17.so
7fcc1d21d000-7fcc1d41d000 ---p 00017000 fc:00 6557652                    /lib/x86_64-linux-gnu/libpthread-2.17.so
7fcc1d41d000-7fcc1d41e000 r--p 00017000 fc:00 6557652                    /lib/x86_64-linux-gnu/libpthread-2.17.so
7fcc1d41e000-7fcc1d41f000 rw-p 00018000 fc:00 6557652                    /lib/x86_64-linux-gnu/libpthread-2.17.so
7fcc1d41f000-7fcc1d423000 rw-p 00000000 00:00 0 
7fcc1d423000-7fcc1d426000 r-xp 00000000 fc:00 6557552                    /lib/x86_64-linux-gnu/libdl-2.17.so
7fcc1d426000-7fcc1d625000 ---p 00003000 fc:00 6557552                    /lib/x86_64-linux-gnu/libdl-2.17.so
7fcc1d625000-7fcc1d626000 r--p 00002000 fc:00 6557552                    /lib/x86_64-linux-gnu/libdl-2.17.so
7fcc1d626000-7fcc1d627000 rw-p 00003000 fc:00 6557552                    /lib/x86_64-linux-gnu/libdl-2.17.so
7fcc1d627000-7fcc1d7e4000 r-xp 00000000 fc:00 6557537                    /lib/x86_64-linux-gnu/libc-2.17.so
7fcc1d7e4000-7fcc1d9e4000 ---p 001bd000 fc:00 6557537                    /lib/x86_64-linux-gnu/libc-2.17.so
7fcc1d9e4000-7fcc1d9e8000 r--p 001bd000 fc:00 6557537                    /lib/x86_64-linux-gnu/libc-2.17.so
7fcc1d9e8000-7fcc1d9ea000 rw-p 001c1000 fc:00 6557537                    /lib/x86_64-linux-gnu/libc-2.17.so
7fcc1d9ea000-7fcc1d9ef000 rw-p 00000000 00:00 0 
7fcc1d9ef000-7fcc1d9fc000 r-xp 00000000 fc:00 3671217                    /usr/lib/jvm/java-7-openjdk-amd64/jre/lib/amd64/jli/libjli.so
7fcc1d9fc000-7fcc1dbfb000 ---p 0000d000 fc:00 3671217                    /usr/lib/jvm/java-7-openjdk-amd64/jre/lib/amd64/jli/libjli.so
7fcc1dbfb000-7fcc1dbfc000 r--p 0000c000 fc:00 3671217                    /usr/lib/jvm/java-7-openjdk-amd64/jre/lib/amd64/jli/libjli.so
7fcc1dbfc000-7fcc1dbfd000 rw-p 0000d000 fc:00 3671217                    /usr/lib/jvm/java-7-openjdk-amd64/jre/lib/amd64/jli/libjli.so
7fcc1dbfd000-7fcc1dc20000 r-xp 00000000 fc:00 6557513                    /lib/x86_64-linux-gnu/ld-2.17.so
7fcc1dc20000-7fcc1dc21000 rw-s 00000000 00:04 216804                     /drm mm object (deleted)
7fcc1dc21000-7fcc1dc22000 rwxp 00000000 00:00 0 
7fcc1dc22000-7fcc1dc2c000 r--s 000b8000 fc:00 3546292                    /usr/lib/jvm/java-7-openjdk-amd64/jre/lib/resources.jar
7fcc1dc2c000-7fcc1dc30000 r--s 00027000 fc:00 2105212                    /home/alvin/workspace/Lumen/lib/jar/lwjgl_util.jar
7fcc1dc30000-7fcc1dc37000 r--s 00049000 fc:00 2105210                    /home/alvin/workspace/Lumen/lib/jar/kryonet-2.18-all.jar
7fcc1dc37000-7fcc1dc39000 r--s 0000d000 fc:00 2105209                    /home/alvin/workspace/Lumen/lib/jar/jorbis-0.0.15.jar
7fcc1dc39000-7fcc1dc43000 rw-p 00000000 00:00 0 
7fcc1dc43000-7fcc1dcf9000 rw-p 00000000 00:00 0 
7fcc1dcf9000-7fcc1dcfc000 ---p 00000000 00:00 0 
7fcc1dcfc000-7fcc1ddff000 rw-p 00000000 00:00 0                          [stack:23804]
7fcc1ddff000-7fcc1de00000 r--s 00001000 fc:00 2105208                    /home/alvin/workspace/Lumen/lib/jar/jogg-0.0.7.jar
7fcc1de00000-7fcc1de03000 r--s 0000f000 fc:00 3675588                    /usr/lib/jvm/java-7-openjdk-amd64/jre/lib/ext/pulse-java.jar
7fcc1de03000-7fcc1de04000 r--s 00002000 fc:00 3675591                    /usr/lib/jvm/java-7-openjdk-amd64/jre/lib/ext/dnsns.jar
7fcc1de04000-7fcc1de06000 r--s 00006000 fc:00 3286873                    /usr/share/java/java-atk-wrapper.jar
7fcc1de06000-7fcc1de08000 r--s 00012000 fc:00 3675589                    /usr/lib/jvm/java-7-openjdk-amd64/jre/lib/ext/zipfs.jar
7fcc1de08000-7fcc1de0c000 r--s 00085000 fc:00 3675587                    /usr/lib/jvm/java-7-openjdk-amd64/jre/lib/ext/localedata.jar
7fcc1de0c000-7fcc1de10000 r--s 0003b000 fc:00 3675592                    /usr/lib/jvm/java-7-openjdk-amd64/jre/lib/ext/sunpkcs11.jar
7fcc1de10000-7fcc1de13000 r--s 00032000 fc:00 3675590                    /usr/lib/jvm/java-7-openjdk-amd64/jre/lib/ext/sunjce_provider.jar
7fcc1de13000-7fcc1de1b000 rw-s 00000000 fc:00 1442567                    /tmp/hsperfdata_alvin/23797 (deleted)
7fcc1de1b000-7fcc1de1c000 rw-p 00000000 00:00 0 
7fcc1de1c000-7fcc1de1d000 ---p 00000000 00:00 0 
7fcc1de1d000-7fcc1de1f000 rw-p 00000000 00:00 0 
7fcc1de1f000-7fcc1de20000 r--p 00022000 fc:00 6557513                    /lib/x86_64-linux-gnu/ld-2.17.so
7fcc1de20000-7fcc1de22000 rw-p 00023000 fc:00 6557513                    /lib/x86_64-linux-gnu/ld-2.17.so
7fffab215000-7fffab236000 rw-p 00000000 00:00 0                          [stack]
7fffab381000-7fffab383000 r-xp 00000000 00:00 0                          [vdso]
ffffffffff600000-ffffffffff601000 r-xp 00000000 00:00 0                  [vsyscall]

VM Arguments:
jvm_args: -Djava.library.path=/home/alvin/workspace/Lumen/lib/native-win:/home/alvin/workspace/Copy of Lumen/LWJGL Library/native/linux:/home/alvin/workspace/Copy of Lumen/LWJGL Library/native/linux:/home/alvin/workspace/Copy of Lumen/LWJGL Library/native/linux:/home/alvin/workspace/Copy of Lumen/LWJGL Library/native/linux:/home/alvin/workspace/Copy of Lumen/LWJGL Library/native/linux:/home/alvin/workspace/Copy of Lumen/LWJGL Library/native/linux:/home/alvin/workspace/Copy of Lumen/LWJGL Library/native/linux -Dfile.encoding=UTF-8 
java_command: game.Main
Launcher Type: SUN_STANDARD

Environment Variables:
PATH=/usr/lib/lightdm/lightdm:/usr/local/sbin:/usr/local/bin:/usr/sbin:/usr/bin:/sbin:/bin:/usr/games:/usr/local/games
SHELL=/bin/bash
DISPLAY=:0

Signal Handlers:
SIGSEGV: [libjvm.so+0x916ea0], sa_mask[0]=0x7ffbfeff, sa_flags=0x10000004
SIGBUS: [libjvm.so+0x916ea0], sa_mask[0]=0x7ffbfeff, sa_flags=0x10000004
SIGFPE: [libjvm.so+0x794800], sa_mask[0]=0x7ffbfeff, sa_flags=0x10000004
SIGPIPE: [libjvm.so+0x794800], sa_mask[0]=0x7ffbfeff, sa_flags=0x10000004
SIGXFSZ: [libjvm.so+0x794800], sa_mask[0]=0x7ffbfeff, sa_flags=0x10000004
SIGILL: [libjvm.so+0x794800], sa_mask[0]=0x7ffbfeff, sa_flags=0x10000004
SIGUSR1: SIG_DFL, sa_mask[0]=0x00000000, sa_flags=0x00000000
SIGUSR2: [libjvm.so+0x7946a0], sa_mask[0]=0x00000004, sa_flags=0x10000004
SIGHUP: [libjvm.so+0x794880], sa_mask[0]=0x7ffbfeff, sa_flags=0x10000004
SIGINT: [libjvm.so+0x794880], sa_mask[0]=0x7ffbfeff, sa_flags=0x10000004
SIGTERM: [libjvm.so+0x794880], sa_mask[0]=0x7ffbfeff, sa_flags=0x10000004
SIGQUIT: [libjvm.so+0x794880], sa_mask[0]=0x7ffbfeff, sa_flags=0x10000004


---------------  S Y S T E M  ---------------

OS:Ubuntu 13.10 (saucy)
uname:Linux 3.11.0-17-generic #31-Ubuntu SMP Mon Feb 3 21:52:43 UTC 2014 x86_64
libc:glibc 2.17 NPTL 2.17 
rlimit: STACK 8192k, CORE 0k, NPROC 15788, NOFILE 4096, AS infinity
load average:0,46 0,37 0,33

/proc/meminfo:
MemTotal:        2041852 kB
MemFree:           69096 kB
Buffers:            1764 kB
Cached:           381852 kB
SwapCached:        53964 kB
Active:          1341992 kB
Inactive:         478256 kB
Active(anon):    1297372 kB
Inactive(anon):   432880 kB
Active(file):      44620 kB
Inactive(file):    45376 kB
Unevictable:          32 kB
Mlocked:              32 kB
SwapTotal:       2088956 kB
SwapFree:        1683608 kB
Dirty:               184 kB
Writeback:             0 kB
AnonPages:       1411492 kB
Mapped:           102464 kB
Shmem:            293524 kB
Slab:              76924 kB
SReclaimable:      42372 kB
SUnreclaim:        34552 kB
KernelStack:        4424 kB
PageTables:        37948 kB
NFS_Unstable:          0 kB
Bounce:                0 kB
WritebackTmp:          0 kB
CommitLimit:     3109880 kB
Committed_AS:    5642608 kB
VmallocTotal:   34359738367 kB
VmallocUsed:      340828 kB
VmallocChunk:   34359393788 kB
HardwareCorrupted:     0 kB
AnonHugePages:         0 kB
HugePages_Total:       0
HugePages_Free:        0
HugePages_Rsvd:        0
HugePages_Surp:        0
Hugepagesize:       2048 kB
DirectMap4k:       50880 kB
DirectMap2M:     2037760 kB


CPU:total 1 (1 cores per cpu, 1 threads per core) family 6 model 22 stepping 1, cmov, cx8, fxsr, mmx, sse, sse2, sse3, ssse3, tsc

/proc/cpuinfo:
processor	: 0
vendor_id	: GenuineIntel
cpu family	: 6
model		: 22
model name	: Intel(R) Celeron(R) CPU          550  @ 2.00GHz
stepping	: 1
microcode	: 0x33
cpu MHz		: 1994.989
cache size	: 1024 KB
fpu		: yes
fpu_exception	: yes
cpuid level	: 10
wp		: yes
flags		: fpu vme de pse tsc msr pae mce cx8 apic sep mtrr pge mca cmov pat pse36 clflush dts acpi mmx fxsr sse sse2 ss tm pbe syscall nx lm constant_tsc arch_perfmon pebs bts rep_good nopl aperfmperf pni dtes64 monitor ds_cpl tm2 ssse3 cx16 xtpr pdcm lahf_lm dtherm
bogomips	: 3989.97
clflush size	: 64
cache_alignment	: 64
address sizes	: 36 bits physical, 48 bits virtual
power management:



Memory: 4k page, physical 2041852k(69096k free), swap 2088956k(1683608k free)

vm_info: OpenJDK 64-Bit Server VM (24.45-b08) for linux-amd64 JRE (1.7.0_51-b00), built on Jan 15 2014 22:02:57 by "buildd" with gcc 4.8.1

time: Mon Mar  3 22:13:42 2014
elapsed time: 26 seconds

