#
# A fatal error has been detected by the Java Runtime Environment:
#
#  SIGSEGV (0xb) at pc=0x0000000000000000, pid=19230, tid=140240278673152
#
# JRE version: OpenJDK Runtime Environment (7.0_51) (build 1.7.0_51-b00)
# Java VM: OpenJDK 64-Bit Server VM (24.45-b08 mixed mode linux-amd64 compressed oops)
# Problematic frame:
# C  0x0000000000000000
#
# Failed to write core dump. Core dumps have been disabled. To enable core dumping, try "ulimit -c unlimited" before starting Java again
#
# If you would like to submit a bug report, please include
# instructions on how to reproduce the bug and visit:
#   http://icedtea.classpath.org/bugzilla
#

---------------  T H R E A D  ---------------

Current thread is native thread

siginfo:si_signo=SIGSEGV: si_errno=0, si_code=1 (SEGV_MAPERR), si_addr=0x0000000000000000

Registers:
RAX=0x00007f8c422a77c0, RBX=0x0000000000000400, RCX=0x0000000000000000, RDX=0x0000000000000000
RSP=0x00007f8c3bfe4ca8, RBP=0x00007f8c6c6aacb0, RSI=0x0000000000000000, RDI=0x00007f8c6c6aacb0
R8 =0x0000000000000000, R9 =0x0000000000100000, R10=0x0000000000000000, R11=0x00007f8c75a6fc0d
R12=0x00007f8c6c6aee40, R13=0x0000000000012000, R14=0x0000000000001000, R15=0x00007f8c3bfe4e58
RIP=0x0000000000000000, EFLAGS=0x0000000000010246, CSGSFS=0x0000000000000033, ERR=0x0000000000000014
  TRAPNO=0x000000000000000e

Top of Stack: (sp=0x00007f8c3bfe4ca8)
0x00007f8c3bfe4ca8:   00007f8c420704d1 00007f8c759e8ef0
0x00007f8c3bfe4cb8:   00007f8c54005ca0 00007f8cbb800000
0x00007f8c3bfe4cc8:   00007f8c75acf729 0000000000000000
0x00007f8c3bfe4cd8:   00007f8c419b8fa2 00007f8c6c7d12b0
0x00007f8c3bfe4ce8:   0000000000000000 0000000000000000
0x00007f8c3bfe4cf8:   0000000000000000 00007f8c6c7d8250
0x00007f8c3bfe4d08:   00007f8c6c7d1ae0 0000000000002000
0x00007f8c3bfe4d18:   00007f8c419c0cba 00007f8c6c7d9670
0x00007f8c3bfe4d28:   00007f8c60000f60 0000000000000000
0x00007f8c3bfe4d38:   5700000000000001 0000000000002000
0x00007f8c3bfe4d48:   00007f8c419c27cb 0000000000000000
0x00007f8c3bfe4d58:   0000000000000000 0000000000000000
0x00007f8c3bfe4d68:   0000000000000000 0000000000000000
0x00007f8c3bfe4d78:   0000000000002000 00007f8c6c7d1ae0
0x00007f8c3bfe4d88:   00007f8c3bfe4e58 00007f8c3bfe4e50
0x00007f8c3bfe4d98:   00007f8c6c6aee40 00007f8c419dbc60
0x00007f8c3bfe4da8:   00007f8c41e2bbe2 00007f8c3c016040
0x00007f8c3bfe4db8:   00007f8c3c076040 00000400757da2e0
0x00007f8c3bfe4dc8:   00007f8c3bfe4de0 0000000000000000
0x00007f8c3bfe4dd8:   00007f8c41e30eb2 00001fa00000037f
0x00007f8c3bfe4de8:   00007f8c419a69ff 00007f8c6c7d8250
0x00007f8c3bfe4df8:   0000000000002000 00007f8c6c7d1230
0x00007f8c3bfe4e08:   0000000000000000 00007f8c6c6aacb0
0x00007f8c3bfe4e18:   0000000000000008 00007f8c3bfe4e58
0x00007f8c3bfe4e28:   00007f8c42086544 0000000000000000
0x00007f8c3bfe4e38:   00007f8c3bfe4e50 0000000000002000
0x00007f8c3bfe4e48:   0000000000006000 00007f8c3c076040
0x00007f8c3bfe4e58:   0000000000002000 0000000000000000
0x00007f8c3bfe4e68:   00007f8c6c7d8b80 0000000000000000
0x00007f8c3bfe4e78:   0000000000000000 00007f8c761dc060
0x00007f8c3bfe4e88:   00007f8c761b37a0 0000000000001000
0x00007f8c3bfe4e98:   00007f8c4207973a 0000000000000000 

Instructions: (pc=0x0000000000000000)
0xffffffffffffffe0:   

Register to memory mapping:

RAX=
[error occurred during error reporting (printing register info), id 0xb]

Stack: [0x00007f8c3bee5000,0x00007f8c3bfe6000],  sp=0x00007f8c3bfe4ca8,  free space=1023k

---------------  P R O C E S S  ---------------

VM state:at safepoint (shutting down)

VM Mutex/Monitor currently owned by a thread:  ([mutex/lock_event])
[0x00007f8c6c006c20] Threads_lock - owner thread: 0x00007f8c6c06c000

Heap
 def new generation   total 61248K, used 42250K [0x00000000cc000000, 0x00000000d0270000, 0x00000000d9e00000)
  eden space 54464K,  77% used [0x00000000cc000000, 0x00000000ce942978, 0x00000000cf530000)
  from space 6784K,   0% used [0x00000000cf530000, 0x00000000cf530000, 0x00000000cfbd0000)
  to   space 6784K,   0% used [0x00000000cfbd0000, 0x00000000cfbd0000, 0x00000000d0270000)
 tenured generation   total 136012K, used 66628K [0x00000000d9e00000, 0x00000000e22d3000, 0x00000000f5a00000)
   the space 136012K,  48% used [0x00000000d9e00000, 0x00000000ddf112e0, 0x00000000ddf11400, 0x00000000e22d3000)
 compacting perm gen  total 21248K, used 8407K [0x00000000f5a00000, 0x00000000f6ec0000, 0x0000000100000000)
   the space 21248K,  39% used [0x00000000f5a00000, 0x00000000f6235d00, 0x00000000f6235e00, 0x00000000f6ec0000)
No shared spaces configured.

Card table byte_map: [0x00007f8c72b9e000,0x00007f8c72d3f000] byte_map_base: 0x00007f8c7253e000

Polling page: 0x00007f8c761d8000

Code Cache  [0x00007f8c69000000, 0x00007f8c69270000, 0x00007f8c6c000000)
 total_blobs=585 nmethods=122 adapters=418 free_code_cache=48188Kb largest_free_block=49313792

Compilation events (10 events):
Event: 27,386 Thread 0x00007f8c6c098800  117             GUI.Button::draw (350 bytes)
Event: 27,417 Thread 0x00007f8c6c098800 nmethod 117 0x00007f8c690dd990 code [0x00007f8c690ddc00, 0x00007f8c690defa0]
Event: 27,934 Thread 0x00007f8c6c09a800  118             java.util.concurrent.locks.AbstractQueuedSynchronizer::setState (6 bytes)
Event: 27,935 Thread 0x00007f8c6c09a800 nmethod 118 0x00007f8c690d2090 code [0x00007f8c690d21c0, 0x00007f8c690d2218]
Event: 30,900 Thread 0x00007f8c6c09a800  120             java.util.concurrent.locks.AbstractQueuedSynchronizer::compareAndSetState (13 bytes)
Event: 30,921 Thread 0x00007f8c6c09a800 nmethod 120 0x00007f8c690d5690 code [0x00007f8c690d57c0, 0x00007f8c690d5818]
Event: 31,467 Thread 0x00007f8c6c098800  121             java.util.concurrent.locks.AbstractQueuedSynchronizer::release (33 bytes)
Event: 31,469 Thread 0x00007f8c6c098800 nmethod 121 0x00007f8c690c6d50 code [0x00007f8c690c6ea0, 0x00007f8c690c6fa8]
Event: 31,494 Thread 0x00007f8c6c098800  122             java.util.concurrent.locks.ReentrantLock::unlock (10 bytes)
Event: 31,496 Thread 0x00007f8c6c098800 nmethod 122 0x00007f8c690c6a10 code [0x00007f8c690c6b60, 0x00007f8c690c6c48]

GC Heap History (10 events):
Event: 7,115 GC heap before
{Heap before GC invocations=2 (full 0):
 def new generation   total 9600K, used 4978K [0x00000000cc000000, 0x00000000cca60000, 0x00000000d9e00000)
  eden space 8576K,  49% used [0x00000000cc000000, 0x00000000cc41ce08, 0x00000000cc860000)
  from space 1024K,  74% used [0x00000000cc860000, 0x00000000cc91fc50, 0x00000000cc960000)
  to   space 1024K,   0% used [0x00000000cc960000, 0x00000000cc960000, 0x00000000cca60000)
 tenured generation   total 21312K, used 3947K [0x00000000d9e00000, 0x00000000db2d0000, 0x00000000f5a00000)
   the space 21312K,  18% used [0x00000000d9e00000, 0x00000000da1dad48, 0x00000000da1dae00, 0x00000000db2d0000)
 compacting perm gen  total 21248K, used 8179K [0x00000000f5a00000, 0x00000000f6ec0000, 0x0000000100000000)
   the space 21248K,  38% used [0x00000000f5a00000, 0x00000000f61fcf08, 0x00000000f61fd000, 0x00000000f6ec0000)
No shared spaces configured.
Event: 7,127 GC heap after
Heap after GC invocations=3 (full 0):
 def new generation   total 9664K, used 0K [0x00000000cc000000, 0x00000000cca70000, 0x00000000d9e00000)
  eden space 8640K,   0% used [0x00000000cc000000, 0x00000000cc000000, 0x00000000cc870000)
  from space 1024K,   0% used [0x00000000cc870000, 0x00000000cc870000, 0x00000000cc970000)
  to   space 1024K,   0% used [0x00000000cc970000, 0x00000000cc970000, 0x00000000cca70000)
 tenured generation   total 21312K, used 8801K [0x00000000d9e00000, 0x00000000db2d0000, 0x00000000f5a00000)
   the space 21312K,  41% used [0x00000000d9e00000, 0x00000000da698748, 0x00000000da698800, 0x00000000db2d0000)
 compacting perm gen  total 21248K, used 8179K [0x00000000f5a00000, 0x00000000f6ec0000, 0x0000000100000000)
   the space 21248K,  38% used [0x00000000f5a00000, 0x00000000f61fcf08, 0x00000000f61fd000, 0x00000000f6ec0000)
No shared spaces configured.
}
Event: 7,396 GC heap before
{Heap before GC invocations=3 (full 0):
 def new generation   total 9664K, used 8308K [0x00000000cc000000, 0x00000000cca70000, 0x00000000d9e00000)
  eden space 8640K,  96% used [0x00000000cc000000, 0x00000000cc81d178, 0x00000000cc870000)
  from space 1024K,   0% used [0x00000000cc870000, 0x00000000cc870000, 0x00000000cc970000)
  to   space 1024K,   0% used [0x00000000cc970000, 0x00000000cc970000, 0x00000000cca70000)
 tenured generation   total 21312K, used 8801K [0x00000000d9e00000, 0x00000000db2d0000, 0x00000000f5a00000)
   the space 21312K,  41% used [0x00000000d9e00000, 0x00000000da698748, 0x00000000da698800, 0x00000000db2d0000)
 compacting perm gen  total 21248K, used 8180K [0x00000000f5a00000, 0x00000000f6ec0000, 0x0000000100000000)
   the space 21248K,  38% used [0x00000000f5a00000, 0x00000000f61fd200, 0x00000000f61fd200, 0x00000000f6ec0000)
No shared spaces configured.
Event: 7,448 GC heap after
Heap after GC invocations=4 (full 1):
 def new generation   total 9664K, used 0K [0x00000000cc000000, 0x00000000cca70000, 0x00000000d9e00000)
  eden space 8640K,   0% used [0x00000000cc000000, 0x00000000cc000000, 0x00000000cc870000)
  from space 1024K,   0% used [0x00000000cc970000, 0x00000000cc970000, 0x00000000cca70000)
  to   space 1024K,   0% used [0x00000000cc870000, 0x00000000cc870000, 0x00000000cc970000)
 tenured generation   total 21312K, used 10845K [0x00000000d9e00000, 0x00000000db2d0000, 0x00000000f5a00000)
   the space 21312K,  50% used [0x00000000d9e00000, 0x00000000da8976e0, 0x00000000da897800, 0x00000000db2d0000)
 compacting perm gen  total 21248K, used 8180K [0x00000000f5a00000, 0x00000000f6ec0000, 0x0000000100000000)
   the space 21248K,  38% used [0x00000000f5a00000, 0x00000000f61fd200, 0x00000000f61fd200, 0x00000000f6ec0000)
No shared spaces configured.
}
Event: 7,998 GC heap before
{Heap before GC invocations=4 (full 1):
 def new generation   total 9664K, used 229K [0x00000000cc000000, 0x00000000cca70000, 0x00000000d9e00000)
  eden space 8640K,   2% used [0x00000000cc000000, 0x00000000cc0396a0, 0x00000000cc870000)
  from space 1024K,   0% used [0x00000000cc970000, 0x00000000cc970000, 0x00000000cca70000)
  to   space 1024K,   0% used [0x00000000cc870000, 0x00000000cc870000, 0x00000000cc970000)
 tenured generation   total 37700K, used 27229K [0x00000000d9e00000, 0x00000000dc2d1000, 0x00000000f5a00000)
   the space 37700K,  72% used [0x00000000d9e00000, 0x00000000db8976f0, 0x00000000db897800, 0x00000000dc2d1000)
 compacting perm gen  total 21248K, used 8184K [0x00000000f5a00000, 0x00000000f6ec0000, 0x0000000100000000)
   the space 21248K,  38% used [0x00000000f5a00000, 0x00000000f61fe230, 0x00000000f61fe400, 0x00000000f6ec0000)
No shared spaces configured.
Event: 8,038 GC heap after
Heap after GC invocations=5 (full 2):
 def new generation   total 17024K, used 0K [0x00000000cc000000, 0x00000000cd270000, 0x00000000d9e00000)
  eden space 15168K,   0% used [0x00000000cc000000, 0x00000000cc000000, 0x00000000cced0000)
  from space 1856K,   0% used [0x00000000cced0000, 0x00000000cced0000, 0x00000000cd0a0000)
  to   space 1856K,   0% used [0x00000000cd0a0000, 0x00000000cd0a0000, 0x00000000cd270000)
 tenured generation   total 37700K, used 19037K [0x00000000d9e00000, 0x00000000dc2d1000, 0x00000000f5a00000)
   the space 37700K,  50% used [0x00000000d9e00000, 0x00000000db097700, 0x00000000db097800, 0x00000000dc2d1000)
 compacting perm gen  total 21248K, used 8184K [0x00000000f5a00000, 0x00000000f6ec0000, 0x0000000100000000)
   the space 21248K,  38% used [0x00000000f5a00000, 0x00000000f61fe230, 0x00000000f61fe400, 0x00000000f6ec0000)
No shared spaces configured.
}
Event: 9,114 GC heap before
{Heap before GC invocations=5 (full 2):
 def new generation   total 17024K, used 537K [0x00000000cc000000, 0x00000000cd270000, 0x00000000d9e00000)
  eden space 15168K,   3% used [0x00000000cc000000, 0x00000000cc086528, 0x00000000cced0000)
  from space 1856K,   0% used [0x00000000cced0000, 0x00000000cced0000, 0x00000000cd0a0000)
  to   space 1856K,   0% used [0x00000000cd0a0000, 0x00000000cd0a0000, 0x00000000cd270000)
 tenured generation   total 70472K, used 51805K [0x00000000d9e00000, 0x00000000de2d2000, 0x00000000f5a00000)
   the space 70472K,  73% used [0x00000000d9e00000, 0x00000000dd097710, 0x00000000dd097800, 0x00000000de2d2000)
 compacting perm gen  total 21248K, used 8184K [0x00000000f5a00000, 0x00000000f6ec0000, 0x0000000100000000)
   the space 21248K,  38% used [0x00000000f5a00000, 0x00000000f61fe230, 0x00000000f61fe400, 0x00000000f6ec0000)
No shared spaces configured.
Event: 9,166 GC heap after
Heap after GC invocations=6 (full 3):
 def new generation   total 31744K, used 0K [0x00000000cc000000, 0x00000000ce270000, 0x00000000d9e00000)
  eden space 28224K,   0% used [0x00000000cc000000, 0x00000000cc000000, 0x00000000cdb90000)
  from space 3520K,   0% used [0x00000000cdb90000, 0x00000000cdb90000, 0x00000000cdf00000)
  to   space 3520K,   0% used [0x00000000cdf00000, 0x00000000cdf00000, 0x00000000ce270000)
 tenured generation   total 70472K, used 35421K [0x00000000d9e00000, 0x00000000de2d2000, 0x00000000f5a00000)
   the space 70472K,  50% used [0x00000000d9e00000, 0x00000000dc0977d8, 0x00000000dc097800, 0x00000000de2d2000)
 compacting perm gen  total 21248K, used 8184K [0x00000000f5a00000, 0x00000000f6ec0000, 0x0000000100000000)
   the space 21248K,  38% used [0x00000000f5a00000, 0x00000000f61fe230, 0x00000000f61fe400, 0x00000000f6ec0000)
No shared spaces configured.
}
Event: 9,823 GC heap before
{Heap before GC invocations=6 (full 3):
 def new generation   total 31744K, used 249K [0x00000000cc000000, 0x00000000ce270000, 0x00000000d9e00000)
  eden space 28224K,   0% used [0x00000000cc000000, 0x00000000cc03e738, 0x00000000cdb90000)
  from space 3520K,   0% used [0x00000000cdb90000, 0x00000000cdb90000, 0x00000000cdf00000)
  to   space 3520K,   0% used [0x00000000cdf00000, 0x00000000cdf00000, 0x00000000ce270000)
 tenured generation   total 136012K, used 100957K [0x00000000d9e00000, 0x00000000e22d3000, 0x00000000f5a00000)
   the space 136012K,  74% used [0x00000000d9e00000, 0x00000000e00977e8, 0x00000000e0097800, 0x00000000e22d3000)
 compacting perm gen  total 21248K, used 8184K [0x00000000f5a00000, 0x00000000f6ec0000, 0x0000000100000000)
   the space 21248K,  38% used [0x00000000f5a00000, 0x00000000f61fe230, 0x00000000f61fe400, 0x00000000f6ec0000)
No shared spaces configured.
Event: 9,907 GC heap after
Heap after GC invocations=7 (full 4):
 def new generation   total 61248K, used 0K [0x00000000cc000000, 0x00000000d0270000, 0x00000000d9e00000)
  eden space 54464K,   0% used [0x00000000cc000000, 0x00000000cc000000, 0x00000000cf530000)
  from space 6784K,   0% used [0x00000000cf530000, 0x00000000cf530000, 0x00000000cfbd0000)
  to   space 6784K,   0% used [0x00000000cfbd0000, 0x00000000cfbd0000, 0x00000000d0270000)
 tenured generation   total 136012K, used 66628K [0x00000000d9e00000, 0x00000000e22d3000, 0x00000000f5a00000)
   the space 136012K,  48% used [0x00000000d9e00000, 0x00000000ddf112e0, 0x00000000ddf11400, 0x00000000e22d3000)
 compacting perm gen  total 21248K, used 8183K [0x00000000f5a00000, 0x00000000f6ec0000, 0x0000000100000000)
   the space 21248K,  38% used [0x00000000f5a00000, 0x00000000f61fdd10, 0x00000000f61fde00, 0x00000000f6ec0000)
No shared spaces configured.
}

Deoptimization events (5 events):
Event: 5,750 Thread 0x00007f8c6c00a800 Uncommon trap: reason=class_check action=maybe_recompile pc=0x00007f8c6909c4ec method=com.jcraft.jorbis.Mapping0.inverse(Lcom/jcraft/jorbis/Block;Ljava/lang/Object;)I @ 459
Event: 5,751 Thread 0x00007f8c6c00a800 Uncommon trap: reason=class_check action=maybe_recompile pc=0x00007f8c6909c4ec method=com.jcraft.jorbis.Mapping0.inverse(Lcom/jcraft/jorbis/Block;Ljava/lang/Object;)I @ 459
Event: 5,755 Thread 0x00007f8c6c00a800 Uncommon trap: reason=class_check action=maybe_recompile pc=0x00007f8c6909c4ec method=com.jcraft.jorbis.Mapping0.inverse(Lcom/jcraft/jorbis/Block;Ljava/lang/Object;)I @ 459
Event: 5,763 Thread 0x00007f8c6c00a800 Uncommon trap: reason=class_check action=maybe_recompile pc=0x00007f8c6909c4ec method=com.jcraft.jorbis.Mapping0.inverse(Lcom/jcraft/jorbis/Block;Ljava/lang/Object;)I @ 459
Event: 29,708 Thread 0x00007f8c6c00a800 Uncommon trap: reason=unreached action=reinterpret pc=0x00007f8c690deb04 method=GUI.Button.draw(Ljava/lang/String;Ljava/lang/String;IIIILjava/lang/String;II)V @ 282

Internal exceptions (10 events):
Event: 10,209 Thread 0x00007f8c6c00a800 Threw 0x00000000ce6ab8b0 at /build/buildd/openjdk-7-7u51-2.4.4/build/openjdk/hotspot/src/share/vm/prims/jvm.cpp:1244
Event: 10,226 Thread 0x00007f8c6c00a800 Threw 0x00000000ce6b2ed8 at /build/buildd/openjdk-7-7u51-2.4.4/build/openjdk/hotspot/src/share/vm/prims/jvm.cpp:1244
Event: 10,228 Thread 0x00007f8c6c00a800 Threw 0x00000000ce6b5198 at /build/buildd/openjdk-7-7u51-2.4.4/build/openjdk/hotspot/src/share/vm/prims/jvm.cpp:1244
Event: 10,231 Thread 0x00007f8c6c00a800 Threw 0x00000000ce6b6e78 at /build/buildd/openjdk-7-7u51-2.4.4/build/openjdk/hotspot/src/share/vm/prims/jvm.cpp:1244
Event: 10,232 Thread 0x00007f8c6c00a800 Threw 0x00000000ce6baeb0 at /build/buildd/openjdk-7-7u51-2.4.4/build/openjdk/hotspot/src/share/vm/prims/jvm.cpp:1244
Event: 12,237 Thread 0x00007f8c6c00a800 Threw 0x00000000ce6c45e0 at /build/buildd/openjdk-7-7u51-2.4.4/build/openjdk/hotspot/src/share/vm/prims/jvm.cpp:1244
Event: 12,239 Thread 0x00007f8c6c00a800 Threw 0x00000000ce6c5d30 at /build/buildd/openjdk-7-7u51-2.4.4/build/openjdk/hotspot/src/share/vm/prims/jvm.cpp:1244
Event: 13,670 Thread 0x00007f8c6c00a800 Threw 0x00000000ce6c84e8 at /build/buildd/openjdk-7-7u51-2.4.4/build/openjdk/hotspot/src/share/vm/prims/jvm.cpp:1244
Event: 25,852 Thread 0x00007f8c6c00a800 Threw 0x00000000ce6e6c20 at /build/buildd/openjdk-7-7u51-2.4.4/build/openjdk/hotspot/src/share/vm/prims/jvm.cpp:1244
Event: 29,625 Thread 0x00007f8c6c00a800 Threw 0x00000000ce6ee3e8 at /build/buildd/openjdk-7-7u51-2.4.4/build/openjdk/hotspot/src/share/vm/prims/jvm.cpp:1244

Events (10 events):
Event: 33,037 Thread 0x00007f8c6c702000 Thread added: 0x00007f8c6c702000
Event: 33,038 loading class 0x00007f8c5806e2a0
Event: 33,038 loading class 0x00007f8c58347b80
Event: 33,038 loading class 0x00007f8c58347b80 done
Event: 33,038 loading class 0x00007f8c58347bb0
Event: 33,038 loading class 0x00007f8c58347bb0 done
Event: 33,038 loading class 0x00007f8c5806e2a0 done
Event: 33,168 Thread 0x00007f8c6c701000 Thread exited: 0x00007f8c6c701000
Event: 33,186 Thread 0x00007f8c6c096000 Thread exited: 0x00007f8c6c096000
Event: 33,186 Executing VM operation: Exit


Dynamic libraries:
00400000-00401000 r-xp 00000000 fc:00 3675615                            /usr/lib/jvm/java-7-openjdk-amd64/jre/bin/java
00600000-00601000 r--p 00000000 fc:00 3675615                            /usr/lib/jvm/java-7-openjdk-amd64/jre/bin/java
00601000-00602000 rw-p 00001000 fc:00 3675615                            /usr/lib/jvm/java-7-openjdk-amd64/jre/bin/java
0110c000-0112d000 rw-p 00000000 00:00 0                                  [heap]
cc000000-d0270000 rw-p 00000000 00:00 0 
d0270000-d9e00000 rw-p 00000000 00:00 0 
d9e00000-e22d3000 rw-p 00000000 00:00 0 
e22d3000-f5a00000 rw-p 00000000 00:00 0 
f5a00000-f6ec0000 rw-p 00000000 00:00 0 
f6ec0000-100000000 rw-p 00000000 00:00 0 
7f8c36f93000-7f8c36f96000 ---p 00000000 00:00 0 
7f8c36f96000-7f8c37094000 rw-p 00000000 00:00 0                          [stack:19260]
7f8c37094000-7f8c37097000 ---p 00000000 00:00 0 
7f8c37097000-7f8c3bee5000 rw-p 00000000 00:00 0 
7f8c3bee5000-7f8c3bee6000 ---p 00000000 00:00 0 
7f8c3bee6000-7f8c3bfe6000 rw-p 00000000 00:00 0                          [stack:19257]
7f8c3bfe6000-7f8c3ffe7000 rw-s 00000000 00:13 171866                     /run/shm/pulse-shm-3740242039
7f8c3ffe7000-7f8c3ffe8000 ---p 00000000 00:00 0 
7f8c3ffe8000-7f8c407e8000 rw-p 00000000 00:00 0                          [stack:19256]
7f8c407e8000-7f8c407ef000 r-xp 00000000 fc:00 2892090                    /usr/lib/x86_64-linux-gnu/libogg.so.0.8.1
7f8c407ef000-7f8c409ef000 ---p 00007000 fc:00 2892090                    /usr/lib/x86_64-linux-gnu/libogg.so.0.8.1
7f8c409ef000-7f8c409f0000 r--p 00007000 fc:00 2892090                    /usr/lib/x86_64-linux-gnu/libogg.so.0.8.1
7f8c409f0000-7f8c409f1000 rw-p 00008000 fc:00 2892090                    /usr/lib/x86_64-linux-gnu/libogg.so.0.8.1
7f8c409f1000-7f8c40a1c000 r-xp 00000000 fc:00 2892321                    /usr/lib/x86_64-linux-gnu/libvorbis.so.0.4.5
7f8c40a1c000-7f8c40c1c000 ---p 0002b000 fc:00 2892321                    /usr/lib/x86_64-linux-gnu/libvorbis.so.0.4.5
7f8c40c1c000-7f8c40c1d000 r--p 0002b000 fc:00 2892321                    /usr/lib/x86_64-linux-gnu/libvorbis.so.0.4.5
7f8c40c1d000-7f8c40c1e000 rw-p 0002c000 fc:00 2892321                    /usr/lib/x86_64-linux-gnu/libvorbis.so.0.4.5
7f8c40c1e000-7f8c40ed1000 r-xp 00000000 fc:00 2892323                    /usr/lib/x86_64-linux-gnu/libvorbisenc.so.2.0.8
7f8c40ed1000-7f8c410d0000 ---p 002b3000 fc:00 2892323                    /usr/lib/x86_64-linux-gnu/libvorbisenc.so.2.0.8
7f8c410d0000-7f8c410ec000 r--p 002b2000 fc:00 2892323                    /usr/lib/x86_64-linux-gnu/libvorbisenc.so.2.0.8
7f8c410ec000-7f8c410ed000 rw-p 002ce000 fc:00 2892323                    /usr/lib/x86_64-linux-gnu/libvorbisenc.so.2.0.8
7f8c410ed000-7f8c4111c000 r-xp 00000000 fc:00 2891288                    /usr/lib/x86_64-linux-gnu/libFLAC.so.8.3.0
7f8c4111c000-7f8c4131c000 ---p 0002f000 fc:00 2891288                    /usr/lib/x86_64-linux-gnu/libFLAC.so.8.3.0
7f8c4131c000-7f8c4131d000 r--p 0002f000 fc:00 2891288                    /usr/lib/x86_64-linux-gnu/libFLAC.so.8.3.0
7f8c4131d000-7f8c4131e000 rw-p 00030000 fc:00 2891288                    /usr/lib/x86_64-linux-gnu/libFLAC.so.8.3.0
7f8c4131e000-7f8c41323000 r-xp 00000000 fc:00 2891505                    /usr/lib/x86_64-linux-gnu/libasyncns.so.0.3.1
7f8c41323000-7f8c41522000 ---p 00005000 fc:00 2891505                    /usr/lib/x86_64-linux-gnu/libasyncns.so.0.3.1
7f8c41522000-7f8c41523000 r--p 00004000 fc:00 2891505                    /usr/lib/x86_64-linux-gnu/libasyncns.so.0.3.1
7f8c41523000-7f8c41524000 rw-p 00005000 fc:00 2891505                    /usr/lib/x86_64-linux-gnu/libasyncns.so.0.3.1
7f8c41524000-7f8c41585000 r-xp 00000000 fc:00 2892216                    /usr/lib/x86_64-linux-gnu/libsndfile.so.1.0.25
7f8c41585000-7f8c41785000 ---p 00061000 fc:00 2892216                    /usr/lib/x86_64-linux-gnu/libsndfile.so.1.0.25
7f8c41785000-7f8c41787000 r--p 00061000 fc:00 2892216                    /usr/lib/x86_64-linux-gnu/libsndfile.so.1.0.25
7f8c41787000-7f8c41788000 rw-p 00063000 fc:00 2892216                    /usr/lib/x86_64-linux-gnu/libsndfile.so.1.0.25
7f8c41788000-7f8c4178c000 rw-p 00000000 00:00 0 
7f8c4178c000-7f8c41794000 r-xp 00000000 fc:00 6557692                    /lib/x86_64-linux-gnu/libwrap.so.0.7.6
7f8c41794000-7f8c41994000 ---p 00008000 fc:00 6557692                    /lib/x86_64-linux-gnu/libwrap.so.0.7.6
7f8c41994000-7f8c41995000 r--p 00008000 fc:00 6557692                    /lib/x86_64-linux-gnu/libwrap.so.0.7.6
7f8c41995000-7f8c41996000 rw-p 00009000 fc:00 6557692                    /lib/x86_64-linux-gnu/libwrap.so.0.7.6
7f8c41996000-7f8c419fc000 r-xp 00000000 fc:00 3277648                    /usr/lib/x86_64-linux-gnu/pulseaudio/libpulsecommon-4.0.so
7f8c419fc000-7f8c41bfb000 ---p 00066000 fc:00 3277648                    /usr/lib/x86_64-linux-gnu/pulseaudio/libpulsecommon-4.0.so
7f8c41bfb000-7f8c41bfc000 r--p 00065000 fc:00 3277648                    /usr/lib/x86_64-linux-gnu/pulseaudio/libpulsecommon-4.0.so
7f8c41bfc000-7f8c41bfd000 rw-p 00066000 fc:00 3277648                    /usr/lib/x86_64-linux-gnu/pulseaudio/libpulsecommon-4.0.so
7f8c41bfd000-7f8c41c06000 r-xp 00000000 fc:00 6557577                    /lib/x86_64-linux-gnu/libjson-c.so.2.0.1
7f8c41c06000-7f8c41e05000 ---p 00009000 fc:00 6557577                    /lib/x86_64-linux-gnu/libjson-c.so.2.0.1
7f8c41e05000-7f8c41e06000 r--p 00008000 fc:00 6557577                    /lib/x86_64-linux-gnu/libjson-c.so.2.0.1
7f8c41e06000-7f8c41e07000 rw-p 00009000 fc:00 6557577                    /lib/x86_64-linux-gnu/libjson-c.so.2.0.1
7f8c41e07000-7f8c41e4e000 r-xp 00000000 fc:00 2892153                    /usr/lib/x86_64-linux-gnu/libpulse.so.0.16.2
7f8c41e4e000-7f8c4204e000 ---p 00047000 fc:00 2892153                    /usr/lib/x86_64-linux-gnu/libpulse.so.0.16.2
7f8c4204e000-7f8c4204f000 r--p 00047000 fc:00 2892153                    /usr/lib/x86_64-linux-gnu/libpulse.so.0.16.2
7f8c4204f000-7f8c42050000 rw-p 00048000 fc:00 2892153                    /usr/lib/x86_64-linux-gnu/libpulse.so.0.16.2
7f8c42050000-7f8c420a5000 r-xp 00000000 fc:00 2098387                    /home/alvin/workspace/Copy of Lumen/LWJGL Library/native/linux/libopenal64.so
7f8c420a5000-7f8c422a4000 ---p 00055000 fc:00 2098387                    /home/alvin/workspace/Copy of Lumen/LWJGL Library/native/linux/libopenal64.so
7f8c422a4000-7f8c422a7000 r--p 00054000 fc:00 2098387                    /home/alvin/workspace/Copy of Lumen/LWJGL Library/native/linux/libopenal64.so
7f8c422a7000-7f8c422a8000 rw-p 00057000 fc:00 2098387                    /home/alvin/workspace/Copy of Lumen/LWJGL Library/native/linux/libopenal64.so
7f8c422a8000-7f8c422a9000 rw-p 00000000 00:00 0 
7f8c422a9000-7f8c422bf000 r-xp 00000000 fc:00 3546263                    /usr/lib/jvm/java-7-openjdk-amd64/jre/lib/amd64/libnet.so
7f8c422bf000-7f8c424be000 ---p 00016000 fc:00 3546263                    /usr/lib/jvm/java-7-openjdk-amd64/jre/lib/amd64/libnet.so
7f8c424be000-7f8c424bf000 r--p 00015000 fc:00 3546263                    /usr/lib/jvm/java-7-openjdk-amd64/jre/lib/amd64/libnet.so
7f8c424bf000-7f8c424c0000 rw-p 00016000 fc:00 3546263                    /usr/lib/jvm/java-7-openjdk-amd64/jre/lib/amd64/libnet.so
7f8c424c0000-7f8c424d0000 r-xp 00000000 fc:00 3546284                    /usr/lib/jvm/java-7-openjdk-amd64/jre/lib/amd64/libnio.so
7f8c424d0000-7f8c426d0000 ---p 00010000 fc:00 3546284                    /usr/lib/jvm/java-7-openjdk-amd64/jre/lib/amd64/libnio.so
7f8c426d0000-7f8c426d1000 r--p 00010000 fc:00 3546284                    /usr/lib/jvm/java-7-openjdk-amd64/jre/lib/amd64/libnio.so
7f8c426d1000-7f8c426d2000 rw-p 00011000 fc:00 3546284                    /usr/lib/jvm/java-7-openjdk-amd64/jre/lib/amd64/libnio.so
7f8c426d2000-7f8c43825000 rw-p 00000000 00:00 0 
7f8c43825000-7f8c43857000 r-xp 00000000 fc:00 2892280                    /usr/lib/x86_64-linux-gnu/libtxc_dxtn_s2tc.so.0.0.0
7f8c43857000-7f8c43a56000 ---p 00032000 fc:00 2892280                    /usr/lib/x86_64-linux-gnu/libtxc_dxtn_s2tc.so.0.0.0
7f8c43a56000-7f8c43a57000 r--p 00031000 fc:00 2892280                    /usr/lib/x86_64-linux-gnu/libtxc_dxtn_s2tc.so.0.0.0
7f8c43a57000-7f8c43a58000 rw-p 00032000 fc:00 2892280                    /usr/lib/x86_64-linux-gnu/libtxc_dxtn_s2tc.so.0.0.0
7f8c43a58000-7f8c43acc000 rw-p 00000000 00:00 0 
7f8c43b19000-7f8c43b21000 r-xp 00000000 fc:00 2892122                    /usr/lib/x86_64-linux-gnu/libpciaccess.so.0.11.1
7f8c43b21000-7f8c43d20000 ---p 00008000 fc:00 2892122                    /usr/lib/x86_64-linux-gnu/libpciaccess.so.0.11.1
7f8c43d20000-7f8c43d21000 r--p 00007000 fc:00 2892122                    /usr/lib/x86_64-linux-gnu/libpciaccess.so.0.11.1
7f8c43d21000-7f8c43d22000 rw-p 00008000 fc:00 2892122                    /usr/lib/x86_64-linux-gnu/libpciaccess.so.0.11.1
7f8c43d22000-7f8c43d41000 r-xp 00000000 fc:00 2888072                    /usr/lib/x86_64-linux-gnu/libdrm_intel.so.1.0.0
7f8c43d41000-7f8c43f40000 ---p 0001f000 fc:00 2888072                    /usr/lib/x86_64-linux-gnu/libdrm_intel.so.1.0.0
7f8c43f40000-7f8c43f41000 r--p 0001e000 fc:00 2888072                    /usr/lib/x86_64-linux-gnu/libdrm_intel.so.1.0.0
7f8c43f41000-7f8c43f42000 rw-p 0001f000 fc:00 2888072                    /usr/lib/x86_64-linux-gnu/libdrm_intel.so.1.0.0
7f8c43f42000-7f8c44300000 r-xp 00000000 fc:00 2891639                    /usr/lib/x86_64-linux-gnu/libdricore9.2.1.so.1.0.0
7f8c44300000-7f8c444ff000 ---p 003be000 fc:00 2891639                    /usr/lib/x86_64-linux-gnu/libdricore9.2.1.so.1.0.0
7f8c444ff000-7f8c4450f000 r--p 003bd000 fc:00 2891639                    /usr/lib/x86_64-linux-gnu/libdricore9.2.1.so.1.0.0
7f8c4450f000-7f8c44517000 rw-p 003cd000 fc:00 2891639                    /usr/lib/x86_64-linux-gnu/libdricore9.2.1.so.1.0.0
7f8c44517000-7f8c4452f000 rw-p 00000000 00:00 0 
7f8c4452f000-7f8c44604000 r-xp 00000000 fc:00 3148337                    /usr/lib/x86_64-linux-gnu/dri/i965_dri.so
7f8c44604000-7f8c44804000 ---p 000d5000 fc:00 3148337                    /usr/lib/x86_64-linux-gnu/dri/i965_dri.so
7f8c44804000-7f8c44807000 r--p 000d5000 fc:00 3148337                    /usr/lib/x86_64-linux-gnu/dri/i965_dri.so
7f8c44807000-7f8c44809000 rw-p 000d8000 fc:00 3148337                    /usr/lib/x86_64-linux-gnu/dri/i965_dri.so
7f8c44809000-7f8c4480a000 rw-p 00000000 00:00 0 
7f8c4480a000-7f8c44815000 r-xp 00000000 fc:00 2887841                    /usr/lib/x86_64-linux-gnu/libdrm.so.2.4.0
7f8c44815000-7f8c44a14000 ---p 0000b000 fc:00 2887841                    /usr/lib/x86_64-linux-gnu/libdrm.so.2.4.0
7f8c44a14000-7f8c44a15000 r--p 0000a000 fc:00 2887841                    /usr/lib/x86_64-linux-gnu/libdrm.so.2.4.0
7f8c44a15000-7f8c44a16000 rw-p 0000b000 fc:00 2887841                    /usr/lib/x86_64-linux-gnu/libdrm.so.2.4.0
7f8c44a16000-7f8c44a19000 r-xp 00000000 fc:00 2892353                    /usr/lib/x86_64-linux-gnu/libxcb-dri2.so.0.0.0
7f8c44a19000-7f8c44c19000 ---p 00003000 fc:00 2892353                    /usr/lib/x86_64-linux-gnu/libxcb-dri2.so.0.0.0
7f8c44c19000-7f8c44c1a000 r--p 00003000 fc:00 2892353                    /usr/lib/x86_64-linux-gnu/libxcb-dri2.so.0.0.0
7f8c44c1a000-7f8c44c1b000 rw-p 00004000 fc:00 2892353                    /usr/lib/x86_64-linux-gnu/libxcb-dri2.so.0.0.0
7f8c44c1b000-7f8c44c30000 r-xp 00000000 fc:00 2892355                    /usr/lib/x86_64-linux-gnu/libxcb-glx.so.0.0.0
7f8c44c30000-7f8c44e2f000 ---p 00015000 fc:00 2892355                    /usr/lib/x86_64-linux-gnu/libxcb-glx.so.0.0.0
7f8c44e2f000-7f8c44e31000 r--p 00014000 fc:00 2892355                    /usr/lib/x86_64-linux-gnu/libxcb-glx.so.0.0.0
7f8c44e31000-7f8c44e32000 rw-p 00016000 fc:00 2892355                    /usr/lib/x86_64-linux-gnu/libxcb-glx.so.0.0.0
7f8c44e32000-7f8c44e33000 r-xp 00000000 fc:00 2891421                    /usr/lib/x86_64-linux-gnu/libX11-xcb.so.1.0.0
7f8c44e33000-7f8c45032000 ---p 00001000 fc:00 2891421                    /usr/lib/x86_64-linux-gnu/libX11-xcb.so.1.0.0
7f8c45032000-7f8c45033000 r--p 00000000 fc:00 2891421                    /usr/lib/x86_64-linux-gnu/libX11-xcb.so.1.0.0
7f8c45033000-7f8c45034000 rw-p 00001000 fc:00 2891421                    /usr/lib/x86_64-linux-gnu/libX11-xcb.so.1.0.0
7f8c45034000-7f8c45055000 r-xp 00000000 fc:00 2891782                    /usr/lib/x86_64-linux-gnu/libglapi.so.0.0.0
7f8c45055000-7f8c45255000 ---p 00021000 fc:00 2891782                    /usr/lib/x86_64-linux-gnu/libglapi.so.0.0.0
7f8c45255000-7f8c45258000 r--p 00021000 fc:00 2891782                    /usr/lib/x86_64-linux-gnu/libglapi.so.0.0.0
7f8c45258000-7f8c45259000 rw-p 00024000 fc:00 2891782                    /usr/lib/x86_64-linux-gnu/libglapi.so.0.0.0
7f8c45259000-7f8c4525a000 rw-p 00000000 00:00 0 
7f8c4525a000-7f8c452b4000 r-xp 00000000 fc:00 3277591                    /usr/lib/x86_64-linux-gnu/mesa/libGL.so.1.2.0
7f8c452b4000-7f8c454b4000 ---p 0005a000 fc:00 3277591                    /usr/lib/x86_64-linux-gnu/mesa/libGL.so.1.2.0
7f8c454b4000-7f8c454b6000 r--p 0005a000 fc:00 3277591                    /usr/lib/x86_64-linux-gnu/mesa/libGL.so.1.2.0
7f8c454b6000-7f8c454b7000 rw-p 0005c000 fc:00 3277591                    /usr/lib/x86_64-linux-gnu/mesa/libGL.so.1.2.0
7f8c454b7000-7f8c454b8000 rw-p 00000000 00:00 0 
7f8c454b8000-7f8c454bc000 r-xp 00000000 fc:00 2891472                    /usr/lib/x86_64-linux-gnu/libXxf86vm.so.1.0.0
7f8c454bc000-7f8c456bc000 ---p 00004000 fc:00 2891472                    /usr/lib/x86_64-linux-gnu/libXxf86vm.so.1.0.0
7f8c456bc000-7f8c456bd000 r--p 00004000 fc:00 2891472                    /usr/lib/x86_64-linux-gnu/libXxf86vm.so.1.0.0
7f8c456bd000-7f8c456be000 rw-p 00005000 fc:00 2891472                    /usr/lib/x86_64-linux-gnu/libXxf86vm.so.1.0.0
7f8c456be000-7f8c45728000 r-xp 00000000 fc:00 2098385                    /home/alvin/workspace/Copy of Lumen/LWJGL Library/native/linux/liblwjgl64.so
7f8c45728000-7f8c45928000 ---p 0006a000 fc:00 2098385                    /home/alvin/workspace/Copy of Lumen/LWJGL Library/native/linux/liblwjgl64.so
7f8c45928000-7f8c4592a000 r--p 0006a000 fc:00 2098385                    /home/alvin/workspace/Copy of Lumen/LWJGL Library/native/linux/liblwjgl64.so
7f8c4592a000-7f8c4592b000 rw-p 0006c000 fc:00 2098385                    /home/alvin/workspace/Copy of Lumen/LWJGL Library/native/linux/liblwjgl64.so
7f8c4592b000-7f8c4592c000 r-xp 00000000 fc:00 3546274                    /usr/lib/jvm/java-7-openjdk-amd64/jre/lib/amd64/libjawt.so
7f8c4592c000-7f8c45b2b000 ---p 00001000 fc:00 3546274                    /usr/lib/jvm/java-7-openjdk-amd64/jre/lib/amd64/libjawt.so
7f8c45b2b000-7f8c45b2c000 r--p 00000000 fc:00 3546274                    /usr/lib/jvm/java-7-openjdk-amd64/jre/lib/amd64/libjawt.so
7f8c45b2c000-7f8c45b2d000 rw-p 00001000 fc:00 3546274                    /usr/lib/jvm/java-7-openjdk-amd64/jre/lib/amd64/libjawt.so
7f8c45b2d000-7f8c45b30000 ---p 00000000 00:00 0 
7f8c45b30000-7f8c45c2e000 rw-p 00000000 00:00 0                          [stack:19247]
7f8c45c2e000-7f8c45c31000 ---p 00000000 00:00 0 
7f8c45c31000-7f8c45d2f000 rw-p 00000000 00:00 0                          [stack:19246]
7f8c45d2f000-7f8c45d33000 r-xp 00000000 fc:00 6557568                    /lib/x86_64-linux-gnu/libgpg-error.so.0.10.0
7f8c45d33000-7f8c45f32000 ---p 00004000 fc:00 6557568                    /lib/x86_64-linux-gnu/libgpg-error.so.0.10.0
7f8c45f32000-7f8c45f33000 r--p 00003000 fc:00 6557568                    /lib/x86_64-linux-gnu/libgpg-error.so.0.10.0
7f8c45f33000-7f8c45f34000 rw-p 00004000 fc:00 6557568                    /lib/x86_64-linux-gnu/libgpg-error.so.0.10.0
7f8c45f34000-7f8c45f36000 r-xp 00000000 fc:00 6557580                    /lib/x86_64-linux-gnu/libkeyutils.so.1.4
7f8c45f36000-7f8c46136000 ---p 00002000 fc:00 6557580                    /lib/x86_64-linux-gnu/libkeyutils.so.1.4
7f8c46136000-7f8c46137000 r--p 00002000 fc:00 6557580                    /lib/x86_64-linux-gnu/libkeyutils.so.1.4
7f8c46137000-7f8c46138000 rw-p 00003000 fc:00 6557580                    /lib/x86_64-linux-gnu/libkeyutils.so.1.4
7f8c46138000-7f8c46150000 r-xp 00000000 fc:00 2891824                    /usr/lib/x86_64-linux-gnu/libgraphite2.so.3.0.1
7f8c46150000-7f8c4634f000 ---p 00018000 fc:00 2891824                    /usr/lib/x86_64-linux-gnu/libgraphite2.so.3.0.1
7f8c4634f000-7f8c46351000 r--p 00017000 fc:00 2891824                    /usr/lib/x86_64-linux-gnu/libgraphite2.so.3.0.1
7f8c46351000-7f8c46352000 rw-p 00019000 fc:00 2891824                    /usr/lib/x86_64-linux-gnu/libgraphite2.so.3.0.1
7f8c46352000-7f8c46396000 r-xp 00000000 fc:00 6557549                    /lib/x86_64-linux-gnu/libdbus-1.so.3.7.4
7f8c46396000-7f8c46595000 ---p 00044000 fc:00 6557549                    /lib/x86_64-linux-gnu/libdbus-1.so.3.7.4
7f8c46595000-7f8c46596000 r--p 00043000 fc:00 6557549                    /lib/x86_64-linux-gnu/libdbus-1.so.3.7.4
7f8c46596000-7f8c46597000 rw-p 00044000 fc:00 6557549                    /lib/x86_64-linux-gnu/libdbus-1.so.3.7.4
7f8c46597000-7f8c465b5000 r-xp 00000000 fc:00 2892098                    /usr/lib/x86_64-linux-gnu/libp11-kit.so.0.0.0
7f8c465b5000-7f8c467b4000 ---p 0001e000 fc:00 2892098                    /usr/lib/x86_64-linux-gnu/libp11-kit.so.0.0.0
7f8c467b4000-7f8c467b6000 r--p 0001d000 fc:00 2892098                    /usr/lib/x86_64-linux-gnu/libp11-kit.so.0.0.0
7f8c467b6000-7f8c467b7000 rw-p 0001f000 fc:00 2892098                    /usr/lib/x86_64-linux-gnu/libp11-kit.so.0.0.0
7f8c467b7000-7f8c467c7000 r-xp 00000000 fc:00 2892252                    /usr/lib/x86_64-linux-gnu/libtasn1.so.3.2.0
7f8c467c7000-7f8c469c6000 ---p 00010000 fc:00 2892252                    /usr/lib/x86_64-linux-gnu/libtasn1.so.3.2.0
7f8c469c6000-7f8c469c7000 r--p 0000f000 fc:00 2892252                    /usr/lib/x86_64-linux-gnu/libtasn1.so.3.2.0
7f8c469c7000-7f8c469c8000 rw-p 00010000 fc:00 2892252                    /usr/lib/x86_64-linux-gnu/libtasn1.so.3.2.0
7f8c469c8000-7f8c46a42000 r-xp 00000000 fc:00 6557564                    /lib/x86_64-linux-gnu/libgcrypt.so.11.7.0
7f8c46a42000-7f8c46c42000 ---p 0007a000 fc:00 6557564                    /lib/x86_64-linux-gnu/libgcrypt.so.11.7.0
7f8c46c42000-7f8c46c43000 r--p 0007a000 fc:00 6557564                    /lib/x86_64-linux-gnu/libgcrypt.so.11.7.0
7f8c46c43000-7f8c46c46000 rw-p 0007b000 fc:00 6557564                    /lib/x86_64-linux-gnu/libgcrypt.so.11.7.0
7f8c46c46000-7f8c46c4d000 r-xp 00000000 fc:00 2891997                    /usr/lib/x86_64-linux-gnu/libkrb5support.so.0.1
7f8c46c4d000-7f8c46e4c000 ---p 00007000 fc:00 2891997                    /usr/lib/x86_64-linux-gnu/libkrb5support.so.0.1
7f8c46e4c000-7f8c46e4d000 r--p 00006000 fc:00 2891997                    /usr/lib/x86_64-linux-gnu/libkrb5support.so.0.1
7f8c46e4d000-7f8c46e4e000 rw-p 00007000 fc:00 2891997                    /usr/lib/x86_64-linux-gnu/libkrb5support.so.0.1
7f8c46e4e000-7f8c46e51000 r-xp 00000000 fc:00 6557544                    /lib/x86_64-linux-gnu/libcom_err.so.2.1
7f8c46e51000-7f8c47050000 ---p 00003000 fc:00 6557544                    /lib/x86_64-linux-gnu/libcom_err.so.2.1
7f8c47050000-7f8c47051000 r--p 00002000 fc:00 6557544                    /lib/x86_64-linux-gnu/libcom_err.so.2.1
7f8c47051000-7f8c47052000 rw-p 00003000 fc:00 6557544                    /lib/x86_64-linux-gnu/libcom_err.so.2.1
7f8c47052000-7f8c47078000 r-xp 00000000 fc:00 2891991                    /usr/lib/x86_64-linux-gnu/libk5crypto.so.3.1
7f8c47078000-7f8c47277000 ---p 00026000 fc:00 2891991                    /usr/lib/x86_64-linux-gnu/libk5crypto.so.3.1
7f8c47277000-7f8c47278000 r--p 00025000 fc:00 2891991                    /usr/lib/x86_64-linux-gnu/libk5crypto.so.3.1
7f8c47278000-7f8c47279000 rw-p 00026000 fc:00 2891991                    /usr/lib/x86_64-linux-gnu/libk5crypto.so.3.1
7f8c47279000-7f8c4727a000 rw-p 00000000 00:00 0 
7f8c4727a000-7f8c4733f000 r-xp 00000000 fc:00 2891995                    /usr/lib/x86_64-linux-gnu/libkrb5.so.3.3
7f8c4733f000-7f8c4753e000 ---p 000c5000 fc:00 2891995                    /usr/lib/x86_64-linux-gnu/libkrb5.so.3.3
7f8c4753e000-7f8c47548000 r--p 000c4000 fc:00 2891995                    /usr/lib/x86_64-linux-gnu/libkrb5.so.3.3
7f8c47548000-7f8c47549000 rw-p 000ce000 fc:00 2891995                    /usr/lib/x86_64-linux-gnu/libkrb5.so.3.3
7f8c47549000-7f8c4754f000 r-xp 00000000 fc:00 2891616                    /usr/lib/x86_64-linux-gnu/libdatrie.so.1.2.0
7f8c4754f000-7f8c4774e000 ---p 00006000 fc:00 2891616                    /usr/lib/x86_64-linux-gnu/libdatrie.so.1.2.0
7f8c4774e000-7f8c4774f000 r--p 00005000 fc:00 2891616                    /usr/lib/x86_64-linux-gnu/libdatrie.so.1.2.0
7f8c4774f000-7f8c47750000 rw-p 00006000 fc:00 2891616                    /usr/lib/x86_64-linux-gnu/libdatrie.so.1.2.0
7f8c47750000-7f8c477a0000 r-xp 00000000 fc:00 2891932                    /usr/lib/x86_64-linux-gnu/libharfbuzz.so.0.919.0
7f8c477a0000-7f8c479a0000 ---p 00050000 fc:00 2891932                    /usr/lib/x86_64-linux-gnu/libharfbuzz.so.0.919.0
7f8c479a0000-7f8c479a1000 r--p 00050000 fc:00 2891932                    /usr/lib/x86_64-linux-gnu/libharfbuzz.so.0.919.0
7f8c479a1000-7f8c479a2000 rw-p 00051000 fc:00 2891932                    /usr/lib/x86_64-linux-gnu/libharfbuzz.so.0.919.0
7f8c479a2000-7f8c479aa000 r-xp 00000000 fc:00 2892367                    /usr/lib/x86_64-linux-gnu/libxcb-render.so.0.0.0
7f8c479aa000-7f8c47ba9000 ---p 00008000 fc:00 2892367                    /usr/lib/x86_64-linux-gnu/libxcb-render.so.0.0.0
7f8c47ba9000-7f8c47baa000 r--p 00007000 fc:00 2892367                    /usr/lib/x86_64-linux-gnu/libxcb-render.so.0.0.0
7f8c47baa000-7f8c47bab000 rw-p 00008000 fc:00 2892367                    /usr/lib/x86_64-linux-gnu/libxcb-render.so.0.0.0
7f8c47bab000-7f8c47bad000 r-xp 00000000 fc:00 2892371                    /usr/lib/x86_64-linux-gnu/libxcb-shm.so.0.0.0
7f8c47bad000-7f8c47dac000 ---p 00002000 fc:00 2892371                    /usr/lib/x86_64-linux-gnu/libxcb-shm.so.0.0.0
7f8c47dac000-7f8c47dad000 r--p 00001000 fc:00 2892371                    /usr/lib/x86_64-linux-gnu/libxcb-shm.so.0.0.0
7f8c47dad000-7f8c47dae000 rw-p 00002000 fc:00 2892371                    /usr/lib/x86_64-linux-gnu/libxcb-shm.so.0.0.0
7f8c47dae000-7f8c47dd3000 r-xp 00000000 fc:00 6557647                    /lib/x86_64-linux-gnu/libpng12.so.0.49.0
7f8c47dd3000-7f8c47fd2000 ---p 00025000 fc:00 6557647                    /lib/x86_64-linux-gnu/libpng12.so.0.49.0
7f8c47fd2000-7f8c47fd3000 r--p 00024000 fc:00 6557647                    /lib/x86_64-linux-gnu/libpng12.so.0.49.0
7f8c47fd3000-7f8c47fd4000 rw-p 00025000 fc:00 6557647                    /lib/x86_64-linux-gnu/libpng12.so.0.49.0
7f8c47fd4000-7f8c48075000 r-xp 00000000 fc:00 2890002                    /usr/lib/x86_64-linux-gnu/libpixman-1.so.0.30.2
7f8c48075000-7f8c48275000 ---p 000a1000 fc:00 2890002                    /usr/lib/x86_64-linux-gnu/libpixman-1.so.0.30.2
7f8c48275000-7f8c4827c000 r--p 000a1000 fc:00 2890002                    /usr/lib/x86_64-linux-gnu/libpixman-1.so.0.30.2
7f8c4827c000-7f8c4827d000 rw-p 000a8000 fc:00 2890002                    /usr/lib/x86_64-linux-gnu/libpixman-1.so.0.30.2
7f8c4827d000-7f8c48282000 r-xp 00000000 fc:00 2891438                    /usr/lib/x86_64-linux-gnu/libXdmcp.so.6.0.0
7f8c48282000-7f8c48481000 ---p 00005000 fc:00 2891438                    /usr/lib/x86_64-linux-gnu/libXdmcp.so.6.0.0
7f8c48481000-7f8c48482000 r--p 00004000 fc:00 2891438                    /usr/lib/x86_64-linux-gnu/libXdmcp.so.6.0.0
7f8c48482000-7f8c48483000 rw-p 00005000 fc:00 2891438                    /usr/lib/x86_64-linux-gnu/libXdmcp.so.6.0.0
7f8c48483000-7f8c48485000 r-xp 00000000 fc:00 2891427                    /usr/lib/x86_64-linux-gnu/libXau.so.6.0.0
7f8c48485000-7f8c48685000 ---p 00002000 fc:00 2891427                    /usr/lib/x86_64-linux-gnu/libXau.so.6.0.0
7f8c48685000-7f8c48686000 r--p 00002000 fc:00 2891427                    /usr/lib/x86_64-linux-gnu/libXau.so.6.0.0
7f8c48686000-7f8c48687000 rw-p 00003000 fc:00 2891427                    /usr/lib/x86_64-linux-gnu/libXau.so.6.0.0
7f8c48687000-7f8c48696000 r-xp 00000000 fc:00 2887850                    /usr/lib/x86_64-linux-gnu/libavahi-client.so.3.2.9
7f8c48696000-7f8c48896000 ---p 0000f000 fc:00 2887850                    /usr/lib/x86_64-linux-gnu/libavahi-client.so.3.2.9
7f8c48896000-7f8c48897000 r--p 0000f000 fc:00 2887850                    /usr/lib/x86_64-linux-gnu/libavahi-client.so.3.2.9
7f8c48897000-7f8c48898000 rw-p 00010000 fc:00 2887850                    /usr/lib/x86_64-linux-gnu/libavahi-client.so.3.2.9
7f8c48898000-7f8c488a3000 r-xp 00000000 fc:00 2884006                    /usr/lib/x86_64-linux-gnu/libavahi-common.so.3.5.3
7f8c488a3000-7f8c48aa2000 ---p 0000b000 fc:00 2884006                    /usr/lib/x86_64-linux-gnu/libavahi-common.so.3.5.3
7f8c48aa2000-7f8c48aa3000 r--p 0000a000 fc:00 2884006                    /usr/lib/x86_64-linux-gnu/libavahi-common.so.3.5.3
7f8c48aa3000-7f8c48aa4000 rw-p 0000b000 fc:00 2884006                    /usr/lib/x86_64-linux-gnu/libavahi-common.so.3.5.3
7f8c48aa4000-7f8c48b5a000 r-xp 00000000 fc:00 2888317                    /usr/lib/x86_64-linux-gnu/libgnutls.so.26.22.6
7f8c48b5a000-7f8c48d5a000 ---p 000b6000 fc:00 2888317                    /usr/lib/x86_64-linux-gnu/libgnutls.so.26.22.6
7f8c48d5a000-7f8c48d60000 r--p 000b6000 fc:00 2888317                    /usr/lib/x86_64-linux-gnu/libgnutls.so.26.22.6
7f8c48d60000-7f8c48d61000 rw-p 000bc000 fc:00 2888317                    /usr/lib/x86_64-linux-gnu/libgnutls.so.26.22.6
7f8c48d61000-7f8c48d62000 rw-p 00000000 00:00 0 
7f8c48d62000-7f8c48d9d000 r-xp 00000000 fc:00 2891830                    /usr/lib/x86_64-linux-gnu/libgssapi_krb5.so.2.2
7f8c48d9d000-7f8c48f9d000 ---p 0003b000 fc:00 2891830                    /usr/lib/x86_64-linux-gnu/libgssapi_krb5.so.2.2
7f8c48f9d000-7f8c48f9e000 r--p 0003b000 fc:00 2891830                    /usr/lib/x86_64-linux-gnu/libgssapi_krb5.so.2.2
7f8c48f9e000-7f8c48fa0000 rw-p 0003c000 fc:00 2891830                    /usr/lib/x86_64-linux-gnu/libgssapi_krb5.so.2.2
7f8c48fa0000-7f8c48fdd000 r-xp 00000000 fc:00 6557635                    /lib/x86_64-linux-gnu/libpcre.so.3.13.1
7f8c48fdd000-7f8c491dd000 ---p 0003d000 fc:00 6557635                    /lib/x86_64-linux-gnu/libpcre.so.3.13.1
7f8c491dd000-7f8c491de000 r--p 0003d000 fc:00 6557635                    /lib/x86_64-linux-gnu/libpcre.so.3.13.1
7f8c491de000-7f8c491df000 rw-p 0003e000 fc:00 6557635                    /lib/x86_64-linux-gnu/libpcre.so.3.13.1
7f8c491df000-7f8c491e6000 r-xp 00000000 fc:00 2891675                    /usr/lib/x86_64-linux-gnu/libffi.so.6.0.1
7f8c491e6000-7f8c493e5000 ---p 00007000 fc:00 2891675                    /usr/lib/x86_64-linux-gnu/libffi.so.6.0.1
7f8c493e5000-7f8c493e6000 r--p 00006000 fc:00 2891675                    /usr/lib/x86_64-linux-gnu/libffi.so.6.0.1
7f8c493e6000-7f8c493e7000 rw-p 00007000 fc:00 2891675                    /usr/lib/x86_64-linux-gnu/libffi.so.6.0.1
7f8c493e7000-7f8c4940e000 r-xp 00000000 fc:00 6557557                    /lib/x86_64-linux-gnu/libexpat.so.1.6.0
7f8c4940e000-7f8c4960e000 ---p 00027000 fc:00 6557557                    /lib/x86_64-linux-gnu/libexpat.so.1.6.0
7f8c4960e000-7f8c49610000 r--p 00027000 fc:00 6557557                    /lib/x86_64-linux-gnu/libexpat.so.1.6.0
7f8c49610000-7f8c49611000 rw-p 00029000 fc:00 6557557                    /lib/x86_64-linux-gnu/libexpat.so.1.6.0
7f8c49611000-7f8c496ad000 r-xp 00000000 fc:00 2891717                    /usr/lib/x86_64-linux-gnu/libfreetype.so.6.10.1
7f8c496ad000-7f8c498ad000 ---p 0009c000 fc:00 2891717                    /usr/lib/x86_64-linux-gnu/libfreetype.so.6.10.1
7f8c498ad000-7f8c498b2000 r--p 0009c000 fc:00 2891717                    /usr/lib/x86_64-linux-gnu/libfreetype.so.6.10.1
7f8c498b2000-7f8c498b3000 rw-p 000a1000 fc:00 2891717                    /usr/lib/x86_64-linux-gnu/libfreetype.so.6.10.1
7f8c498b3000-7f8c498bb000 r-xp 00000000 fc:00 2892264                    /usr/lib/x86_64-linux-gnu/libthai.so.0.2.0
7f8c498bb000-7f8c49aba000 ---p 00008000 fc:00 2892264                    /usr/lib/x86_64-linux-gnu/libthai.so.0.2.0
7f8c49aba000-7f8c49abb000 r--p 00007000 fc:00 2892264                    /usr/lib/x86_64-linux-gnu/libthai.so.0.2.0
7f8c49abb000-7f8c49abc000 rw-p 00008000 fc:00 2892264                    /usr/lib/x86_64-linux-gnu/libthai.so.0.2.0
7f8c49abc000-7f8c49ad2000 r-xp 00000000 fc:00 6557658                    /lib/x86_64-linux-gnu/libresolv-2.17.so
7f8c49ad2000-7f8c49cd2000 ---p 00016000 fc:00 6557658                    /lib/x86_64-linux-gnu/libresolv-2.17.so
7f8c49cd2000-7f8c49cd3000 r--p 00016000 fc:00 6557658                    /lib/x86_64-linux-gnu/libresolv-2.17.so
7f8c49cd3000-7f8c49cd4000 rw-p 00017000 fc:00 6557658                    /lib/x86_64-linux-gnu/libresolv-2.17.so
7f8c49cd4000-7f8c49cd6000 rw-p 00000000 00:00 0 
7f8c49cd6000-7f8c49cf5000 r-xp 00000000 fc:00 6557662                    /lib/x86_64-linux-gnu/libselinux.so.1
7f8c49cf5000-7f8c49ef5000 ---p 0001f000 fc:00 6557662                    /lib/x86_64-linux-gnu/libselinux.so.1
7f8c49ef5000-7f8c49ef6000 r--p 0001f000 fc:00 6557662                    /lib/x86_64-linux-gnu/libselinux.so.1
7f8c49ef6000-7f8c49ef7000 rw-p 00020000 fc:00 6557662                    /lib/x86_64-linux-gnu/libselinux.so.1
7f8c49ef7000-7f8c49ef8000 rw-p 00000000 00:00 0 
7f8c49ef8000-7f8c49efa000 r-xp 00000000 fc:00 2891436                    /usr/lib/x86_64-linux-gnu/libXdamage.so.1.1.0
7f8c49efa000-7f8c4a0f9000 ---p 00002000 fc:00 2891436                    /usr/lib/x86_64-linux-gnu/libXdamage.so.1.1.0
7f8c4a0f9000-7f8c4a0fa000 r--p 00001000 fc:00 2891436                    /usr/lib/x86_64-linux-gnu/libXdamage.so.1.1.0
7f8c4a0fa000-7f8c4a0fb000 rw-p 00002000 fc:00 2891436                    /usr/lib/x86_64-linux-gnu/libXdamage.so.1.1.0
7f8c4a0fb000-7f8c4a0fd000 r-xp 00000000 fc:00 2891432                    /usr/lib/x86_64-linux-gnu/libXcomposite.so.1.0.0
7f8c4a0fd000-7f8c4a2fc000 ---p 00002000 fc:00 2891432                    /usr/lib/x86_64-linux-gnu/libXcomposite.so.1.0.0
7f8c4a2fc000-7f8c4a2fd000 r--p 00001000 fc:00 2891432                    /usr/lib/x86_64-linux-gnu/libXcomposite.so.1.0.0
7f8c4a2fd000-7f8c4a2fe000 rw-p 00002000 fc:00 2891432                    /usr/lib/x86_64-linux-gnu/libXcomposite.so.1.0.0
7f8c4a2fe000-7f8c4a307000 r-xp 00000000 fc:00 2891434                    /usr/lib/x86_64-linux-gnu/libXcursor.so.1.0.2
7f8c4a307000-7f8c4a506000 ---p 00009000 fc:00 2891434                    /usr/lib/x86_64-linux-gnu/libXcursor.so.1.0.2
7f8c4a506000-7f8c4a507000 r--p 00008000 fc:00 2891434                    /usr/lib/x86_64-linux-gnu/libXcursor.so.1.0.2
7f8c4a507000-7f8c4a508000 rw-p 00009000 fc:00 2891434                    /usr/lib/x86_64-linux-gnu/libXcursor.so.1.0.2
7f8c4a508000-7f8c4a511000 r-xp 00000000 fc:00 2891460                    /usr/lib/x86_64-linux-gnu/libXrandr.so.2.2.0
7f8c4a511000-7f8c4a710000 ---p 00009000 fc:00 2891460                    /usr/lib/x86_64-linux-gnu/libXrandr.so.2.2.0
7f8c4a710000-7f8c4a711000 r--p 00008000 fc:00 2891460                    /usr/lib/x86_64-linux-gnu/libXrandr.so.2.2.0
7f8c4a711000-7f8c4a712000 rw-p 00009000 fc:00 2891460                    /usr/lib/x86_64-linux-gnu/libXrandr.so.2.2.0
7f8c4a712000-7f8c4a714000 r-xp 00000000 fc:00 2891450                    /usr/lib/x86_64-linux-gnu/libXinerama.so.1.0.0
7f8c4a714000-7f8c4a913000 ---p 00002000 fc:00 2891450                    /usr/lib/x86_64-linux-gnu/libXinerama.so.1.0.0
7f8c4a913000-7f8c4a914000 r--p 00001000 fc:00 2891450                    /usr/lib/x86_64-linux-gnu/libXinerama.so.1.0.0
7f8c4a914000-7f8c4a915000 rw-p 00002000 fc:00 2891450                    /usr/lib/x86_64-linux-gnu/libXinerama.so.1.0.0
7f8c4a915000-7f8c4a929000 r-xp 00000000 fc:00 2892110                    /usr/lib/x86_64-linux-gnu/libpangoft2-1.0.so.0.3200.5
7f8c4a929000-7f8c4ab28000 ---p 00014000 fc:00 2892110                    /usr/lib/x86_64-linux-gnu/libpangoft2-1.0.so.0.3200.5
7f8c4ab28000-7f8c4ab29000 r--p 00013000 fc:00 2892110                    /usr/lib/x86_64-linux-gnu/libpangoft2-1.0.so.0.3200.5
7f8c4ab29000-7f8c4ab2a000 rw-p 00014000 fc:00 2892110                    /usr/lib/x86_64-linux-gnu/libpangoft2-1.0.so.0.3200.5
7f8c4ab2a000-7f8c4ac2e000 r-xp 00000000 fc:00 2891547                    /usr/lib/x86_64-linux-gnu/libcairo.so.2.11200.16
7f8c4ac2e000-7f8c4ae2d000 ---p 00104000 fc:00 2891547                    /usr/lib/x86_64-linux-gnu/libcairo.so.2.11200.16
7f8c4ae2d000-7f8c4ae30000 r--p 00103000 fc:00 2891547                    /usr/lib/x86_64-linux-gnu/libcairo.so.2.11200.16
7f8c4ae30000-7f8c4ae31000 rw-p 00106000 fc:00 2891547                    /usr/lib/x86_64-linux-gnu/libcairo.so.2.11200.16
7f8c4ae31000-7f8c4ae33000 rw-p 00000000 00:00 0 
7f8c4ae33000-7f8c4ae52000 r-xp 00000000 fc:00 2891507                    /usr/lib/x86_64-linux-gnu/libatk-1.0.so.0.21009.1
7f8c4ae52000-7f8c4b052000 ---p 0001f000 fc:00 2891507                    /usr/lib/x86_64-linux-gnu/libatk-1.0.so.0.21009.1
7f8c4b052000-7f8c4b054000 r--p 0001f000 fc:00 2891507                    /usr/lib/x86_64-linux-gnu/libatk-1.0.so.0.21009.1
7f8c4b054000-7f8c4b055000 rw-p 00021000 fc:00 2891507                    /usr/lib/x86_64-linux-gnu/libatk-1.0.so.0.21009.1
7f8c4b055000-7f8c4b05a000 r-xp 00000000 fc:00 2891442                    /usr/lib/x86_64-linux-gnu/libXfixes.so.3.1.0
7f8c4b05a000-7f8c4b259000 ---p 00005000 fc:00 2891442                    /usr/lib/x86_64-linux-gnu/libXfixes.so.3.1.0
7f8c4b259000-7f8c4b25a000 r--p 00004000 fc:00 2891442                    /usr/lib/x86_64-linux-gnu/libXfixes.so.3.1.0
7f8c4b25a000-7f8c4b25b000 rw-p 00005000 fc:00 2891442                    /usr/lib/x86_64-linux-gnu/libXfixes.so.3.1.0
7f8c4b25b000-7f8c4b266000 r-xp 00000000 fc:00 2892108                    /usr/lib/x86_64-linux-gnu/libpangocairo-1.0.so.0.3200.5
7f8c4b266000-7f8c4b466000 ---p 0000b000 fc:00 2892108                    /usr/lib/x86_64-linux-gnu/libpangocairo-1.0.so.0.3200.5
7f8c4b466000-7f8c4b467000 r--p 0000b000 fc:00 2892108                    /usr/lib/x86_64-linux-gnu/libpangocairo-1.0.so.0.3200.5
7f8c4b467000-7f8c4b468000 rw-p 0000c000 fc:00 2892108                    /usr/lib/x86_64-linux-gnu/libpangocairo-1.0.so.0.3200.5
7f8c4b468000-7f8c4b46b000 r-xp 00000000 fc:00 2888049                    /usr/lib/x86_64-linux-gnu/libgmodule-2.0.so.0.3800.1
7f8c4b46b000-7f8c4b66a000 ---p 00003000 fc:00 2888049                    /usr/lib/x86_64-linux-gnu/libgmodule-2.0.so.0.3800.1
7f8c4b66a000-7f8c4b66b000 r--p 00002000 fc:00 2888049                    /usr/lib/x86_64-linux-gnu/libgmodule-2.0.so.0.3800.1
7f8c4b66b000-7f8c4b66c000 rw-p 00003000 fc:00 2888049                    /usr/lib/x86_64-linux-gnu/libgmodule-2.0.so.0.3800.1
7f8c4b66c000-7f8c4b689000 r-xp 00000000 fc:00 2892379                    /usr/lib/x86_64-linux-gnu/libxcb.so.1.1.0
7f8c4b689000-7f8c4b888000 ---p 0001d000 fc:00 2892379                    /usr/lib/x86_64-linux-gnu/libxcb.so.1.1.0
7f8c4b888000-7f8c4b889000 r--p 0001c000 fc:00 2892379                    /usr/lib/x86_64-linux-gnu/libxcb.so.1.1.0
7f8c4b889000-7f8c4b88a000 rw-p 0001d000 fc:00 2892379                    /usr/lib/x86_64-linux-gnu/libxcb.so.1.1.0
7f8c4b88a000-7f8c4b8f6000 r-xp 00000000 fc:00 2884101                    /usr/lib/x86_64-linux-gnu/libcups.so.2
7f8c4b8f6000-7f8c4baf5000 ---p 0006c000 fc:00 2884101                    /usr/lib/x86_64-linux-gnu/libcups.so.2
7f8c4baf5000-7f8c4bafc000 r--p 0006b000 fc:00 2884101                    /usr/lib/x86_64-linux-gnu/libcups.so.2
7f8c4bafc000-7f8c4bafd000 rw-p 00072000 fc:00 2884101                    /usr/lib/x86_64-linux-gnu/libcups.so.2
7f8c4bafd000-7f8c4bbfb000 r-xp 00000000 fc:00 6557487                    /lib/x86_64-linux-gnu/libglib-2.0.so.0.3800.1
7f8c4bbfb000-7f8c4bdfb000 ---p 000fe000 fc:00 6557487                    /lib/x86_64-linux-gnu/libglib-2.0.so.0.3800.1
7f8c4bdfb000-7f8c4bdfc000 r--p 000fe000 fc:00 6557487                    /lib/x86_64-linux-gnu/libglib-2.0.so.0.3800.1
7f8c4bdfc000-7f8c4bdfd000 rw-p 000ff000 fc:00 6557487                    /lib/x86_64-linux-gnu/libglib-2.0.so.0.3800.1
7f8c4bdfd000-7f8c4bdfe000 rw-p 00000000 00:00 0 
7f8c4bdfe000-7f8c4bdff000 r-xp 00000000 fc:00 2888048                    /usr/lib/x86_64-linux-gnu/libgthread-2.0.so.0.3800.1
7f8c4bdff000-7f8c4bffe000 ---p 00001000 fc:00 2888048                    /usr/lib/x86_64-linux-gnu/libgthread-2.0.so.0.3800.1
7f8c4bffe000-7f8c4bfff000 r--p 00000000 fc:00 2888048                    /usr/lib/x86_64-linux-gnu/libgthread-2.0.so.0.3800.1
7f8c4bfff000-7f8c4c000000 rw-p 00001000 fc:00 2888048                    /usr/lib/x86_64-linux-gnu/libgthread-2.0.so.0.3800.1
7f8c4c000000-7f8c4c559000 rw-p 00000000 00:00 0 
7f8c4c559000-7f8c50000000 ---p 00000000 00:00 0 
7f8c50000000-7f8c50021000 rw-p 00000000 00:00 0 
7f8c50021000-7f8c54000000 ---p 00000000 00:00 0 
7f8c54000000-7f8c54021000 rw-p 00000000 00:00 0 
7f8c54021000-7f8c58000000 ---p 00000000 00:00 0 
7f8c58000000-7f8c58c04000 rw-p 00000000 00:00 0 
7f8c58c04000-7f8c5c000000 ---p 00000000 00:00 0 
7f8c5c000000-7f8c5c021000 rw-p 00000000 00:00 0 
7f8c5c021000-7f8c60000000 ---p 00000000 00:00 0 
7f8c60000000-7f8c60021000 rw-p 00000000 00:00 0 
7f8c60021000-7f8c64000000 ---p 00000000 00:00 0 
7f8c64000000-7f8c64021000 rw-p 00000000 00:00 0 
7f8c64021000-7f8c68000000 ---p 00000000 00:00 0 
7f8c680d7000-7f8c680d8000 rw-s 118863000 00:05 9086                      /dev/dri/card0
7f8c680d8000-7f8c680d9000 rw-s 118862000 00:05 9086                      /dev/dri/card0
7f8c680d9000-7f8c680da000 rw-s 118861000 00:05 9086                      /dev/dri/card0
7f8c680da000-7f8c680de000 rw-s 00000000 00:04 171928                     /drm mm object (deleted)
7f8c680e0000-7f8c680e2000 rw-s 1089ec000 00:05 9086                      /dev/dri/card0
7f8c680e2000-7f8c680e3000 rw-s 00000000 00:04 171926                     /drm mm object (deleted)
7f8c680e3000-7f8c680e4000 rw-s 00000000 00:04 171925                     /drm mm object (deleted)
7f8c680e4000-7f8c680e5000 rw-s 00000000 00:04 171924                     /drm mm object (deleted)
7f8c680e5000-7f8c680e6000 rw-s 00000000 00:04 171923                     /drm mm object (deleted)
7f8c680e6000-7f8c680e7000 rw-s 00000000 00:04 171922                     /drm mm object (deleted)
7f8c680e7000-7f8c680e8000 rw-s 00000000 00:04 171921                     /drm mm object (deleted)
7f8c680e8000-7f8c680e9000 rw-s 00000000 00:04 171920                     /drm mm object (deleted)
7f8c680e9000-7f8c680ea000 rw-s 00000000 00:04 171919                     /drm mm object (deleted)
7f8c680ea000-7f8c680eb000 rw-s 00000000 00:04 171918                     /drm mm object (deleted)
7f8c680eb000-7f8c680ec000 rw-s 00000000 00:04 171917                     /drm mm object (deleted)
7f8c680ec000-7f8c680ed000 rw-s 00000000 00:04 171916                     /drm mm object (deleted)
7f8c680ed000-7f8c680ee000 rw-s 00000000 00:04 171915                     /drm mm object (deleted)
7f8c680ee000-7f8c680ef000 rw-s 00000000 00:04 171914                     /drm mm object (deleted)
7f8c680ef000-7f8c680f0000 rw-s 00000000 00:04 171913                     /drm mm object (deleted)
7f8c680f0000-7f8c680f1000 rw-s 00000000 00:04 171912                     /drm mm object (deleted)
7f8c680f1000-7f8c680f2000 rw-s 00000000 00:04 171911                     /drm mm object (deleted)
7f8c680f2000-7f8c68141000 r-xp 00000000 fc:00 2883988                    /usr/lib/x86_64-linux-gnu/libgobject-2.0.so.0.3800.1
7f8c68141000-7f8c68341000 ---p 0004f000 fc:00 2883988                    /usr/lib/x86_64-linux-gnu/libgobject-2.0.so.0.3800.1
7f8c68341000-7f8c68342000 r--p 0004f000 fc:00 2883988                    /usr/lib/x86_64-linux-gnu/libgobject-2.0.so.0.3800.1
7f8c68342000-7f8c68343000 rw-p 00050000 fc:00 2883988                    /usr/lib/x86_64-linux-gnu/libgobject-2.0.so.0.3800.1
7f8c68343000-7f8c6837c000 r-xp 00000000 fc:00 2891689                    /usr/lib/x86_64-linux-gnu/libfontconfig.so.1.7.0
7f8c6837c000-7f8c6857c000 ---p 00039000 fc:00 2891689                    /usr/lib/x86_64-linux-gnu/libfontconfig.so.1.7.0
7f8c6857c000-7f8c6857e000 r--p 00039000 fc:00 2891689                    /usr/lib/x86_64-linux-gnu/libfontconfig.so.1.7.0
7f8c6857e000-7f8c6857f000 rw-p 0003b000 fc:00 2891689                    /usr/lib/x86_64-linux-gnu/libfontconfig.so.1.7.0
7f8c6857f000-7f8c685c9000 r-xp 00000000 fc:00 2892106                    /usr/lib/x86_64-linux-gnu/libpango-1.0.so.0.3200.5
7f8c685c9000-7f8c687c8000 ---p 0004a000 fc:00 2892106                    /usr/lib/x86_64-linux-gnu/libpango-1.0.so.0.3200.5
7f8c687c8000-7f8c687ca000 r--p 00049000 fc:00 2892106                    /usr/lib/x86_64-linux-gnu/libpango-1.0.so.0.3200.5
7f8c687ca000-7f8c687cb000 rw-p 0004b000 fc:00 2892106                    /usr/lib/x86_64-linux-gnu/libpango-1.0.so.0.3200.5
7f8c687cb000-7f8c687ea000 r-xp 00000000 fc:00 2891756                    /usr/lib/x86_64-linux-gnu/libgdk_pixbuf-2.0.so.0.2800.1
7f8c687ea000-7f8c689e9000 ---p 0001f000 fc:00 2891756                    /usr/lib/x86_64-linux-gnu/libgdk_pixbuf-2.0.so.0.2800.1
7f8c689e9000-7f8c689ea000 r--p 0001e000 fc:00 2891756                    /usr/lib/x86_64-linux-gnu/libgdk_pixbuf-2.0.so.0.2800.1
7f8c689ea000-7f8c689eb000 rw-p 0001f000 fc:00 2891756                    /usr/lib/x86_64-linux-gnu/libgdk_pixbuf-2.0.so.0.2800.1
7f8c689eb000-7f8c68b47000 r-xp 00000000 fc:00 2883969                    /usr/lib/x86_64-linux-gnu/libgio-2.0.so.0.3800.1
7f8c68b47000-7f8c68d46000 ---p 0015c000 fc:00 2883969                    /usr/lib/x86_64-linux-gnu/libgio-2.0.so.0.3800.1
7f8c68d46000-7f8c68d4a000 r--p 0015b000 fc:00 2883969                    /usr/lib/x86_64-linux-gnu/libgio-2.0.so.0.3800.1
7f8c68d4a000-7f8c68d4c000 rw-p 0015f000 fc:00 2883969                    /usr/lib/x86_64-linux-gnu/libgio-2.0.so.0.3800.1
7f8c68d4c000-7f8c68d4e000 rw-p 00000000 00:00 0 
7f8c68d4e000-7f8c68dfb000 r-xp 00000000 fc:00 2891754                    /usr/lib/x86_64-linux-gnu/libgdk-x11-2.0.so.0.2400.20
7f8c68dfb000-7f8c68ffa000 ---p 000ad000 fc:00 2891754                    /usr/lib/x86_64-linux-gnu/libgdk-x11-2.0.so.0.2400.20
7f8c68ffa000-7f8c68ffe000 r--p 000ac000 fc:00 2891754                    /usr/lib/x86_64-linux-gnu/libgdk-x11-2.0.so.0.2400.20
7f8c68ffe000-7f8c69000000 rw-p 000b0000 fc:00 2891754                    /usr/lib/x86_64-linux-gnu/libgdk-x11-2.0.so.0.2400.20
7f8c69000000-7f8c69270000 rwxp 00000000 00:00 0 
7f8c69270000-7f8c6cbfa000 rw-p 00000000 00:00 0 
7f8c6cbfa000-7f8c70000000 ---p 00000000 00:00 0 
7f8c70000000-7f8c70001000 rw-s 00000000 00:04 171910                     /drm mm object (deleted)
7f8c70001000-7f8c70002000 rw-s 00000000 00:04 171909                     /drm mm object (deleted)
7f8c70002000-7f8c70003000 rw-s 00000000 00:04 171908                     /drm mm object (deleted)
7f8c70003000-7f8c70004000 rw-s 00000000 00:04 171907                     /drm mm object (deleted)
7f8c70004000-7f8c70005000 rw-s 00000000 00:04 171906                     /drm mm object (deleted)
7f8c70005000-7f8c70006000 rw-s 00000000 00:04 171905                     /drm mm object (deleted)
7f8c70006000-7f8c70007000 rw-s 00000000 00:04 171904                     /drm mm object (deleted)
7f8c70007000-7f8c70008000 rw-s 00000000 00:04 171903                     /drm mm object (deleted)
7f8c70008000-7f8c70009000 rw-s 00000000 00:04 171902                     /drm mm object (deleted)
7f8c70009000-7f8c7000a000 rw-s 00000000 00:04 171901                     /drm mm object (deleted)
7f8c7000a000-7f8c7000b000 rw-s 00000000 00:04 171900                     /drm mm object (deleted)
7f8c7000b000-7f8c7000c000 rw-s 00000000 00:04 171899                     /drm mm object (deleted)
7f8c7000c000-7f8c7000d000 rw-s 00000000 00:04 171898                     /drm mm object (deleted)
7f8c7000d000-7f8c7000e000 rw-s 00000000 00:04 171897                     /drm mm object (deleted)
7f8c7000e000-7f8c7000f000 rw-s 00000000 00:04 171896                     /drm mm object (deleted)
7f8c7000f000-7f8c70010000 rw-s 00000000 00:04 171895                     /drm mm object (deleted)
7f8c70010000-7f8c70011000 rw-s 00000000 00:04 171894                     /drm mm object (deleted)
7f8c70011000-7f8c70012000 rw-s 00000000 00:04 171893                     /drm mm object (deleted)
7f8c70012000-7f8c70013000 rw-s 00000000 00:04 171892                     /drm mm object (deleted)
7f8c70013000-7f8c70014000 rw-s 00000000 00:04 171891                     /drm mm object (deleted)
7f8c70014000-7f8c70015000 rw-s 00000000 00:04 171890                     /drm mm object (deleted)
7f8c70015000-7f8c70016000 rw-s 00000000 00:04 171889                     /drm mm object (deleted)
7f8c70016000-7f8c70017000 rw-s 00000000 00:04 171888                     /drm mm object (deleted)
7f8c70017000-7f8c70018000 rw-s 00000000 00:04 171887                     /drm mm object (deleted)
7f8c70018000-7f8c70019000 rw-s 00000000 00:04 171886                     /drm mm object (deleted)
7f8c70019000-7f8c7001a000 rw-s 00000000 00:04 171885                     /drm mm object (deleted)
7f8c7001a000-7f8c7001b000 rw-s 00000000 00:04 171884                     /drm mm object (deleted)
7f8c7001b000-7f8c7001c000 rw-s 00000000 00:04 171883                     /drm mm object (deleted)
7f8c7001c000-7f8c7001d000 rw-s 00000000 00:04 171882                     /drm mm object (deleted)
7f8c7001d000-7f8c7001e000 rw-s 00000000 00:04 171881                     /drm mm object (deleted)
7f8c7001e000-7f8c7001f000 rw-s 00000000 00:04 171880                     /drm mm object (deleted)
7f8c7001f000-7f8c70020000 rw-s 00000000 00:04 171879                     /drm mm object (deleted)
7f8c70020000-7f8c70021000 rw-s 00000000 00:04 171878                     /drm mm object (deleted)
7f8c70021000-7f8c70022000 rw-s 00000000 00:04 171877                     /drm mm object (deleted)
7f8c70022000-7f8c70023000 rw-s 00000000 00:04 171876                     /drm mm object (deleted)
7f8c70023000-7f8c70024000 rw-s 00000000 00:04 171875                     /drm mm object (deleted)
7f8c70024000-7f8c70025000 rw-s 00000000 00:04 171874                     /drm mm object (deleted)
7f8c70025000-7f8c70026000 rw-s 00000000 00:04 171873                     /drm mm object (deleted)
7f8c70026000-7f8c70027000 rw-s 00000000 00:04 171872                     /drm mm object (deleted)
7f8c70027000-7f8c70028000 rw-s 00000000 00:04 171871                     /drm mm object (deleted)
7f8c70028000-7f8c70029000 rw-s 00000000 00:04 171870                     /drm mm object (deleted)
7f8c70029000-7f8c7002a000 rw-s 00000000 00:04 171846                     /drm mm object (deleted)
7f8c7002a000-7f8c7002c000 rw-s 1089ea000 00:05 9086                      /dev/dri/card0
7f8c7002c000-7f8c70033000 r--s 00000000 fc:00 3148701                    /usr/lib/x86_64-linux-gnu/gconv/gconv-modules.cache
7f8c70035000-7f8c70038000 ---p 00000000 00:00 0 
7f8c70038000-7f8c7006e000 rw-p 00000000 00:00 0                          [stack:19249]
7f8c7006e000-7f8c7049d000 r-xp 00000000 fc:00 2891914                    /usr/lib/x86_64-linux-gnu/libgtk-x11-2.0.so.0.2400.20
7f8c7049d000-7f8c7069c000 ---p 0042f000 fc:00 2891914                    /usr/lib/x86_64-linux-gnu/libgtk-x11-2.0.so.0.2400.20
7f8c7069c000-7f8c706a3000 r--p 0042e000 fc:00 2891914                    /usr/lib/x86_64-linux-gnu/libgtk-x11-2.0.so.0.2400.20
7f8c706a3000-7f8c706a7000 rw-p 00435000 fc:00 2891914                    /usr/lib/x86_64-linux-gnu/libgtk-x11-2.0.so.0.2400.20
7f8c706a7000-7f8c706aa000 rw-p 00000000 00:00 0 
7f8c706aa000-7f8c706b9000 r-xp 00000000 fc:00 2891448                    /usr/lib/x86_64-linux-gnu/libXi.so.6.1.0
7f8c706b9000-7f8c708b8000 ---p 0000f000 fc:00 2891448                    /usr/lib/x86_64-linux-gnu/libXi.so.6.1.0
7f8c708b8000-7f8c708b9000 r--p 0000e000 fc:00 2891448                    /usr/lib/x86_64-linux-gnu/libXi.so.6.1.0
7f8c708b9000-7f8c708ba000 rw-p 0000f000 fc:00 2891448                    /usr/lib/x86_64-linux-gnu/libXi.so.6.1.0
7f8c708ba000-7f8c708bf000 r-xp 00000000 fc:00 2891466                    /usr/lib/x86_64-linux-gnu/libXtst.so.6.1.0
7f8c708bf000-7f8c70abe000 ---p 00005000 fc:00 2891466                    /usr/lib/x86_64-linux-gnu/libXtst.so.6.1.0
7f8c70abe000-7f8c70abf000 r--p 00004000 fc:00 2891466                    /usr/lib/x86_64-linux-gnu/libXtst.so.6.1.0
7f8c70abf000-7f8c70ac0000 rw-p 00005000 fc:00 2891466                    /usr/lib/x86_64-linux-gnu/libXtst.so.6.1.0
7f8c70ac0000-7f8c70ac9000 r-xp 00000000 fc:00 2891462                    /usr/lib/x86_64-linux-gnu/libXrender.so.1.3.0
7f8c70ac9000-7f8c70cc8000 ---p 00009000 fc:00 2891462                    /usr/lib/x86_64-linux-gnu/libXrender.so.1.3.0
7f8c70cc8000-7f8c70cc9000 r--p 00008000 fc:00 2891462                    /usr/lib/x86_64-linux-gnu/libXrender.so.1.3.0
7f8c70cc9000-7f8c70cca000 rw-p 00009000 fc:00 2891462                    /usr/lib/x86_64-linux-gnu/libXrender.so.1.3.0
7f8c70cca000-7f8c70dfa000 r-xp 00000000 fc:00 2891423                    /usr/lib/x86_64-linux-gnu/libX11.so.6.3.0
7f8c70dfa000-7f8c70ffa000 ---p 00130000 fc:00 2891423                    /usr/lib/x86_64-linux-gnu/libX11.so.6.3.0
7f8c70ffa000-7f8c70ffb000 r--p 00130000 fc:00 2891423                    /usr/lib/x86_64-linux-gnu/libX11.so.6.3.0
7f8c70ffb000-7f8c70fff000 rw-p 00131000 fc:00 2891423                    /usr/lib/x86_64-linux-gnu/libX11.so.6.3.0
7f8c70fff000-7f8c71010000 r-xp 00000000 fc:00 2891440                    /usr/lib/x86_64-linux-gnu/libXext.so.6.4.0
7f8c71010000-7f8c7120f000 ---p 00011000 fc:00 2891440                    /usr/lib/x86_64-linux-gnu/libXext.so.6.4.0
7f8c7120f000-7f8c71210000 r--p 00010000 fc:00 2891440                    /usr/lib/x86_64-linux-gnu/libXext.so.6.4.0
7f8c71210000-7f8c71211000 rw-p 00011000 fc:00 2891440                    /usr/lib/x86_64-linux-gnu/libXext.so.6.4.0
7f8c71211000-7f8c71212000 rw-s 1089e8000 00:05 9086                      /dev/dri/card0
7f8c71212000-7f8c71214000 rw-s 00000000 00:04 171847                     /drm mm object (deleted)
7f8c71214000-7f8c71215000 rw-s 1089e7000 00:05 9086                      /dev/dri/card0
7f8c71215000-7f8c71224000 r--s 000be000 fc:00 2105207                    /home/alvin/workspace/Lumen/lib/jar/TWL.jar
7f8c71224000-7f8c7122f000 r--s 000af000 fc:00 2105213                    /home/alvin/workspace/Lumen/lib/jar/slick.jar
7f8c7122f000-7f8c71280000 r-xp 00000000 fc:00 3676055                    /usr/lib/jvm/java-7-openjdk-amd64/jre/lib/amd64/xawt/libmawt.so
7f8c71280000-7f8c7147f000 ---p 00051000 fc:00 3676055                    /usr/lib/jvm/java-7-openjdk-amd64/jre/lib/amd64/xawt/libmawt.so
7f8c7147f000-7f8c71480000 r--p 00050000 fc:00 3676055                    /usr/lib/jvm/java-7-openjdk-amd64/jre/lib/amd64/xawt/libmawt.so
7f8c71480000-7f8c71483000 rw-p 00051000 fc:00 3676055                    /usr/lib/jvm/java-7-openjdk-amd64/jre/lib/amd64/xawt/libmawt.so
7f8c71483000-7f8c71484000 rw-p 00000000 00:00 0 
7f8c71484000-7f8c71524000 r-xp 00000000 fc:00 3546289                    /usr/lib/jvm/java-7-openjdk-amd64/jre/lib/amd64/libawt.so
7f8c71524000-7f8c71723000 ---p 000a0000 fc:00 3546289                    /usr/lib/jvm/java-7-openjdk-amd64/jre/lib/amd64/libawt.so
7f8c71723000-7f8c71724000 r--p 0009f000 fc:00 3546289                    /usr/lib/jvm/java-7-openjdk-amd64/jre/lib/amd64/libawt.so
7f8c71724000-7f8c7172f000 rw-p 000a0000 fc:00 3546289                    /usr/lib/jvm/java-7-openjdk-amd64/jre/lib/amd64/libawt.so
7f8c7172f000-7f8c71754000 rw-p 00000000 00:00 0 
7f8c71754000-7f8c71761000 r--s 000e6000 fc:00 2105211                    /home/alvin/workspace/Lumen/lib/jar/lwjgl.jar
7f8c71761000-7f8c71762000 ---p 00000000 00:00 0 
7f8c71762000-7f8c71862000 rw-p 00000000 00:00 0 
7f8c71862000-7f8c71865000 ---p 00000000 00:00 0 
7f8c71865000-7f8c71963000 rw-p 00000000 00:00 0                          [stack:19244]
7f8c71963000-7f8c71966000 ---p 00000000 00:00 0 
7f8c71966000-7f8c71a64000 rw-p 00000000 00:00 0                          [stack:19243]
7f8c71a64000-7f8c71a67000 ---p 00000000 00:00 0 
7f8c71a67000-7f8c71b65000 rw-p 00000000 00:00 0                          [stack:19242]
7f8c71b65000-7f8c71b68000 ---p 00000000 00:00 0 
7f8c71b68000-7f8c71c66000 rw-p 00000000 00:00 0 
7f8c71c66000-7f8c72479000 r--p 00000000 fc:00 2890467                    /usr/lib/locale/locale-archive
7f8c72479000-7f8c7247c000 ---p 00000000 00:00 0 
7f8c7247c000-7f8c7257a000 rw-p 00000000 00:00 0                          [stack:19240]
7f8c7257a000-7f8c7257d000 ---p 00000000 00:00 0 
7f8c7257d000-7f8c7267b000 rw-p 00000000 00:00 0                          [stack:19239]
7f8c7267b000-7f8c7267c000 ---p 00000000 00:00 0 
7f8c7267c000-7f8c727c4000 rw-p 00000000 00:00 0                          [stack:19238]
7f8c727c4000-7f8c72972000 r--s 01cf4000 fc:00 3546302                    /usr/lib/jvm/java-7-openjdk-amd64/jre/lib/rt.jar
7f8c72972000-7f8c72a76000 rw-p 00000000 00:00 0 
7f8c72a76000-7f8c72abf000 rw-p 00000000 00:00 0 
7f8c72abf000-7f8c72b02000 rw-p 00000000 00:00 0 
7f8c72b02000-7f8c72b9e000 rw-p 00000000 00:00 0 
7f8c72b9e000-7f8c72bc0000 rw-p 00000000 00:00 0 
7f8c72bc0000-7f8c72c0d000 rw-p 00000000 00:00 0 
7f8c72c0d000-7f8c72c50000 rw-p 00000000 00:00 0 
7f8c72c50000-7f8c72ceb000 rw-p 00000000 00:00 0 
7f8c72ceb000-7f8c72cf6000 rw-p 00000000 00:00 0 
7f8c72cf6000-7f8c72d3e000 rw-p 00000000 00:00 0 
7f8c72d3e000-7f8c72d3f000 rw-p 00000000 00:00 0 
7f8c72d3f000-7f8c72d47000 r-xp 00000000 fc:00 3546257                    /usr/lib/jvm/java-7-openjdk-amd64/jre/lib/amd64/libzip.so
7f8c72d47000-7f8c72f46000 ---p 00008000 fc:00 3546257                    /usr/lib/jvm/java-7-openjdk-amd64/jre/lib/amd64/libzip.so
7f8c72f46000-7f8c72f47000 r--p 00007000 fc:00 3546257                    /usr/lib/jvm/java-7-openjdk-amd64/jre/lib/amd64/libzip.so
7f8c72f47000-7f8c72f48000 rw-p 00008000 fc:00 3546257                    /usr/lib/jvm/java-7-openjdk-amd64/jre/lib/amd64/libzip.so
7f8c72f48000-7f8c72f54000 r-xp 00000000 fc:00 6557613                    /lib/x86_64-linux-gnu/libnss_files-2.17.so
7f8c72f54000-7f8c73153000 ---p 0000c000 fc:00 6557613                    /lib/x86_64-linux-gnu/libnss_files-2.17.so
7f8c73153000-7f8c73154000 r--p 0000b000 fc:00 6557613                    /lib/x86_64-linux-gnu/libnss_files-2.17.so
7f8c73154000-7f8c73155000 rw-p 0000c000 fc:00 6557613                    /lib/x86_64-linux-gnu/libnss_files-2.17.so
7f8c73155000-7f8c73160000 r-xp 00000000 fc:00 6557617                    /lib/x86_64-linux-gnu/libnss_nis-2.17.so
7f8c73160000-7f8c7335f000 ---p 0000b000 fc:00 6557617                    /lib/x86_64-linux-gnu/libnss_nis-2.17.so
7f8c7335f000-7f8c73360000 r--p 0000a000 fc:00 6557617                    /lib/x86_64-linux-gnu/libnss_nis-2.17.so
7f8c73360000-7f8c73361000 rw-p 0000b000 fc:00 6557617                    /lib/x86_64-linux-gnu/libnss_nis-2.17.so
7f8c73361000-7f8c73378000 r-xp 00000000 fc:00 6557607                    /lib/x86_64-linux-gnu/libnsl-2.17.so
7f8c73378000-7f8c73577000 ---p 00017000 fc:00 6557607                    /lib/x86_64-linux-gnu/libnsl-2.17.so
7f8c73577000-7f8c73578000 r--p 00016000 fc:00 6557607                    /lib/x86_64-linux-gnu/libnsl-2.17.so
7f8c73578000-7f8c73579000 rw-p 00017000 fc:00 6557607                    /lib/x86_64-linux-gnu/libnsl-2.17.so
7f8c73579000-7f8c7357b000 rw-p 00000000 00:00 0 
7f8c7357b000-7f8c73583000 r-xp 00000000 fc:00 6557609                    /lib/x86_64-linux-gnu/libnss_compat-2.17.so
7f8c73583000-7f8c73782000 ---p 00008000 fc:00 6557609                    /lib/x86_64-linux-gnu/libnss_compat-2.17.so
7f8c73782000-7f8c73783000 r--p 00007000 fc:00 6557609                    /lib/x86_64-linux-gnu/libnss_compat-2.17.so
7f8c73783000-7f8c73784000 rw-p 00008000 fc:00 6557609                    /lib/x86_64-linux-gnu/libnss_compat-2.17.so
7f8c73784000-7f8c737af000 r-xp 00000000 fc:00 3546254                    /usr/lib/jvm/java-7-openjdk-amd64/jre/lib/amd64/libjava.so
7f8c737af000-7f8c739ae000 ---p 0002b000 fc:00 3546254                    /usr/lib/jvm/java-7-openjdk-amd64/jre/lib/amd64/libjava.so
7f8c739ae000-7f8c739af000 r--p 0002a000 fc:00 3546254                    /usr/lib/jvm/java-7-openjdk-amd64/jre/lib/amd64/libjava.so
7f8c739af000-7f8c739b1000 rw-p 0002b000 fc:00 3546254                    /usr/lib/jvm/java-7-openjdk-amd64/jre/lib/amd64/libjava.so
7f8c739b1000-7f8c739c1000 r-xp 00000000 fc:00 3546268                    /usr/lib/jvm/java-7-openjdk-amd64/jre/lib/amd64/libverify.so
7f8c739c1000-7f8c73bc0000 ---p 00010000 fc:00 3546268                    /usr/lib/jvm/java-7-openjdk-amd64/jre/lib/amd64/libverify.so
7f8c73bc0000-7f8c73bc2000 r--p 0000f000 fc:00 3546268                    /usr/lib/jvm/java-7-openjdk-amd64/jre/lib/amd64/libverify.so
7f8c73bc2000-7f8c73bc3000 rw-p 00011000 fc:00 3546268                    /usr/lib/jvm/java-7-openjdk-amd64/jre/lib/amd64/libverify.so
7f8c73bc3000-7f8c73bca000 r-xp 00000000 fc:00 6557660                    /lib/x86_64-linux-gnu/librt-2.17.so
7f8c73bca000-7f8c73dc9000 ---p 00007000 fc:00 6557660                    /lib/x86_64-linux-gnu/librt-2.17.so
7f8c73dc9000-7f8c73dca000 r--p 00006000 fc:00 6557660                    /lib/x86_64-linux-gnu/librt-2.17.so
7f8c73dca000-7f8c73dcb000 rw-p 00007000 fc:00 6557660                    /lib/x86_64-linux-gnu/librt-2.17.so
7f8c73dcb000-7f8c73de0000 r-xp 00000000 fc:00 6553605                    /lib/x86_64-linux-gnu/libgcc_s.so.1
7f8c73de0000-7f8c73fdf000 ---p 00015000 fc:00 6553605                    /lib/x86_64-linux-gnu/libgcc_s.so.1
7f8c73fdf000-7f8c73fe0000 r--p 00014000 fc:00 6553605                    /lib/x86_64-linux-gnu/libgcc_s.so.1
7f8c73fe0000-7f8c73fe1000 rw-p 00015000 fc:00 6553605                    /lib/x86_64-linux-gnu/libgcc_s.so.1
7f8c73fe1000-7f8c740e4000 r-xp 00000000 fc:00 6557588                    /lib/x86_64-linux-gnu/libm-2.17.so
7f8c740e4000-7f8c742e3000 ---p 00103000 fc:00 6557588                    /lib/x86_64-linux-gnu/libm-2.17.so
7f8c742e3000-7f8c742e4000 r--p 00102000 fc:00 6557588                    /lib/x86_64-linux-gnu/libm-2.17.so
7f8c742e4000-7f8c742e5000 rw-p 00103000 fc:00 6557588                    /lib/x86_64-linux-gnu/libm-2.17.so
7f8c742e5000-7f8c743cb000 r-xp 00000000 fc:00 2889861                    /usr/lib/x86_64-linux-gnu/libstdc++.so.6.0.18
7f8c743cb000-7f8c745ca000 ---p 000e6000 fc:00 2889861                    /usr/lib/x86_64-linux-gnu/libstdc++.so.6.0.18
7f8c745ca000-7f8c745d2000 r--p 000e5000 fc:00 2889861                    /usr/lib/x86_64-linux-gnu/libstdc++.so.6.0.18
7f8c745d2000-7f8c745d4000 rw-p 000ed000 fc:00 2889861                    /usr/lib/x86_64-linux-gnu/libstdc++.so.6.0.18
7f8c745d4000-7f8c745e9000 rw-p 00000000 00:00 0 
7f8c745e9000-7f8c750c8000 r-xp 00000000 fc:00 3546282                    /usr/lib/jvm/java-7-openjdk-amd64/jre/lib/amd64/server/libjvm.so
7f8c750c8000-7f8c752c7000 ---p 00adf000 fc:00 3546282                    /usr/lib/jvm/java-7-openjdk-amd64/jre/lib/amd64/server/libjvm.so
7f8c752c7000-7f8c75359000 r--p 00ade000 fc:00 3546282                    /usr/lib/jvm/java-7-openjdk-amd64/jre/lib/amd64/server/libjvm.so
7f8c75359000-7f8c7537c000 rw-p 00b70000 fc:00 3546282                    /usr/lib/jvm/java-7-openjdk-amd64/jre/lib/amd64/server/libjvm.so
7f8c7537c000-7f8c753a9000 rw-p 00000000 00:00 0 
7f8c753a9000-7f8c753c1000 r-xp 00000000 fc:00 6557695                    /lib/x86_64-linux-gnu/libz.so.1.2.8
7f8c753c1000-7f8c755c0000 ---p 00018000 fc:00 6557695                    /lib/x86_64-linux-gnu/libz.so.1.2.8
7f8c755c0000-7f8c755c1000 r--p 00017000 fc:00 6557695                    /lib/x86_64-linux-gnu/libz.so.1.2.8
7f8c755c1000-7f8c755c2000 rw-p 00018000 fc:00 6557695                    /lib/x86_64-linux-gnu/libz.so.1.2.8
7f8c755c2000-7f8c755d9000 r-xp 00000000 fc:00 6557652                    /lib/x86_64-linux-gnu/libpthread-2.17.so
7f8c755d9000-7f8c757d9000 ---p 00017000 fc:00 6557652                    /lib/x86_64-linux-gnu/libpthread-2.17.so
7f8c757d9000-7f8c757da000 r--p 00017000 fc:00 6557652                    /lib/x86_64-linux-gnu/libpthread-2.17.so
7f8c757da000-7f8c757db000 rw-p 00018000 fc:00 6557652                    /lib/x86_64-linux-gnu/libpthread-2.17.so
7f8c757db000-7f8c757df000 rw-p 00000000 00:00 0 
7f8c757df000-7f8c757e2000 r-xp 00000000 fc:00 6557552                    /lib/x86_64-linux-gnu/libdl-2.17.so
7f8c757e2000-7f8c759e1000 ---p 00003000 fc:00 6557552                    /lib/x86_64-linux-gnu/libdl-2.17.so
7f8c759e1000-7f8c759e2000 r--p 00002000 fc:00 6557552                    /lib/x86_64-linux-gnu/libdl-2.17.so
7f8c759e2000-7f8c759e3000 rw-p 00003000 fc:00 6557552                    /lib/x86_64-linux-gnu/libdl-2.17.so
7f8c759e3000-7f8c75ba0000 r-xp 00000000 fc:00 6557537                    /lib/x86_64-linux-gnu/libc-2.17.so
7f8c75ba0000-7f8c75da0000 ---p 001bd000 fc:00 6557537                    /lib/x86_64-linux-gnu/libc-2.17.so
7f8c75da0000-7f8c75da4000 r--p 001bd000 fc:00 6557537                    /lib/x86_64-linux-gnu/libc-2.17.so
7f8c75da4000-7f8c75da6000 rw-p 001c1000 fc:00 6557537                    /lib/x86_64-linux-gnu/libc-2.17.so
7f8c75da6000-7f8c75dab000 rw-p 00000000 00:00 0 
7f8c75dab000-7f8c75db8000 r-xp 00000000 fc:00 3671217                    /usr/lib/jvm/java-7-openjdk-amd64/jre/lib/amd64/jli/libjli.so
7f8c75db8000-7f8c75fb7000 ---p 0000d000 fc:00 3671217                    /usr/lib/jvm/java-7-openjdk-amd64/jre/lib/amd64/jli/libjli.so
7f8c75fb7000-7f8c75fb8000 r--p 0000c000 fc:00 3671217                    /usr/lib/jvm/java-7-openjdk-amd64/jre/lib/amd64/jli/libjli.so
7f8c75fb8000-7f8c75fb9000 rw-p 0000d000 fc:00 3671217                    /usr/lib/jvm/java-7-openjdk-amd64/jre/lib/amd64/jli/libjli.so
7f8c75fb9000-7f8c75fdc000 r-xp 00000000 fc:00 6557513                    /lib/x86_64-linux-gnu/ld-2.17.so
7f8c75fdc000-7f8c75fdd000 rw-s 00000000 00:04 171843                     /drm mm object (deleted)
7f8c75fdd000-7f8c75fde000 rwxp 00000000 00:00 0 
7f8c75fde000-7f8c75fe8000 r--s 000b8000 fc:00 3546292                    /usr/lib/jvm/java-7-openjdk-amd64/jre/lib/resources.jar
7f8c75fe8000-7f8c75fec000 r--s 00027000 fc:00 2105212                    /home/alvin/workspace/Lumen/lib/jar/lwjgl_util.jar
7f8c75fec000-7f8c75ff3000 r--s 00049000 fc:00 2105210                    /home/alvin/workspace/Lumen/lib/jar/kryonet-2.18-all.jar
7f8c75ff3000-7f8c75ff5000 r--s 0000d000 fc:00 2105209                    /home/alvin/workspace/Lumen/lib/jar/jorbis-0.0.15.jar
7f8c75ff5000-7f8c75fff000 rw-p 00000000 00:00 0 
7f8c75fff000-7f8c760b5000 rw-p 00000000 00:00 0 
7f8c760b5000-7f8c760b8000 ---p 00000000 00:00 0 
7f8c760b8000-7f8c761bb000 rw-p 00000000 00:00 0                          [stack:19236]
7f8c761bb000-7f8c761bc000 r--s 00001000 fc:00 2105208                    /home/alvin/workspace/Lumen/lib/jar/jogg-0.0.7.jar
7f8c761bc000-7f8c761bf000 r--s 0000f000 fc:00 3675588                    /usr/lib/jvm/java-7-openjdk-amd64/jre/lib/ext/pulse-java.jar
7f8c761bf000-7f8c761c0000 r--s 00002000 fc:00 3675591                    /usr/lib/jvm/java-7-openjdk-amd64/jre/lib/ext/dnsns.jar
7f8c761c0000-7f8c761c2000 r--s 00006000 fc:00 3286873                    /usr/share/java/java-atk-wrapper.jar
7f8c761c2000-7f8c761c4000 r--s 00012000 fc:00 3675589                    /usr/lib/jvm/java-7-openjdk-amd64/jre/lib/ext/zipfs.jar
7f8c761c4000-7f8c761c8000 r--s 00085000 fc:00 3675587                    /usr/lib/jvm/java-7-openjdk-amd64/jre/lib/ext/localedata.jar
7f8c761c8000-7f8c761cc000 r--s 0003b000 fc:00 3675592                    /usr/lib/jvm/java-7-openjdk-amd64/jre/lib/ext/sunpkcs11.jar
7f8c761cc000-7f8c761cf000 r--s 00032000 fc:00 3675590                    /usr/lib/jvm/java-7-openjdk-amd64/jre/lib/ext/sunjce_provider.jar
7f8c761cf000-7f8c761d7000 rw-s 00000000 fc:00 1441955                    /tmp/hsperfdata_alvin/19230 (deleted)
7f8c761d7000-7f8c761d8000 rw-p 00000000 00:00 0 
7f8c761d8000-7f8c761d9000 ---p 00000000 00:00 0 
7f8c761d9000-7f8c761db000 rw-p 00000000 00:00 0 
7f8c761db000-7f8c761dc000 r--p 00022000 fc:00 6557513                    /lib/x86_64-linux-gnu/ld-2.17.so
7f8c761dc000-7f8c761de000 rw-p 00023000 fc:00 6557513                    /lib/x86_64-linux-gnu/ld-2.17.so
7fff584a2000-7fff584c3000 rw-p 00000000 00:00 0                          [stack]
7fff585fe000-7fff58600000 r-xp 00000000 00:00 0                          [vdso]
ffffffffff600000-ffffffffff601000 r-xp 00000000 00:00 0                  [vsyscall]

VM Arguments:
jvm_args: -Djava.library.path=/home/alvin/workspace/Lumen/lib/native-win:/home/alvin/workspace/Copy of Lumen/LWJGL Library/native/linux:/home/alvin/workspace/Copy of Lumen/LWJGL Library/native/linux:/home/alvin/workspace/Copy of Lumen/LWJGL Library/native/linux:/home/alvin/workspace/Copy of Lumen/LWJGL Library/native/linux:/home/alvin/workspace/Copy of Lumen/LWJGL Library/native/linux:/home/alvin/workspace/Copy of Lumen/LWJGL Library/native/linux:/home/alvin/workspace/Copy of Lumen/LWJGL Library/native/linux -Dfile.encoding=UTF-8 
java_command: game.Main
Launcher Type: SUN_STANDARD

Environment Variables:
PATH=/usr/lib/lightdm/lightdm:/usr/local/sbin:/usr/local/bin:/usr/sbin:/usr/bin:/sbin:/bin:/usr/games:/usr/local/games
SHELL=/bin/bash
DISPLAY=:0

Signal Handlers:
SIGSEGV: [libjvm.so+0x916ea0], sa_mask[0]=0x7ffbfeff, sa_flags=0x10000004
SIGBUS: [libjvm.so+0x916ea0], sa_mask[0]=0x7ffbfeff, sa_flags=0x10000004
SIGFPE: [libjvm.so+0x794800], sa_mask[0]=0x7ffbfeff, sa_flags=0x10000004
SIGPIPE: [libjvm.so+0x794800], sa_mask[0]=0x7ffbfeff, sa_flags=0x10000004
SIGXFSZ: [libjvm.so+0x794800], sa_mask[0]=0x7ffbfeff, sa_flags=0x10000004
SIGILL: [libjvm.so+0x794800], sa_mask[0]=0x7ffbfeff, sa_flags=0x10000004
SIGUSR1: SIG_DFL, sa_mask[0]=0x00000000, sa_flags=0x00000000
SIGUSR2: [libjvm.so+0x7946a0], sa_mask[0]=0x00000004, sa_flags=0x10000004
SIGHUP: [libjvm.so+0x794880], sa_mask[0]=0x7ffbfeff, sa_flags=0x10000004
SIGINT: [libjvm.so+0x794880], sa_mask[0]=0x7ffbfeff, sa_flags=0x10000004
SIGTERM: [libjvm.so+0x794880], sa_mask[0]=0x7ffbfeff, sa_flags=0x10000004
SIGQUIT: [libjvm.so+0x794880], sa_mask[0]=0x7ffbfeff, sa_flags=0x10000004


---------------  S Y S T E M  ---------------

OS:Ubuntu 13.10 (saucy)
uname:Linux 3.11.0-17-generic #31-Ubuntu SMP Mon Feb 3 21:52:43 UTC 2014 x86_64
libc:glibc 2.17 NPTL 2.17 
rlimit: STACK 8192k, CORE 0k, NPROC 15788, NOFILE 4096, AS infinity
load average:0,45 1,03 1,32

/proc/meminfo:
MemTotal:        2041852 kB
MemFree:           71612 kB
Buffers:           11548 kB
Cached:           558020 kB
SwapCached:        41200 kB
Active:          1302064 kB
Inactive:         514956 kB
Active(anon):    1172748 kB
Inactive(anon):   385668 kB
Active(file):     129316 kB
Inactive(file):   129288 kB
Unevictable:          32 kB
Mlocked:              32 kB
SwapTotal:       2088956 kB
SwapFree:        1703108 kB
Dirty:               108 kB
Writeback:             0 kB
AnonPages:       1233292 kB
Mapped:           131356 kB
Shmem:            310888 kB
Slab:              78880 kB
SReclaimable:      44580 kB
SUnreclaim:        34300 kB
KernelStack:        4384 kB
PageTables:        36856 kB
NFS_Unstable:          0 kB
Bounce:                0 kB
WritebackTmp:          0 kB
CommitLimit:     3109880 kB
Committed_AS:    5292600 kB
VmallocTotal:   34359738367 kB
VmallocUsed:      340828 kB
VmallocChunk:   34359393788 kB
HardwareCorrupted:     0 kB
AnonHugePages:         0 kB
HugePages_Total:       0
HugePages_Free:        0
HugePages_Rsvd:        0
HugePages_Surp:        0
Hugepagesize:       2048 kB
DirectMap4k:       50880 kB
DirectMap2M:     2037760 kB


CPU:total 1 (1 cores per cpu, 1 threads per core) family 6 model 22 stepping 1, cmov, cx8, fxsr, mmx, sse, sse2, sse3, ssse3, tsc

/proc/cpuinfo:
processor	: 0
vendor_id	: GenuineIntel
cpu family	: 6
model		: 22
model name	: Intel(R) Celeron(R) CPU          550  @ 2.00GHz
stepping	: 1
microcode	: 0x33
cpu MHz		: 1994.989
cache size	: 1024 KB
fpu		: yes
fpu_exception	: yes
cpuid level	: 10
wp		: yes
flags		: fpu vme de pse tsc msr pae mce cx8 apic sep mtrr pge mca cmov pat pse36 clflush dts acpi mmx fxsr sse sse2 ss tm pbe syscall nx lm constant_tsc arch_perfmon pebs bts rep_good nopl aperfmperf pni dtes64 monitor ds_cpl tm2 ssse3 cx16 xtpr pdcm lahf_lm dtherm
bogomips	: 3989.97
clflush size	: 64
cache_alignment	: 64
address sizes	: 36 bits physical, 48 bits virtual
power management:



Memory: 4k page, physical 2041852k(71612k free), swap 2088956k(1703108k free)

vm_info: OpenJDK 64-Bit Server VM (24.45-b08) for linux-amd64 JRE (1.7.0_51-b00), built on Jan 15 2014 22:02:57 by "buildd" with gcc 4.8.1

time: Mon Mar  3 16:55:04 2014
elapsed time: 33 seconds

