#
# A fatal error has been detected by the Java Runtime Environment:
#
#  SIGSEGV (0xb) at pc=0x0000000000000000, pid=20899, tid=140720226850560
#
# JRE version: OpenJDK Runtime Environment (7.0_51) (build 1.7.0_51-b00)
# Java VM: OpenJDK 64-Bit Server VM (24.45-b08 mixed mode linux-amd64 compressed oops)
# Problematic frame:
# C  0x0000000000000000
#
# Failed to write core dump. Core dumps have been disabled. To enable core dumping, try "ulimit -c unlimited" before starting Java again
#
# If you would like to submit a bug report, please include
# instructions on how to reproduce the bug and visit:
#   http://icedtea.classpath.org/bugzilla
#

---------------  T H R E A D  ---------------

Current thread is native thread

siginfo:si_signo=SIGSEGV: si_errno=0, si_code=1 (SEGV_MAPERR), si_addr=0x0000000000000000

Registers:
RAX=0x00007ffc014e77c0, RBX=0x0000000000000800, RCX=0x0000000000000000, RDX=0x0000000000000000
RSP=0x00007ffbfb224ca8, RBP=0x00007ffc2c68b6c0, RSI=0x0000000000000000, RDI=0x00007ffc2c68b6c0
R8 =0x0000000000000000, R9 =0x0000000000100000, R10=0x0000000000000000, R11=0x00007ffc34c35c0d
R12=0x00007ffc2c68f850, R13=0x0000000000012000, R14=0x0000000000002000, R15=0x00007ffbfb224e58
RIP=0x0000000000000000, EFLAGS=0x0000000000010246, CSGSFS=0x0000000000000033, ERR=0x0000000000000014
  TRAPNO=0x000000000000000e

Top of Stack: (sp=0x00007ffbfb224ca8)
0x00007ffbfb224ca8:   00007ffc012b04d1 0000000000000000
0x00007ffbfb224cb8:   00007ffc14005ca0 00007ffcbb800000
0x00007ffbfb224cc8:   00007ffc34c95729 0000000000000000
0x00007ffbfb224cd8:   00007ffc00bf8fa2 00007ffc2c869860
0x00007ffbfb224ce8:   0000000000000000 0000000000000000
0x00007ffbfb224cf8:   0000000000000000 00007ffc2c871680
0x00007ffbfb224d08:   00007ffc2c870a10 0000000000004000
0x00007ffbfb224d18:   00007ffc00c00cba 00007ffc2c869d10
0x00007ffbfb224d28:   00007ffc200018d0 0000000000000000
0x00007ffbfb224d38:   5700000000000001 0000000000004000
0x00007ffbfb224d48:   00007ffc00c027cb 0000000000000000
0x00007ffbfb224d58:   0000000000000000 0000000000000000
0x00007ffbfb224d68:   0000000000000000 0000000000000000
0x00007ffbfb224d78:   0000000000004000 00007ffc2c870a10
0x00007ffbfb224d88:   00007ffbfb224e58 00007ffbfb224e50
0x00007ffbfb224d98:   00007ffc2c68f850 00007ffc00c1bc60
0x00007ffbfb224da8:   00007ffc0106bbe2 00007ffbfb266040
0x00007ffbfb224db8:   00007ffbfb236040 00000800349a02e0
0x00007ffbfb224dc8:   00007ffbfb224de0 0000000000000000
0x00007ffbfb224dd8:   00007ffc01070eb2 00001fa00000037f
0x00007ffbfb224de8:   00007ffc00be69ff 00007ffc2c871680
0x00007ffbfb224df8:   0000000000004000 00007ffc2c8697e0
0x00007ffbfb224e08:   0000000000000000 00007ffc2c68b6c0
0x00007ffbfb224e18:   0000000000000008 00007ffbfb224e58
0x00007ffbfb224e28:   00007ffc012c6544 0000000000000000
0x00007ffbfb224e38:   00007ffbfb224e50 0000000000002000
0x00007ffbfb224e48:   0000000000006000 00007ffbfb236040
0x00007ffbfb224e58:   0000000000004000 0000000000000000
0x00007ffbfb224e68:   00007ffc2c86ff20 0000000000000000
0x00007ffbfb224e78:   0000000000000000 00007ffc353a2060
0x00007ffbfb224e88:   00007ffc3537a7a0 0000000000001000
0x00007ffbfb224e98:   00007ffc012b973a 0000000000000000 

Instructions: (pc=0x0000000000000000)
0xffffffffffffffe0:   

Register to memory mapping:

RAX=
[error occurred during error reporting (printing register info), id 0xb]

Stack: [0x00007ffbfb125000,0x00007ffbfb226000],  sp=0x00007ffbfb224ca8,  free space=1023k

---------------  P R O C E S S  ---------------

VM state:at safepoint (shutting down)

VM Mutex/Monitor currently owned by a thread:  ([mutex/lock_event])
[0x00007ffc2c006b60] Threads_lock - owner thread: 0x00007ffc2c06c000

Heap
