#
# A fatal error has been detected by the Java Runtime Environment:
#
#  SIGSEGV (0xb) at pc=0x0000000000000000, pid=12065, tid=140610385114880
#
# JRE version: 7.0_25-b30
# Java VM: OpenJDK 64-Bit Server VM (23.7-b01 mixed mode linux-amd64 compressed oops)
# Problematic frame:
# C  0x0000000000000000
#
# Failed to write core dump. Core dumps have been disabled. To enable core dumping, try "ulimit -c unlimited" before starting Java again
#
# If you would like to submit a bug report, please include
# instructions on how to reproduce the bug and visit:
#   https://bugs.launchpad.net/ubuntu/+source/openjdk-7/
#

---------------  T H R E A D  ---------------

Current thread is native thread

siginfo:si_signo=SIGSEGV: si_errno=0, si_code=1 (SEGV_MAPERR), si_addr=0x0000000000000000

Registers:
RAX=0x00007fe26e3a97c0, RBX=0x0000000000000800, RCX=0x0000000000000000, RDX=0x0000000000000000
RSP=0x00007fe2680e6ca8, RBP=0x00007fe2987de0d0, RSI=0x0000000000000000, RDI=0x00007fe2987de0d0
R8 =0x0000000000000000, R9 =0x0000000000100000, R10=0x0000000000000000, R11=0x00007fe2a19b0c0d
R12=0x00007fe2987e2260, R13=0x0000000000012000, R14=0x0000000000002000, R15=0x00007fe2680e6e58
RIP=0x0000000000000000, EFLAGS=0x0000000000010246, CSGSFS=0x0000000000000033, ERR=0x0000000000000014
  TRAPNO=0x000000000000000e

Top of Stack: (sp=0x00007fe2680e6ca8)
0x00007fe2680e6ca8:   00007fe26e1724d1 0000000000000000
0x00007fe2680e6cb8:   00007fe280005ca0 00007fe2bb800000
0x00007fe2680e6cc8:   00007fe2a1a10729 0000000000000000
0x00007fe2680e6cd8:   00007fe26dabafa2 00007fe2987d7310
0x00007fe2680e6ce8:   0000000000000000 0000000000000000
0x00007fe2680e6cf8:   0000000000000000 00007fe2987d9e90
0x00007fe2680e6d08:   00007fe2987d9ac0 0000000000004000
0x00007fe2680e6d18:   00007fe26dac2cba 00007fe2987d7740
0x00007fe2680e6d28:   00007fe28c006c50 0000000000000000
0x00007fe2680e6d38:   5700000000000001 0000000000004000
0x00007fe2680e6d48:   00007fe26dac47cb 0000000000000000
0x00007fe2680e6d58:   0000000000000000 0000000000000000
0x00007fe2680e6d68:   0000000000000000 0000000000000000
0x00007fe2680e6d78:   0000000000004000 00007fe2987d9ac0
0x00007fe2680e6d88:   00007fe2680e6e58 00007fe2680e6e50
0x00007fe2680e6d98:   00007fe2987e2260 00007fe26daddc60
0x00007fe2680e6da8:   00007fe26df2dbe2 00007fe268198040
0x00007fe2680e6db8:   00007fe2683d8040 00000800a171b2e0
0x00007fe2680e6dc8:   00007fe2680e6de0 0000000000000000
0x00007fe2680e6dd8:   00007fe26df32eb2 00001fa00000037f
0x00007fe2680e6de8:   00007fe26daa89ff 00007fe2987d9e90
0x00007fe2680e6df8:   0000000000004000 00007fe2987d9750
0x00007fe2680e6e08:   0000000000000000 00007fe2987de0d0
0x00007fe2680e6e18:   0000000000000008 00007fe2680e6e58
0x00007fe2680e6e28:   00007fe26e188544 0000000000000000
0x00007fe2680e6e38:   00007fe2680e6e50 0000000000002000
0x00007fe2680e6e48:   0000000000006000 00007fe2683d8040
0x00007fe2680e6e58:   0000000000004000 0000000000000000
0x00007fe2680e6e68:   00007fe2987d9be0 0000000000000000
0x00007fe2680e6e78:   0000000000000000 00007fe2a211d060
0x00007fe2680e6e88:   00007fe2a20f6ae0 0000000000001000
0x00007fe2680e6e98:   00007fe26e17b73a 0000000000000000 

Instructions: (pc=0x0000000000000000)
0xffffffffffffffe0:   

Register to memory mapping:

RAX=
[error occurred during error reporting (printing register info), id 0xb]

Stack: [0x00007fe267fe7000,0x00007fe2680e8000],  sp=0x00007fe2680e6ca8,  free space=1023k

---------------  P R O C E S S  ---------------

VM state:at safepoint (shutting down)

VM Mutex/Monitor currently owned by a thread:  ([mutex/lock_event])
[0x00007fe298005b00] Threads_lock - owner thread: 0x00007fe29809e000

Heap
