#
# A fatal error has been detected by the Java Runtime Environment:
#
#  SIGSEGV (0xb) at pc=0x0000000000000000, pid=3423, tid=140228627310336
#
# JRE version: 7.0_25-b30
# Java VM: OpenJDK 64-Bit Server VM (23.7-b01 mixed mode linux-amd64 compressed oops)
# Problematic frame:
# C  0x0000000000000000
#
# Failed to write core dump. Core dumps have been disabled. To enable core dumping, try "ulimit -c unlimited" before starting Java again
#
# If you would like to submit a bug report, please include
# instructions on how to reproduce the bug and visit:
#   https://bugs.launchpad.net/ubuntu/+source/openjdk-7/
#

---------------  T H R E A D  ---------------

Current thread is native thread

siginfo:si_signo=SIGSEGV: si_errno=0, si_code=1 (SEGV_MAPERR), si_addr=0x0000000000000000

Registers:
RAX=0x00007f898bb0c7c0, RBX=0x0000000000000800, RCX=0x0000000000000000, RDX=0x0000000000000000
RSP=0x00007f8985849ca8, RBP=0x00007f89b881e350, RSI=0x0000000000000000, RDI=0x00007f89b881e350
R8 =0x0000000000000000, R9 =0x0000000000100000, R10=0x0000000000000000, R11=0x00007f89bf0d6c0d
R12=0x00007f89b88224e0, R13=0x0000000000012000, R14=0x0000000000002000, R15=0x00007f8985849e58
RIP=0x0000000000000000, EFLAGS=0x0000000000010246, CSGSFS=0x0000000000000033, ERR=0x0000000000000014
  TRAPNO=0x000000000000000e

Top of Stack: (sp=0x00007f8985849ca8)
0x00007f8985849ca8:   00007f898b8d54d1 00007f89bf04fef0
0x00007f8985849cb8:   00007f89a0005ca0 00007f89bb800000
0x00007f8985849cc8:   00007f89bf136729 0000000000000000
0x00007f8985849cd8:   00007f898b21dfa2 00007f89b88174b0
0x00007f8985849ce8:   0000000000000000 0000000000000000
0x00007f8985849cf8:   0000000000000000 00007f89b881a140
0x00007f8985849d08:   00007f89b8819d40 0000000000004000
0x00007f8985849d18:   00007f898b225cba 00007f89b8817900
0x00007f8985849d28:   00007f89ac000f60 0000000000000000
0x00007f8985849d38:   5700000000000001 0000000000004000
0x00007f8985849d48:   00007f898b2277cb 0000000000000000
0x00007f8985849d58:   0000000000000000 0000000000000000
0x00007f8985849d68:   0000000000000000 0000000000000000
0x00007f8985849d78:   0000000000004000 00007f89b8819d40
0x00007f8985849d88:   00007f8985849e58 00007f8985849e50
0x00007f8985849d98:   00007f89b88224e0 00007f898b240c60
0x00007f8985849da8:   00007f898b690be2 00007f89858bb040
0x00007f8985849db8:   00007f89858db040 00000800bee412e0
0x00007f8985849dc8:   00007f8985849de0 0000000000000000
0x00007f8985849dd8:   00007f898b695eb2 00001fa00000037f
0x00007f8985849de8:   00007f898b20b9ff 00007f89b881a140
0x00007f8985849df8:   0000000000004000 00007f89b88199d0
0x00007f8985849e08:   0000000000000000 00007f89b881e350
0x00007f8985849e18:   0000000000000008 00007f8985849e58
0x00007f8985849e28:   00007f898b8eb544 0000000000000000
0x00007f8985849e38:   00007f8985849e50 0000000000002000
0x00007f8985849e48:   0000000000006000 00007f89858db040
0x00007f8985849e58:   0000000000004000 0000000000000000
0x00007f8985849e68:   00007f89b881c2e0 0000000000000000
0x00007f8985849e78:   0000000000000000 00007f89bf843060
0x00007f8985849e88:   00007f89bf81cae0 0000000000001000
0x00007f8985849e98:   00007f898b8de73a 0000000000000000 

Instructions: (pc=0x0000000000000000)
0xffffffffffffffe0:   

Register to memory mapping:

RAX=
[error occurred during error reporting (printing register info), id 0xb]

Stack: [0x00007f898574a000,0x00007f898584b000],  sp=0x00007f8985849ca8,  free space=1023k

---------------  P R O C E S S  ---------------

VM state:at safepoint (shutting down)

VM Mutex/Monitor currently owned by a thread:  ([mutex/lock_event])
[0x00007f89b8005b00] Threads_lock - owner thread: 0x00007f89b809e000

Heap
 def new generation   total 61248K, used 52032K [0x00000000cc000000, 0x00000000d0270000, 0x00000000d9e00000)
  eden space 54464K,  95% used [0x00000000cc000000, 0x00000000cf2d0268, 0x00000000cf530000)
  from space 6784K,   0% used [0x00000000cf530000, 0x00000000cf530000, 0x00000000cfbd0000)
  to   space 6784K,   0% used [0x00000000cfbd0000, 0x00000000cfbd0000, 0x00000000d0270000)
 tenured generation   total 136012K, used 66628K [0x00000000d9e00000, 0x00000000e22d3000, 0x00000000f5a00000)
   the space 136012K,  48% used [0x00000000d9e00000, 0x00000000ddf11240, 0x00000000ddf11400, 0x00000000e22d3000)
 compacting perm gen  total 21248K, used 8797K [0x00000000f5a00000, 0x00000000f6ec0000, 0x0000000100000000)
   the space 21248K,  41% used [0x00000000f5a00000, 0x00000000f6297410, 0x00000000f6297600, 0x00000000f6ec0000)
No shared spaces configured.

Card table byte_map: [0x00007f89bc2f1000,0x00007f89bc492000] byte_map_base: 0x00007f89bbc91000

Polling page: 0x00007f89bf83f000

Code Cache  [0x00007f89b5000000, 0x00007f89b5270000, 0x00007f89b8000000)
 total_blobs=614 nmethods=146 adapters=421 free_code_cache=48143Kb largest_free_block=49276160

Compilation events (10 events):
Event: 60,684 Thread 0x00007f89b8107800  134             java.nio.HeapByteBuffer::compact (52 bytes)
Event: 60,687 Thread 0x00007f89b8107800 nmethod 134 0x00007f89b50fbc10 code [0x00007f89b50fbd60, 0x00007f89b50fbed8]
Event: 60,687 Thread 0x00007f89b8105800  135             java.nio.Buffer::discardMark (6 bytes)
Event: 60,687 Thread 0x00007f89b8105800 nmethod 135 0x00007f89b50fe890 code [0x00007f89b50fe9c0, 0x00007f89b50fea18]
Event: 60,758 Thread 0x00007f89b8105800  136   !         org.lwjgl.opengl.Display::isCreated (17 bytes)
Event: 60,760 Thread 0x00007f89b8105800 nmethod 136 0x00007f89b50fe490 code [0x00007f89b50fe5e0, 0x00007f89b50fe818]
Event: 60,779 Thread 0x00007f89b8105800  137             org.lwjgl.opengl.Display::getDisplayMode (4 bytes)
Event: 60,780 Thread 0x00007f89b8105800 nmethod 137 0x00007f89b50fe290 code [0x00007f89b50fe3c0, 0x00007f89b50fe418]
Event: 61,531 Thread 0x00007f89b8105800  138             game.Text::testChar (36 bytes)
Event: 61,533 Thread 0x00007f89b8105800 nmethod 138 0x00007f89b50fdf50 code [0x00007f89b50fe0a0, 0x00007f89b50fe178]

GC Heap History (10 events):
Event: 6,093 GC heap before
{Heap before GC invocations=2 (full 0):
 def new generation   total 9600K, used 4972K [0x00000000cc000000, 0x00000000cca60000, 0x00000000d9e00000)
  eden space 8576K,  49% used [0x00000000cc000000, 0x00000000cc41cf08, 0x00000000cc860000)
  from space 1024K,  74% used [0x00000000cc860000, 0x00000000cc91e4e8, 0x00000000cc960000)
  to   space 1024K,   0% used [0x00000000cc960000, 0x00000000cc960000, 0x00000000cca60000)
 tenured generation   total 21312K, used 3949K [0x00000000d9e00000, 0x00000000db2d0000, 0x00000000f5a00000)
   the space 21312K,  18% used [0x00000000d9e00000, 0x00000000da1db578, 0x00000000da1db600, 0x00000000db2d0000)
 compacting perm gen  total 21248K, used 8474K [0x00000000f5a00000, 0x00000000f6ec0000, 0x0000000100000000)
   the space 21248K,  39% used [0x00000000f5a00000, 0x00000000f6246a70, 0x00000000f6246c00, 0x00000000f6ec0000)
No shared spaces configured.
Event: 6,115 GC heap after
Heap after GC invocations=3 (full 0):
 def new generation   total 9664K, used 0K [0x00000000cc000000, 0x00000000cca70000, 0x00000000d9e00000)
  eden space 8640K,   0% used [0x00000000cc000000, 0x00000000cc000000, 0x00000000cc870000)
  from space 1024K,   0% used [0x00000000cc870000, 0x00000000cc870000, 0x00000000cc970000)
  to   space 1024K,   0% used [0x00000000cc970000, 0x00000000cc970000, 0x00000000cca70000)
 tenured generation   total 21312K, used 8801K [0x00000000d9e00000, 0x00000000db2d0000, 0x00000000f5a00000)
   the space 21312K,  41% used [0x00000000d9e00000, 0x00000000da6986b0, 0x00000000da698800, 0x00000000db2d0000)
 compacting perm gen  total 21248K, used 8474K [0x00000000f5a00000, 0x00000000f6ec0000, 0x0000000100000000)
   the space 21248K,  39% used [0x00000000f5a00000, 0x00000000f6246a70, 0x00000000f6246c00, 0x00000000f6ec0000)
No shared spaces configured.
}
Event: 6,437 GC heap before
{Heap before GC invocations=3 (full 0):
 def new generation   total 9664K, used 8308K [0x00000000cc000000, 0x00000000cca70000, 0x00000000d9e00000)
  eden space 8640K,  96% used [0x00000000cc000000, 0x00000000cc81d280, 0x00000000cc870000)
  from space 1024K,   0% used [0x00000000cc870000, 0x00000000cc870000, 0x00000000cc970000)
  to   space 1024K,   0% used [0x00000000cc970000, 0x00000000cc970000, 0x00000000cca70000)
 tenured generation   total 21312K, used 8801K [0x00000000d9e00000, 0x00000000db2d0000, 0x00000000f5a00000)
   the space 21312K,  41% used [0x00000000d9e00000, 0x00000000da6986b0, 0x00000000da698800, 0x00000000db2d0000)
 compacting perm gen  total 21248K, used 8474K [0x00000000f5a00000, 0x00000000f6ec0000, 0x0000000100000000)
   the space 21248K,  39% used [0x00000000f5a00000, 0x00000000f6246bf8, 0x00000000f6246c00, 0x00000000f6ec0000)
No shared spaces configured.
Event: 6,490 GC heap after
Heap after GC invocations=4 (full 1):
 def new generation   total 9664K, used 0K [0x00000000cc000000, 0x00000000cca70000, 0x00000000d9e00000)
  eden space 8640K,   0% used [0x00000000cc000000, 0x00000000cc000000, 0x00000000cc870000)
  from space 1024K,   0% used [0x00000000cc970000, 0x00000000cc970000, 0x00000000cca70000)
  to   space 1024K,   0% used [0x00000000cc870000, 0x00000000cc870000, 0x00000000cc970000)
 tenured generation   total 21312K, used 10845K [0x00000000d9e00000, 0x00000000db2d0000, 0x00000000f5a00000)
   the space 21312K,  50% used [0x00000000d9e00000, 0x00000000da897570, 0x00000000da897600, 0x00000000db2d0000)
 compacting perm gen  total 21248K, used 8474K [0x00000000f5a00000, 0x00000000f6ec0000, 0x0000000100000000)
   the space 21248K,  39% used [0x00000000f5a00000, 0x00000000f6246bf8, 0x00000000f6246c00, 0x00000000f6ec0000)
No shared spaces configured.
}
Event: 7,047 GC heap before
{Heap before GC invocations=4 (full 1):
 def new generation   total 9664K, used 230K [0x00000000cc000000, 0x00000000cca70000, 0x00000000d9e00000)
  eden space 8640K,   2% used [0x00000000cc000000, 0x00000000cc039898, 0x00000000cc870000)
  from space 1024K,   0% used [0x00000000cc970000, 0x00000000cc970000, 0x00000000cca70000)
  to   space 1024K,   0% used [0x00000000cc870000, 0x00000000cc870000, 0x00000000cc970000)
 tenured generation   total 37700K, used 27229K [0x00000000d9e00000, 0x00000000dc2d1000, 0x00000000f5a00000)
   the space 37700K,  72% used [0x00000000d9e00000, 0x00000000db897580, 0x00000000db897600, 0x00000000dc2d1000)
 compacting perm gen  total 21248K, used 8479K [0x00000000f5a00000, 0x00000000f6ec0000, 0x0000000100000000)
   the space 21248K,  39% used [0x00000000f5a00000, 0x00000000f6247d18, 0x00000000f6247e00, 0x00000000f6ec0000)
No shared spaces configured.
Event: 7,088 GC heap after
Heap after GC invocations=5 (full 2):
 def new generation   total 17024K, used 0K [0x00000000cc000000, 0x00000000cd270000, 0x00000000d9e00000)
  eden space 15168K,   0% used [0x00000000cc000000, 0x00000000cc000000, 0x00000000cced0000)
  from space 1856K,   0% used [0x00000000cced0000, 0x00000000cced0000, 0x00000000cd0a0000)
  to   space 1856K,   0% used [0x00000000cd0a0000, 0x00000000cd0a0000, 0x00000000cd270000)
 tenured generation   total 37700K, used 19037K [0x00000000d9e00000, 0x00000000dc2d1000, 0x00000000f5a00000)
   the space 37700K,  50% used [0x00000000d9e00000, 0x00000000db097590, 0x00000000db097600, 0x00000000dc2d1000)
 compacting perm gen  total 21248K, used 8479K [0x00000000f5a00000, 0x00000000f6ec0000, 0x0000000100000000)
   the space 21248K,  39% used [0x00000000f5a00000, 0x00000000f6247d18, 0x00000000f6247e00, 0x00000000f6ec0000)
No shared spaces configured.
}
Event: 8,155 GC heap before
{Heap before GC invocations=5 (full 2):
 def new generation   total 17024K, used 538K [0x00000000cc000000, 0x00000000cd270000, 0x00000000d9e00000)
  eden space 15168K,   3% used [0x00000000cc000000, 0x00000000cc0869c8, 0x00000000cced0000)
  from space 1856K,   0% used [0x00000000cced0000, 0x00000000cced0000, 0x00000000cd0a0000)
  to   space 1856K,   0% used [0x00000000cd0a0000, 0x00000000cd0a0000, 0x00000000cd270000)
 tenured generation   total 70472K, used 51805K [0x00000000d9e00000, 0x00000000de2d2000, 0x00000000f5a00000)
   the space 70472K,  73% used [0x00000000d9e00000, 0x00000000dd0975a0, 0x00000000dd097600, 0x00000000de2d2000)
 compacting perm gen  total 21248K, used 8479K [0x00000000f5a00000, 0x00000000f6ec0000, 0x0000000100000000)
   the space 21248K,  39% used [0x00000000f5a00000, 0x00000000f6247d18, 0x00000000f6247e00, 0x00000000f6ec0000)
No shared spaces configured.
Event: 8,207 GC heap after
Heap after GC invocations=6 (full 3):
 def new generation   total 31744K, used 0K [0x00000000cc000000, 0x00000000ce270000, 0x00000000d9e00000)
  eden space 28224K,   0% used [0x00000000cc000000, 0x00000000cc000000, 0x00000000cdb90000)
  from space 3520K,   0% used [0x00000000cdb90000, 0x00000000cdb90000, 0x00000000cdf00000)
  to   space 3520K,   0% used [0x00000000cdf00000, 0x00000000cdf00000, 0x00000000ce270000)
 tenured generation   total 70472K, used 35421K [0x00000000d9e00000, 0x00000000de2d2000, 0x00000000f5a00000)
   the space 70472K,  50% used [0x00000000d9e00000, 0x00000000dc097668, 0x00000000dc097800, 0x00000000de2d2000)
 compacting perm gen  total 21248K, used 8479K [0x00000000f5a00000, 0x00000000f6ec0000, 0x0000000100000000)
   the space 21248K,  39% used [0x00000000f5a00000, 0x00000000f6247d18, 0x00000000f6247e00, 0x00000000f6ec0000)
No shared spaces configured.
}
Event: 9,413 GC heap before
{Heap before GC invocations=6 (full 3):
 def new generation   total 31744K, used 500K [0x00000000cc000000, 0x00000000ce270000, 0x00000000d9e00000)
  eden space 28224K,   1% used [0x00000000cc000000, 0x00000000cc07d318, 0x00000000cdb90000)
  from space 3520K,   0% used [0x00000000cdb90000, 0x00000000cdb90000, 0x00000000cdf00000)
  to   space 3520K,   0% used [0x00000000cdf00000, 0x00000000cdf00000, 0x00000000ce270000)
 tenured generation   total 136012K, used 100957K [0x00000000d9e00000, 0x00000000e22d3000, 0x00000000f5a00000)
   the space 136012K,  74% used [0x00000000d9e00000, 0x00000000e0097678, 0x00000000e0097800, 0x00000000e22d3000)
 compacting perm gen  total 21248K, used 8479K [0x00000000f5a00000, 0x00000000f6ec0000, 0x0000000100000000)
   the space 21248K,  39% used [0x00000000f5a00000, 0x00000000f6247d18, 0x00000000f6247e00, 0x00000000f6ec0000)
No shared spaces configured.
Event: 9,499 GC heap after
Heap after GC invocations=7 (full 4):
 def new generation   total 61248K, used 0K [0x00000000cc000000, 0x00000000d0270000, 0x00000000d9e00000)
  eden space 54464K,   0% used [0x00000000cc000000, 0x00000000cc000000, 0x00000000cf530000)
  from space 6784K,   0% used [0x00000000cf530000, 0x00000000cf530000, 0x00000000cfbd0000)
  to   space 6784K,   0% used [0x00000000cfbd0000, 0x00000000cfbd0000, 0x00000000d0270000)
 tenured generation   total 136012K, used 66628K [0x00000000d9e00000, 0x00000000e22d3000, 0x00000000f5a00000)
   the space 136012K,  48% used [0x00000000d9e00000, 0x00000000ddf11240, 0x00000000ddf11400, 0x00000000e22d3000)
 compacting perm gen  total 21248K, used 8477K [0x00000000f5a00000, 0x00000000f6ec0000, 0x0000000100000000)
   the space 21248K,  39% used [0x00000000f5a00000, 0x00000000f6247418, 0x00000000f6247600, 0x00000000f6ec0000)
No shared spaces configured.
}

Deoptimization events (5 events):
Event: 4,598 Thread 0x00007f89b8009800 Uncommon trap -34 fr.pc 0x00007f89b509d218
Event: 4,600 Thread 0x00007f89b8009800 Uncommon trap -34 fr.pc 0x00007f89b509d218
Event: 4,608 Thread 0x00007f89b8009800 Uncommon trap -34 fr.pc 0x00007f89b509d218
Event: 4,619 Thread 0x00007f89b8009800 Uncommon trap -34 fr.pc 0x00007f89b509d218
Event: 32,359 Thread 0x00007f89b8009800 Uncommon trap -83 fr.pc 0x00007f89b50e4c40

Internal exceptions (10 events):
Event: 9,864 Thread 0x00007f89b8009800 Threw 0x00000000cef437b0 at /build/buildd/openjdk-7-7u25-2.3.12/build/openjdk/hotspot/src/share/vm/prims/jvm.cpp:1235
Event: 9,873 Thread 0x00007f89b8009800 Threw 0x00000000cef45240 at /build/buildd/openjdk-7-7u25-2.3.12/build/openjdk/hotspot/src/share/vm/prims/jvm.cpp:1235
Event: 9,934 Thread 0x00007f89b8009800 Threw 0x00000000cef4c6e8 at /build/buildd/openjdk-7-7u25-2.3.12/build/openjdk/hotspot/src/share/vm/prims/jvm.cpp:1235
Event: 9,955 Thread 0x00007f89b8009800 Threw 0x00000000cef4e9a0 at /build/buildd/openjdk-7-7u25-2.3.12/build/openjdk/hotspot/src/share/vm/prims/jvm.cpp:1235
Event: 9,999 Thread 0x00007f89b8009800 Threw 0x00000000cef506f8 at /build/buildd/openjdk-7-7u25-2.3.12/build/openjdk/hotspot/src/share/vm/prims/jvm.cpp:1235
Event: 10,019 Thread 0x00007f89b8009800 Threw 0x00000000cef54428 at /build/buildd/openjdk-7-7u25-2.3.12/build/openjdk/hotspot/src/share/vm/prims/jvm.cpp:1235
Event: 32,257 Thread 0x00007f89b8009800 Threw 0x00000000cef924c0 at /build/buildd/openjdk-7-7u25-2.3.12/build/openjdk/hotspot/src/share/vm/prims/jvm.cpp:1235
Event: 32,275 Thread 0x00007f89b8009800 Threw 0x00000000cef93c00 at /build/buildd/openjdk-7-7u25-2.3.12/build/openjdk/hotspot/src/share/vm/prims/jvm.cpp:1235
Event: 34,667 Thread 0x00007f89b8009800 Threw 0x00000000cefa3df8 at /build/buildd/openjdk-7-7u25-2.3.12/build/openjdk/hotspot/src/share/vm/prims/jvm.cpp:1235
Event: 49,678 Thread 0x00007f89b8009800 Threw 0x00000000cefe78c8 at /build/buildd/openjdk-7-7u25-2.3.12/build/openjdk/hotspot/src/share/vm/prims/jvm.cpp:1235

Events (10 events):
Event: 62,330 Thread 0x00007f89b895f000 Thread added: 0x00007f89b895f000
Event: 62,331 loading class 0x00007f89b823c870
Event: 62,344 loading class 0x00007f89a80069b0
Event: 62,344 loading class 0x00007f89a80069b0 done
Event: 62,344 loading class 0x00007f89a80069e0
Event: 62,357 loading class 0x00007f89a80069e0 done
Event: 62,357 loading class 0x00007f89b823c870 done
Event: 62,461 Thread 0x00007f89b8308000 Thread exited: 0x00007f89b8308000
Event: 62,463 Thread 0x00007f89b8103000 Thread exited: 0x00007f89b8103000
Event: 62,463 Executing VM operation: Exit


Dynamic libraries:
00400000-00401000 r-xp 00000000 08:05 683433                             /usr/lib/jvm/java-7-openjdk-amd64/jre/bin/java
00600000-00601000 r--p 00000000 08:05 683433                             /usr/lib/jvm/java-7-openjdk-amd64/jre/bin/java
00601000-00602000 rw-p 00001000 08:05 683433                             /usr/lib/jvm/java-7-openjdk-amd64/jre/bin/java
01e87000-01ea8000 rw-p 00000000 00:00 0                                  [heap]
cc000000-d0270000 rw-p 00000000 00:00 0 
d0270000-d9e00000 rw-p 00000000 00:00 0 
d9e00000-e22d3000 rw-p 00000000 00:00 0 
e22d3000-f5a00000 rw-p 00000000 00:00 0 
f5a00000-f6ec0000 rw-p 00000000 00:00 0 
f6ec0000-100000000 rw-p 00000000 00:00 0 
7f897f6c4000-7f897f6c7000 ---p 00000000 00:00 0 
7f897f6c7000-7f897f7c5000 rw-p 00000000 00:00 0                          [stack:3452]
7f897f7c5000-7f897f7c8000 ---p 00000000 00:00 0 
7f897f7c8000-7f898574a000 rw-p 00000000 00:00 0 
7f898574a000-7f898574b000 ---p 00000000 00:00 0 
7f898574b000-7f898584b000 rw-p 00000000 00:00 0                          [stack:3447]
7f898584b000-7f898984c000 rw-s 00000000 00:13 36667                      /run/shm/pulse-shm-544115156
7f898984c000-7f898984d000 ---p 00000000 00:00 0 
7f898984d000-7f898a04d000 rw-p 00000000 00:00 0                          [stack:3446]
7f898a04d000-7f898a054000 r-xp 00000000 08:05 667000                     /usr/lib/x86_64-linux-gnu/libogg.so.0.8.1
7f898a054000-7f898a254000 ---p 00007000 08:05 667000                     /usr/lib/x86_64-linux-gnu/libogg.so.0.8.1
7f898a254000-7f898a255000 r--p 00007000 08:05 667000                     /usr/lib/x86_64-linux-gnu/libogg.so.0.8.1
7f898a255000-7f898a256000 rw-p 00008000 08:05 667000                     /usr/lib/x86_64-linux-gnu/libogg.so.0.8.1
7f898a256000-7f898a281000 r-xp 00000000 08:05 667231                     /usr/lib/x86_64-linux-gnu/libvorbis.so.0.4.5
7f898a281000-7f898a481000 ---p 0002b000 08:05 667231                     /usr/lib/x86_64-linux-gnu/libvorbis.so.0.4.5
7f898a481000-7f898a482000 r--p 0002b000 08:05 667231                     /usr/lib/x86_64-linux-gnu/libvorbis.so.0.4.5
7f898a482000-7f898a483000 rw-p 0002c000 08:05 667231                     /usr/lib/x86_64-linux-gnu/libvorbis.so.0.4.5
7f898a483000-7f898a736000 r-xp 00000000 08:05 667233                     /usr/lib/x86_64-linux-gnu/libvorbisenc.so.2.0.8
7f898a736000-7f898a935000 ---p 002b3000 08:05 667233                     /usr/lib/x86_64-linux-gnu/libvorbisenc.so.2.0.8
7f898a935000-7f898a951000 r--p 002b2000 08:05 667233                     /usr/lib/x86_64-linux-gnu/libvorbisenc.so.2.0.8
7f898a951000-7f898a952000 rw-p 002ce000 08:05 667233                     /usr/lib/x86_64-linux-gnu/libvorbisenc.so.2.0.8
7f898a952000-7f898a981000 r-xp 00000000 08:05 666198                     /usr/lib/x86_64-linux-gnu/libFLAC.so.8.3.0
7f898a981000-7f898ab81000 ---p 0002f000 08:05 666198                     /usr/lib/x86_64-linux-gnu/libFLAC.so.8.3.0
7f898ab81000-7f898ab82000 r--p 0002f000 08:05 666198                     /usr/lib/x86_64-linux-gnu/libFLAC.so.8.3.0
7f898ab82000-7f898ab83000 rw-p 00030000 08:05 666198                     /usr/lib/x86_64-linux-gnu/libFLAC.so.8.3.0
7f898ab83000-7f898ab88000 r-xp 00000000 08:05 666415                     /usr/lib/x86_64-linux-gnu/libasyncns.so.0.3.1
7f898ab88000-7f898ad87000 ---p 00005000 08:05 666415                     /usr/lib/x86_64-linux-gnu/libasyncns.so.0.3.1
7f898ad87000-7f898ad88000 r--p 00004000 08:05 666415                     /usr/lib/x86_64-linux-gnu/libasyncns.so.0.3.1
7f898ad88000-7f898ad89000 rw-p 00005000 08:05 666415                     /usr/lib/x86_64-linux-gnu/libasyncns.so.0.3.1
7f898ad89000-7f898adea000 r-xp 00000000 08:05 667126                     /usr/lib/x86_64-linux-gnu/libsndfile.so.1.0.25
7f898adea000-7f898afea000 ---p 00061000 08:05 667126                     /usr/lib/x86_64-linux-gnu/libsndfile.so.1.0.25
7f898afea000-7f898afec000 r--p 00061000 08:05 667126                     /usr/lib/x86_64-linux-gnu/libsndfile.so.1.0.25
7f898afec000-7f898afed000 rw-p 00063000 08:05 667126                     /usr/lib/x86_64-linux-gnu/libsndfile.so.1.0.25
7f898afed000-7f898aff1000 rw-p 00000000 00:00 0 
7f898aff1000-7f898aff9000 r-xp 00000000 08:05 4846                       /lib/x86_64-linux-gnu/libwrap.so.0.7.6
7f898aff9000-7f898b1f9000 ---p 00008000 08:05 4846                       /lib/x86_64-linux-gnu/libwrap.so.0.7.6
7f898b1f9000-7f898b1fa000 r--p 00008000 08:05 4846                       /lib/x86_64-linux-gnu/libwrap.so.0.7.6
7f898b1fa000-7f898b1fb000 rw-p 00009000 08:05 4846                       /lib/x86_64-linux-gnu/libwrap.so.0.7.6
7f898b1fb000-7f898b261000 r-xp 00000000 08:05 136887                     /usr/lib/x86_64-linux-gnu/pulseaudio/libpulsecommon-4.0.so
7f898b261000-7f898b460000 ---p 00066000 08:05 136887                     /usr/lib/x86_64-linux-gnu/pulseaudio/libpulsecommon-4.0.so
7f898b460000-7f898b461000 r--p 00065000 08:05 136887                     /usr/lib/x86_64-linux-gnu/pulseaudio/libpulsecommon-4.0.so
7f898b461000-7f898b462000 rw-p 00066000 08:05 136887                     /usr/lib/x86_64-linux-gnu/pulseaudio/libpulsecommon-4.0.so
7f898b462000-7f898b46b000 r-xp 00000000 08:05 4731                       /lib/x86_64-linux-gnu/libjson-c.so.2.0.1
7f898b46b000-7f898b66a000 ---p 00009000 08:05 4731                       /lib/x86_64-linux-gnu/libjson-c.so.2.0.1
7f898b66a000-7f898b66b000 r--p 00008000 08:05 4731                       /lib/x86_64-linux-gnu/libjson-c.so.2.0.1
7f898b66b000-7f898b66c000 rw-p 00009000 08:05 4731                       /lib/x86_64-linux-gnu/libjson-c.so.2.0.1
7f898b66c000-7f898b6b3000 r-xp 00000000 08:05 667063                     /usr/lib/x86_64-linux-gnu/libpulse.so.0.16.2
7f898b6b3000-7f898b8b3000 ---p 00047000 08:05 667063                     /usr/lib/x86_64-linux-gnu/libpulse.so.0.16.2
7f898b8b3000-7f898b8b4000 r--p 00047000 08:05 667063                     /usr/lib/x86_64-linux-gnu/libpulse.so.0.16.2
7f898b8b4000-7f898b8b5000 rw-p 00048000 08:05 667063                     /usr/lib/x86_64-linux-gnu/libpulse.so.0.16.2
7f898b8b5000-7f898b90a000 r-xp 00000000 08:05 437539                     /home/alvin/workspace/Lumen/LWJGL Library/native/linux/libopenal64.so
7f898b90a000-7f898bb09000 ---p 00055000 08:05 437539                     /home/alvin/workspace/Lumen/LWJGL Library/native/linux/libopenal64.so
7f898bb09000-7f898bb0c000 r--p 00054000 08:05 437539                     /home/alvin/workspace/Lumen/LWJGL Library/native/linux/libopenal64.so
7f898bb0c000-7f898bb0d000 rw-p 00057000 08:05 437539                     /home/alvin/workspace/Lumen/LWJGL Library/native/linux/libopenal64.so
7f898bb0d000-7f898bb0e000 rw-p 00000000 00:00 0 
7f898bb0e000-7f898bb24000 r-xp 00000000 08:05 683404                     /usr/lib/jvm/java-7-openjdk-amd64/jre/lib/amd64/libnet.so
7f898bb24000-7f898bd23000 ---p 00016000 08:05 683404                     /usr/lib/jvm/java-7-openjdk-amd64/jre/lib/amd64/libnet.so
7f898bd23000-7f898bd24000 r--p 00015000 08:05 683404                     /usr/lib/jvm/java-7-openjdk-amd64/jre/lib/amd64/libnet.so
7f898bd24000-7f898bd25000 rw-p 00016000 08:05 683404                     /usr/lib/jvm/java-7-openjdk-amd64/jre/lib/amd64/libnet.so
7f898bd25000-7f898bd35000 r-xp 00000000 08:05 683400                     /usr/lib/jvm/java-7-openjdk-amd64/jre/lib/amd64/libnio.so
7f898bd35000-7f898bf34000 ---p 00010000 08:05 683400                     /usr/lib/jvm/java-7-openjdk-amd64/jre/lib/amd64/libnio.so
7f898bf34000-7f898bf35000 r--p 0000f000 08:05 683400                     /usr/lib/jvm/java-7-openjdk-amd64/jre/lib/amd64/libnio.so
7f898bf35000-7f898bf36000 rw-p 00010000 08:05 683400                     /usr/lib/jvm/java-7-openjdk-amd64/jre/lib/amd64/libnio.so
7f898bf36000-7f898d089000 rw-p 00000000 00:00 0 
7f898d089000-7f898d0bb000 r-xp 00000000 08:05 667190                     /usr/lib/x86_64-linux-gnu/libtxc_dxtn_s2tc.so.0.0.0
7f898d0bb000-7f898d2ba000 ---p 00032000 08:05 667190                     /usr/lib/x86_64-linux-gnu/libtxc_dxtn_s2tc.so.0.0.0
7f898d2ba000-7f898d2bb000 r--p 00031000 08:05 667190                     /usr/lib/x86_64-linux-gnu/libtxc_dxtn_s2tc.so.0.0.0
7f898d2bb000-7f898d2bc000 rw-p 00032000 08:05 667190                     /usr/lib/x86_64-linux-gnu/libtxc_dxtn_s2tc.so.0.0.0
7f898d2bc000-7f898d330000 rw-p 00000000 00:00 0 
7f898d407000-7f898d40f000 r-xp 00000000 08:05 667032                     /usr/lib/x86_64-linux-gnu/libpciaccess.so.0.11.1
7f898d40f000-7f898d60e000 ---p 00008000 08:05 667032                     /usr/lib/x86_64-linux-gnu/libpciaccess.so.0.11.1
7f898d60e000-7f898d60f000 r--p 00007000 08:05 667032                     /usr/lib/x86_64-linux-gnu/libpciaccess.so.0.11.1
7f898d60f000-7f898d610000 rw-p 00008000 08:05 667032                     /usr/lib/x86_64-linux-gnu/libpciaccess.so.0.11.1
7f898d610000-7f898d62f000 r-xp 00000000 08:05 656280                     /usr/lib/x86_64-linux-gnu/libdrm_intel.so.1.0.0
7f898d62f000-7f898d82e000 ---p 0001f000 08:05 656280                     /usr/lib/x86_64-linux-gnu/libdrm_intel.so.1.0.0
7f898d82e000-7f898d82f000 r--p 0001e000 08:05 656280                     /usr/lib/x86_64-linux-gnu/libdrm_intel.so.1.0.0
7f898d82f000-7f898d830000 rw-p 0001f000 08:05 656280                     /usr/lib/x86_64-linux-gnu/libdrm_intel.so.1.0.0
7f898d830000-7f898dbee000 r-xp 00000000 08:05 666549                     /usr/lib/x86_64-linux-gnu/libdricore9.2.1.so.1.0.0
7f898dbee000-7f898dded000 ---p 003be000 08:05 666549                     /usr/lib/x86_64-linux-gnu/libdricore9.2.1.so.1.0.0
7f898dded000-7f898ddfd000 r--p 003bd000 08:05 666549                     /usr/lib/x86_64-linux-gnu/libdricore9.2.1.so.1.0.0
7f898ddfd000-7f898de05000 rw-p 003cd000 08:05 666549                     /usr/lib/x86_64-linux-gnu/libdricore9.2.1.so.1.0.0
7f898de05000-7f898de1d000 rw-p 00000000 00:00 0 
7f898de1d000-7f898def2000 r-xp 00000000 08:05 135941                     /usr/lib/x86_64-linux-gnu/dri/i965_dri.so
7f898def2000-7f898e0f2000 ---p 000d5000 08:05 135941                     /usr/lib/x86_64-linux-gnu/dri/i965_dri.so
7f898e0f2000-7f898e0f5000 r--p 000d5000 08:05 135941                     /usr/lib/x86_64-linux-gnu/dri/i965_dri.so
7f898e0f5000-7f898e0f7000 rw-p 000d8000 08:05 135941                     /usr/lib/x86_64-linux-gnu/dri/i965_dri.so
7f898e0f7000-7f898e0f8000 rw-p 00000000 00:00 0 
7f898e0f8000-7f898e103000 r-xp 00000000 08:05 682544                     /usr/lib/x86_64-linux-gnu/libdrm.so.2.4.0
7f898e103000-7f898e302000 ---p 0000b000 08:05 682544                     /usr/lib/x86_64-linux-gnu/libdrm.so.2.4.0
7f898e302000-7f898e303000 r--p 0000a000 08:05 682544                     /usr/lib/x86_64-linux-gnu/libdrm.so.2.4.0
7f898e303000-7f898e304000 rw-p 0000b000 08:05 682544                     /usr/lib/x86_64-linux-gnu/libdrm.so.2.4.0
7f898e304000-7f898e307000 r-xp 00000000 08:05 667263                     /usr/lib/x86_64-linux-gnu/libxcb-dri2.so.0.0.0
7f898e307000-7f898e507000 ---p 00003000 08:05 667263                     /usr/lib/x86_64-linux-gnu/libxcb-dri2.so.0.0.0
7f898e507000-7f898e508000 r--p 00003000 08:05 667263                     /usr/lib/x86_64-linux-gnu/libxcb-dri2.so.0.0.0
7f898e508000-7f898e509000 rw-p 00004000 08:05 667263                     /usr/lib/x86_64-linux-gnu/libxcb-dri2.so.0.0.0
7f898e509000-7f898e51e000 r-xp 00000000 08:05 667265                     /usr/lib/x86_64-linux-gnu/libxcb-glx.so.0.0.0
7f898e51e000-7f898e71d000 ---p 00015000 08:05 667265                     /usr/lib/x86_64-linux-gnu/libxcb-glx.so.0.0.0
7f898e71d000-7f898e71f000 r--p 00014000 08:05 667265                     /usr/lib/x86_64-linux-gnu/libxcb-glx.so.0.0.0
7f898e71f000-7f898e720000 rw-p 00016000 08:05 667265                     /usr/lib/x86_64-linux-gnu/libxcb-glx.so.0.0.0
7f898e720000-7f898e721000 r-xp 00000000 08:05 666331                     /usr/lib/x86_64-linux-gnu/libX11-xcb.so.1.0.0
7f898e721000-7f898e920000 ---p 00001000 08:05 666331                     /usr/lib/x86_64-linux-gnu/libX11-xcb.so.1.0.0
7f898e920000-7f898e921000 r--p 00000000 08:05 666331                     /usr/lib/x86_64-linux-gnu/libX11-xcb.so.1.0.0
7f898e921000-7f898e922000 rw-p 00001000 08:05 666331                     /usr/lib/x86_64-linux-gnu/libX11-xcb.so.1.0.0
7f898e922000-7f898e943000 r-xp 00000000 08:05 666692                     /usr/lib/x86_64-linux-gnu/libglapi.so.0.0.0
7f898e943000-7f898eb43000 ---p 00021000 08:05 666692                     /usr/lib/x86_64-linux-gnu/libglapi.so.0.0.0
7f898eb43000-7f898eb46000 r--p 00021000 08:05 666692                     /usr/lib/x86_64-linux-gnu/libglapi.so.0.0.0
7f898eb46000-7f898eb47000 rw-p 00024000 08:05 666692                     /usr/lib/x86_64-linux-gnu/libglapi.so.0.0.0
7f898eb47000-7f898eb48000 rw-p 00000000 00:00 0 
7f898eb48000-7f898eba2000 r-xp 00000000 08:05 136847                     /usr/lib/x86_64-linux-gnu/mesa/libGL.so.1.2.0
7f898eba2000-7f898eda2000 ---p 0005a000 08:05 136847                     /usr/lib/x86_64-linux-gnu/mesa/libGL.so.1.2.0
7f898eda2000-7f898eda4000 r--p 0005a000 08:05 136847                     /usr/lib/x86_64-linux-gnu/mesa/libGL.so.1.2.0
7f898eda4000-7f898eda5000 rw-p 0005c000 08:05 136847                     /usr/lib/x86_64-linux-gnu/mesa/libGL.so.1.2.0
7f898eda5000-7f898eda6000 rw-p 00000000 00:00 0 
7f898eda6000-7f898edaa000 r-xp 00000000 08:05 666382                     /usr/lib/x86_64-linux-gnu/libXxf86vm.so.1.0.0
7f898edaa000-7f898efaa000 ---p 00004000 08:05 666382                     /usr/lib/x86_64-linux-gnu/libXxf86vm.so.1.0.0
7f898efaa000-7f898efab000 r--p 00004000 08:05 666382                     /usr/lib/x86_64-linux-gnu/libXxf86vm.so.1.0.0
7f898efab000-7f898efac000 rw-p 00005000 08:05 666382                     /usr/lib/x86_64-linux-gnu/libXxf86vm.so.1.0.0
7f898efac000-7f898f016000 r-xp 00000000 08:05 437537                     /home/alvin/workspace/Lumen/LWJGL Library/native/linux/liblwjgl64.so
7f898f016000-7f898f216000 ---p 0006a000 08:05 437537                     /home/alvin/workspace/Lumen/LWJGL Library/native/linux/liblwjgl64.so
7f898f216000-7f898f218000 r--p 0006a000 08:05 437537                     /home/alvin/workspace/Lumen/LWJGL Library/native/linux/liblwjgl64.so
7f898f218000-7f898f219000 rw-p 0006c000 08:05 437537                     /home/alvin/workspace/Lumen/LWJGL Library/native/linux/liblwjgl64.so
7f898f219000-7f898f21a000 r-xp 00000000 08:05 683430                     /usr/lib/jvm/java-7-openjdk-amd64/jre/lib/amd64/libjawt.so
7f898f21a000-7f898f419000 ---p 00001000 08:05 683430                     /usr/lib/jvm/java-7-openjdk-amd64/jre/lib/amd64/libjawt.so
7f898f419000-7f898f41a000 r--p 00000000 08:05 683430                     /usr/lib/jvm/java-7-openjdk-amd64/jre/lib/amd64/libjawt.so
7f898f41a000-7f898f41b000 rw-p 00001000 08:05 683430                     /usr/lib/jvm/java-7-openjdk-amd64/jre/lib/amd64/libjawt.so
7f898f41b000-7f898f41e000 ---p 00000000 00:00 0 
7f898f41e000-7f898f51c000 rw-p 00000000 00:00 0                          [stack:3439]
7f898f51c000-7f898f51f000 ---p 00000000 00:00 0 
7f898f51f000-7f898f61d000 rw-p 00000000 00:00 0                          [stack:3438]
7f898f61d000-7f898f621000 r-xp 00000000 08:05 4722                       /lib/x86_64-linux-gnu/libgpg-error.so.0.10.0
7f898f621000-7f898f820000 ---p 00004000 08:05 4722                       /lib/x86_64-linux-gnu/libgpg-error.so.0.10.0
7f898f820000-7f898f821000 r--p 00003000 08:05 4722                       /lib/x86_64-linux-gnu/libgpg-error.so.0.10.0
7f898f821000-7f898f822000 rw-p 00004000 08:05 4722                       /lib/x86_64-linux-gnu/libgpg-error.so.0.10.0
7f898f822000-7f898f824000 r-xp 00000000 08:05 4734                       /lib/x86_64-linux-gnu/libkeyutils.so.1.4
7f898f824000-7f898fa24000 ---p 00002000 08:05 4734                       /lib/x86_64-linux-gnu/libkeyutils.so.1.4
7f898fa24000-7f898fa25000 r--p 00002000 08:05 4734                       /lib/x86_64-linux-gnu/libkeyutils.so.1.4
7f898fa25000-7f898fa26000 rw-p 00003000 08:05 4734                       /lib/x86_64-linux-gnu/libkeyutils.so.1.4
7f898fa26000-7f898fa3e000 r-xp 00000000 08:05 666734                     /usr/lib/x86_64-linux-gnu/libgraphite2.so.3.0.1
7f898fa3e000-7f898fc3d000 ---p 00018000 08:05 666734                     /usr/lib/x86_64-linux-gnu/libgraphite2.so.3.0.1
7f898fc3d000-7f898fc3f000 r--p 00017000 08:05 666734                     /usr/lib/x86_64-linux-gnu/libgraphite2.so.3.0.1
7f898fc3f000-7f898fc40000 rw-p 00019000 08:05 666734                     /usr/lib/x86_64-linux-gnu/libgraphite2.so.3.0.1
7f898fc40000-7f898fc84000 r-xp 00000000 08:05 4703                       /lib/x86_64-linux-gnu/libdbus-1.so.3.7.4
7f898fc84000-7f898fe83000 ---p 00044000 08:05 4703                       /lib/x86_64-linux-gnu/libdbus-1.so.3.7.4
7f898fe83000-7f898fe84000 r--p 00043000 08:05 4703                       /lib/x86_64-linux-gnu/libdbus-1.so.3.7.4
7f898fe84000-7f898fe85000 rw-p 00044000 08:05 4703                       /lib/x86_64-linux-gnu/libdbus-1.so.3.7.4
7f898fe85000-7f898fea3000 r-xp 00000000 08:05 667008                     /usr/lib/x86_64-linux-gnu/libp11-kit.so.0.0.0
7f898fea3000-7f89900a2000 ---p 0001e000 08:05 667008                     /usr/lib/x86_64-linux-gnu/libp11-kit.so.0.0.0
7f89900a2000-7f89900a4000 r--p 0001d000 08:05 667008                     /usr/lib/x86_64-linux-gnu/libp11-kit.so.0.0.0
7f89900a4000-7f89900a5000 rw-p 0001f000 08:05 667008                     /usr/lib/x86_64-linux-gnu/libp11-kit.so.0.0.0
7f89900a5000-7f89900b5000 r-xp 00000000 08:05 667162                     /usr/lib/x86_64-linux-gnu/libtasn1.so.3.2.0
7f89900b5000-7f89902b4000 ---p 00010000 08:05 667162                     /usr/lib/x86_64-linux-gnu/libtasn1.so.3.2.0
7f89902b4000-7f89902b5000 r--p 0000f000 08:05 667162                     /usr/lib/x86_64-linux-gnu/libtasn1.so.3.2.0
7f89902b5000-7f89902b6000 rw-p 00010000 08:05 667162                     /usr/lib/x86_64-linux-gnu/libtasn1.so.3.2.0
7f89902b6000-7f8990330000 r-xp 00000000 08:05 4718                       /lib/x86_64-linux-gnu/libgcrypt.so.11.7.0
7f8990330000-7f8990530000 ---p 0007a000 08:05 4718                       /lib/x86_64-linux-gnu/libgcrypt.so.11.7.0
7f8990530000-7f8990531000 r--p 0007a000 08:05 4718                       /lib/x86_64-linux-gnu/libgcrypt.so.11.7.0
7f8990531000-7f8990534000 rw-p 0007b000 08:05 4718                       /lib/x86_64-linux-gnu/libgcrypt.so.11.7.0
7f8990534000-7f899053b000 r-xp 00000000 08:05 666907                     /usr/lib/x86_64-linux-gnu/libkrb5support.so.0.1
7f899053b000-7f899073a000 ---p 00007000 08:05 666907                     /usr/lib/x86_64-linux-gnu/libkrb5support.so.0.1
7f899073a000-7f899073b000 r--p 00006000 08:05 666907                     /usr/lib/x86_64-linux-gnu/libkrb5support.so.0.1
7f899073b000-7f899073c000 rw-p 00007000 08:05 666907                     /usr/lib/x86_64-linux-gnu/libkrb5support.so.0.1
7f899073c000-7f899073f000 r-xp 00000000 08:05 4698                       /lib/x86_64-linux-gnu/libcom_err.so.2.1
7f899073f000-7f899093e000 ---p 00003000 08:05 4698                       /lib/x86_64-linux-gnu/libcom_err.so.2.1
7f899093e000-7f899093f000 r--p 00002000 08:05 4698                       /lib/x86_64-linux-gnu/libcom_err.so.2.1
7f899093f000-7f8990940000 rw-p 00003000 08:05 4698                       /lib/x86_64-linux-gnu/libcom_err.so.2.1
7f8990940000-7f8990966000 r-xp 00000000 08:05 666901                     /usr/lib/x86_64-linux-gnu/libk5crypto.so.3.1
7f8990966000-7f8990b65000 ---p 00026000 08:05 666901                     /usr/lib/x86_64-linux-gnu/libk5crypto.so.3.1
7f8990b65000-7f8990b66000 r--p 00025000 08:05 666901                     /usr/lib/x86_64-linux-gnu/libk5crypto.so.3.1
7f8990b66000-7f8990b67000 rw-p 00026000 08:05 666901                     /usr/lib/x86_64-linux-gnu/libk5crypto.so.3.1
7f8990b67000-7f8990b68000 rw-p 00000000 00:00 0 
7f8990b68000-7f8990c2d000 r-xp 00000000 08:05 666905                     /usr/lib/x86_64-linux-gnu/libkrb5.so.3.3
7f8990c2d000-7f8990e2c000 ---p 000c5000 08:05 666905                     /usr/lib/x86_64-linux-gnu/libkrb5.so.3.3
7f8990e2c000-7f8990e36000 r--p 000c4000 08:05 666905                     /usr/lib/x86_64-linux-gnu/libkrb5.so.3.3
7f8990e36000-7f8990e37000 rw-p 000ce000 08:05 666905                     /usr/lib/x86_64-linux-gnu/libkrb5.so.3.3
7f8990e37000-7f8990e3d000 r-xp 00000000 08:05 666526                     /usr/lib/x86_64-linux-gnu/libdatrie.so.1.2.0
7f8990e3d000-7f899103c000 ---p 00006000 08:05 666526                     /usr/lib/x86_64-linux-gnu/libdatrie.so.1.2.0
7f899103c000-7f899103d000 r--p 00005000 08:05 666526                     /usr/lib/x86_64-linux-gnu/libdatrie.so.1.2.0
7f899103d000-7f899103e000 rw-p 00006000 08:05 666526                     /usr/lib/x86_64-linux-gnu/libdatrie.so.1.2.0
7f899103e000-7f899108e000 r-xp 00000000 08:05 666842                     /usr/lib/x86_64-linux-gnu/libharfbuzz.so.0.919.0
7f899108e000-7f899128e000 ---p 00050000 08:05 666842                     /usr/lib/x86_64-linux-gnu/libharfbuzz.so.0.919.0
7f899128e000-7f899128f000 r--p 00050000 08:05 666842                     /usr/lib/x86_64-linux-gnu/libharfbuzz.so.0.919.0
7f899128f000-7f8991290000 rw-p 00051000 08:05 666842                     /usr/lib/x86_64-linux-gnu/libharfbuzz.so.0.919.0
7f8991290000-7f8991298000 r-xp 00000000 08:05 667277                     /usr/lib/x86_64-linux-gnu/libxcb-render.so.0.0.0
7f8991298000-7f8991497000 ---p 00008000 08:05 667277                     /usr/lib/x86_64-linux-gnu/libxcb-render.so.0.0.0
7f8991497000-7f8991498000 r--p 00007000 08:05 667277                     /usr/lib/x86_64-linux-gnu/libxcb-render.so.0.0.0
7f8991498000-7f8991499000 rw-p 00008000 08:05 667277                     /usr/lib/x86_64-linux-gnu/libxcb-render.so.0.0.0
7f8991499000-7f899149b000 r-xp 00000000 08:05 667281                     /usr/lib/x86_64-linux-gnu/libxcb-shm.so.0.0.0
7f899149b000-7f899169a000 ---p 00002000 08:05 667281                     /usr/lib/x86_64-linux-gnu/libxcb-shm.so.0.0.0
7f899169a000-7f899169b000 r--p 00001000 08:05 667281                     /usr/lib/x86_64-linux-gnu/libxcb-shm.so.0.0.0
7f899169b000-7f899169c000 rw-p 00002000 08:05 667281                     /usr/lib/x86_64-linux-gnu/libxcb-shm.so.0.0.0
7f899169c000-7f89916c1000 r-xp 00000000 08:05 4801                       /lib/x86_64-linux-gnu/libpng12.so.0.49.0
7f89916c1000-7f89918c0000 ---p 00025000 08:05 4801                       /lib/x86_64-linux-gnu/libpng12.so.0.49.0
7f89918c0000-7f89918c1000 r--p 00024000 08:05 4801                       /lib/x86_64-linux-gnu/libpng12.so.0.49.0
7f89918c1000-7f89918c2000 rw-p 00025000 08:05 4801                       /lib/x86_64-linux-gnu/libpng12.so.0.49.0
7f89918c2000-7f8991963000 r-xp 00000000 08:05 667038                     /usr/lib/x86_64-linux-gnu/libpixman-1.so.0.30.2
7f8991963000-7f8991b63000 ---p 000a1000 08:05 667038                     /usr/lib/x86_64-linux-gnu/libpixman-1.so.0.30.2
7f8991b63000-7f8991b6a000 r--p 000a1000 08:05 667038                     /usr/lib/x86_64-linux-gnu/libpixman-1.so.0.30.2
7f8991b6a000-7f8991b6b000 rw-p 000a8000 08:05 667038                     /usr/lib/x86_64-linux-gnu/libpixman-1.so.0.30.2
7f8991b6b000-7f8991b70000 r-xp 00000000 08:05 666348                     /usr/lib/x86_64-linux-gnu/libXdmcp.so.6.0.0
7f8991b70000-7f8991d6f000 ---p 00005000 08:05 666348                     /usr/lib/x86_64-linux-gnu/libXdmcp.so.6.0.0
7f8991d6f000-7f8991d70000 r--p 00004000 08:05 666348                     /usr/lib/x86_64-linux-gnu/libXdmcp.so.6.0.0
7f8991d70000-7f8991d71000 rw-p 00005000 08:05 666348                     /usr/lib/x86_64-linux-gnu/libXdmcp.so.6.0.0
7f8991d71000-7f8991d73000 r-xp 00000000 08:05 666337                     /usr/lib/x86_64-linux-gnu/libXau.so.6.0.0
7f8991d73000-7f8991f73000 ---p 00002000 08:05 666337                     /usr/lib/x86_64-linux-gnu/libXau.so.6.0.0
7f8991f73000-7f8991f74000 r--p 00002000 08:05 666337                     /usr/lib/x86_64-linux-gnu/libXau.so.6.0.0
7f8991f74000-7f8991f75000 rw-p 00003000 08:05 666337                     /usr/lib/x86_64-linux-gnu/libXau.so.6.0.0
7f8991f75000-7f8991f84000 r-xp 00000000 08:05 666429                     /usr/lib/x86_64-linux-gnu/libavahi-client.so.3.2.9
7f8991f84000-7f8992184000 ---p 0000f000 08:05 666429                     /usr/lib/x86_64-linux-gnu/libavahi-client.so.3.2.9
7f8992184000-7f8992185000 r--p 0000f000 08:05 666429                     /usr/lib/x86_64-linux-gnu/libavahi-client.so.3.2.9
7f8992185000-7f8992186000 rw-p 00010000 08:05 666429                     /usr/lib/x86_64-linux-gnu/libavahi-client.so.3.2.9
7f8992186000-7f8992191000 r-xp 00000000 08:05 666431                     /usr/lib/x86_64-linux-gnu/libavahi-common.so.3.5.3
7f8992191000-7f8992390000 ---p 0000b000 08:05 666431                     /usr/lib/x86_64-linux-gnu/libavahi-common.so.3.5.3
7f8992390000-7f8992391000 r--p 0000a000 08:05 666431                     /usr/lib/x86_64-linux-gnu/libavahi-common.so.3.5.3
7f8992391000-7f8992392000 rw-p 0000b000 08:05 666431                     /usr/lib/x86_64-linux-gnu/libavahi-common.so.3.5.3
7f8992392000-7f8992448000 r-xp 00000000 08:05 666710                     /usr/lib/x86_64-linux-gnu/libgnutls.so.26.22.6
7f8992448000-7f8992648000 ---p 000b6000 08:05 666710                     /usr/lib/x86_64-linux-gnu/libgnutls.so.26.22.6
7f8992648000-7f899264e000 r--p 000b6000 08:05 666710                     /usr/lib/x86_64-linux-gnu/libgnutls.so.26.22.6
7f899264e000-7f899264f000 rw-p 000bc000 08:05 666710                     /usr/lib/x86_64-linux-gnu/libgnutls.so.26.22.6
7f899264f000-7f8992650000 rw-p 00000000 00:00 0 
7f8992650000-7f899268b000 r-xp 00000000 08:05 666740                     /usr/lib/x86_64-linux-gnu/libgssapi_krb5.so.2.2
7f899268b000-7f899288b000 ---p 0003b000 08:05 666740                     /usr/lib/x86_64-linux-gnu/libgssapi_krb5.so.2.2
7f899288b000-7f899288c000 r--p 0003b000 08:05 666740                     /usr/lib/x86_64-linux-gnu/libgssapi_krb5.so.2.2
7f899288c000-7f899288e000 rw-p 0003c000 08:05 666740                     /usr/lib/x86_64-linux-gnu/libgssapi_krb5.so.2.2
7f899288e000-7f89928cb000 r-xp 00000000 08:05 4789                       /lib/x86_64-linux-gnu/libpcre.so.3.13.1
7f89928cb000-7f8992acb000 ---p 0003d000 08:05 4789                       /lib/x86_64-linux-gnu/libpcre.so.3.13.1
7f8992acb000-7f8992acc000 r--p 0003d000 08:05 4789                       /lib/x86_64-linux-gnu/libpcre.so.3.13.1
7f8992acc000-7f8992acd000 rw-p 0003e000 08:05 4789                       /lib/x86_64-linux-gnu/libpcre.so.3.13.1
7f8992acd000-7f8992ad4000 r-xp 00000000 08:05 666585                     /usr/lib/x86_64-linux-gnu/libffi.so.6.0.1
7f8992ad4000-7f8992cd3000 ---p 00007000 08:05 666585                     /usr/lib/x86_64-linux-gnu/libffi.so.6.0.1
7f8992cd3000-7f8992cd4000 r--p 00006000 08:05 666585                     /usr/lib/x86_64-linux-gnu/libffi.so.6.0.1
7f8992cd4000-7f8992cd5000 rw-p 00007000 08:05 666585                     /usr/lib/x86_64-linux-gnu/libffi.so.6.0.1
7f8992cd5000-7f8992cfc000 r-xp 00000000 08:05 4711                       /lib/x86_64-linux-gnu/libexpat.so.1.6.0
7f8992cfc000-7f8992efc000 ---p 00027000 08:05 4711                       /lib/x86_64-linux-gnu/libexpat.so.1.6.0
7f8992efc000-7f8992efe000 r--p 00027000 08:05 4711                       /lib/x86_64-linux-gnu/libexpat.so.1.6.0
7f8992efe000-7f8992eff000 rw-p 00029000 08:05 4711                       /lib/x86_64-linux-gnu/libexpat.so.1.6.0
7f8992eff000-7f8992f9b000 r-xp 00000000 08:05 666627                     /usr/lib/x86_64-linux-gnu/libfreetype.so.6.10.1
7f8992f9b000-7f899319b000 ---p 0009c000 08:05 666627                     /usr/lib/x86_64-linux-gnu/libfreetype.so.6.10.1
7f899319b000-7f89931a0000 r--p 0009c000 08:05 666627                     /usr/lib/x86_64-linux-gnu/libfreetype.so.6.10.1
7f89931a0000-7f89931a1000 rw-p 000a1000 08:05 666627                     /usr/lib/x86_64-linux-gnu/libfreetype.so.6.10.1
7f89931a1000-7f89931a9000 r-xp 00000000 08:05 667174                     /usr/lib/x86_64-linux-gnu/libthai.so.0.2.0
7f89931a9000-7f89933a8000 ---p 00008000 08:05 667174                     /usr/lib/x86_64-linux-gnu/libthai.so.0.2.0
7f89933a8000-7f89933a9000 r--p 00007000 08:05 667174                     /usr/lib/x86_64-linux-gnu/libthai.so.0.2.0
7f89933a9000-7f89933aa000 rw-p 00008000 08:05 667174                     /usr/lib/x86_64-linux-gnu/libthai.so.0.2.0
7f89933aa000-7f89933c0000 r-xp 00000000 08:05 4812                       /lib/x86_64-linux-gnu/libresolv-2.17.so
7f89933c0000-7f89935c0000 ---p 00016000 08:05 4812                       /lib/x86_64-linux-gnu/libresolv-2.17.so
7f89935c0000-7f89935c1000 r--p 00016000 08:05 4812                       /lib/x86_64-linux-gnu/libresolv-2.17.so
7f89935c1000-7f89935c2000 rw-p 00017000 08:05 4812                       /lib/x86_64-linux-gnu/libresolv-2.17.so
7f89935c2000-7f89935c4000 rw-p 00000000 00:00 0 
7f89935c4000-7f89935e3000 r-xp 00000000 08:05 4816                       /lib/x86_64-linux-gnu/libselinux.so.1
7f89935e3000-7f89937e3000 ---p 0001f000 08:05 4816                       /lib/x86_64-linux-gnu/libselinux.so.1
7f89937e3000-7f89937e4000 r--p 0001f000 08:05 4816                       /lib/x86_64-linux-gnu/libselinux.so.1
7f89937e4000-7f89937e5000 rw-p 00020000 08:05 4816                       /lib/x86_64-linux-gnu/libselinux.so.1
7f89937e5000-7f89937e6000 rw-p 00000000 00:00 0 
7f89937e6000-7f89937e8000 r-xp 00000000 08:05 666346                     /usr/lib/x86_64-linux-gnu/libXdamage.so.1.1.0
7f89937e8000-7f89939e7000 ---p 00002000 08:05 666346                     /usr/lib/x86_64-linux-gnu/libXdamage.so.1.1.0
7f89939e7000-7f89939e8000 r--p 00001000 08:05 666346                     /usr/lib/x86_64-linux-gnu/libXdamage.so.1.1.0
7f89939e8000-7f89939e9000 rw-p 00002000 08:05 666346                     /usr/lib/x86_64-linux-gnu/libXdamage.so.1.1.0
7f89939e9000-7f89939eb000 r-xp 00000000 08:05 666342                     /usr/lib/x86_64-linux-gnu/libXcomposite.so.1.0.0
7f89939eb000-7f8993bea000 ---p 00002000 08:05 666342                     /usr/lib/x86_64-linux-gnu/libXcomposite.so.1.0.0
7f8993bea000-7f8993beb000 r--p 00001000 08:05 666342                     /usr/lib/x86_64-linux-gnu/libXcomposite.so.1.0.0
7f8993beb000-7f8993bec000 rw-p 00002000 08:05 666342                     /usr/lib/x86_64-linux-gnu/libXcomposite.so.1.0.0
7f8993bec000-7f8993bf5000 r-xp 00000000 08:05 666344                     /usr/lib/x86_64-linux-gnu/libXcursor.so.1.0.2
7f8993bf5000-7f8993df4000 ---p 00009000 08:05 666344                     /usr/lib/x86_64-linux-gnu/libXcursor.so.1.0.2
7f8993df4000-7f8993df5000 r--p 00008000 08:05 666344                     /usr/lib/x86_64-linux-gnu/libXcursor.so.1.0.2
7f8993df5000-7f8993df6000 rw-p 00009000 08:05 666344                     /usr/lib/x86_64-linux-gnu/libXcursor.so.1.0.2
7f8993df6000-7f8993dff000 r-xp 00000000 08:05 666370                     /usr/lib/x86_64-linux-gnu/libXrandr.so.2.2.0
7f8993dff000-7f8993ffe000 ---p 00009000 08:05 666370                     /usr/lib/x86_64-linux-gnu/libXrandr.so.2.2.0
7f8993ffe000-7f8993fff000 r--p 00008000 08:05 666370                     /usr/lib/x86_64-linux-gnu/libXrandr.so.2.2.0
7f8993fff000-7f8994000000 rw-p 00009000 08:05 666370                     /usr/lib/x86_64-linux-gnu/libXrandr.so.2.2.0
7f8994000000-7f8994021000 rw-p 00000000 00:00 0 
7f8994021000-7f8998000000 ---p 00000000 00:00 0 
7f8998000000-7f89985bf000 rw-p 00000000 00:00 0 
7f89985bf000-7f899c000000 ---p 00000000 00:00 0 
7f899c012000-7f899c013000 rw-s 10b7bf000 00:05 8696                      /dev/dri/card0
7f899c013000-7f899c014000 rw-s 10b7c2000 00:05 8696                      /dev/dri/card0
7f899c014000-7f899c015000 rw-s 10a98c000 00:05 8696                      /dev/dri/card0
7f899c015000-7f899c019000 rw-s 00000000 00:04 36739                      /drm mm object (deleted)
7f899c01b000-7f899c01d000 rw-s 10b7c5000 00:05 8696                      /dev/dri/card0
7f899c01d000-7f899c01e000 rw-s 00000000 00:04 36737                      /drm mm object (deleted)
7f899c01e000-7f899c01f000 rw-s 00000000 00:04 36736                      /drm mm object (deleted)
7f899c01f000-7f899c020000 rw-s 00000000 00:04 36735                      /drm mm object (deleted)
7f899c020000-7f899c021000 rw-s 00000000 00:04 36734                      /drm mm object (deleted)
7f899c021000-7f899c022000 rw-s 00000000 00:04 36733                      /drm mm object (deleted)
7f899c022000-7f899c023000 rw-s 00000000 00:04 36732                      /drm mm object (deleted)
7f899c023000-7f899c024000 rw-s 00000000 00:04 36731                      /drm mm object (deleted)
7f899c024000-7f899c025000 rw-s 00000000 00:04 36730                      /drm mm object (deleted)
7f899c025000-7f899c026000 rw-s 00000000 00:04 36729                      /drm mm object (deleted)
7f899c026000-7f899c027000 rw-s 00000000 00:04 36728                      /drm mm object (deleted)
7f899c027000-7f899c028000 rw-s 00000000 00:04 36727                      /drm mm object (deleted)
7f899c028000-7f899c029000 rw-s 00000000 00:04 36726                      /drm mm object (deleted)
7f899c029000-7f899c02a000 rw-s 00000000 00:04 36725                      /drm mm object (deleted)
7f899c02a000-7f899c02b000 rw-s 00000000 00:04 36724                      /drm mm object (deleted)
7f899c02b000-7f899c02c000 rw-s 00000000 00:04 36723                      /drm mm object (deleted)
7f899c02c000-7f899c02d000 rw-s 00000000 00:04 36722                      /drm mm object (deleted)
7f899c02d000-7f899c02e000 rw-s 00000000 00:04 36721                      /drm mm object (deleted)
7f899c02e000-7f899c02f000 rw-s 00000000 00:04 36720                      /drm mm object (deleted)
7f899c02f000-7f899c030000 rw-s 00000000 00:04 36719                      /drm mm object (deleted)
7f899c030000-7f899c031000 rw-s 00000000 00:04 36718                      /drm mm object (deleted)
7f899c031000-7f899c032000 rw-s 00000000 00:04 36717                      /drm mm object (deleted)
7f899c032000-7f899c033000 rw-s 00000000 00:04 36716                      /drm mm object (deleted)
7f899c033000-7f899c034000 rw-s 00000000 00:04 36715                      /drm mm object (deleted)
7f899c034000-7f899c035000 rw-s 00000000 00:04 36714                      /drm mm object (deleted)
7f899c035000-7f899c036000 rw-s 00000000 00:04 36713                      /drm mm object (deleted)
7f899c036000-7f899c037000 rw-s 00000000 00:04 36712                      /drm mm object (deleted)
7f899c037000-7f899c038000 rw-s 00000000 00:04 36711                      /drm mm object (deleted)
7f899c038000-7f899c039000 rw-s 00000000 00:04 36710                      /drm mm object (deleted)
7f899c039000-7f899c03a000 rw-s 00000000 00:04 36709                      /drm mm object (deleted)
7f899c03a000-7f899c03c000 r-xp 00000000 08:05 666360                     /usr/lib/x86_64-linux-gnu/libXinerama.so.1.0.0
7f899c03c000-7f899c23b000 ---p 00002000 08:05 666360                     /usr/lib/x86_64-linux-gnu/libXinerama.so.1.0.0
7f899c23b000-7f899c23c000 r--p 00001000 08:05 666360                     /usr/lib/x86_64-linux-gnu/libXinerama.so.1.0.0
7f899c23c000-7f899c23d000 rw-p 00002000 08:05 666360                     /usr/lib/x86_64-linux-gnu/libXinerama.so.1.0.0
7f899c23d000-7f899c251000 r-xp 00000000 08:05 667020                     /usr/lib/x86_64-linux-gnu/libpangoft2-1.0.so.0.3200.5
7f899c251000-7f899c450000 ---p 00014000 08:05 667020                     /usr/lib/x86_64-linux-gnu/libpangoft2-1.0.so.0.3200.5
7f899c450000-7f899c451000 r--p 00013000 08:05 667020                     /usr/lib/x86_64-linux-gnu/libpangoft2-1.0.so.0.3200.5
7f899c451000-7f899c452000 rw-p 00014000 08:05 667020                     /usr/lib/x86_64-linux-gnu/libpangoft2-1.0.so.0.3200.5
7f899c452000-7f899c556000 r-xp 00000000 08:05 666457                     /usr/lib/x86_64-linux-gnu/libcairo.so.2.11200.16
7f899c556000-7f899c755000 ---p 00104000 08:05 666457                     /usr/lib/x86_64-linux-gnu/libcairo.so.2.11200.16
7f899c755000-7f899c758000 r--p 00103000 08:05 666457                     /usr/lib/x86_64-linux-gnu/libcairo.so.2.11200.16
7f899c758000-7f899c759000 rw-p 00106000 08:05 666457                     /usr/lib/x86_64-linux-gnu/libcairo.so.2.11200.16
7f899c759000-7f899c75b000 rw-p 00000000 00:00 0 
7f899c75b000-7f899c77a000 r-xp 00000000 08:05 666417                     /usr/lib/x86_64-linux-gnu/libatk-1.0.so.0.21009.1
7f899c77a000-7f899c97a000 ---p 0001f000 08:05 666417                     /usr/lib/x86_64-linux-gnu/libatk-1.0.so.0.21009.1
7f899c97a000-7f899c97c000 r--p 0001f000 08:05 666417                     /usr/lib/x86_64-linux-gnu/libatk-1.0.so.0.21009.1
7f899c97c000-7f899c97d000 rw-p 00021000 08:05 666417                     /usr/lib/x86_64-linux-gnu/libatk-1.0.so.0.21009.1
7f899c97d000-7f899c982000 r-xp 00000000 08:05 666352                     /usr/lib/x86_64-linux-gnu/libXfixes.so.3.1.0
7f899c982000-7f899cb81000 ---p 00005000 08:05 666352                     /usr/lib/x86_64-linux-gnu/libXfixes.so.3.1.0
7f899cb81000-7f899cb82000 r--p 00004000 08:05 666352                     /usr/lib/x86_64-linux-gnu/libXfixes.so.3.1.0
7f899cb82000-7f899cb83000 rw-p 00005000 08:05 666352                     /usr/lib/x86_64-linux-gnu/libXfixes.so.3.1.0
7f899cb83000-7f899cb8e000 r-xp 00000000 08:05 667018                     /usr/lib/x86_64-linux-gnu/libpangocairo-1.0.so.0.3200.5
7f899cb8e000-7f899cd8e000 ---p 0000b000 08:05 667018                     /usr/lib/x86_64-linux-gnu/libpangocairo-1.0.so.0.3200.5
7f899cd8e000-7f899cd8f000 r--p 0000b000 08:05 667018                     /usr/lib/x86_64-linux-gnu/libpangocairo-1.0.so.0.3200.5
7f899cd8f000-7f899cd90000 rw-p 0000c000 08:05 667018                     /usr/lib/x86_64-linux-gnu/libpangocairo-1.0.so.0.3200.5
7f899cd90000-7f899cd93000 r-xp 00000000 08:05 659852                     /usr/lib/x86_64-linux-gnu/libgmodule-2.0.so.0.3800.1
7f899cd93000-7f899cf92000 ---p 00003000 08:05 659852                     /usr/lib/x86_64-linux-gnu/libgmodule-2.0.so.0.3800.1
7f899cf92000-7f899cf93000 r--p 00002000 08:05 659852                     /usr/lib/x86_64-linux-gnu/libgmodule-2.0.so.0.3800.1
7f899cf93000-7f899cf94000 rw-p 00003000 08:05 659852                     /usr/lib/x86_64-linux-gnu/libgmodule-2.0.so.0.3800.1
7f899cf94000-7f899cfb1000 r-xp 00000000 08:05 667289                     /usr/lib/x86_64-linux-gnu/libxcb.so.1.1.0
7f899cfb1000-7f899d1b0000 ---p 0001d000 08:05 667289                     /usr/lib/x86_64-linux-gnu/libxcb.so.1.1.0
7f899d1b0000-7f899d1b1000 r--p 0001c000 08:05 667289                     /usr/lib/x86_64-linux-gnu/libxcb.so.1.1.0
7f899d1b1000-7f899d1b2000 rw-p 0001d000 08:05 667289                     /usr/lib/x86_64-linux-gnu/libxcb.so.1.1.0
7f899d1b2000-7f899d21e000 r-xp 00000000 08:05 659043                     /usr/lib/x86_64-linux-gnu/libcups.so.2
7f899d21e000-7f899d41d000 ---p 0006c000 08:05 659043                     /usr/lib/x86_64-linux-gnu/libcups.so.2
7f899d41d000-7f899d424000 r--p 0006b000 08:05 659043                     /usr/lib/x86_64-linux-gnu/libcups.so.2
7f899d424000-7f899d425000 rw-p 00072000 08:05 659043                     /usr/lib/x86_64-linux-gnu/libcups.so.2
7f899d425000-7f899d523000 r-xp 00000000 08:05 4604                       /lib/x86_64-linux-gnu/libglib-2.0.so.0.3800.1
7f899d523000-7f899d723000 ---p 000fe000 08:05 4604                       /lib/x86_64-linux-gnu/libglib-2.0.so.0.3800.1
7f899d723000-7f899d724000 r--p 000fe000 08:05 4604                       /lib/x86_64-linux-gnu/libglib-2.0.so.0.3800.1
7f899d724000-7f899d725000 rw-p 000ff000 08:05 4604                       /lib/x86_64-linux-gnu/libglib-2.0.so.0.3800.1
7f899d725000-7f899d726000 rw-p 00000000 00:00 0 
7f899d726000-7f899d727000 r-xp 00000000 08:05 659851                     /usr/lib/x86_64-linux-gnu/libgthread-2.0.so.0.3800.1
7f899d727000-7f899d926000 ---p 00001000 08:05 659851                     /usr/lib/x86_64-linux-gnu/libgthread-2.0.so.0.3800.1
7f899d926000-7f899d927000 r--p 00000000 08:05 659851                     /usr/lib/x86_64-linux-gnu/libgthread-2.0.so.0.3800.1
7f899d927000-7f899d928000 rw-p 00001000 08:05 659851                     /usr/lib/x86_64-linux-gnu/libgthread-2.0.so.0.3800.1
7f899d928000-7f899d977000 r-xp 00000000 08:05 655770                     /usr/lib/x86_64-linux-gnu/libgobject-2.0.so.0.3800.1
7f899d977000-7f899db77000 ---p 0004f000 08:05 655770                     /usr/lib/x86_64-linux-gnu/libgobject-2.0.so.0.3800.1
7f899db77000-7f899db78000 r--p 0004f000 08:05 655770                     /usr/lib/x86_64-linux-gnu/libgobject-2.0.so.0.3800.1
7f899db78000-7f899db79000 rw-p 00050000 08:05 655770                     /usr/lib/x86_64-linux-gnu/libgobject-2.0.so.0.3800.1
7f899db79000-7f899dbb2000 r-xp 00000000 08:05 666599                     /usr/lib/x86_64-linux-gnu/libfontconfig.so.1.7.0
7f899dbb2000-7f899ddb2000 ---p 00039000 08:05 666599                     /usr/lib/x86_64-linux-gnu/libfontconfig.so.1.7.0
7f899ddb2000-7f899ddb4000 r--p 00039000 08:05 666599                     /usr/lib/x86_64-linux-gnu/libfontconfig.so.1.7.0
7f899ddb4000-7f899ddb5000 rw-p 0003b000 08:05 666599                     /usr/lib/x86_64-linux-gnu/libfontconfig.so.1.7.0
7f899ddb5000-7f899ddff000 r-xp 00000000 08:05 667016                     /usr/lib/x86_64-linux-gnu/libpango-1.0.so.0.3200.5
7f899ddff000-7f899dffe000 ---p 0004a000 08:05 667016                     /usr/lib/x86_64-linux-gnu/libpango-1.0.so.0.3200.5
7f899dffe000-7f899e000000 r--p 00049000 08:05 667016                     /usr/lib/x86_64-linux-gnu/libpango-1.0.so.0.3200.5
7f899e000000-7f899e001000 rw-p 0004b000 08:05 667016                     /usr/lib/x86_64-linux-gnu/libpango-1.0.so.0.3200.5
7f899e001000-7f899e020000 r-xp 00000000 08:05 666666                     /usr/lib/x86_64-linux-gnu/libgdk_pixbuf-2.0.so.0.2800.1
7f899e020000-7f899e21f000 ---p 0001f000 08:05 666666                     /usr/lib/x86_64-linux-gnu/libgdk_pixbuf-2.0.so.0.2800.1
7f899e21f000-7f899e220000 r--p 0001e000 08:05 666666                     /usr/lib/x86_64-linux-gnu/libgdk_pixbuf-2.0.so.0.2800.1
7f899e220000-7f899e221000 rw-p 0001f000 08:05 666666                     /usr/lib/x86_64-linux-gnu/libgdk_pixbuf-2.0.so.0.2800.1
7f899e221000-7f899e37d000 r-xp 00000000 08:05 655751                     /usr/lib/x86_64-linux-gnu/libgio-2.0.so.0.3800.1
7f899e37d000-7f899e57c000 ---p 0015c000 08:05 655751                     /usr/lib/x86_64-linux-gnu/libgio-2.0.so.0.3800.1
7f899e57c000-7f899e580000 r--p 0015b000 08:05 655751                     /usr/lib/x86_64-linux-gnu/libgio-2.0.so.0.3800.1
7f899e580000-7f899e582000 rw-p 0015f000 08:05 655751                     /usr/lib/x86_64-linux-gnu/libgio-2.0.so.0.3800.1
7f899e582000-7f899e584000 rw-p 00000000 00:00 0 
7f899e584000-7f899e631000 r-xp 00000000 08:05 666664                     /usr/lib/x86_64-linux-gnu/libgdk-x11-2.0.so.0.2400.20
7f899e631000-7f899e830000 ---p 000ad000 08:05 666664                     /usr/lib/x86_64-linux-gnu/libgdk-x11-2.0.so.0.2400.20
7f899e830000-7f899e834000 r--p 000ac000 08:05 666664                     /usr/lib/x86_64-linux-gnu/libgdk-x11-2.0.so.0.2400.20
7f899e834000-7f899e836000 rw-p 000b0000 08:05 666664                     /usr/lib/x86_64-linux-gnu/libgdk-x11-2.0.so.0.2400.20
7f899e836000-7f899ec65000 r-xp 00000000 08:05 666824                     /usr/lib/x86_64-linux-gnu/libgtk-x11-2.0.so.0.2400.20
7f899ec65000-7f899ee64000 ---p 0042f000 08:05 666824                     /usr/lib/x86_64-linux-gnu/libgtk-x11-2.0.so.0.2400.20
7f899ee64000-7f899ee6b000 r--p 0042e000 08:05 666824                     /usr/lib/x86_64-linux-gnu/libgtk-x11-2.0.so.0.2400.20
7f899ee6b000-7f899ee6f000 rw-p 00435000 08:05 666824                     /usr/lib/x86_64-linux-gnu/libgtk-x11-2.0.so.0.2400.20
7f899ee6f000-7f899ee72000 rw-p 00000000 00:00 0 
7f899ee72000-7f899ee81000 r-xp 00000000 08:05 666358                     /usr/lib/x86_64-linux-gnu/libXi.so.6.1.0
7f899ee81000-7f899f080000 ---p 0000f000 08:05 666358                     /usr/lib/x86_64-linux-gnu/libXi.so.6.1.0
7f899f080000-7f899f081000 r--p 0000e000 08:05 666358                     /usr/lib/x86_64-linux-gnu/libXi.so.6.1.0
7f899f081000-7f899f082000 rw-p 0000f000 08:05 666358                     /usr/lib/x86_64-linux-gnu/libXi.so.6.1.0
7f899f082000-7f899f087000 r-xp 00000000 08:05 666376                     /usr/lib/x86_64-linux-gnu/libXtst.so.6.1.0
7f899f087000-7f899f286000 ---p 00005000 08:05 666376                     /usr/lib/x86_64-linux-gnu/libXtst.so.6.1.0
7f899f286000-7f899f287000 r--p 00004000 08:05 666376                     /usr/lib/x86_64-linux-gnu/libXtst.so.6.1.0
7f899f287000-7f899f288000 rw-p 00005000 08:05 666376                     /usr/lib/x86_64-linux-gnu/libXtst.so.6.1.0
7f899f288000-7f899f291000 r-xp 00000000 08:05 666372                     /usr/lib/x86_64-linux-gnu/libXrender.so.1.3.0
7f899f291000-7f899f490000 ---p 00009000 08:05 666372                     /usr/lib/x86_64-linux-gnu/libXrender.so.1.3.0
7f899f490000-7f899f491000 r--p 00008000 08:05 666372                     /usr/lib/x86_64-linux-gnu/libXrender.so.1.3.0
7f899f491000-7f899f492000 rw-p 00009000 08:05 666372                     /usr/lib/x86_64-linux-gnu/libXrender.so.1.3.0
7f899f492000-7f899f5c2000 r-xp 00000000 08:05 666333                     /usr/lib/x86_64-linux-gnu/libX11.so.6.3.0
7f899f5c2000-7f899f7c2000 ---p 00130000 08:05 666333                     /usr/lib/x86_64-linux-gnu/libX11.so.6.3.0
7f899f7c2000-7f899f7c3000 r--p 00130000 08:05 666333                     /usr/lib/x86_64-linux-gnu/libX11.so.6.3.0
7f899f7c3000-7f899f7c7000 rw-p 00131000 08:05 666333                     /usr/lib/x86_64-linux-gnu/libX11.so.6.3.0
7f899f7c7000-7f899f7d8000 r-xp 00000000 08:05 666350                     /usr/lib/x86_64-linux-gnu/libXext.so.6.4.0
7f899f7d8000-7f899f9d7000 ---p 00011000 08:05 666350                     /usr/lib/x86_64-linux-gnu/libXext.so.6.4.0
7f899f9d7000-7f899f9d8000 r--p 00010000 08:05 666350                     /usr/lib/x86_64-linux-gnu/libXext.so.6.4.0
7f899f9d8000-7f899f9d9000 rw-p 00011000 08:05 666350                     /usr/lib/x86_64-linux-gnu/libXext.so.6.4.0
7f899f9d9000-7f899fa2a000 r-xp 00000000 08:05 683774                     /usr/lib/jvm/java-7-openjdk-amd64/jre/lib/amd64/xawt/libmawt.so
7f899fa2a000-7f899fc29000 ---p 00051000 08:05 683774                     /usr/lib/jvm/java-7-openjdk-amd64/jre/lib/amd64/xawt/libmawt.so
7f899fc29000-7f899fc2a000 r--p 00050000 08:05 683774                     /usr/lib/jvm/java-7-openjdk-amd64/jre/lib/amd64/xawt/libmawt.so
7f899fc2a000-7f899fc2d000 rw-p 00051000 08:05 683774                     /usr/lib/jvm/java-7-openjdk-amd64/jre/lib/amd64/xawt/libmawt.so
7f899fc2d000-7f899fc2e000 rw-p 00000000 00:00 0 
7f899fc2e000-7f899fccf000 r-xp 00000000 08:05 683416                     /usr/lib/jvm/java-7-openjdk-amd64/jre/lib/amd64/libawt.so
7f899fccf000-7f899fece000 ---p 000a1000 08:05 683416                     /usr/lib/jvm/java-7-openjdk-amd64/jre/lib/amd64/libawt.so
7f899fece000-7f899fecf000 r--p 000a0000 08:05 683416                     /usr/lib/jvm/java-7-openjdk-amd64/jre/lib/amd64/libawt.so
7f899fecf000-7f899feda000 rw-p 000a1000 08:05 683416                     /usr/lib/jvm/java-7-openjdk-amd64/jre/lib/amd64/libawt.so
7f899feda000-7f899feff000 rw-p 00000000 00:00 0 
7f899feff000-7f899ff00000 ---p 00000000 00:00 0 
7f899ff00000-7f89a0000000 rw-p 00000000 00:00 0 
7f89a0000000-7f89a0021000 rw-p 00000000 00:00 0 
7f89a0021000-7f89a4000000 ---p 00000000 00:00 0 
7f89a4000000-7f89a4fc9000 rw-p 00000000 00:00 0 
7f89a4fc9000-7f89a8000000 ---p 00000000 00:00 0 
7f89a8000000-7f89a8021000 rw-p 00000000 00:00 0 
7f89a8021000-7f89ac000000 ---p 00000000 00:00 0 
7f89ac000000-7f89ac021000 rw-p 00000000 00:00 0 
7f89ac021000-7f89b0000000 ---p 00000000 00:00 0 
7f89b0000000-7f89b0021000 rw-p 00000000 00:00 0 
7f89b0021000-7f89b4000000 ---p 00000000 00:00 0 
7f89b4000000-7f89b4001000 rw-s 00000000 00:04 36708                      /drm mm object (deleted)
7f89b4001000-7f89b4002000 rw-s 00000000 00:04 36707                      /drm mm object (deleted)
7f89b4002000-7f89b4003000 rw-s 00000000 00:04 36706                      /drm mm object (deleted)
7f89b4003000-7f89b4004000 rw-s 00000000 00:04 36705                      /drm mm object (deleted)
7f89b4004000-7f89b4005000 rw-s 00000000 00:04 36704                      /drm mm object (deleted)
7f89b4005000-7f89b4006000 rw-s 00000000 00:04 36703                      /drm mm object (deleted)
7f89b4006000-7f89b4007000 rw-s 00000000 00:04 36702                      /drm mm object (deleted)
7f89b4007000-7f89b4008000 rw-s 00000000 00:04 36701                      /drm mm object (deleted)
7f89b4008000-7f89b4009000 rw-s 00000000 00:04 36700                      /drm mm object (deleted)
7f89b4009000-7f89b400a000 rw-s 00000000 00:04 36699                      /drm mm object (deleted)
7f89b400a000-7f89b400b000 rw-s 00000000 00:04 36698                      /drm mm object (deleted)
7f89b400b000-7f89b400c000 rw-s 00000000 00:04 36697                      /drm mm object (deleted)
7f89b400c000-7f89b400d000 rw-s 00000000 00:04 36696                      /drm mm object (deleted)
7f89b400d000-7f89b400e000 rw-s 00000000 00:04 36695                      /drm mm object (deleted)
7f89b400e000-7f89b400f000 rw-s 00000000 00:04 36694                      /drm mm object (deleted)
7f89b400f000-7f89b4010000 rw-s 00000000 00:04 36693                      /drm mm object (deleted)
7f89b4010000-7f89b4011000 rw-s 00000000 00:04 36692                      /drm mm object (deleted)
7f89b4011000-7f89b4012000 rw-s 00000000 00:04 36690                      /drm mm object (deleted)
7f89b4012000-7f89b4013000 rw-s 00000000 00:04 36689                      /drm mm object (deleted)
7f89b4013000-7f89b4014000 rw-s 00000000 00:04 36688                      /drm mm object (deleted)
7f89b4014000-7f89b4015000 rw-s 00000000 00:04 36687                      /drm mm object (deleted)
7f89b4015000-7f89b4016000 rw-s 00000000 00:04 36686                      /drm mm object (deleted)
7f89b4016000-7f89b4017000 rw-s 00000000 00:04 36685                      /drm mm object (deleted)
7f89b4017000-7f89b4018000 rw-s 00000000 00:04 36684                      /drm mm object (deleted)
7f89b4018000-7f89b4019000 rw-s 00000000 00:04 36683                      /drm mm object (deleted)
7f89b4019000-7f89b401a000 rw-s 00000000 00:04 36682                      /drm mm object (deleted)
7f89b401a000-7f89b401b000 rw-s 00000000 00:04 36681                      /drm mm object (deleted)
7f89b401b000-7f89b401c000 rw-s 00000000 00:04 36680                      /drm mm object (deleted)
7f89b401c000-7f89b401d000 rw-s 00000000 00:04 36651                      /drm mm object (deleted)
7f89b401d000-7f89b401f000 rw-s 10b7c3000 00:05 8696                      /dev/dri/card0
7f89b401f000-7f89b4026000 r--s 00000000 08:05 136514                     /usr/lib/x86_64-linux-gnu/gconv/gconv-modules.cache
7f89b4026000-7f89b4027000 rw-s 10ab25000 00:05 8696                      /dev/dri/card0
7f89b4029000-7f89b402b000 rw-s 00000000 00:04 36652                      /drm mm object (deleted)
7f89b402b000-7f89b4036000 r--s 000af000 08:05 29757                      /home/alvin/workspace/Lumen/lib/jar/slick.jar
7f89b4036000-7f89b403a000 r--s 00027000 08:05 29756                      /home/alvin/workspace/Lumen/lib/jar/lwjgl_util.jar
7f89b403a000-7f89b403d000 ---p 00000000 00:00 0 
7f89b403d000-7f89b413b000 rw-p 00000000 00:00 0                          [stack:3436]
7f89b413b000-7f89b413e000 ---p 00000000 00:00 0 
7f89b413e000-7f89b423c000 rw-p 00000000 00:00 0                          [stack:3435]
7f89b423c000-7f89b423f000 ---p 00000000 00:00 0 
7f89b423f000-7f89b433d000 rw-p 00000000 00:00 0                          [stack:3434]
7f89b433d000-7f89b4340000 ---p 00000000 00:00 0 
7f89b4340000-7f89b443e000 rw-p 00000000 00:00 0 
7f89b443e000-7f89b4c51000 r--p 00000000 08:05 663403                     /usr/lib/locale/locale-archive
7f89b4c51000-7f89b4c54000 ---p 00000000 00:00 0 
7f89b4c54000-7f89b4d52000 rw-p 00000000 00:00 0                          [stack:3432]
7f89b4d52000-7f89b4d55000 ---p 00000000 00:00 0 
7f89b4d55000-7f89b4e53000 rw-p 00000000 00:00 0                          [stack:3431]
7f89b4e53000-7f89b5000000 r--s 01cec000 08:05 683386                     /usr/lib/jvm/java-7-openjdk-amd64/jre/lib/rt.jar
7f89b5000000-7f89b5270000 rwxp 00000000 00:00 0 
7f89b5270000-7f89b8afd000 rw-p 00000000 00:00 0 
7f89b8afd000-7f89bc000000 ---p 00000000 00:00 0 
7f89bc000000-7f89bc001000 rw-s 10a995000 00:05 8696                      /dev/dri/card0
7f89bc001000-7f89bc004000 ---p 00000000 00:00 0 
7f89bc004000-7f89bc029000 rw-p 00000000 00:00 0 
7f89bc029000-7f89bc02a000 ---p 00000000 00:00 0 
7f89bc02a000-7f89bc1c9000 rw-p 00000000 00:00 0                          [stack:3430]
7f89bc1c9000-7f89bc212000 rw-p 00000000 00:00 0 
7f89bc212000-7f89bc255000 rw-p 00000000 00:00 0 
7f89bc255000-7f89bc2f1000 rw-p 00000000 00:00 0 
7f89bc2f1000-7f89bc313000 rw-p 00000000 00:00 0 
7f89bc313000-7f89bc360000 rw-p 00000000 00:00 0 
7f89bc360000-7f89bc3a3000 rw-p 00000000 00:00 0 
7f89bc3a3000-7f89bc43e000 rw-p 00000000 00:00 0 
7f89bc43e000-7f89bc449000 rw-p 00000000 00:00 0 
7f89bc449000-7f89bc491000 rw-p 00000000 00:00 0 
7f89bc491000-7f89bc492000 rw-p 00000000 00:00 0 
7f89bc492000-7f89bc49a000 r-xp 00000000 08:05 683431                     /usr/lib/jvm/java-7-openjdk-amd64/jre/lib/amd64/libzip.so
7f89bc49a000-7f89bc699000 ---p 00008000 08:05 683431                     /usr/lib/jvm/java-7-openjdk-amd64/jre/lib/amd64/libzip.so
7f89bc699000-7f89bc69a000 r--p 00007000 08:05 683431                     /usr/lib/jvm/java-7-openjdk-amd64/jre/lib/amd64/libzip.so
7f89bc69a000-7f89bc69b000 rw-p 00008000 08:05 683431                     /usr/lib/jvm/java-7-openjdk-amd64/jre/lib/amd64/libzip.so
7f89bc69b000-7f89bc6a7000 r-xp 00000000 08:05 4767                       /lib/x86_64-linux-gnu/libnss_files-2.17.so
7f89bc6a7000-7f89bc8a6000 ---p 0000c000 08:05 4767                       /lib/x86_64-linux-gnu/libnss_files-2.17.so
7f89bc8a6000-7f89bc8a7000 r--p 0000b000 08:05 4767                       /lib/x86_64-linux-gnu/libnss_files-2.17.so
7f89bc8a7000-7f89bc8a8000 rw-p 0000c000 08:05 4767                       /lib/x86_64-linux-gnu/libnss_files-2.17.so
7f89bc8a8000-7f89bc8b3000 r-xp 00000000 08:05 4771                       /lib/x86_64-linux-gnu/libnss_nis-2.17.so
7f89bc8b3000-7f89bcab2000 ---p 0000b000 08:05 4771                       /lib/x86_64-linux-gnu/libnss_nis-2.17.so
7f89bcab2000-7f89bcab3000 r--p 0000a000 08:05 4771                       /lib/x86_64-linux-gnu/libnss_nis-2.17.so
7f89bcab3000-7f89bcab4000 rw-p 0000b000 08:05 4771                       /lib/x86_64-linux-gnu/libnss_nis-2.17.so
7f89bcab4000-7f89bcacb000 r-xp 00000000 08:05 4761                       /lib/x86_64-linux-gnu/libnsl-2.17.so
7f89bcacb000-7f89bccca000 ---p 00017000 08:05 4761                       /lib/x86_64-linux-gnu/libnsl-2.17.so
7f89bccca000-7f89bcccb000 r--p 00016000 08:05 4761                       /lib/x86_64-linux-gnu/libnsl-2.17.so
7f89bcccb000-7f89bcccc000 rw-p 00017000 08:05 4761                       /lib/x86_64-linux-gnu/libnsl-2.17.so
7f89bcccc000-7f89bccce000 rw-p 00000000 00:00 0 
7f89bccce000-7f89bccd6000 r-xp 00000000 08:05 4763                       /lib/x86_64-linux-gnu/libnss_compat-2.17.so
7f89bccd6000-7f89bced5000 ---p 00008000 08:05 4763                       /lib/x86_64-linux-gnu/libnss_compat-2.17.so
7f89bced5000-7f89bced6000 r--p 00007000 08:05 4763                       /lib/x86_64-linux-gnu/libnss_compat-2.17.so
7f89bced6000-7f89bced7000 rw-p 00008000 08:05 4763                       /lib/x86_64-linux-gnu/libnss_compat-2.17.so
7f89bced7000-7f89bcf02000 r-xp 00000000 08:05 683415                     /usr/lib/jvm/java-7-openjdk-amd64/jre/lib/amd64/libjava.so
7f89bcf02000-7f89bd101000 ---p 0002b000 08:05 683415                     /usr/lib/jvm/java-7-openjdk-amd64/jre/lib/amd64/libjava.so
7f89bd101000-7f89bd102000 r--p 0002a000 08:05 683415                     /usr/lib/jvm/java-7-openjdk-amd64/jre/lib/amd64/libjava.so
7f89bd102000-7f89bd104000 rw-p 0002b000 08:05 683415                     /usr/lib/jvm/java-7-openjdk-amd64/jre/lib/amd64/libjava.so
7f89bd104000-7f89bd114000 r-xp 00000000 08:05 683414                     /usr/lib/jvm/java-7-openjdk-amd64/jre/lib/amd64/libverify.so
7f89bd114000-7f89bd313000 ---p 00010000 08:05 683414                     /usr/lib/jvm/java-7-openjdk-amd64/jre/lib/amd64/libverify.so
7f89bd313000-7f89bd315000 r--p 0000f000 08:05 683414                     /usr/lib/jvm/java-7-openjdk-amd64/jre/lib/amd64/libverify.so
7f89bd315000-7f89bd316000 rw-p 00011000 08:05 683414                     /usr/lib/jvm/java-7-openjdk-amd64/jre/lib/amd64/libverify.so
7f89bd316000-7f89bd31d000 r-xp 00000000 08:05 4814                       /lib/x86_64-linux-gnu/librt-2.17.so
7f89bd31d000-7f89bd51c000 ---p 00007000 08:05 4814                       /lib/x86_64-linux-gnu/librt-2.17.so
7f89bd51c000-7f89bd51d000 r--p 00006000 08:05 4814                       /lib/x86_64-linux-gnu/librt-2.17.so
7f89bd51d000-7f89bd51e000 rw-p 00007000 08:05 4814                       /lib/x86_64-linux-gnu/librt-2.17.so
7f89bd51e000-7f89bd533000 r-xp 00000000 08:05 4716                       /lib/x86_64-linux-gnu/libgcc_s.so.1
7f89bd533000-7f89bd732000 ---p 00015000 08:05 4716                       /lib/x86_64-linux-gnu/libgcc_s.so.1
7f89bd732000-7f89bd733000 r--p 00014000 08:05 4716                       /lib/x86_64-linux-gnu/libgcc_s.so.1
7f89bd733000-7f89bd734000 rw-p 00015000 08:05 4716                       /lib/x86_64-linux-gnu/libgcc_s.so.1
7f89bd734000-7f89bd837000 r-xp 00000000 08:05 4742                       /lib/x86_64-linux-gnu/libm-2.17.so
7f89bd837000-7f89bda36000 ---p 00103000 08:05 4742                       /lib/x86_64-linux-gnu/libm-2.17.so
7f89bda36000-7f89bda37000 r--p 00102000 08:05 4742                       /lib/x86_64-linux-gnu/libm-2.17.so
7f89bda37000-7f89bda38000 rw-p 00103000 08:05 4742                       /lib/x86_64-linux-gnu/libm-2.17.so
7f89bda38000-7f89bdb1e000 r-xp 00000000 08:05 667154                     /usr/lib/x86_64-linux-gnu/libstdc++.so.6.0.18
7f89bdb1e000-7f89bdd1d000 ---p 000e6000 08:05 667154                     /usr/lib/x86_64-linux-gnu/libstdc++.so.6.0.18
7f89bdd1d000-7f89bdd25000 r--p 000e5000 08:05 667154                     /usr/lib/x86_64-linux-gnu/libstdc++.so.6.0.18
7f89bdd25000-7f89bdd27000 rw-p 000ed000 08:05 667154                     /usr/lib/x86_64-linux-gnu/libstdc++.so.6.0.18
7f89bdd27000-7f89bdd3c000 rw-p 00000000 00:00 0 
7f89bdd3c000-7f89be74a000 r-xp 00000000 08:05 683420                     /usr/lib/jvm/java-7-openjdk-amd64/jre/lib/amd64/server/libjvm.so
7f89be74a000-7f89be949000 ---p 00a0e000 08:05 683420                     /usr/lib/jvm/java-7-openjdk-amd64/jre/lib/amd64/server/libjvm.so
7f89be949000-7f89be9c2000 r--p 00a0d000 08:05 683420                     /usr/lib/jvm/java-7-openjdk-amd64/jre/lib/amd64/server/libjvm.so
7f89be9c2000-7f89be9e5000 rw-p 00a86000 08:05 683420                     /usr/lib/jvm/java-7-openjdk-amd64/jre/lib/amd64/server/libjvm.so
7f89be9e5000-7f89bea10000 rw-p 00000000 00:00 0 
7f89bea10000-7f89bea28000 r-xp 00000000 08:05 4849                       /lib/x86_64-linux-gnu/libz.so.1.2.8
7f89bea28000-7f89bec27000 ---p 00018000 08:05 4849                       /lib/x86_64-linux-gnu/libz.so.1.2.8
7f89bec27000-7f89bec28000 r--p 00017000 08:05 4849                       /lib/x86_64-linux-gnu/libz.so.1.2.8
7f89bec28000-7f89bec29000 rw-p 00018000 08:05 4849                       /lib/x86_64-linux-gnu/libz.so.1.2.8
7f89bec29000-7f89bec40000 r-xp 00000000 08:05 4806                       /lib/x86_64-linux-gnu/libpthread-2.17.so
7f89bec40000-7f89bee40000 ---p 00017000 08:05 4806                       /lib/x86_64-linux-gnu/libpthread-2.17.so
7f89bee40000-7f89bee41000 r--p 00017000 08:05 4806                       /lib/x86_64-linux-gnu/libpthread-2.17.so
7f89bee41000-7f89bee42000 rw-p 00018000 08:05 4806                       /lib/x86_64-linux-gnu/libpthread-2.17.so
7f89bee42000-7f89bee46000 rw-p 00000000 00:00 0 
7f89bee46000-7f89bee49000 r-xp 00000000 08:05 4706                       /lib/x86_64-linux-gnu/libdl-2.17.so
7f89bee49000-7f89bf048000 ---p 00003000 08:05 4706                       /lib/x86_64-linux-gnu/libdl-2.17.so
7f89bf048000-7f89bf049000 r--p 00002000 08:05 4706                       /lib/x86_64-linux-gnu/libdl-2.17.so
7f89bf049000-7f89bf04a000 rw-p 00003000 08:05 4706                       /lib/x86_64-linux-gnu/libdl-2.17.so
7f89bf04a000-7f89bf207000 r-xp 00000000 08:05 4691                       /lib/x86_64-linux-gnu/libc-2.17.so
7f89bf207000-7f89bf407000 ---p 001bd000 08:05 4691                       /lib/x86_64-linux-gnu/libc-2.17.so
7f89bf407000-7f89bf40b000 r--p 001bd000 08:05 4691                       /lib/x86_64-linux-gnu/libc-2.17.so
7f89bf40b000-7f89bf40d000 rw-p 001c1000 08:05 4691                       /lib/x86_64-linux-gnu/libc-2.17.so
7f89bf40d000-7f89bf412000 rw-p 00000000 00:00 0 
7f89bf412000-7f89bf41f000 r-xp 00000000 08:05 683397                     /usr/lib/jvm/java-7-openjdk-amd64/jre/lib/amd64/jli/libjli.so
7f89bf41f000-7f89bf61e000 ---p 0000d000 08:05 683397                     /usr/lib/jvm/java-7-openjdk-amd64/jre/lib/amd64/jli/libjli.so
7f89bf61e000-7f89bf61f000 r--p 0000c000 08:05 683397                     /usr/lib/jvm/java-7-openjdk-amd64/jre/lib/amd64/jli/libjli.so
7f89bf61f000-7f89bf620000 rw-p 0000d000 08:05 683397                     /usr/lib/jvm/java-7-openjdk-amd64/jre/lib/amd64/jli/libjli.so
7f89bf620000-7f89bf643000 r-xp 00000000 08:05 4667                       /lib/x86_64-linux-gnu/ld-2.17.so
7f89bf643000-7f89bf644000 rw-s 00000000 00:04 36648                      /drm mm object (deleted)
7f89bf644000-7f89bf645000 rwxp 00000000 00:00 0 
7f89bf645000-7f89bf647000 r--s 0000d000 08:05 29925                      /home/alvin/workspace/Lumen/lib/jar/jorbis-0.0.15.jar
7f89bf647000-7f89bf648000 r--s 00001000 08:05 29923                      /home/alvin/workspace/Lumen/lib/jar/jogg-0.0.7.jar
7f89bf648000-7f89bf651000 r--s 000bc000 08:05 682871                     /usr/lib/jvm/java-7-openjdk-common/jre/lib/resources.jar
7f89bf651000-7f89bf65e000 r--s 000e6000 08:05 312157                     /home/alvin/workspace/Lumen/LWJGL Library/jar/lwjgl.jar
7f89bf65e000-7f89bf668000 rw-p 00000000 00:00 0 
7f89bf668000-7f89bf71e000 rw-p 00000000 00:00 0 
7f89bf71e000-7f89bf721000 ---p 00000000 00:00 0 
7f89bf721000-7f89bf824000 rw-p 00000000 00:00 0                          [stack:3429]
7f89bf824000-7f89bf826000 r--s 00006000 08:05 305603                     /usr/share/java/java-atk-wrapper.jar
7f89bf826000-7f89bf828000 r--s 00012000 08:05 682865                     /usr/lib/jvm/java-7-openjdk-common/jre/lib/ext/zipfs.jar
7f89bf828000-7f89bf82b000 r--s 0003c000 08:05 682868                     /usr/lib/jvm/java-7-openjdk-common/jre/lib/ext/sunpkcs11.jar
7f89bf82b000-7f89bf82e000 r--s 00032000 08:05 682866                     /usr/lib/jvm/java-7-openjdk-common/jre/lib/ext/sunjce_provider.jar
7f89bf82e000-7f89bf831000 r--s 0000f000 08:05 682864                     /usr/lib/jvm/java-7-openjdk-common/jre/lib/ext/pulse-java.jar
7f89bf831000-7f89bf835000 r--s 00085000 08:05 682867                     /usr/lib/jvm/java-7-openjdk-common/jre/lib/ext/localedata.jar
7f89bf835000-7f89bf836000 r--s 00002000 08:05 682869                     /usr/lib/jvm/java-7-openjdk-common/jre/lib/ext/dnsns.jar
7f89bf836000-7f89bf83e000 rw-s 00000000 08:05 4824                       /tmp/hsperfdata_alvin/3423 (deleted)
7f89bf83e000-7f89bf83f000 rw-p 00000000 00:00 0 
7f89bf83f000-7f89bf840000 ---p 00000000 00:00 0 
7f89bf840000-7f89bf842000 rw-p 00000000 00:00 0 
7f89bf842000-7f89bf843000 r--p 00022000 08:05 4667                       /lib/x86_64-linux-gnu/ld-2.17.so
7f89bf843000-7f89bf845000 rw-p 00023000 08:05 4667                       /lib/x86_64-linux-gnu/ld-2.17.so
7fffa5a92000-7fffa5ab3000 rw-p 00000000 00:00 0                          [stack]
7fffa5bfe000-7fffa5c00000 r-xp 00000000 00:00 0                          [vdso]
ffffffffff600000-ffffffffff601000 r-xp 00000000 00:00 0                  [vsyscall]

VM Arguments:
jvm_args: -Djava.library.path=/home/alvin/workspace/Lumen/lib/native-win:/home/alvin/workspace/Lumen/LWJGL Library/native/linux:/home/alvin/workspace/Lumen/LWJGL Library/native/linux:/home/alvin/workspace/Lumen/LWJGL Library/native/linux:/home/alvin/workspace/Lumen/LWJGL Library/native/linux:/home/alvin/workspace/Lumen/LWJGL Library/native/linux -Dfile.encoding=UTF-8 
java_command: game.Main
Launcher Type: SUN_STANDARD

Environment Variables:
PATH=/home/alvin/bin:/usr/lib/lightdm/lightdm:/usr/local/sbin:/usr/local/bin:/usr/sbin:/usr/bin:/sbin:/bin:/usr/games:/usr/local/games
SHELL=/bin/bash
DISPLAY=:0

Signal Handlers:
SIGSEGV: [libjvm.so+0x871410], sa_mask[0]=0x7ffbfeff, sa_flags=0x10000004
SIGBUS: [libjvm.so+0x871410], sa_mask[0]=0x7ffbfeff, sa_flags=0x10000004
SIGFPE: [libjvm.so+0x709540], sa_mask[0]=0x7ffbfeff, sa_flags=0x10000004
SIGPIPE: [libjvm.so+0x709540], sa_mask[0]=0x7ffbfeff, sa_flags=0x10000004
SIGXFSZ: [libjvm.so+0x709540], sa_mask[0]=0x7ffbfeff, sa_flags=0x10000004
SIGILL: [libjvm.so+0x709540], sa_mask[0]=0x7ffbfeff, sa_flags=0x10000004
SIGUSR1: SIG_DFL, sa_mask[0]=0x00000000, sa_flags=0x00000000
SIGUSR2: [libjvm.so+0x709270], sa_mask[0]=0x00000004, sa_flags=0x10000004
SIGHUP: [libjvm.so+0x709550], sa_mask[0]=0x7ffbfeff, sa_flags=0x10000004
SIGINT: [libjvm.so+0x709550], sa_mask[0]=0x7ffbfeff, sa_flags=0x10000004
SIGTERM: [libjvm.so+0x709550], sa_mask[0]=0x7ffbfeff, sa_flags=0x10000004
SIGQUIT: [libjvm.so+0x709550], sa_mask[0]=0x7ffbfeff, sa_flags=0x10000004


---------------  S Y S T E M  ---------------

OS:Ubuntu 13.10 (saucy)
uname:Linux 3.11.0-13-generic #20-Ubuntu SMP Wed Oct 23 07:38:26 UTC 2013 x86_64
libc:glibc 2.17 NPTL 2.17 
rlimit: STACK 8192k, CORE 0k, NPROC 15795, NOFILE 4096, AS infinity
load average:0,68 0,35 0,17

/proc/meminfo:
MemTotal:        2041912 kB
MemFree:           71460 kB
Buffers:           43524 kB
Cached:           666180 kB
SwapCached:          752 kB
Active:          1272148 kB
Inactive:         539124 kB
Active(anon):    1075880 kB
Inactive(anon):   340932 kB
Active(file):     196268 kB
Inactive(file):   198192 kB
Unevictable:          32 kB
Mlocked:              32 kB
SwapTotal:       2086908 kB
SwapFree:        2084472 kB
Dirty:               544 kB
Writeback:             0 kB
AnonPages:       1100880 kB
Mapped:           201276 kB
Shmem:            315208 kB
Slab:              94200 kB
SReclaimable:      69120 kB
SUnreclaim:        25080 kB
KernelStack:        3936 kB
PageTables:        30488 kB
NFS_Unstable:          0 kB
Bounce:                0 kB
WritebackTmp:          0 kB
CommitLimit:     3107864 kB
Committed_AS:    4350996 kB
VmallocTotal:   34359738367 kB
VmallocUsed:      340812 kB
VmallocChunk:   34359393788 kB
HardwareCorrupted:     0 kB
AnonHugePages:         0 kB
HugePages_Total:       0
HugePages_Free:        0
HugePages_Rsvd:        0
HugePages_Surp:        0
Hugepagesize:       2048 kB
DirectMap4k:       46784 kB
DirectMap2M:     2041856 kB


CPU:total 1 (1 cores per cpu, 1 threads per core) family 6 model 22 stepping 1, cmov, cx8, fxsr, mmx, sse, sse2, sse3, ssse3, tsc

/proc/cpuinfo:
processor	: 0
vendor_id	: GenuineIntel
cpu family	: 6
model		: 22
model name	: Intel(R) Celeron(R) CPU          550  @ 2.00GHz
stepping	: 1
microcode	: 0x33
cpu MHz		: 1994.922
cache size	: 1024 KB
fpu		: yes
fpu_exception	: yes
cpuid level	: 10
wp		: yes
flags		: fpu vme de pse tsc msr pae mce cx8 apic sep mtrr pge mca cmov pat pse36 clflush dts acpi mmx fxsr sse sse2 ss tm pbe syscall nx lm constant_tsc arch_perfmon pebs bts rep_good nopl aperfmperf pni dtes64 monitor ds_cpl tm2 ssse3 cx16 xtpr pdcm lahf_lm dtherm
bogomips	: 3989.84
clflush size	: 64
cache_alignment	: 64
address sizes	: 36 bits physical, 48 bits virtual
power management:



Memory: 4k page, physical 2041912k(71460k free), swap 2086908k(2084472k free)

vm_info: OpenJDK 64-Bit Server VM (23.7-b01) for linux-amd64 JRE (1.7.0_25-b30), built on Oct 11 2013 18:04:12 by "buildd" with gcc 4.8.1

time: Thu Dec  5 17:22:00 2013
elapsed time: 62 seconds

