#
# A fatal error has been detected by the Java Runtime Environment:
#
#  SIGSEGV (0xb) at pc=0x0000000000000000, pid=12196, tid=140123167844096
#
# JRE version: 7.0_25-b30
# Java VM: OpenJDK 64-Bit Server VM (23.7-b01 mixed mode linux-amd64 compressed oops)
# Problematic frame:
# C  0x0000000000000000
#
# Failed to write core dump. Core dumps have been disabled. To enable core dumping, try "ulimit -c unlimited" before starting Java again
#
# If you would like to submit a bug report, please include
# instructions on how to reproduce the bug and visit:
#   https://bugs.launchpad.net/ubuntu/+source/openjdk-7/
#

---------------  T H R E A D  ---------------

Current thread is native thread

siginfo:si_signo=SIGSEGV: si_errno=0, si_code=1 (SEGV_MAPERR), si_addr=0x0000000000000000

Registers:
RAX=0x00007f70fdd107c0, RBX=0x0000000000000400, RCX=0x0000000000000000, RDX=0x0000000000000000
RSP=0x00007f70f7a4dca8, RBP=0x00007f712882d1a0, RSI=0x0000000000000000, RDI=0x00007f712882d1a0
R8 =0x0000000000000000, R9 =0x0000000000100000, R10=0x0000000000000000, R11=0x00007f7131274c0d
R12=0x00007f7128831330, R13=0x0000000000012000, R14=0x0000000000001000, R15=0x00007f70f7a4de58
RIP=0x0000000000000000, EFLAGS=0x0000000000010246, CSGSFS=0x0000000000000033, ERR=0x0000000000000014
  TRAPNO=0x000000000000000e

Top of Stack: (sp=0x00007f70f7a4dca8)
0x00007f70f7a4dca8:   00007f70fdad94d1 00007f71311edef0
0x00007f70f7a4dcb8:   00007f7110005ca0 00007f71bb800000
0x00007f70f7a4dcc8:   00007f71312d4729 0000000000000000
0x00007f70f7a4dcd8:   00007f70fd421fa2 00007f7128826300
0x00007f70f7a4dce8:   0000000000000000 0000000000000000
0x00007f70f7a4dcf8:   0000000000000000 00007f7128828f90
0x00007f70f7a4dd08:   00007f7128828b90 0000000000002000
0x00007f70f7a4dd18:   00007f70fd429cba 00007f7128826750
0x00007f70f7a4dd28:   00007f711c000f60 0000000000000000
0x00007f70f7a4dd38:   5700000000000001 0000000000002000
0x00007f70f7a4dd48:   00007f70fd42b7cb 0000000000000000
0x00007f70f7a4dd58:   0000000000000000 0000000000000000
0x00007f70f7a4dd68:   0000000000000000 0000000000000000
0x00007f70f7a4dd78:   0000000000002000 00007f7128828b90
0x00007f70f7a4dd88:   00007f70f7a4de58 00007f70f7a4de50
0x00007f70f7a4dd98:   00007f7128831330 00007f70fd444c60
0x00007f70f7a4dda8:   00007f70fd894be2 00007f70f7b0f040
0x00007f70f7a4ddb8:   00007f70f7adf040 0000040030fdf2e0
0x00007f70f7a4ddc8:   00007f70f7a4dde0 0000000000000000
0x00007f70f7a4ddd8:   00007f70fd899eb2 00001fa00000037f
0x00007f70f7a4dde8:   00007f70fd40f9ff 00007f7128828f90
0x00007f70f7a4ddf8:   0000000000002000 00007f7128828820
0x00007f70f7a4de08:   0000000000000000 00007f712882d1a0
0x00007f70f7a4de18:   0000000000000008 00007f70f7a4de58
0x00007f70f7a4de28:   00007f70fdaef544 0000000000000000
0x00007f70f7a4de38:   00007f70f7a4de50 0000000000002000
0x00007f70f7a4de48:   0000000000006000 00007f70f7adf040
0x00007f70f7a4de58:   0000000000002000 0000000000000000
0x00007f70f7a4de68:   00007f712882b130 0000000000000000
0x00007f70f7a4de78:   0000000000000000 00007f71319e1060
0x00007f70f7a4de88:   00007f71319bdae0 0000000000001000
0x00007f70f7a4de98:   00007f70fdae273a 0000000000000000 

Instructions: (pc=0x0000000000000000)
0xffffffffffffffe0:   

Register to memory mapping:

RAX=
[error occurred during error reporting (printing register info), id 0xb]

Stack: [0x00007f70f794e000,0x00007f70f7a4f000],  sp=0x00007f70f7a4dca8,  free space=1023k

---------------  P R O C E S S  ---------------

VM state:at safepoint (shutting down)

VM Mutex/Monitor currently owned by a thread:  ([mutex/lock_event])
[0x00007f7128005b00] Threads_lock - owner thread: 0x00007f712809e000

Heap
 def new generation   total 17024K, used 11418K [0x00000000cc000000, 0x00000000cd270000, 0x00000000d9e00000)
  eden space 15168K,  75% used [0x00000000cc000000, 0x00000000ccb268a0, 0x00000000cced0000)
  from space 1856K,   0% used [0x00000000cced0000, 0x00000000cced0000, 0x00000000cd0a0000)
  to   space 1856K,   0% used [0x00000000cd0a0000, 0x00000000cd0a0000, 0x00000000cd270000)
 tenured generation   total 37700K, used 18509K [0x00000000d9e00000, 0x00000000dc2d1000, 0x00000000f5a00000)
   the space 37700K,  49% used [0x00000000d9e00000, 0x00000000db013540, 0x00000000db013600, 0x00000000dc2d1000)
 compacting perm gen  total 21248K, used 8555K [0x00000000f5a00000, 0x00000000f6ec0000, 0x0000000100000000)
   the space 21248K,  40% used [0x00000000f5a00000, 0x00000000f625acc8, 0x00000000f625ae00, 0x00000000f6ec0000)
No shared spaces configured.

Card table byte_map: [0x00007f712e48f000,0x00007f712e630000] byte_map_base: 0x00007f712de2f000

Polling page: 0x00007f71319dd000

Code Cache  [0x00007f7125000000, 0x00007f7125270000, 0x00007f7128000000)
 total_blobs=542 nmethods=85 adapters=410 free_code_cache=48363Kb largest_free_block=49499392

Compilation events (10 events):
Event: 6,993 Thread 0x00007f7128107800 nmethod 70 0x00007f71250bb390 code [0x00007f71250bb500, 0x00007f71250bb6c8]
Event: 6,993 Thread 0x00007f7128107800   75             org.lwjgl.opengl.GL11::glEnd (18 bytes)
Event: 6,997 Thread 0x00007f7128105800 nmethod 73 0x00007f71250ab910 code [0x00007f71250aba60, 0x00007f71250abb48]
Event: 6,998 Thread 0x00007f7128107800 nmethod 75 0x00007f71250bafd0 code [0x00007f71250bb120, 0x00007f71250bb208]
Event: 7,140 Thread 0x00007f7128107800   77             GUI.Background::draw (105 bytes)
Event: 7,140 Thread 0x00007f7128105800   78             GUI.Texture::draw (89 bytes)
Event: 7,224 Thread 0x00007f7128105800 nmethod 78 0x00007f71250c43d0 code [0x00007f71250c4700, 0x00007f71250c57b8]
Event: 7,236 Thread 0x00007f7128107800 nmethod 77 0x00007f71250c73d0 code [0x00007f71250c77a0, 0x00007f71250c8d68]
Event: 18,490 Thread 0x00007f7128105800   79             org.lwjgl.opengl.Sync$RunningAvg::avg (37 bytes)
Event: 18,493 Thread 0x00007f7128105800 nmethod 79 0x00007f71250bac50 code [0x00007f71250bada0, 0x00007f71250baef8]

