#
# A fatal error has been detected by the Java Runtime Environment:
#
#  SIGSEGV (0xb) at pc=0x0000000000000000, pid=12119, tid=139782011549440
#
# JRE version: 7.0_25-b30
# Java VM: OpenJDK 64-Bit Server VM (23.7-b01 mixed mode linux-amd64 compressed oops)
# Problematic frame:
# C  0x0000000000000000
#
# Failed to write core dump. Core dumps have been disabled. To enable core dumping, try "ulimit -c unlimited" before starting Java again
#
# If you would like to submit a bug report, please include
# instructions on how to reproduce the bug and visit:
#   https://bugs.launchpad.net/ubuntu/+source/openjdk-7/
#

---------------  T H R E A D  ---------------

Current thread is native thread

siginfo:si_signo=SIGSEGV: si_errno=0, si_code=1 (SEGV_MAPERR), si_addr=0x0000000000000000

Registers:
RAX=0x00007f218f5117c0, RBX=0x0000000000000400, RCX=0x0000000000000000, RDX=0x0000000000000000
RSP=0x00007f218924eca8, RBP=0x00007f21bc806c40, RSI=0x0000000000000000, RDI=0x00007f21bc806c40
R8 =0x0000000000000000, R9 =0x0000000000100000, R10=0x0000000000000000, R11=0x00007f21c2ac8c0d
R12=0x00007f21bc80add0, R13=0x0000000000012000, R14=0x0000000000001000, R15=0x00007f218924ee58
RIP=0x0000000000000000, EFLAGS=0x0000000000010246, CSGSFS=0x0000000000000033, ERR=0x0000000000000014
  TRAPNO=0x000000000000000e

Top of Stack: (sp=0x00007f218924eca8)
0x00007f218924eca8:   00007f218f2da4d1 00007f21c2a41ef0
0x00007f218924ecb8:   00007f21b0005de0 00007f21bb800000
0x00007f218924ecc8:   00007f21c2b28729 0000000000000000
0x00007f218924ecd8:   00007f218ec22fa2 00007f21bc7ffda0
0x00007f218924ece8:   0000000000000000 0000000000000000
0x00007f218924ecf8:   0000000000000000 00007f21bc802a30
0x00007f218924ed08:   00007f21bc802630 0000000000002000
0x00007f218924ed18:   00007f218ec2acba 00007f21bc8001f0
0x00007f218924ed28:   00007f21ac006370 0000000000000000
0x00007f218924ed38:   5700000000000001 0000000000002000
0x00007f218924ed48:   00007f218ec2c7cb 0000000000000000
0x00007f218924ed58:   0000000000000000 0000000000000000
0x00007f218924ed68:   0000000000000000 0000000000000000
0x00007f218924ed78:   0000000000002000 00007f21bc802630
0x00007f218924ed88:   00007f218924ee58 00007f218924ee50
0x00007f218924ed98:   00007f21bc80add0 00007f218ec45c60
0x00007f218924eda8:   00007f218f095be2 00007f21892e0040
0x00007f218924edb8:   00007f2189320040 00000400c28332e0
0x00007f218924edc8:   00007f218924ede0 0000000000000000
0x00007f218924edd8:   00007f218f09aeb2 00001fa00000037f
0x00007f218924ede8:   00007f218ec109ff 00007f21bc802a30
0x00007f218924edf8:   0000000000002000 00007f21bc8022c0
0x00007f218924ee08:   0000000000000000 00007f21bc806c40
0x00007f218924ee18:   0000000000000008 00007f218924ee58
0x00007f218924ee28:   00007f218f2f0544 0000000000000000
0x00007f218924ee38:   00007f218924ee50 0000000000002000
0x00007f218924ee48:   0000000000006000 00007f2189320040
0x00007f218924ee58:   0000000000002000 0000000000000000
0x00007f218924ee68:   00007f21bc804bd0 0000000000000000
0x00007f218924ee78:   0000000000000000 00007f21c3235060
0x00007f218924ee88:   00007f21c320eae0 0000000000001000
0x00007f218924ee98:   00007f218f2e373a 0000000000000000 

Instructions: (pc=0x0000000000000000)
0xffffffffffffffe0:   

Register to memory mapping:

RAX=
[error occurred during error reporting (printing register info), id 0xb]

Stack: [0x00007f218914f000,0x00007f2189250000],  sp=0x00007f218924eca8,  free space=1023k

---------------  P R O C E S S  ---------------

VM state:at safepoint (shutting down)

VM Mutex/Monitor currently owned by a thread:  ([mutex/lock_event])
[0x00007f21bc005b00] Threads_lock - owner thread: 0x00007f21bc09e000

Heap
 def new generation   total 61248K, used 48038K [0x00000000cc000000, 0x00000000d0270000, 0x00000000d9e00000)
  eden space 54464K,  88% used [0x00000000cc000000, 0x00000000ceee9838, 0x00000000cf530000)
  from space 6784K,   0% used [0x00000000cf530000, 0x00000000cf530000, 0x00000000cfbd0000)
  to   space 6784K,   0% used [0x00000000cfbd0000, 0x00000000cfbd0000, 0x00000000d0270000)
 tenured generation   total 136012K, used 66628K [0x00000000d9e00000, 0x00000000e22d3000, 0x00000000f5a00000)
   the space 136012K,  48% used [0x00000000d9e00000, 0x00000000ddf11330, 0x00000000ddf11400, 0x00000000e22d3000)
 compacting perm gen  total 21248K, used 8781K [0x00000000f5a00000, 0x00000000f6ec0000, 0x0000000100000000)
   the space 21248K,  41% used [0x00000000f5a00000, 0x00000000f62936a0, 0x00000000f6293800, 0x00000000f6ec0000)
No shared spaces configured.

Card table byte_map: [0x00007f21b8c56000,0x00007f21b8df7000] byte_map_base: 0x00007f21b85f6000

Polling page: 0x00007f21c3231000

Code Cache  [0x00007f21b8df7000, 0x00007f21b9067000, 0x00007f21bbdf7000)
 total_blobs=568 nmethods=100 adapters=421 free_code_cache=48302Kb largest_free_block=49444032

Compilation events (10 events):
Event: 15,743 Thread 0x00007f21bc105800 nmethod 85 0x00007f21b8ec1390 code [0x00007f21b8ec14e0, 0x00007f21b8ec15c8]
Event: 15,744 Thread 0x00007f21bc107800 nmethod 87 0x00007f21b8ec3b90 code [0x00007f21b8ec3ce0, 0x00007f21b8ec3dc8]
Event: 15,789 Thread 0x00007f21bc105800   89             GUI.Background::draw (105 bytes)
Event: 15,792 Thread 0x00007f21bc107800   90             GUI.Texture::draw (89 bytes)
Event: 15,875 Thread 0x00007f21bc107800 nmethod 90 0x00007f21b8ec8c10 code [0x00007f21b8ec8f40, 0x00007f21b8ec9ff8]
Event: 15,888 Thread 0x00007f21bc105800 nmethod 89 0x00007f21b8ecbc10 code [0x00007f21b8ecbfe0, 0x00007f21b8ecd5a8]
Event: 17,836 Thread 0x00007f21bc107800   91             org.newdawn.slick.opengl.TextureImpl::getImageWidth (5 bytes)
Event: 17,837 Thread 0x00007f21bc107800 nmethod 91 0x00007f21b8eb0f50 code [0x00007f21b8eb1080, 0x00007f21b8eb10d8]
Event: 22,270 Thread 0x00007f21bc107800   92             org.lwjgl.opengl.Sync$RunningAvg::avg (37 bytes)
Event: 22,274 Thread 0x00007f21bc107800 nmethod 92 0x00007f21b8ec3610 code [0x00007f21b8ec3760, 0x00007f21b8ec38b8]

GC Heap History (10 events):
Event: 9,734 GC heap before
{Heap before GC invocations=2 (full 0):
 def new generation   total 9600K, used 4979K [0x00000000cc000000, 0x00000000cca60000, 0x00000000d9e00000)
  eden space 8576K,  49% used [0x00000000cc000000, 0x00000000cc41cf58, 0x00000000cc860000)
  from space 1024K,  74% used [0x00000000cc860000, 0x00000000cc91fce8, 0x00000000cc960000)
  to   space 1024K,   0% used [0x00000000cc960000, 0x00000000cc960000, 0x00000000cca60000)
 tenured generation   total 21312K, used 3943K [0x00000000d9e00000, 0x00000000db2d0000, 0x00000000f5a00000)
   the space 21312K,  18% used [0x00000000d9e00000, 0x00000000da1d9e40, 0x00000000da1da000, 0x00000000db2d0000)
 compacting perm gen  total 21248K, used 8474K [0x00000000f5a00000, 0x00000000f6ec0000, 0x0000000100000000)
   the space 21248K,  39% used [0x00000000f5a00000, 0x00000000f6246a70, 0x00000000f6246c00, 0x00000000f6ec0000)
No shared spaces configured.
Event: 9,769 GC heap after
Heap after GC invocations=3 (full 0):
 def new generation   total 9664K, used 0K [0x00000000cc000000, 0x00000000cca70000, 0x00000000d9e00000)
  eden space 8640K,   0% used [0x00000000cc000000, 0x00000000cc000000, 0x00000000cc870000)
  from space 1024K,   0% used [0x00000000cc870000, 0x00000000cc870000, 0x00000000cc970000)
  to   space 1024K,   0% used [0x00000000cc970000, 0x00000000cc970000, 0x00000000cca70000)
 tenured generation   total 21312K, used 8798K [0x00000000d9e00000, 0x00000000db2d0000, 0x00000000f5a00000)
   the space 21312K,  41% used [0x00000000d9e00000, 0x00000000da697b20, 0x00000000da697c00, 0x00000000db2d0000)
 compacting perm gen  total 21248K, used 8474K [0x00000000f5a00000, 0x00000000f6ec0000, 0x0000000100000000)
   the space 21248K,  39% used [0x00000000f5a00000, 0x00000000f6246a70, 0x00000000f6246c00, 0x00000000f6ec0000)
No shared spaces configured.
}
Event: 10,139 GC heap before
{Heap before GC invocations=3 (full 0):
 def new generation   total 9664K, used 8308K [0x00000000cc000000, 0x00000000cca70000, 0x00000000d9e00000)
  eden space 8640K,  96% used [0x00000000cc000000, 0x00000000cc81d2d0, 0x00000000cc870000)
  from space 1024K,   0% used [0x00000000cc870000, 0x00000000cc870000, 0x00000000cc970000)
  to   space 1024K,   0% used [0x00000000cc970000, 0x00000000cc970000, 0x00000000cca70000)
 tenured generation   total 21312K, used 8798K [0x00000000d9e00000, 0x00000000db2d0000, 0x00000000f5a00000)
   the space 21312K,  41% used [0x00000000d9e00000, 0x00000000da697b20, 0x00000000da697c00, 0x00000000db2d0000)
 compacting perm gen  total 21248K, used 8474K [0x00000000f5a00000, 0x00000000f6ec0000, 0x0000000100000000)
   the space 21248K,  39% used [0x00000000f5a00000, 0x00000000f6246bf8, 0x00000000f6246c00, 0x00000000f6ec0000)
No shared spaces configured.
Event: 10,197 GC heap after
Heap after GC invocations=4 (full 1):
 def new generation   total 9664K, used 0K [0x00000000cc000000, 0x00000000cca70000, 0x00000000d9e00000)
  eden space 8640K,   0% used [0x00000000cc000000, 0x00000000cc000000, 0x00000000cc870000)
  from space 1024K,   0% used [0x00000000cc970000, 0x00000000cc970000, 0x00000000cca70000)
  to   space 1024K,   0% used [0x00000000cc870000, 0x00000000cc870000, 0x00000000cc970000)
 tenured generation   total 21312K, used 10842K [0x00000000d9e00000, 0x00000000db2d0000, 0x00000000f5a00000)
   the space 21312K,  50% used [0x00000000d9e00000, 0x00000000da8968c0, 0x00000000da896a00, 0x00000000db2d0000)
 compacting perm gen  total 21248K, used 8474K [0x00000000f5a00000, 0x00000000f6ec0000, 0x0000000100000000)
   the space 21248K,  39% used [0x00000000f5a00000, 0x00000000f6246bf8, 0x00000000f6246c00, 0x00000000f6ec0000)
No shared spaces configured.
}
Event: 10,800 GC heap before
{Heap before GC invocations=4 (full 1):
 def new generation   total 9664K, used 230K [0x00000000cc000000, 0x00000000cca70000, 0x00000000d9e00000)
  eden space 8640K,   2% used [0x00000000cc000000, 0x00000000cc039940, 0x00000000cc870000)
  from space 1024K,   0% used [0x00000000cc970000, 0x00000000cc970000, 0x00000000cca70000)
  to   space 1024K,   0% used [0x00000000cc870000, 0x00000000cc870000, 0x00000000cc970000)
 tenured generation   total 37700K, used 27226K [0x00000000d9e00000, 0x00000000dc2d1000, 0x00000000f5a00000)
   the space 37700K,  72% used [0x00000000d9e00000, 0x00000000db8968d0, 0x00000000db896a00, 0x00000000dc2d1000)
 compacting perm gen  total 21248K, used 8479K [0x00000000f5a00000, 0x00000000f6ec0000, 0x0000000100000000)
   the space 21248K,  39% used [0x00000000f5a00000, 0x00000000f6247d18, 0x00000000f6247e00, 0x00000000f6ec0000)
No shared spaces configured.
Event: 10,842 GC heap after
Heap after GC invocations=5 (full 2):
 def new generation   total 17024K, used 0K [0x00000000cc000000, 0x00000000cd270000, 0x00000000d9e00000)
  eden space 15168K,   0% used [0x00000000cc000000, 0x00000000cc000000, 0x00000000cced0000)
  from space 1856K,   0% used [0x00000000cced0000, 0x00000000cced0000, 0x00000000cd0a0000)
  to   space 1856K,   0% used [0x00000000cd0a0000, 0x00000000cd0a0000, 0x00000000cd270000)
 tenured generation   total 37700K, used 19034K [0x00000000d9e00000, 0x00000000dc2d1000, 0x00000000f5a00000)
   the space 37700K,  50% used [0x00000000d9e00000, 0x00000000db0968e0, 0x00000000db096a00, 0x00000000dc2d1000)
 compacting perm gen  total 21248K, used 8479K [0x00000000f5a00000, 0x00000000f6ec0000, 0x0000000100000000)
   the space 21248K,  39% used [0x00000000f5a00000, 0x00000000f6247d18, 0x00000000f6247e00, 0x00000000f6ec0000)
No shared spaces configured.
}
Event: 12,126 GC heap before
{Heap before GC invocations=5 (full 2):
 def new generation   total 17024K, used 538K [0x00000000cc000000, 0x00000000cd270000, 0x00000000d9e00000)
  eden space 15168K,   3% used [0x00000000cc000000, 0x00000000cc086b48, 0x00000000cced0000)
  from space 1856K,   0% used [0x00000000cced0000, 0x00000000cced0000, 0x00000000cd0a0000)
  to   space 1856K,   0% used [0x00000000cd0a0000, 0x00000000cd0a0000, 0x00000000cd270000)
 tenured generation   total 70472K, used 51802K [0x00000000d9e00000, 0x00000000de2d2000, 0x00000000f5a00000)
   the space 70472K,  73% used [0x00000000d9e00000, 0x00000000dd0968f0, 0x00000000dd096a00, 0x00000000de2d2000)
 compacting perm gen  total 21248K, used 8479K [0x00000000f5a00000, 0x00000000f6ec0000, 0x0000000100000000)
   the space 21248K,  39% used [0x00000000f5a00000, 0x00000000f6247d18, 0x00000000f6247e00, 0x00000000f6ec0000)
No shared spaces configured.
Event: 12,182 GC heap after
Heap after GC invocations=6 (full 3):
 def new generation   total 31744K, used 0K [0x00000000cc000000, 0x00000000ce270000, 0x00000000d9e00000)
  eden space 28224K,   0% used [0x00000000cc000000, 0x00000000cc000000, 0x00000000cdb90000)
  from space 3520K,   0% used [0x00000000cdb90000, 0x00000000cdb90000, 0x00000000cdf00000)
  to   space 3520K,   0% used [0x00000000cdf00000, 0x00000000cdf00000, 0x00000000ce270000)
 tenured generation   total 70472K, used 35418K [0x00000000d9e00000, 0x00000000de2d2000, 0x00000000f5a00000)
   the space 70472K,  50% used [0x00000000d9e00000, 0x00000000dc0969b8, 0x00000000dc096a00, 0x00000000de2d2000)
 compacting perm gen  total 21248K, used 8479K [0x00000000f5a00000, 0x00000000f6ec0000, 0x0000000100000000)
   the space 21248K,  39% used [0x00000000f5a00000, 0x00000000f6247d18, 0x00000000f6247e00, 0x00000000f6ec0000)
No shared spaces configured.
}
Event: 13,289 GC heap before
{Heap before GC invocations=6 (full 3):
 def new generation   total 31744K, used 501K [0x00000000cc000000, 0x00000000ce270000, 0x00000000d9e00000)
  eden space 28224K,   1% used [0x00000000cc000000, 0x00000000cc07d478, 0x00000000cdb90000)
  from space 3520K,   0% used [0x00000000cdb90000, 0x00000000cdb90000, 0x00000000cdf00000)
  to   space 3520K,   0% used [0x00000000cdf00000, 0x00000000cdf00000, 0x00000000ce270000)
 tenured generation   total 136012K, used 100954K [0x00000000d9e00000, 0x00000000e22d3000, 0x00000000f5a00000)
   the space 136012K,  74% used [0x00000000d9e00000, 0x00000000e00969c8, 0x00000000e0096a00, 0x00000000e22d3000)
 compacting perm gen  total 21248K, used 8479K [0x00000000f5a00000, 0x00000000f6ec0000, 0x0000000100000000)
   the space 21248K,  39% used [0x00000000f5a00000, 0x00000000f6247d18, 0x00000000f6247e00, 0x00000000f6ec0000)
No shared spaces configured.
Event: 13,377 GC heap after
Heap after GC invocations=7 (full 4):
 def new generation   total 61248K, used 0K [0x00000000cc000000, 0x00000000d0270000, 0x00000000d9e00000)
  eden space 54464K,   0% used [0x00000000cc000000, 0x00000000cc000000, 0x00000000cf530000)
  from space 6784K,   0% used [0x00000000cf530000, 0x00000000cf530000, 0x00000000cfbd0000)
  to   space 6784K,   0% used [0x00000000cfbd0000, 0x00000000cfbd0000, 0x00000000d0270000)
 tenured generation   total 136012K, used 66628K [0x00000000d9e00000, 0x00000000e22d3000, 0x00000000f5a00000)
   the space 136012K,  48% used [0x00000000d9e00000, 0x00000000ddf11330, 0x00000000ddf11400, 0x00000000e22d3000)
 compacting perm gen  total 21248K, used 8477K [0x00000000f5a00000, 0x00000000f6ec0000, 0x0000000100000000)
   the space 21248K,  39% used [0x00000000f5a00000, 0x00000000f6247418, 0x00000000f6247600, 0x00000000f6ec0000)
No shared spaces configured.
}

Deoptimization events (4 events):
Event: 7,930 Thread 0x00007f21bc009800 Uncommon trap -34 fr.pc 0x00007f21b8e96f58
Event: 7,936 Thread 0x00007f21bc009800 Uncommon trap -34 fr.pc 0x00007f21b8e96f58
Event: 7,946 Thread 0x00007f21bc009800 Uncommon trap -34 fr.pc 0x00007f21b8e96f58
Event: 7,957 Thread 0x00007f21bc009800 Uncommon trap -34 fr.pc 0x00007f21b8e96f58

Internal exceptions (10 events):
Event: 14,509 Thread 0x00007f21bc009800 Threw 0x00000000cebd71b0 at /build/buildd/openjdk-7-7u25-2.3.12/build/openjdk/hotspot/src/share/vm/prims/jvm.cpp:1235
Event: 14,540 Thread 0x00007f21bc009800 Threw 0x00000000cebd8c40 at /build/buildd/openjdk-7-7u25-2.3.12/build/openjdk/hotspot/src/share/vm/prims/jvm.cpp:1235
Event: 14,841 Thread 0x00007f21bc009800 Threw 0x00000000cebe00e8 at /build/buildd/openjdk-7-7u25-2.3.12/build/openjdk/hotspot/src/share/vm/prims/jvm.cpp:1235
Event: 14,865 Thread 0x00007f21bc009800 Threw 0x00000000cebe23a0 at /build/buildd/openjdk-7-7u25-2.3.12/build/openjdk/hotspot/src/share/vm/prims/jvm.cpp:1235
Event: 14,897 Thread 0x00007f21bc009800 Threw 0x00000000cebe40f8 at /build/buildd/openjdk-7-7u25-2.3.12/build/openjdk/hotspot/src/share/vm/prims/jvm.cpp:1235
Event: 14,964 Thread 0x00007f21bc009800 Threw 0x00000000cebe7e28 at /build/buildd/openjdk-7-7u25-2.3.12/build/openjdk/hotspot/src/share/vm/prims/jvm.cpp:1235
Event: 17,857 Thread 0x00007f21bc009800 Threw 0x00000000cebf3370 at /build/buildd/openjdk-7-7u25-2.3.12/build/openjdk/hotspot/src/share/vm/prims/jvm.cpp:1235
Event: 17,907 Thread 0x00007f21bc009800 Threw 0x00000000cebf4ab0 at /build/buildd/openjdk-7-7u25-2.3.12/build/openjdk/hotspot/src/share/vm/prims/jvm.cpp:1235
Event: 20,139 Thread 0x00007f21bc009800 Threw 0x00000000cec02570 at /build/buildd/openjdk-7-7u25-2.3.12/build/openjdk/hotspot/src/share/vm/prims/jvm.cpp:1235
Event: 24,167 Thread 0x00007f21bc009800 Threw 0x00000000cec46310 at /build/buildd/openjdk-7-7u25-2.3.12/build/openjdk/hotspot/src/share/vm/prims/jvm.cpp:1235

Events (10 events):
Event: 24,211 loading class 0x00007f21bc244870
Event: 24,240 loading class 0x00007f21bc7b62d0
Event: 24,253 loading class 0x00007f21bc7b62d0 done
Event: 24,253 loading class 0x00007f21bc7b6300
Event: 24,263 loading class 0x00007f21bc7b6300 done
Event: 24,263 loading class 0x00007f21bc244870 done
Event: 24,385 Thread 0x00007f21bc78f000 Thread exited: 0x00007f21bc78f000
Event: 24,398 Thread 0x00007f21bc790800 Thread exited: 0x00007f21bc790800
Event: 24,440 Thread 0x00007f21bc103000 Thread exited: 0x00007f21bc103000
Event: 24,472 Executing VM operation: Exit


Dynamic libraries:
00400000-00401000 r-xp 00000000 08:05 683433                             /usr/lib/jvm/java-7-openjdk-amd64/jre/bin/java
00600000-00601000 r--p 00000000 08:05 683433                             /usr/lib/jvm/java-7-openjdk-amd64/jre/bin/java
00601000-00602000 rw-p 00001000 08:05 683433                             /usr/lib/jvm/java-7-openjdk-amd64/jre/bin/java
02097000-020b8000 rw-p 00000000 00:00 0                                  [heap]
cc000000-d0270000 rw-p 00000000 00:00 0 
d0270000-d9e00000 rw-p 00000000 00:00 0 
d9e00000-e22d3000 rw-p 00000000 00:00 0 
e22d3000-f5a00000 rw-p 00000000 00:00 0 
f5a00000-f6ec0000 rw-p 00000000 00:00 0 
f6ec0000-100000000 rw-p 00000000 00:00 0 
7f21837a3000-7f21837a6000 ---p 00000000 00:00 0 
7f21837a6000-7f21838a4000 rw-p 00000000 00:00 0 
7f21838a4000-7f21838a7000 ---p 00000000 00:00 0 
7f21838a7000-7f218914f000 rw-p 00000000 00:00 0 
7f218914f000-7f2189150000 ---p 00000000 00:00 0 
7f2189150000-7f2189250000 rw-p 00000000 00:00 0                          [stack:12144]
7f2189250000-7f218d251000 rw-s 00000000 00:13 247688                     /run/shm/pulse-shm-1294165580
7f218d251000-7f218d252000 ---p 00000000 00:00 0 
7f218d252000-7f218da52000 rw-p 00000000 00:00 0                          [stack:12143]
7f218da52000-7f218da59000 r-xp 00000000 08:05 667000                     /usr/lib/x86_64-linux-gnu/libogg.so.0.8.1
7f218da59000-7f218dc59000 ---p 00007000 08:05 667000                     /usr/lib/x86_64-linux-gnu/libogg.so.0.8.1
7f218dc59000-7f218dc5a000 r--p 00007000 08:05 667000                     /usr/lib/x86_64-linux-gnu/libogg.so.0.8.1
7f218dc5a000-7f218dc5b000 rw-p 00008000 08:05 667000                     /usr/lib/x86_64-linux-gnu/libogg.so.0.8.1
7f218dc5b000-7f218dc86000 r-xp 00000000 08:05 667231                     /usr/lib/x86_64-linux-gnu/libvorbis.so.0.4.5
7f218dc86000-7f218de86000 ---p 0002b000 08:05 667231                     /usr/lib/x86_64-linux-gnu/libvorbis.so.0.4.5
7f218de86000-7f218de87000 r--p 0002b000 08:05 667231                     /usr/lib/x86_64-linux-gnu/libvorbis.so.0.4.5
7f218de87000-7f218de88000 rw-p 0002c000 08:05 667231                     /usr/lib/x86_64-linux-gnu/libvorbis.so.0.4.5
7f218de88000-7f218e13b000 r-xp 00000000 08:05 667233                     /usr/lib/x86_64-linux-gnu/libvorbisenc.so.2.0.8
7f218e13b000-7f218e33a000 ---p 002b3000 08:05 667233                     /usr/lib/x86_64-linux-gnu/libvorbisenc.so.2.0.8
7f218e33a000-7f218e356000 r--p 002b2000 08:05 667233                     /usr/lib/x86_64-linux-gnu/libvorbisenc.so.2.0.8
7f218e356000-7f218e357000 rw-p 002ce000 08:05 667233                     /usr/lib/x86_64-linux-gnu/libvorbisenc.so.2.0.8
7f218e357000-7f218e386000 r-xp 00000000 08:05 666198                     /usr/lib/x86_64-linux-gnu/libFLAC.so.8.3.0
7f218e386000-7f218e586000 ---p 0002f000 08:05 666198                     /usr/lib/x86_64-linux-gnu/libFLAC.so.8.3.0
7f218e586000-7f218e587000 r--p 0002f000 08:05 666198                     /usr/lib/x86_64-linux-gnu/libFLAC.so.8.3.0
7f218e587000-7f218e588000 rw-p 00030000 08:05 666198                     /usr/lib/x86_64-linux-gnu/libFLAC.so.8.3.0
7f218e588000-7f218e58d000 r-xp 00000000 08:05 666415                     /usr/lib/x86_64-linux-gnu/libasyncns.so.0.3.1
7f218e58d000-7f218e78c000 ---p 00005000 08:05 666415                     /usr/lib/x86_64-linux-gnu/libasyncns.so.0.3.1
7f218e78c000-7f218e78d000 r--p 00004000 08:05 666415                     /usr/lib/x86_64-linux-gnu/libasyncns.so.0.3.1
7f218e78d000-7f218e78e000 rw-p 00005000 08:05 666415                     /usr/lib/x86_64-linux-gnu/libasyncns.so.0.3.1
7f218e78e000-7f218e7ef000 r-xp 00000000 08:05 667126                     /usr/lib/x86_64-linux-gnu/libsndfile.so.1.0.25
7f218e7ef000-7f218e9ef000 ---p 00061000 08:05 667126                     /usr/lib/x86_64-linux-gnu/libsndfile.so.1.0.25
7f218e9ef000-7f218e9f1000 r--p 00061000 08:05 667126                     /usr/lib/x86_64-linux-gnu/libsndfile.so.1.0.25
7f218e9f1000-7f218e9f2000 rw-p 00063000 08:05 667126                     /usr/lib/x86_64-linux-gnu/libsndfile.so.1.0.25
7f218e9f2000-7f218e9f6000 rw-p 00000000 00:00 0 
7f218e9f6000-7f218e9fe000 r-xp 00000000 08:05 4846                       /lib/x86_64-linux-gnu/libwrap.so.0.7.6
7f218e9fe000-7f218ebfe000 ---p 00008000 08:05 4846                       /lib/x86_64-linux-gnu/libwrap.so.0.7.6
7f218ebfe000-7f218ebff000 r--p 00008000 08:05 4846                       /lib/x86_64-linux-gnu/libwrap.so.0.7.6
7f218ebff000-7f218ec00000 rw-p 00009000 08:05 4846                       /lib/x86_64-linux-gnu/libwrap.so.0.7.6
7f218ec00000-7f218ec66000 r-xp 00000000 08:05 136887                     /usr/lib/x86_64-linux-gnu/pulseaudio/libpulsecommon-4.0.so
7f218ec66000-7f218ee65000 ---p 00066000 08:05 136887                     /usr/lib/x86_64-linux-gnu/pulseaudio/libpulsecommon-4.0.so
7f218ee65000-7f218ee66000 r--p 00065000 08:05 136887                     /usr/lib/x86_64-linux-gnu/pulseaudio/libpulsecommon-4.0.so
7f218ee66000-7f218ee67000 rw-p 00066000 08:05 136887                     /usr/lib/x86_64-linux-gnu/pulseaudio/libpulsecommon-4.0.so
7f218ee67000-7f218ee70000 r-xp 00000000 08:05 4731                       /lib/x86_64-linux-gnu/libjson-c.so.2.0.1
7f218ee70000-7f218f06f000 ---p 00009000 08:05 4731                       /lib/x86_64-linux-gnu/libjson-c.so.2.0.1
7f218f06f000-7f218f070000 r--p 00008000 08:05 4731                       /lib/x86_64-linux-gnu/libjson-c.so.2.0.1
7f218f070000-7f218f071000 rw-p 00009000 08:05 4731                       /lib/x86_64-linux-gnu/libjson-c.so.2.0.1
7f218f071000-7f218f0b8000 r-xp 00000000 08:05 667063                     /usr/lib/x86_64-linux-gnu/libpulse.so.0.16.2
7f218f0b8000-7f218f2b8000 ---p 00047000 08:05 667063                     /usr/lib/x86_64-linux-gnu/libpulse.so.0.16.2
7f218f2b8000-7f218f2b9000 r--p 00047000 08:05 667063                     /usr/lib/x86_64-linux-gnu/libpulse.so.0.16.2
7f218f2b9000-7f218f2ba000 rw-p 00048000 08:05 667063                     /usr/lib/x86_64-linux-gnu/libpulse.so.0.16.2
7f218f2ba000-7f218f30f000 r-xp 00000000 08:05 437539                     /home/alvin/workspace/Lumen/LWJGL Library/native/linux/libopenal64.so
7f218f30f000-7f218f50e000 ---p 00055000 08:05 437539                     /home/alvin/workspace/Lumen/LWJGL Library/native/linux/libopenal64.so
7f218f50e000-7f218f511000 r--p 00054000 08:05 437539                     /home/alvin/workspace/Lumen/LWJGL Library/native/linux/libopenal64.so
7f218f511000-7f218f512000 rw-p 00057000 08:05 437539                     /home/alvin/workspace/Lumen/LWJGL Library/native/linux/libopenal64.so
7f218f512000-7f218f513000 rw-p 00000000 00:00 0 
7f218f513000-7f218f529000 r-xp 00000000 08:05 683404                     /usr/lib/jvm/java-7-openjdk-amd64/jre/lib/amd64/libnet.so
7f218f529000-7f218f728000 ---p 00016000 08:05 683404                     /usr/lib/jvm/java-7-openjdk-amd64/jre/lib/amd64/libnet.so
7f218f728000-7f218f729000 r--p 00015000 08:05 683404                     /usr/lib/jvm/java-7-openjdk-amd64/jre/lib/amd64/libnet.so
7f218f729000-7f218f72a000 rw-p 00016000 08:05 683404                     /usr/lib/jvm/java-7-openjdk-amd64/jre/lib/amd64/libnet.so
7f218f72a000-7f218f73a000 r-xp 00000000 08:05 683400                     /usr/lib/jvm/java-7-openjdk-amd64/jre/lib/amd64/libnio.so
7f218f73a000-7f218f939000 ---p 00010000 08:05 683400                     /usr/lib/jvm/java-7-openjdk-amd64/jre/lib/amd64/libnio.so
7f218f939000-7f218f93a000 r--p 0000f000 08:05 683400                     /usr/lib/jvm/java-7-openjdk-amd64/jre/lib/amd64/libnio.so
7f218f93a000-7f218f93b000 rw-p 00010000 08:05 683400                     /usr/lib/jvm/java-7-openjdk-amd64/jre/lib/amd64/libnio.so
7f218f93b000-7f2190a8e000 rw-p 00000000 00:00 0 
7f2190a8e000-7f2190ac0000 r-xp 00000000 08:05 667190                     /usr/lib/x86_64-linux-gnu/libtxc_dxtn_s2tc.so.0.0.0
7f2190ac0000-7f2190cbf000 ---p 00032000 08:05 667190                     /usr/lib/x86_64-linux-gnu/libtxc_dxtn_s2tc.so.0.0.0
7f2190cbf000-7f2190cc0000 r--p 00031000 08:05 667190                     /usr/lib/x86_64-linux-gnu/libtxc_dxtn_s2tc.so.0.0.0
7f2190cc0000-7f2190cc1000 rw-p 00032000 08:05 667190                     /usr/lib/x86_64-linux-gnu/libtxc_dxtn_s2tc.so.0.0.0
7f2190cc1000-7f2190d35000 rw-p 00000000 00:00 0 
7f2190dcc000-7f2190dd4000 r-xp 00000000 08:05 667032                     /usr/lib/x86_64-linux-gnu/libpciaccess.so.0.11.1
7f2190dd4000-7f2190fd3000 ---p 00008000 08:05 667032                     /usr/lib/x86_64-linux-gnu/libpciaccess.so.0.11.1
7f2190fd3000-7f2190fd4000 r--p 00007000 08:05 667032                     /usr/lib/x86_64-linux-gnu/libpciaccess.so.0.11.1
7f2190fd4000-7f2190fd5000 rw-p 00008000 08:05 667032                     /usr/lib/x86_64-linux-gnu/libpciaccess.so.0.11.1
7f2190fd5000-7f2190ff4000 r-xp 00000000 08:05 656280                     /usr/lib/x86_64-linux-gnu/libdrm_intel.so.1.0.0
7f2190ff4000-7f21911f3000 ---p 0001f000 08:05 656280                     /usr/lib/x86_64-linux-gnu/libdrm_intel.so.1.0.0
7f21911f3000-7f21911f4000 r--p 0001e000 08:05 656280                     /usr/lib/x86_64-linux-gnu/libdrm_intel.so.1.0.0
7f21911f4000-7f21911f5000 rw-p 0001f000 08:05 656280                     /usr/lib/x86_64-linux-gnu/libdrm_intel.so.1.0.0
7f21911f5000-7f21915b3000 r-xp 00000000 08:05 666549                     /usr/lib/x86_64-linux-gnu/libdricore9.2.1.so.1.0.0
7f21915b3000-7f21917b2000 ---p 003be000 08:05 666549                     /usr/lib/x86_64-linux-gnu/libdricore9.2.1.so.1.0.0
7f21917b2000-7f21917c2000 r--p 003bd000 08:05 666549                     /usr/lib/x86_64-linux-gnu/libdricore9.2.1.so.1.0.0
7f21917c2000-7f21917ca000 rw-p 003cd000 08:05 666549                     /usr/lib/x86_64-linux-gnu/libdricore9.2.1.so.1.0.0
7f21917ca000-7f21917e2000 rw-p 00000000 00:00 0 
7f21917e2000-7f21918b7000 r-xp 00000000 08:05 135941                     /usr/lib/x86_64-linux-gnu/dri/i965_dri.so
7f21918b7000-7f2191ab7000 ---p 000d5000 08:05 135941                     /usr/lib/x86_64-linux-gnu/dri/i965_dri.so
7f2191ab7000-7f2191aba000 r--p 000d5000 08:05 135941                     /usr/lib/x86_64-linux-gnu/dri/i965_dri.so
7f2191aba000-7f2191abc000 rw-p 000d8000 08:05 135941                     /usr/lib/x86_64-linux-gnu/dri/i965_dri.so
7f2191abc000-7f2191abd000 rw-p 00000000 00:00 0 
7f2191abd000-7f2191ac8000 r-xp 00000000 08:05 682544                     /usr/lib/x86_64-linux-gnu/libdrm.so.2.4.0
7f2191ac8000-7f2191cc7000 ---p 0000b000 08:05 682544                     /usr/lib/x86_64-linux-gnu/libdrm.so.2.4.0
7f2191cc7000-7f2191cc8000 r--p 0000a000 08:05 682544                     /usr/lib/x86_64-linux-gnu/libdrm.so.2.4.0
7f2191cc8000-7f2191cc9000 rw-p 0000b000 08:05 682544                     /usr/lib/x86_64-linux-gnu/libdrm.so.2.4.0
7f2191cc9000-7f2191ccc000 r-xp 00000000 08:05 667263                     /usr/lib/x86_64-linux-gnu/libxcb-dri2.so.0.0.0
7f2191ccc000-7f2191ecc000 ---p 00003000 08:05 667263                     /usr/lib/x86_64-linux-gnu/libxcb-dri2.so.0.0.0
7f2191ecc000-7f2191ecd000 r--p 00003000 08:05 667263                     /usr/lib/x86_64-linux-gnu/libxcb-dri2.so.0.0.0
7f2191ecd000-7f2191ece000 rw-p 00004000 08:05 667263                     /usr/lib/x86_64-linux-gnu/libxcb-dri2.so.0.0.0
7f2191ece000-7f2191ee3000 r-xp 00000000 08:05 667265                     /usr/lib/x86_64-linux-gnu/libxcb-glx.so.0.0.0
7f2191ee3000-7f21920e2000 ---p 00015000 08:05 667265                     /usr/lib/x86_64-linux-gnu/libxcb-glx.so.0.0.0
7f21920e2000-7f21920e4000 r--p 00014000 08:05 667265                     /usr/lib/x86_64-linux-gnu/libxcb-glx.so.0.0.0
7f21920e4000-7f21920e5000 rw-p 00016000 08:05 667265                     /usr/lib/x86_64-linux-gnu/libxcb-glx.so.0.0.0
7f21920e5000-7f21920e6000 r-xp 00000000 08:05 666331                     /usr/lib/x86_64-linux-gnu/libX11-xcb.so.1.0.0
7f21920e6000-7f21922e5000 ---p 00001000 08:05 666331                     /usr/lib/x86_64-linux-gnu/libX11-xcb.so.1.0.0
7f21922e5000-7f21922e6000 r--p 00000000 08:05 666331                     /usr/lib/x86_64-linux-gnu/libX11-xcb.so.1.0.0
7f21922e6000-7f21922e7000 rw-p 00001000 08:05 666331                     /usr/lib/x86_64-linux-gnu/libX11-xcb.so.1.0.0
7f21922e7000-7f2192308000 r-xp 00000000 08:05 666692                     /usr/lib/x86_64-linux-gnu/libglapi.so.0.0.0
7f2192308000-7f2192508000 ---p 00021000 08:05 666692                     /usr/lib/x86_64-linux-gnu/libglapi.so.0.0.0
7f2192508000-7f219250b000 r--p 00021000 08:05 666692                     /usr/lib/x86_64-linux-gnu/libglapi.so.0.0.0
7f219250b000-7f219250c000 rw-p 00024000 08:05 666692                     /usr/lib/x86_64-linux-gnu/libglapi.so.0.0.0
7f219250c000-7f219250d000 rw-p 00000000 00:00 0 
7f219250d000-7f2192567000 r-xp 00000000 08:05 136847                     /usr/lib/x86_64-linux-gnu/mesa/libGL.so.1.2.0
7f2192567000-7f2192767000 ---p 0005a000 08:05 136847                     /usr/lib/x86_64-linux-gnu/mesa/libGL.so.1.2.0
7f2192767000-7f2192769000 r--p 0005a000 08:05 136847                     /usr/lib/x86_64-linux-gnu/mesa/libGL.so.1.2.0
7f2192769000-7f219276a000 rw-p 0005c000 08:05 136847                     /usr/lib/x86_64-linux-gnu/mesa/libGL.so.1.2.0
7f219276a000-7f219276b000 rw-p 00000000 00:00 0 
7f219276b000-7f219276f000 r-xp 00000000 08:05 666382                     /usr/lib/x86_64-linux-gnu/libXxf86vm.so.1.0.0
7f219276f000-7f219296f000 ---p 00004000 08:05 666382                     /usr/lib/x86_64-linux-gnu/libXxf86vm.so.1.0.0
7f219296f000-7f2192970000 r--p 00004000 08:05 666382                     /usr/lib/x86_64-linux-gnu/libXxf86vm.so.1.0.0
7f2192970000-7f2192971000 rw-p 00005000 08:05 666382                     /usr/lib/x86_64-linux-gnu/libXxf86vm.so.1.0.0
7f2192971000-7f21929db000 r-xp 00000000 08:05 437537                     /home/alvin/workspace/Lumen/LWJGL Library/native/linux/liblwjgl64.so
7f21929db000-7f2192bdb000 ---p 0006a000 08:05 437537                     /home/alvin/workspace/Lumen/LWJGL Library/native/linux/liblwjgl64.so
7f2192bdb000-7f2192bdd000 r--p 0006a000 08:05 437537                     /home/alvin/workspace/Lumen/LWJGL Library/native/linux/liblwjgl64.so
7f2192bdd000-7f2192bde000 rw-p 0006c000 08:05 437537                     /home/alvin/workspace/Lumen/LWJGL Library/native/linux/liblwjgl64.so
7f2192bde000-7f2192bdf000 r-xp 00000000 08:05 683430                     /usr/lib/jvm/java-7-openjdk-amd64/jre/lib/amd64/libjawt.so
7f2192bdf000-7f2192dde000 ---p 00001000 08:05 683430                     /usr/lib/jvm/java-7-openjdk-amd64/jre/lib/amd64/libjawt.so
7f2192dde000-7f2192ddf000 r--p 00000000 08:05 683430                     /usr/lib/jvm/java-7-openjdk-amd64/jre/lib/amd64/libjawt.so
7f2192ddf000-7f2192de0000 rw-p 00001000 08:05 683430                     /usr/lib/jvm/java-7-openjdk-amd64/jre/lib/amd64/libjawt.so
7f2192de0000-7f2192de3000 ---p 00000000 00:00 0 
7f2192de3000-7f2192ee1000 rw-p 00000000 00:00 0                          [stack:12135]
7f2192ee1000-7f2192ee5000 r-xp 00000000 08:05 4722                       /lib/x86_64-linux-gnu/libgpg-error.so.0.10.0
7f2192ee5000-7f21930e4000 ---p 00004000 08:05 4722                       /lib/x86_64-linux-gnu/libgpg-error.so.0.10.0
7f21930e4000-7f21930e5000 r--p 00003000 08:05 4722                       /lib/x86_64-linux-gnu/libgpg-error.so.0.10.0
7f21930e5000-7f21930e6000 rw-p 00004000 08:05 4722                       /lib/x86_64-linux-gnu/libgpg-error.so.0.10.0
7f21930e6000-7f21930e8000 r-xp 00000000 08:05 4734                       /lib/x86_64-linux-gnu/libkeyutils.so.1.4
7f21930e8000-7f21932e8000 ---p 00002000 08:05 4734                       /lib/x86_64-linux-gnu/libkeyutils.so.1.4
7f21932e8000-7f21932e9000 r--p 00002000 08:05 4734                       /lib/x86_64-linux-gnu/libkeyutils.so.1.4
7f21932e9000-7f21932ea000 rw-p 00003000 08:05 4734                       /lib/x86_64-linux-gnu/libkeyutils.so.1.4
7f21932ea000-7f2193302000 r-xp 00000000 08:05 666734                     /usr/lib/x86_64-linux-gnu/libgraphite2.so.3.0.1
7f2193302000-7f2193501000 ---p 00018000 08:05 666734                     /usr/lib/x86_64-linux-gnu/libgraphite2.so.3.0.1
7f2193501000-7f2193503000 r--p 00017000 08:05 666734                     /usr/lib/x86_64-linux-gnu/libgraphite2.so.3.0.1
7f2193503000-7f2193504000 rw-p 00019000 08:05 666734                     /usr/lib/x86_64-linux-gnu/libgraphite2.so.3.0.1
7f2193504000-7f2193548000 r-xp 00000000 08:05 4703                       /lib/x86_64-linux-gnu/libdbus-1.so.3.7.4
7f2193548000-7f2193747000 ---p 00044000 08:05 4703                       /lib/x86_64-linux-gnu/libdbus-1.so.3.7.4
7f2193747000-7f2193748000 r--p 00043000 08:05 4703                       /lib/x86_64-linux-gnu/libdbus-1.so.3.7.4
7f2193748000-7f2193749000 rw-p 00044000 08:05 4703                       /lib/x86_64-linux-gnu/libdbus-1.so.3.7.4
7f2193749000-7f2193767000 r-xp 00000000 08:05 667008                     /usr/lib/x86_64-linux-gnu/libp11-kit.so.0.0.0
7f2193767000-7f2193966000 ---p 0001e000 08:05 667008                     /usr/lib/x86_64-linux-gnu/libp11-kit.so.0.0.0
7f2193966000-7f2193968000 r--p 0001d000 08:05 667008                     /usr/lib/x86_64-linux-gnu/libp11-kit.so.0.0.0
7f2193968000-7f2193969000 rw-p 0001f000 08:05 667008                     /usr/lib/x86_64-linux-gnu/libp11-kit.so.0.0.0
7f2193969000-7f2193979000 r-xp 00000000 08:05 667162                     /usr/lib/x86_64-linux-gnu/libtasn1.so.3.2.0
7f2193979000-7f2193b78000 ---p 00010000 08:05 667162                     /usr/lib/x86_64-linux-gnu/libtasn1.so.3.2.0
7f2193b78000-7f2193b79000 r--p 0000f000 08:05 667162                     /usr/lib/x86_64-linux-gnu/libtasn1.so.3.2.0
7f2193b79000-7f2193b7a000 rw-p 00010000 08:05 667162                     /usr/lib/x86_64-linux-gnu/libtasn1.so.3.2.0
7f2193b7a000-7f2193bf4000 r-xp 00000000 08:05 4718                       /lib/x86_64-linux-gnu/libgcrypt.so.11.7.0
7f2193bf4000-7f2193df4000 ---p 0007a000 08:05 4718                       /lib/x86_64-linux-gnu/libgcrypt.so.11.7.0
7f2193df4000-7f2193df5000 r--p 0007a000 08:05 4718                       /lib/x86_64-linux-gnu/libgcrypt.so.11.7.0
7f2193df5000-7f2193df8000 rw-p 0007b000 08:05 4718                       /lib/x86_64-linux-gnu/libgcrypt.so.11.7.0
7f2193df8000-7f2193dff000 r-xp 00000000 08:05 666907                     /usr/lib/x86_64-linux-gnu/libkrb5support.so.0.1
7f2193dff000-7f2193ffe000 ---p 00007000 08:05 666907                     /usr/lib/x86_64-linux-gnu/libkrb5support.so.0.1
7f2193ffe000-7f2193fff000 r--p 00006000 08:05 666907                     /usr/lib/x86_64-linux-gnu/libkrb5support.so.0.1
7f2193fff000-7f2194000000 rw-p 00007000 08:05 666907                     /usr/lib/x86_64-linux-gnu/libkrb5support.so.0.1
7f2194000000-7f2194021000 rw-p 00000000 00:00 0 
7f2194021000-7f2198000000 ---p 00000000 00:00 0 
7f2198017000-7f219801b000 rw-s 00000000 00:04 247769                     /drm mm object (deleted)
7f219801b000-7f219801e000 r-xp 00000000 08:05 4698                       /lib/x86_64-linux-gnu/libcom_err.so.2.1
7f219801e000-7f219821d000 ---p 00003000 08:05 4698                       /lib/x86_64-linux-gnu/libcom_err.so.2.1
7f219821d000-7f219821e000 r--p 00002000 08:05 4698                       /lib/x86_64-linux-gnu/libcom_err.so.2.1
7f219821e000-7f219821f000 rw-p 00003000 08:05 4698                       /lib/x86_64-linux-gnu/libcom_err.so.2.1
7f219821f000-7f2198245000 r-xp 00000000 08:05 666901                     /usr/lib/x86_64-linux-gnu/libk5crypto.so.3.1
7f2198245000-7f2198444000 ---p 00026000 08:05 666901                     /usr/lib/x86_64-linux-gnu/libk5crypto.so.3.1
7f2198444000-7f2198445000 r--p 00025000 08:05 666901                     /usr/lib/x86_64-linux-gnu/libk5crypto.so.3.1
7f2198445000-7f2198446000 rw-p 00026000 08:05 666901                     /usr/lib/x86_64-linux-gnu/libk5crypto.so.3.1
7f2198446000-7f2198447000 rw-p 00000000 00:00 0 
7f2198447000-7f219850c000 r-xp 00000000 08:05 666905                     /usr/lib/x86_64-linux-gnu/libkrb5.so.3.3
7f219850c000-7f219870b000 ---p 000c5000 08:05 666905                     /usr/lib/x86_64-linux-gnu/libkrb5.so.3.3
7f219870b000-7f2198715000 r--p 000c4000 08:05 666905                     /usr/lib/x86_64-linux-gnu/libkrb5.so.3.3
7f2198715000-7f2198716000 rw-p 000ce000 08:05 666905                     /usr/lib/x86_64-linux-gnu/libkrb5.so.3.3
7f2198716000-7f219871c000 r-xp 00000000 08:05 666526                     /usr/lib/x86_64-linux-gnu/libdatrie.so.1.2.0
7f219871c000-7f219891b000 ---p 00006000 08:05 666526                     /usr/lib/x86_64-linux-gnu/libdatrie.so.1.2.0
7f219891b000-7f219891c000 r--p 00005000 08:05 666526                     /usr/lib/x86_64-linux-gnu/libdatrie.so.1.2.0
7f219891c000-7f219891d000 rw-p 00006000 08:05 666526                     /usr/lib/x86_64-linux-gnu/libdatrie.so.1.2.0
7f219891d000-7f219896d000 r-xp 00000000 08:05 666842                     /usr/lib/x86_64-linux-gnu/libharfbuzz.so.0.919.0
7f219896d000-7f2198b6d000 ---p 00050000 08:05 666842                     /usr/lib/x86_64-linux-gnu/libharfbuzz.so.0.919.0
7f2198b6d000-7f2198b6e000 r--p 00050000 08:05 666842                     /usr/lib/x86_64-linux-gnu/libharfbuzz.so.0.919.0
7f2198b6e000-7f2198b6f000 rw-p 00051000 08:05 666842                     /usr/lib/x86_64-linux-gnu/libharfbuzz.so.0.919.0
7f2198b6f000-7f2198b77000 r-xp 00000000 08:05 667277                     /usr/lib/x86_64-linux-gnu/libxcb-render.so.0.0.0
7f2198b77000-7f2198d76000 ---p 00008000 08:05 667277                     /usr/lib/x86_64-linux-gnu/libxcb-render.so.0.0.0
7f2198d76000-7f2198d77000 r--p 00007000 08:05 667277                     /usr/lib/x86_64-linux-gnu/libxcb-render.so.0.0.0
7f2198d77000-7f2198d78000 rw-p 00008000 08:05 667277                     /usr/lib/x86_64-linux-gnu/libxcb-render.so.0.0.0
7f2198d78000-7f2198d7a000 r-xp 00000000 08:05 667281                     /usr/lib/x86_64-linux-gnu/libxcb-shm.so.0.0.0
7f2198d7a000-7f2198f79000 ---p 00002000 08:05 667281                     /usr/lib/x86_64-linux-gnu/libxcb-shm.so.0.0.0
7f2198f79000-7f2198f7a000 r--p 00001000 08:05 667281                     /usr/lib/x86_64-linux-gnu/libxcb-shm.so.0.0.0
7f2198f7a000-7f2198f7b000 rw-p 00002000 08:05 667281                     /usr/lib/x86_64-linux-gnu/libxcb-shm.so.0.0.0
7f2198f7b000-7f2198fa0000 r-xp 00000000 08:05 4801                       /lib/x86_64-linux-gnu/libpng12.so.0.49.0
7f2198fa0000-7f219919f000 ---p 00025000 08:05 4801                       /lib/x86_64-linux-gnu/libpng12.so.0.49.0
7f219919f000-7f21991a0000 r--p 00024000 08:05 4801                       /lib/x86_64-linux-gnu/libpng12.so.0.49.0
7f21991a0000-7f21991a1000 rw-p 00025000 08:05 4801                       /lib/x86_64-linux-gnu/libpng12.so.0.49.0
7f21991a1000-7f2199242000 r-xp 00000000 08:05 657521                     /usr/lib/x86_64-linux-gnu/libpixman-1.so.0.30.2
7f2199242000-7f2199442000 ---p 000a1000 08:05 657521                     /usr/lib/x86_64-linux-gnu/libpixman-1.so.0.30.2
7f2199442000-7f2199449000 r--p 000a1000 08:05 657521                     /usr/lib/x86_64-linux-gnu/libpixman-1.so.0.30.2
7f2199449000-7f219944a000 rw-p 000a8000 08:05 657521                     /usr/lib/x86_64-linux-gnu/libpixman-1.so.0.30.2
7f219944a000-7f219944f000 r-xp 00000000 08:05 666348                     /usr/lib/x86_64-linux-gnu/libXdmcp.so.6.0.0
7f219944f000-7f219964e000 ---p 00005000 08:05 666348                     /usr/lib/x86_64-linux-gnu/libXdmcp.so.6.0.0
7f219964e000-7f219964f000 r--p 00004000 08:05 666348                     /usr/lib/x86_64-linux-gnu/libXdmcp.so.6.0.0
7f219964f000-7f2199650000 rw-p 00005000 08:05 666348                     /usr/lib/x86_64-linux-gnu/libXdmcp.so.6.0.0
7f2199650000-7f2199652000 r-xp 00000000 08:05 666337                     /usr/lib/x86_64-linux-gnu/libXau.so.6.0.0
7f2199652000-7f2199852000 ---p 00002000 08:05 666337                     /usr/lib/x86_64-linux-gnu/libXau.so.6.0.0
7f2199852000-7f2199853000 r--p 00002000 08:05 666337                     /usr/lib/x86_64-linux-gnu/libXau.so.6.0.0
7f2199853000-7f2199854000 rw-p 00003000 08:05 666337                     /usr/lib/x86_64-linux-gnu/libXau.so.6.0.0
7f2199854000-7f2199863000 r-xp 00000000 08:05 659640                     /usr/lib/x86_64-linux-gnu/libavahi-client.so.3.2.9
7f2199863000-7f2199a63000 ---p 0000f000 08:05 659640                     /usr/lib/x86_64-linux-gnu/libavahi-client.so.3.2.9
7f2199a63000-7f2199a64000 r--p 0000f000 08:05 659640                     /usr/lib/x86_64-linux-gnu/libavahi-client.so.3.2.9
7f2199a64000-7f2199a65000 rw-p 00010000 08:05 659640                     /usr/lib/x86_64-linux-gnu/libavahi-client.so.3.2.9
7f2199a65000-7f2199a70000 r-xp 00000000 08:05 659634                     /usr/lib/x86_64-linux-gnu/libavahi-common.so.3.5.3
7f2199a70000-7f2199c6f000 ---p 0000b000 08:05 659634                     /usr/lib/x86_64-linux-gnu/libavahi-common.so.3.5.3
7f2199c6f000-7f2199c70000 r--p 0000a000 08:05 659634                     /usr/lib/x86_64-linux-gnu/libavahi-common.so.3.5.3
7f2199c70000-7f2199c71000 rw-p 0000b000 08:05 659634                     /usr/lib/x86_64-linux-gnu/libavahi-common.so.3.5.3
7f2199c71000-7f2199d27000 r-xp 00000000 08:05 666710                     /usr/lib/x86_64-linux-gnu/libgnutls.so.26.22.6
7f2199d27000-7f2199f27000 ---p 000b6000 08:05 666710                     /usr/lib/x86_64-linux-gnu/libgnutls.so.26.22.6
7f2199f27000-7f2199f2d000 r--p 000b6000 08:05 666710                     /usr/lib/x86_64-linux-gnu/libgnutls.so.26.22.6
7f2199f2d000-7f2199f2e000 rw-p 000bc000 08:05 666710                     /usr/lib/x86_64-linux-gnu/libgnutls.so.26.22.6
7f2199f2e000-7f2199f2f000 rw-p 00000000 00:00 0 
7f2199f2f000-7f2199f6a000 r-xp 00000000 08:05 666740                     /usr/lib/x86_64-linux-gnu/libgssapi_krb5.so.2.2
7f2199f6a000-7f219a16a000 ---p 0003b000 08:05 666740                     /usr/lib/x86_64-linux-gnu/libgssapi_krb5.so.2.2
7f219a16a000-7f219a16b000 r--p 0003b000 08:05 666740                     /usr/lib/x86_64-linux-gnu/libgssapi_krb5.so.2.2
7f219a16b000-7f219a16d000 rw-p 0003c000 08:05 666740                     /usr/lib/x86_64-linux-gnu/libgssapi_krb5.so.2.2
7f219a16d000-7f219a1aa000 r-xp 00000000 08:05 4789                       /lib/x86_64-linux-gnu/libpcre.so.3.13.1
7f219a1aa000-7f219a3aa000 ---p 0003d000 08:05 4789                       /lib/x86_64-linux-gnu/libpcre.so.3.13.1
7f219a3aa000-7f219a3ab000 r--p 0003d000 08:05 4789                       /lib/x86_64-linux-gnu/libpcre.so.3.13.1
7f219a3ab000-7f219a3ac000 rw-p 0003e000 08:05 4789                       /lib/x86_64-linux-gnu/libpcre.so.3.13.1
7f219a3ac000-7f219a3b3000 r-xp 00000000 08:05 666585                     /usr/lib/x86_64-linux-gnu/libffi.so.6.0.1
7f219a3b3000-7f219a5b2000 ---p 00007000 08:05 666585                     /usr/lib/x86_64-linux-gnu/libffi.so.6.0.1
7f219a5b2000-7f219a5b3000 r--p 00006000 08:05 666585                     /usr/lib/x86_64-linux-gnu/libffi.so.6.0.1
7f219a5b3000-7f219a5b4000 rw-p 00007000 08:05 666585                     /usr/lib/x86_64-linux-gnu/libffi.so.6.0.1
7f219a5b4000-7f219a5db000 r-xp 00000000 08:05 4711                       /lib/x86_64-linux-gnu/libexpat.so.1.6.0
7f219a5db000-7f219a7db000 ---p 00027000 08:05 4711                       /lib/x86_64-linux-gnu/libexpat.so.1.6.0
7f219a7db000-7f219a7dd000 r--p 00027000 08:05 4711                       /lib/x86_64-linux-gnu/libexpat.so.1.6.0
7f219a7dd000-7f219a7de000 rw-p 00029000 08:05 4711                       /lib/x86_64-linux-gnu/libexpat.so.1.6.0
7f219a7de000-7f219a87a000 r-xp 00000000 08:05 666627                     /usr/lib/x86_64-linux-gnu/libfreetype.so.6.10.1
7f219a87a000-7f219aa7a000 ---p 0009c000 08:05 666627                     /usr/lib/x86_64-linux-gnu/libfreetype.so.6.10.1
7f219aa7a000-7f219aa7f000 r--p 0009c000 08:05 666627                     /usr/lib/x86_64-linux-gnu/libfreetype.so.6.10.1
7f219aa7f000-7f219aa80000 rw-p 000a1000 08:05 666627                     /usr/lib/x86_64-linux-gnu/libfreetype.so.6.10.1
7f219aa80000-7f219aa88000 r-xp 00000000 08:05 667174                     /usr/lib/x86_64-linux-gnu/libthai.so.0.2.0
7f219aa88000-7f219ac87000 ---p 00008000 08:05 667174                     /usr/lib/x86_64-linux-gnu/libthai.so.0.2.0
7f219ac87000-7f219ac88000 r--p 00007000 08:05 667174                     /usr/lib/x86_64-linux-gnu/libthai.so.0.2.0
7f219ac88000-7f219ac89000 rw-p 00008000 08:05 667174                     /usr/lib/x86_64-linux-gnu/libthai.so.0.2.0
7f219ac89000-7f219ac9f000 r-xp 00000000 08:05 4812                       /lib/x86_64-linux-gnu/libresolv-2.17.so
7f219ac9f000-7f219ae9f000 ---p 00016000 08:05 4812                       /lib/x86_64-linux-gnu/libresolv-2.17.so
7f219ae9f000-7f219aea0000 r--p 00016000 08:05 4812                       /lib/x86_64-linux-gnu/libresolv-2.17.so
7f219aea0000-7f219aea1000 rw-p 00017000 08:05 4812                       /lib/x86_64-linux-gnu/libresolv-2.17.so
7f219aea1000-7f219aea3000 rw-p 00000000 00:00 0 
7f219aea3000-7f219aec2000 r-xp 00000000 08:05 4816                       /lib/x86_64-linux-gnu/libselinux.so.1
7f219aec2000-7f219b0c2000 ---p 0001f000 08:05 4816                       /lib/x86_64-linux-gnu/libselinux.so.1
7f219b0c2000-7f219b0c3000 r--p 0001f000 08:05 4816                       /lib/x86_64-linux-gnu/libselinux.so.1
7f219b0c3000-7f219b0c4000 rw-p 00020000 08:05 4816                       /lib/x86_64-linux-gnu/libselinux.so.1
7f219b0c4000-7f219b0c5000 rw-p 00000000 00:00 0 
7f219b0c5000-7f219b0c7000 r-xp 00000000 08:05 666346                     /usr/lib/x86_64-linux-gnu/libXdamage.so.1.1.0
7f219b0c7000-7f219b2c6000 ---p 00002000 08:05 666346                     /usr/lib/x86_64-linux-gnu/libXdamage.so.1.1.0
7f219b2c6000-7f219b2c7000 r--p 00001000 08:05 666346                     /usr/lib/x86_64-linux-gnu/libXdamage.so.1.1.0
7f219b2c7000-7f219b2c8000 rw-p 00002000 08:05 666346                     /usr/lib/x86_64-linux-gnu/libXdamage.so.1.1.0
7f219b2c8000-7f219b2ca000 r-xp 00000000 08:05 666342                     /usr/lib/x86_64-linux-gnu/libXcomposite.so.1.0.0
7f219b2ca000-7f219b4c9000 ---p 00002000 08:05 666342                     /usr/lib/x86_64-linux-gnu/libXcomposite.so.1.0.0
7f219b4c9000-7f219b4ca000 r--p 00001000 08:05 666342                     /usr/lib/x86_64-linux-gnu/libXcomposite.so.1.0.0
7f219b4ca000-7f219b4cb000 rw-p 00002000 08:05 666342                     /usr/lib/x86_64-linux-gnu/libXcomposite.so.1.0.0
7f219b4cb000-7f219b4d4000 r-xp 00000000 08:05 666344                     /usr/lib/x86_64-linux-gnu/libXcursor.so.1.0.2
7f219b4d4000-7f219b6d3000 ---p 00009000 08:05 666344                     /usr/lib/x86_64-linux-gnu/libXcursor.so.1.0.2
7f219b6d3000-7f219b6d4000 r--p 00008000 08:05 666344                     /usr/lib/x86_64-linux-gnu/libXcursor.so.1.0.2
7f219b6d4000-7f219b6d5000 rw-p 00009000 08:05 666344                     /usr/lib/x86_64-linux-gnu/libXcursor.so.1.0.2
7f219b6d5000-7f219b6de000 r-xp 00000000 08:05 666370                     /usr/lib/x86_64-linux-gnu/libXrandr.so.2.2.0
7f219b6de000-7f219b8dd000 ---p 00009000 08:05 666370                     /usr/lib/x86_64-linux-gnu/libXrandr.so.2.2.0
7f219b8dd000-7f219b8de000 r--p 00008000 08:05 666370                     /usr/lib/x86_64-linux-gnu/libXrandr.so.2.2.0
7f219b8de000-7f219b8df000 rw-p 00009000 08:05 666370                     /usr/lib/x86_64-linux-gnu/libXrandr.so.2.2.0
7f219b8df000-7f219b8e1000 r-xp 00000000 08:05 666360                     /usr/lib/x86_64-linux-gnu/libXinerama.so.1.0.0
7f219b8e1000-7f219bae0000 ---p 00002000 08:05 666360                     /usr/lib/x86_64-linux-gnu/libXinerama.so.1.0.0
7f219bae0000-7f219bae1000 r--p 00001000 08:05 666360                     /usr/lib/x86_64-linux-gnu/libXinerama.so.1.0.0
7f219bae1000-7f219bae2000 rw-p 00002000 08:05 666360                     /usr/lib/x86_64-linux-gnu/libXinerama.so.1.0.0
7f219bae2000-7f219baf6000 r-xp 00000000 08:05 667020                     /usr/lib/x86_64-linux-gnu/libpangoft2-1.0.so.0.3200.5
7f219baf6000-7f219bcf5000 ---p 00014000 08:05 667020                     /usr/lib/x86_64-linux-gnu/libpangoft2-1.0.so.0.3200.5
7f219bcf5000-7f219bcf6000 r--p 00013000 08:05 667020                     /usr/lib/x86_64-linux-gnu/libpangoft2-1.0.so.0.3200.5
7f219bcf6000-7f219bcf7000 rw-p 00014000 08:05 667020                     /usr/lib/x86_64-linux-gnu/libpangoft2-1.0.so.0.3200.5
7f219bcf7000-7f219bdfb000 r-xp 00000000 08:05 666457                     /usr/lib/x86_64-linux-gnu/libcairo.so.2.11200.16
7f219bdfb000-7f219bffa000 ---p 00104000 08:05 666457                     /usr/lib/x86_64-linux-gnu/libcairo.so.2.11200.16
7f219bffa000-7f219bffd000 r--p 00103000 08:05 666457                     /usr/lib/x86_64-linux-gnu/libcairo.so.2.11200.16
7f219bffd000-7f219bffe000 rw-p 00106000 08:05 666457                     /usr/lib/x86_64-linux-gnu/libcairo.so.2.11200.16
7f219bffe000-7f219c000000 rw-p 00000000 00:00 0 
7f219c000000-7f219c832000 rw-p 00000000 00:00 0 
7f219c832000-7f21a0000000 ---p 00000000 00:00 0 
7f21a0000000-7f21a0636000 rw-p 00000000 00:00 0 
7f21a0636000-7f21a4000000 ---p 00000000 00:00 0 
7f21a4000000-7f21a4021000 rw-p 00000000 00:00 0 
7f21a4021000-7f21a8000000 ---p 00000000 00:00 0 
7f21a8000000-7f21a8001000 rw-s 11a3d6000 00:05 8214                      /dev/dri/card0
7f21a8001000-7f21a8002000 rw-s 11a3d5000 00:05 8214                      /dev/dri/card0
7f21a8002000-7f21a8003000 rw-s 11a3d3000 00:05 8214                      /dev/dri/card0
7f21a8005000-7f21a8007000 rw-s 119c5f000 00:05 8214                      /dev/dri/card0
7f21a8007000-7f21a8008000 rw-s 00000000 00:04 247748                     /drm mm object (deleted)
7f21a8008000-7f21a8009000 rw-s 00000000 00:04 247747                     /drm mm object (deleted)
7f21a8009000-7f21a800a000 rw-s 00000000 00:04 247746                     /drm mm object (deleted)
7f21a800a000-7f21a800b000 rw-s 00000000 00:04 247745                     /drm mm object (deleted)
7f21a800b000-7f21a800c000 rw-s 00000000 00:04 247744                     /drm mm object (deleted)
7f21a800c000-7f21a800d000 rw-s 00000000 00:04 247743                     /drm mm object (deleted)
7f21a800d000-7f21a800e000 rw-s 00000000 00:04 247742                     /drm mm object (deleted)
7f21a800e000-7f21a800f000 rw-s 00000000 00:04 247741                     /drm mm object (deleted)
7f21a800f000-7f21a8010000 rw-s 00000000 00:04 247740                     /drm mm object (deleted)
7f21a8010000-7f21a8011000 rw-s 00000000 00:04 247739                     /drm mm object (deleted)
7f21a8011000-7f21a8012000 rw-s 00000000 00:04 247738                     /drm mm object (deleted)
7f21a8012000-7f21a8013000 rw-s 00000000 00:04 247737                     /drm mm object (deleted)
7f21a8013000-7f21a8014000 rw-s 00000000 00:04 247736                     /drm mm object (deleted)
7f21a8014000-7f21a8015000 rw-s 00000000 00:04 247735                     /drm mm object (deleted)
7f21a8015000-7f21a8016000 rw-s 00000000 00:04 247734                     /drm mm object (deleted)
7f21a8016000-7f21a8017000 rw-s 00000000 00:04 247733                     /drm mm object (deleted)
7f21a8017000-7f21a8018000 rw-s 00000000 00:04 247732                     /drm mm object (deleted)
7f21a8018000-7f21a8019000 rw-s 00000000 00:04 247731                     /drm mm object (deleted)
7f21a8019000-7f21a801a000 rw-s 00000000 00:04 247730                     /drm mm object (deleted)
7f21a801a000-7f21a801b000 rw-s 00000000 00:04 247729                     /drm mm object (deleted)
7f21a801b000-7f21a801c000 rw-s 00000000 00:04 247728                     /drm mm object (deleted)
7f21a801c000-7f21a801d000 rw-s 00000000 00:04 247727                     /drm mm object (deleted)
7f21a801d000-7f21a801e000 rw-s 00000000 00:04 247726                     /drm mm object (deleted)
7f21a801e000-7f21a801f000 rw-s 00000000 00:04 247725                     /drm mm object (deleted)
7f21a801f000-7f21a8020000 rw-s 00000000 00:04 247724                     /drm mm object (deleted)
7f21a8020000-7f21a8021000 rw-s 00000000 00:04 247723                     /drm mm object (deleted)
7f21a8021000-7f21a8022000 rw-s 00000000 00:04 247722                     /drm mm object (deleted)
7f21a8022000-7f21a8023000 rw-s 00000000 00:04 247721                     /drm mm object (deleted)
7f21a8023000-7f21a8024000 rw-s 00000000 00:04 247720                     /drm mm object (deleted)
7f21a8024000-7f21a8025000 rw-s 00000000 00:04 247719                     /drm mm object (deleted)
7f21a8025000-7f21a8026000 rw-s 00000000 00:04 247718                     /drm mm object (deleted)
7f21a8026000-7f21a8027000 rw-s 00000000 00:04 247717                     /drm mm object (deleted)
7f21a8027000-7f21a8028000 rw-s 00000000 00:04 247716                     /drm mm object (deleted)
7f21a8028000-7f21a8029000 rw-s 00000000 00:04 247715                     /drm mm object (deleted)
7f21a8029000-7f21a802a000 rw-s 00000000 00:04 247714                     /drm mm object (deleted)
7f21a802a000-7f21a802b000 rw-s 00000000 00:04 247713                     /drm mm object (deleted)
7f21a802b000-7f21a802c000 rw-s 00000000 00:04 247712                     /drm mm object (deleted)
7f21a802c000-7f21a802d000 rw-s 00000000 00:04 247711                     /drm mm object (deleted)
7f21a802d000-7f21a802e000 rw-s 00000000 00:04 247710                     /drm mm object (deleted)
7f21a802e000-7f21a802f000 rw-s 00000000 00:04 247709                     /drm mm object (deleted)
7f21a802f000-7f21a8030000 rw-s 00000000 00:04 247708                     /drm mm object (deleted)
7f21a8030000-7f21a8031000 rw-s 00000000 00:04 247707                     /drm mm object (deleted)
7f21a8031000-7f21a8032000 rw-s 00000000 00:04 247706                     /drm mm object (deleted)
7f21a8032000-7f21a8033000 rw-s 00000000 00:04 247705                     /drm mm object (deleted)
7f21a8033000-7f21a8034000 rw-s 00000000 00:04 247704                     /drm mm object (deleted)
7f21a8034000-7f21a8035000 rw-s 00000000 00:04 247703                     /drm mm object (deleted)
7f21a8035000-7f21a8036000 rw-s 00000000 00:04 247702                     /drm mm object (deleted)
7f21a8036000-7f21a8037000 rw-s 00000000 00:04 247701                     /drm mm object (deleted)
7f21a8037000-7f21a8038000 rw-s 00000000 00:04 247700                     /drm mm object (deleted)
7f21a8038000-7f21a8039000 rw-s 00000000 00:04 247699                     /drm mm object (deleted)
7f21a8039000-7f21a803a000 rw-s 00000000 00:04 247698                     /drm mm object (deleted)
7f21a803a000-7f21a803b000 rw-s 00000000 00:04 247697                     /drm mm object (deleted)
7f21a803b000-7f21a803c000 rw-s 00000000 00:04 247696                     /drm mm object (deleted)
7f21a803c000-7f21a803d000 rw-s 00000000 00:04 247695                     /drm mm object (deleted)
7f21a803d000-7f21a803e000 rw-s 00000000 00:04 247694                     /drm mm object (deleted)
7f21a803e000-7f21a803f000 rw-s 00000000 00:04 247693                     /drm mm object (deleted)
7f21a803f000-7f21a8040000 rw-s 00000000 00:04 247692                     /drm mm object (deleted)
7f21a8040000-7f21a8042000 rw-s 119c42000 00:05 8214                      /dev/dri/card0
7f21a8042000-7f21a8049000 r--s 00000000 08:05 136514                     /usr/lib/x86_64-linux-gnu/gconv/gconv-modules.cache
7f21a8049000-7f21a8068000 r-xp 00000000 08:05 666417                     /usr/lib/x86_64-linux-gnu/libatk-1.0.so.0.21009.1
7f21a8068000-7f21a8268000 ---p 0001f000 08:05 666417                     /usr/lib/x86_64-linux-gnu/libatk-1.0.so.0.21009.1
7f21a8268000-7f21a826a000 r--p 0001f000 08:05 666417                     /usr/lib/x86_64-linux-gnu/libatk-1.0.so.0.21009.1
7f21a826a000-7f21a826b000 rw-p 00021000 08:05 666417                     /usr/lib/x86_64-linux-gnu/libatk-1.0.so.0.21009.1
7f21a826b000-7f21a8270000 r-xp 00000000 08:05 666352                     /usr/lib/x86_64-linux-gnu/libXfixes.so.3.1.0
7f21a8270000-7f21a846f000 ---p 00005000 08:05 666352                     /usr/lib/x86_64-linux-gnu/libXfixes.so.3.1.0
7f21a846f000-7f21a8470000 r--p 00004000 08:05 666352                     /usr/lib/x86_64-linux-gnu/libXfixes.so.3.1.0
7f21a8470000-7f21a8471000 rw-p 00005000 08:05 666352                     /usr/lib/x86_64-linux-gnu/libXfixes.so.3.1.0
7f21a8471000-7f21a847c000 r-xp 00000000 08:05 667018                     /usr/lib/x86_64-linux-gnu/libpangocairo-1.0.so.0.3200.5
7f21a847c000-7f21a867c000 ---p 0000b000 08:05 667018                     /usr/lib/x86_64-linux-gnu/libpangocairo-1.0.so.0.3200.5
7f21a867c000-7f21a867d000 r--p 0000b000 08:05 667018                     /usr/lib/x86_64-linux-gnu/libpangocairo-1.0.so.0.3200.5
7f21a867d000-7f21a867e000 rw-p 0000c000 08:05 667018                     /usr/lib/x86_64-linux-gnu/libpangocairo-1.0.so.0.3200.5
7f21a867e000-7f21a8681000 r-xp 00000000 08:05 659852                     /usr/lib/x86_64-linux-gnu/libgmodule-2.0.so.0.3800.1
7f21a8681000-7f21a8880000 ---p 00003000 08:05 659852                     /usr/lib/x86_64-linux-gnu/libgmodule-2.0.so.0.3800.1
7f21a8880000-7f21a8881000 r--p 00002000 08:05 659852                     /usr/lib/x86_64-linux-gnu/libgmodule-2.0.so.0.3800.1
7f21a8881000-7f21a8882000 rw-p 00003000 08:05 659852                     /usr/lib/x86_64-linux-gnu/libgmodule-2.0.so.0.3800.1
7f21a8882000-7f21a889f000 r-xp 00000000 08:05 667289                     /usr/lib/x86_64-linux-gnu/libxcb.so.1.1.0
7f21a889f000-7f21a8a9e000 ---p 0001d000 08:05 667289                     /usr/lib/x86_64-linux-gnu/libxcb.so.1.1.0
7f21a8a9e000-7f21a8a9f000 r--p 0001c000 08:05 667289                     /usr/lib/x86_64-linux-gnu/libxcb.so.1.1.0
7f21a8a9f000-7f21a8aa0000 rw-p 0001d000 08:05 667289                     /usr/lib/x86_64-linux-gnu/libxcb.so.1.1.0
7f21a8aa0000-7f21a8b0c000 r-xp 00000000 08:05 659043                     /usr/lib/x86_64-linux-gnu/libcups.so.2
7f21a8b0c000-7f21a8d0b000 ---p 0006c000 08:05 659043                     /usr/lib/x86_64-linux-gnu/libcups.so.2
7f21a8d0b000-7f21a8d12000 r--p 0006b000 08:05 659043                     /usr/lib/x86_64-linux-gnu/libcups.so.2
7f21a8d12000-7f21a8d13000 rw-p 00072000 08:05 659043                     /usr/lib/x86_64-linux-gnu/libcups.so.2
7f21a8d13000-7f21a8e11000 r-xp 00000000 08:05 4604                       /lib/x86_64-linux-gnu/libglib-2.0.so.0.3800.1
7f21a8e11000-7f21a9011000 ---p 000fe000 08:05 4604                       /lib/x86_64-linux-gnu/libglib-2.0.so.0.3800.1
7f21a9011000-7f21a9012000 r--p 000fe000 08:05 4604                       /lib/x86_64-linux-gnu/libglib-2.0.so.0.3800.1
7f21a9012000-7f21a9013000 rw-p 000ff000 08:05 4604                       /lib/x86_64-linux-gnu/libglib-2.0.so.0.3800.1
7f21a9013000-7f21a9014000 rw-p 00000000 00:00 0 
7f21a9014000-7f21a9015000 r-xp 00000000 08:05 659851                     /usr/lib/x86_64-linux-gnu/libgthread-2.0.so.0.3800.1
7f21a9015000-7f21a9214000 ---p 00001000 08:05 659851                     /usr/lib/x86_64-linux-gnu/libgthread-2.0.so.0.3800.1
7f21a9214000-7f21a9215000 r--p 00000000 08:05 659851                     /usr/lib/x86_64-linux-gnu/libgthread-2.0.so.0.3800.1
7f21a9215000-7f21a9216000 rw-p 00001000 08:05 659851                     /usr/lib/x86_64-linux-gnu/libgthread-2.0.so.0.3800.1
7f21a9216000-7f21a9265000 r-xp 00000000 08:05 655770                     /usr/lib/x86_64-linux-gnu/libgobject-2.0.so.0.3800.1
7f21a9265000-7f21a9465000 ---p 0004f000 08:05 655770                     /usr/lib/x86_64-linux-gnu/libgobject-2.0.so.0.3800.1
7f21a9465000-7f21a9466000 r--p 0004f000 08:05 655770                     /usr/lib/x86_64-linux-gnu/libgobject-2.0.so.0.3800.1
7f21a9466000-7f21a9467000 rw-p 00050000 08:05 655770                     /usr/lib/x86_64-linux-gnu/libgobject-2.0.so.0.3800.1
7f21a9467000-7f21a94a0000 r-xp 00000000 08:05 666599                     /usr/lib/x86_64-linux-gnu/libfontconfig.so.1.7.0
7f21a94a0000-7f21a96a0000 ---p 00039000 08:05 666599                     /usr/lib/x86_64-linux-gnu/libfontconfig.so.1.7.0
7f21a96a0000-7f21a96a2000 r--p 00039000 08:05 666599                     /usr/lib/x86_64-linux-gnu/libfontconfig.so.1.7.0
7f21a96a2000-7f21a96a3000 rw-p 0003b000 08:05 666599                     /usr/lib/x86_64-linux-gnu/libfontconfig.so.1.7.0
7f21a96a3000-7f21a96ed000 r-xp 00000000 08:05 667016                     /usr/lib/x86_64-linux-gnu/libpango-1.0.so.0.3200.5
7f21a96ed000-7f21a98ec000 ---p 0004a000 08:05 667016                     /usr/lib/x86_64-linux-gnu/libpango-1.0.so.0.3200.5
7f21a98ec000-7f21a98ee000 r--p 00049000 08:05 667016                     /usr/lib/x86_64-linux-gnu/libpango-1.0.so.0.3200.5
7f21a98ee000-7f21a98ef000 rw-p 0004b000 08:05 667016                     /usr/lib/x86_64-linux-gnu/libpango-1.0.so.0.3200.5
7f21a98ef000-7f21a990e000 r-xp 00000000 08:05 666666                     /usr/lib/x86_64-linux-gnu/libgdk_pixbuf-2.0.so.0.2800.1
7f21a990e000-7f21a9b0d000 ---p 0001f000 08:05 666666                     /usr/lib/x86_64-linux-gnu/libgdk_pixbuf-2.0.so.0.2800.1
7f21a9b0d000-7f21a9b0e000 r--p 0001e000 08:05 666666                     /usr/lib/x86_64-linux-gnu/libgdk_pixbuf-2.0.so.0.2800.1
7f21a9b0e000-7f21a9b0f000 rw-p 0001f000 08:05 666666                     /usr/lib/x86_64-linux-gnu/libgdk_pixbuf-2.0.so.0.2800.1
7f21a9b0f000-7f21a9c6b000 r-xp 00000000 08:05 655751                     /usr/lib/x86_64-linux-gnu/libgio-2.0.so.0.3800.1
7f21a9c6b000-7f21a9e6a000 ---p 0015c000 08:05 655751                     /usr/lib/x86_64-linux-gnu/libgio-2.0.so.0.3800.1
7f21a9e6a000-7f21a9e6e000 r--p 0015b000 08:05 655751                     /usr/lib/x86_64-linux-gnu/libgio-2.0.so.0.3800.1
7f21a9e6e000-7f21a9e70000 rw-p 0015f000 08:05 655751                     /usr/lib/x86_64-linux-gnu/libgio-2.0.so.0.3800.1
7f21a9e70000-7f21a9e72000 rw-p 00000000 00:00 0 
7f21a9e72000-7f21a9f1f000 r-xp 00000000 08:05 666664                     /usr/lib/x86_64-linux-gnu/libgdk-x11-2.0.so.0.2400.20
7f21a9f1f000-7f21aa11e000 ---p 000ad000 08:05 666664                     /usr/lib/x86_64-linux-gnu/libgdk-x11-2.0.so.0.2400.20
7f21aa11e000-7f21aa122000 r--p 000ac000 08:05 666664                     /usr/lib/x86_64-linux-gnu/libgdk-x11-2.0.so.0.2400.20
7f21aa122000-7f21aa124000 rw-p 000b0000 08:05 666664                     /usr/lib/x86_64-linux-gnu/libgdk-x11-2.0.so.0.2400.20
7f21aa124000-7f21aa553000 r-xp 00000000 08:05 666824                     /usr/lib/x86_64-linux-gnu/libgtk-x11-2.0.so.0.2400.20
7f21aa553000-7f21aa752000 ---p 0042f000 08:05 666824                     /usr/lib/x86_64-linux-gnu/libgtk-x11-2.0.so.0.2400.20
7f21aa752000-7f21aa759000 r--p 0042e000 08:05 666824                     /usr/lib/x86_64-linux-gnu/libgtk-x11-2.0.so.0.2400.20
7f21aa759000-7f21aa75d000 rw-p 00435000 08:05 666824                     /usr/lib/x86_64-linux-gnu/libgtk-x11-2.0.so.0.2400.20
7f21aa75d000-7f21aa760000 rw-p 00000000 00:00 0 
7f21aa760000-7f21aa76f000 r-xp 00000000 08:05 666358                     /usr/lib/x86_64-linux-gnu/libXi.so.6.1.0
7f21aa76f000-7f21aa96e000 ---p 0000f000 08:05 666358                     /usr/lib/x86_64-linux-gnu/libXi.so.6.1.0
7f21aa96e000-7f21aa96f000 r--p 0000e000 08:05 666358                     /usr/lib/x86_64-linux-gnu/libXi.so.6.1.0
7f21aa96f000-7f21aa970000 rw-p 0000f000 08:05 666358                     /usr/lib/x86_64-linux-gnu/libXi.so.6.1.0
7f21aa970000-7f21aa975000 r-xp 00000000 08:05 666376                     /usr/lib/x86_64-linux-gnu/libXtst.so.6.1.0
7f21aa975000-7f21aab74000 ---p 00005000 08:05 666376                     /usr/lib/x86_64-linux-gnu/libXtst.so.6.1.0
7f21aab74000-7f21aab75000 r--p 00004000 08:05 666376                     /usr/lib/x86_64-linux-gnu/libXtst.so.6.1.0
7f21aab75000-7f21aab76000 rw-p 00005000 08:05 666376                     /usr/lib/x86_64-linux-gnu/libXtst.so.6.1.0
7f21aab76000-7f21aab7f000 r-xp 00000000 08:05 666372                     /usr/lib/x86_64-linux-gnu/libXrender.so.1.3.0
7f21aab7f000-7f21aad7e000 ---p 00009000 08:05 666372                     /usr/lib/x86_64-linux-gnu/libXrender.so.1.3.0
7f21aad7e000-7f21aad7f000 r--p 00008000 08:05 666372                     /usr/lib/x86_64-linux-gnu/libXrender.so.1.3.0
7f21aad7f000-7f21aad80000 rw-p 00009000 08:05 666372                     /usr/lib/x86_64-linux-gnu/libXrender.so.1.3.0
7f21aad80000-7f21aaeb0000 r-xp 00000000 08:05 666333                     /usr/lib/x86_64-linux-gnu/libX11.so.6.3.0
7f21aaeb0000-7f21ab0b0000 ---p 00130000 08:05 666333                     /usr/lib/x86_64-linux-gnu/libX11.so.6.3.0
7f21ab0b0000-7f21ab0b1000 r--p 00130000 08:05 666333                     /usr/lib/x86_64-linux-gnu/libX11.so.6.3.0
7f21ab0b1000-7f21ab0b5000 rw-p 00131000 08:05 666333                     /usr/lib/x86_64-linux-gnu/libX11.so.6.3.0
7f21ab0b5000-7f21ab0c6000 r-xp 00000000 08:05 666350                     /usr/lib/x86_64-linux-gnu/libXext.so.6.4.0
7f21ab0c6000-7f21ab2c5000 ---p 00011000 08:05 666350                     /usr/lib/x86_64-linux-gnu/libXext.so.6.4.0
7f21ab2c5000-7f21ab2c6000 r--p 00010000 08:05 666350                     /usr/lib/x86_64-linux-gnu/libXext.so.6.4.0
7f21ab2c6000-7f21ab2c7000 rw-p 00011000 08:05 666350                     /usr/lib/x86_64-linux-gnu/libXext.so.6.4.0
7f21ab2c7000-7f21ab318000 r-xp 00000000 08:05 683774                     /usr/lib/jvm/java-7-openjdk-amd64/jre/lib/amd64/xawt/libmawt.so
7f21ab318000-7f21ab517000 ---p 00051000 08:05 683774                     /usr/lib/jvm/java-7-openjdk-amd64/jre/lib/amd64/xawt/libmawt.so
7f21ab517000-7f21ab518000 r--p 00050000 08:05 683774                     /usr/lib/jvm/java-7-openjdk-amd64/jre/lib/amd64/xawt/libmawt.so
7f21ab518000-7f21ab51b000 rw-p 00051000 08:05 683774                     /usr/lib/jvm/java-7-openjdk-amd64/jre/lib/amd64/xawt/libmawt.so
7f21ab51b000-7f21ab51c000 rw-p 00000000 00:00 0 
7f21ab51c000-7f21ab5bd000 r-xp 00000000 08:05 683416                     /usr/lib/jvm/java-7-openjdk-amd64/jre/lib/amd64/libawt.so
7f21ab5bd000-7f21ab7bc000 ---p 000a1000 08:05 683416                     /usr/lib/jvm/java-7-openjdk-amd64/jre/lib/amd64/libawt.so
7f21ab7bc000-7f21ab7bd000 r--p 000a0000 08:05 683416                     /usr/lib/jvm/java-7-openjdk-amd64/jre/lib/amd64/libawt.so
7f21ab7bd000-7f21ab7c8000 rw-p 000a1000 08:05 683416                     /usr/lib/jvm/java-7-openjdk-amd64/jre/lib/amd64/libawt.so
7f21ab7c8000-7f21ab7ed000 rw-p 00000000 00:00 0 
7f21ab7ed000-7f21ac000000 r--p 00000000 08:05 663403                     /usr/lib/locale/locale-archive
7f21ac000000-7f21ac021000 rw-p 00000000 00:00 0 
7f21ac021000-7f21b0000000 ---p 00000000 00:00 0 
7f21b0000000-7f21b0021000 rw-p 00000000 00:00 0 
7f21b0021000-7f21b4000000 ---p 00000000 00:00 0 
7f21b4000000-7f21b4021000 rw-p 00000000 00:00 0 
7f21b4021000-7f21b8000000 ---p 00000000 00:00 0 
7f21b8000000-7f21b8001000 rw-s 00000000 00:04 247672                     /drm mm object (deleted)
7f21b8003000-7f21b8005000 rw-s 00000000 00:04 247673                     /drm mm object (deleted)
7f21b8005000-7f21b8008000 ---p 00000000 00:00 0 
7f21b8008000-7f21b802d000 rw-p 00000000 00:00 0                          [stack:12139]
7f21b802d000-7f21b8030000 ---p 00000000 00:00 0 
7f21b8030000-7f21b8055000 rw-p 00000000 00:00 0                          [stack:12137]
7f21b8055000-7f21b8058000 ---p 00000000 00:00 0 
7f21b8058000-7f21b8156000 rw-p 00000000 00:00 0                          [stack:12134]
7f21b8156000-7f21b8157000 ---p 00000000 00:00 0 
7f21b8157000-7f21b8257000 rw-p 00000000 00:00 0 
7f21b8257000-7f21b825a000 ---p 00000000 00:00 0 
7f21b825a000-7f21b8358000 rw-p 00000000 00:00 0                          [stack:12132]
7f21b8358000-7f21b835b000 ---p 00000000 00:00 0 
7f21b835b000-7f21b8459000 rw-p 00000000 00:00 0                          [stack:12131]
7f21b8459000-7f21b845c000 ---p 00000000 00:00 0 
7f21b845c000-7f21b855a000 rw-p 00000000 00:00 0                          [stack:12130]
7f21b855a000-7f21b855d000 ---p 00000000 00:00 0 
7f21b855d000-7f21b865b000 rw-p 00000000 00:00 0 
7f21b865b000-7f21b865e000 ---p 00000000 00:00 0 
7f21b865e000-7f21b875c000 rw-p 00000000 00:00 0                          [stack:12128]
7f21b875c000-7f21b875f000 ---p 00000000 00:00 0 
7f21b875f000-7f21b885d000 rw-p 00000000 00:00 0                          [stack:12127]
7f21b885d000-7f21b885e000 ---p 00000000 00:00 0 
7f21b885e000-7f21b89ca000 rw-p 00000000 00:00 0                          [stack:12126]
7f21b89ca000-7f21b8b77000 r--s 01cec000 08:05 683386                     /usr/lib/jvm/java-7-openjdk-amd64/jre/lib/rt.jar
7f21b8b77000-7f21b8bba000 rw-p 00000000 00:00 0 
7f21b8bba000-7f21b8c56000 rw-p 00000000 00:00 0 
7f21b8c56000-7f21b8c78000 rw-p 00000000 00:00 0 
7f21b8c78000-7f21b8cc5000 rw-p 00000000 00:00 0 
7f21b8cc5000-7f21b8d08000 rw-p 00000000 00:00 0 
7f21b8d08000-7f21b8da3000 rw-p 00000000 00:00 0 
7f21b8da3000-7f21b8dae000 rw-p 00000000 00:00 0 
7f21b8dae000-7f21b8df6000 rw-p 00000000 00:00 0 
7f21b8df6000-7f21b8df7000 rw-p 00000000 00:00 0 
7f21b8df7000-7f21b9067000 rwxp 00000000 00:00 0 
7f21b9067000-7f21bbdf7000 rw-p 00000000 00:00 0 
7f21bbdf7000-7f21bbdff000 r-xp 00000000 08:05 683431                     /usr/lib/jvm/java-7-openjdk-amd64/jre/lib/amd64/libzip.so
7f21bbdff000-7f21bbffe000 ---p 00008000 08:05 683431                     /usr/lib/jvm/java-7-openjdk-amd64/jre/lib/amd64/libzip.so
7f21bbffe000-7f21bbfff000 r--p 00007000 08:05 683431                     /usr/lib/jvm/java-7-openjdk-amd64/jre/lib/amd64/libzip.so
7f21bbfff000-7f21bc000000 rw-p 00008000 08:05 683431                     /usr/lib/jvm/java-7-openjdk-amd64/jre/lib/amd64/libzip.so
7f21bc000000-7f21bcab5000 rw-p 00000000 00:00 0 
7f21bcab5000-7f21c0000000 ---p 00000000 00:00 0 
7f21c0000000-7f21c0001000 rw-s 119c76000 00:05 8214                      /dev/dri/card0
7f21c0001000-7f21c0002000 rw-s 119c75000 00:05 8214                      /dev/dri/card0
7f21c0002000-7f21c000d000 r--s 000af000 08:05 29757                      /home/alvin/workspace/Lumen/lib/jar/slick.jar
7f21c000d000-7f21c0011000 r--s 00027000 08:05 29756                      /home/alvin/workspace/Lumen/lib/jar/lwjgl_util.jar
7f21c0011000-7f21c0044000 rw-p 00000000 00:00 0 
7f21c0044000-7f21c008d000 rw-p 00000000 00:00 0 
7f21c008d000-7f21c0099000 r-xp 00000000 08:05 4767                       /lib/x86_64-linux-gnu/libnss_files-2.17.so
7f21c0099000-7f21c0298000 ---p 0000c000 08:05 4767                       /lib/x86_64-linux-gnu/libnss_files-2.17.so
7f21c0298000-7f21c0299000 r--p 0000b000 08:05 4767                       /lib/x86_64-linux-gnu/libnss_files-2.17.so
7f21c0299000-7f21c029a000 rw-p 0000c000 08:05 4767                       /lib/x86_64-linux-gnu/libnss_files-2.17.so
7f21c029a000-7f21c02a5000 r-xp 00000000 08:05 4771                       /lib/x86_64-linux-gnu/libnss_nis-2.17.so
7f21c02a5000-7f21c04a4000 ---p 0000b000 08:05 4771                       /lib/x86_64-linux-gnu/libnss_nis-2.17.so
7f21c04a4000-7f21c04a5000 r--p 0000a000 08:05 4771                       /lib/x86_64-linux-gnu/libnss_nis-2.17.so
7f21c04a5000-7f21c04a6000 rw-p 0000b000 08:05 4771                       /lib/x86_64-linux-gnu/libnss_nis-2.17.so
7f21c04a6000-7f21c04bd000 r-xp 00000000 08:05 4761                       /lib/x86_64-linux-gnu/libnsl-2.17.so
7f21c04bd000-7f21c06bc000 ---p 00017000 08:05 4761                       /lib/x86_64-linux-gnu/libnsl-2.17.so
7f21c06bc000-7f21c06bd000 r--p 00016000 08:05 4761                       /lib/x86_64-linux-gnu/libnsl-2.17.so
7f21c06bd000-7f21c06be000 rw-p 00017000 08:05 4761                       /lib/x86_64-linux-gnu/libnsl-2.17.so
7f21c06be000-7f21c06c0000 rw-p 00000000 00:00 0 
7f21c06c0000-7f21c06c8000 r-xp 00000000 08:05 4763                       /lib/x86_64-linux-gnu/libnss_compat-2.17.so
7f21c06c8000-7f21c08c7000 ---p 00008000 08:05 4763                       /lib/x86_64-linux-gnu/libnss_compat-2.17.so
7f21c08c7000-7f21c08c8000 r--p 00007000 08:05 4763                       /lib/x86_64-linux-gnu/libnss_compat-2.17.so
7f21c08c8000-7f21c08c9000 rw-p 00008000 08:05 4763                       /lib/x86_64-linux-gnu/libnss_compat-2.17.so
7f21c08c9000-7f21c08f4000 r-xp 00000000 08:05 683415                     /usr/lib/jvm/java-7-openjdk-amd64/jre/lib/amd64/libjava.so
7f21c08f4000-7f21c0af3000 ---p 0002b000 08:05 683415                     /usr/lib/jvm/java-7-openjdk-amd64/jre/lib/amd64/libjava.so
7f21c0af3000-7f21c0af4000 r--p 0002a000 08:05 683415                     /usr/lib/jvm/java-7-openjdk-amd64/jre/lib/amd64/libjava.so
7f21c0af4000-7f21c0af6000 rw-p 0002b000 08:05 683415                     /usr/lib/jvm/java-7-openjdk-amd64/jre/lib/amd64/libjava.so
7f21c0af6000-7f21c0b06000 r-xp 00000000 08:05 683414                     /usr/lib/jvm/java-7-openjdk-amd64/jre/lib/amd64/libverify.so
7f21c0b06000-7f21c0d05000 ---p 00010000 08:05 683414                     /usr/lib/jvm/java-7-openjdk-amd64/jre/lib/amd64/libverify.so
7f21c0d05000-7f21c0d07000 r--p 0000f000 08:05 683414                     /usr/lib/jvm/java-7-openjdk-amd64/jre/lib/amd64/libverify.so
7f21c0d07000-7f21c0d08000 rw-p 00011000 08:05 683414                     /usr/lib/jvm/java-7-openjdk-amd64/jre/lib/amd64/libverify.so
7f21c0d08000-7f21c0d0f000 r-xp 00000000 08:05 4814                       /lib/x86_64-linux-gnu/librt-2.17.so
7f21c0d0f000-7f21c0f0e000 ---p 00007000 08:05 4814                       /lib/x86_64-linux-gnu/librt-2.17.so
7f21c0f0e000-7f21c0f0f000 r--p 00006000 08:05 4814                       /lib/x86_64-linux-gnu/librt-2.17.so
7f21c0f0f000-7f21c0f10000 rw-p 00007000 08:05 4814                       /lib/x86_64-linux-gnu/librt-2.17.so
7f21c0f10000-7f21c0f25000 r-xp 00000000 08:05 30367                      /lib/x86_64-linux-gnu/libgcc_s.so.1
7f21c0f25000-7f21c1124000 ---p 00015000 08:05 30367                      /lib/x86_64-linux-gnu/libgcc_s.so.1
7f21c1124000-7f21c1125000 r--p 00014000 08:05 30367                      /lib/x86_64-linux-gnu/libgcc_s.so.1
7f21c1125000-7f21c1126000 rw-p 00015000 08:05 30367                      /lib/x86_64-linux-gnu/libgcc_s.so.1
7f21c1126000-7f21c1229000 r-xp 00000000 08:05 4742                       /lib/x86_64-linux-gnu/libm-2.17.so
7f21c1229000-7f21c1428000 ---p 00103000 08:05 4742                       /lib/x86_64-linux-gnu/libm-2.17.so
7f21c1428000-7f21c1429000 r--p 00102000 08:05 4742                       /lib/x86_64-linux-gnu/libm-2.17.so
7f21c1429000-7f21c142a000 rw-p 00103000 08:05 4742                       /lib/x86_64-linux-gnu/libm-2.17.so
7f21c142a000-7f21c1510000 r-xp 00000000 08:05 703943                     /usr/lib/x86_64-linux-gnu/libstdc++.so.6.0.18
7f21c1510000-7f21c170f000 ---p 000e6000 08:05 703943                     /usr/lib/x86_64-linux-gnu/libstdc++.so.6.0.18
7f21c170f000-7f21c1717000 r--p 000e5000 08:05 703943                     /usr/lib/x86_64-linux-gnu/libstdc++.so.6.0.18
7f21c1717000-7f21c1719000 rw-p 000ed000 08:05 703943                     /usr/lib/x86_64-linux-gnu/libstdc++.so.6.0.18
7f21c1719000-7f21c172e000 rw-p 00000000 00:00 0 
7f21c172e000-7f21c213c000 r-xp 00000000 08:05 683420                     /usr/lib/jvm/java-7-openjdk-amd64/jre/lib/amd64/server/libjvm.so
7f21c213c000-7f21c233b000 ---p 00a0e000 08:05 683420                     /usr/lib/jvm/java-7-openjdk-amd64/jre/lib/amd64/server/libjvm.so
7f21c233b000-7f21c23b4000 r--p 00a0d000 08:05 683420                     /usr/lib/jvm/java-7-openjdk-amd64/jre/lib/amd64/server/libjvm.so
7f21c23b4000-7f21c23d7000 rw-p 00a86000 08:05 683420                     /usr/lib/jvm/java-7-openjdk-amd64/jre/lib/amd64/server/libjvm.so
7f21c23d7000-7f21c2402000 rw-p 00000000 00:00 0 
7f21c2402000-7f21c241a000 r-xp 00000000 08:05 4849                       /lib/x86_64-linux-gnu/libz.so.1.2.8
7f21c241a000-7f21c2619000 ---p 00018000 08:05 4849                       /lib/x86_64-linux-gnu/libz.so.1.2.8
7f21c2619000-7f21c261a000 r--p 00017000 08:05 4849                       /lib/x86_64-linux-gnu/libz.so.1.2.8
7f21c261a000-7f21c261b000 rw-p 00018000 08:05 4849                       /lib/x86_64-linux-gnu/libz.so.1.2.8
7f21c261b000-7f21c2632000 r-xp 00000000 08:05 4806                       /lib/x86_64-linux-gnu/libpthread-2.17.so
7f21c2632000-7f21c2832000 ---p 00017000 08:05 4806                       /lib/x86_64-linux-gnu/libpthread-2.17.so
7f21c2832000-7f21c2833000 r--p 00017000 08:05 4806                       /lib/x86_64-linux-gnu/libpthread-2.17.so
7f21c2833000-7f21c2834000 rw-p 00018000 08:05 4806                       /lib/x86_64-linux-gnu/libpthread-2.17.so
7f21c2834000-7f21c2838000 rw-p 00000000 00:00 0 
7f21c2838000-7f21c283b000 r-xp 00000000 08:05 4706                       /lib/x86_64-linux-gnu/libdl-2.17.so
7f21c283b000-7f21c2a3a000 ---p 00003000 08:05 4706                       /lib/x86_64-linux-gnu/libdl-2.17.so
7f21c2a3a000-7f21c2a3b000 r--p 00002000 08:05 4706                       /lib/x86_64-linux-gnu/libdl-2.17.so
7f21c2a3b000-7f21c2a3c000 rw-p 00003000 08:05 4706                       /lib/x86_64-linux-gnu/libdl-2.17.so
7f21c2a3c000-7f21c2bf9000 r-xp 00000000 08:05 4691                       /lib/x86_64-linux-gnu/libc-2.17.so
7f21c2bf9000-7f21c2df9000 ---p 001bd000 08:05 4691                       /lib/x86_64-linux-gnu/libc-2.17.so
7f21c2df9000-7f21c2dfd000 r--p 001bd000 08:05 4691                       /lib/x86_64-linux-gnu/libc-2.17.so
7f21c2dfd000-7f21c2dff000 rw-p 001c1000 08:05 4691                       /lib/x86_64-linux-gnu/libc-2.17.so
7f21c2dff000-7f21c2e04000 rw-p 00000000 00:00 0 
7f21c2e04000-7f21c2e11000 r-xp 00000000 08:05 683397                     /usr/lib/jvm/java-7-openjdk-amd64/jre/lib/amd64/jli/libjli.so
7f21c2e11000-7f21c3010000 ---p 0000d000 08:05 683397                     /usr/lib/jvm/java-7-openjdk-amd64/jre/lib/amd64/jli/libjli.so
7f21c3010000-7f21c3011000 r--p 0000c000 08:05 683397                     /usr/lib/jvm/java-7-openjdk-amd64/jre/lib/amd64/jli/libjli.so
7f21c3011000-7f21c3012000 rw-p 0000d000 08:05 683397                     /usr/lib/jvm/java-7-openjdk-amd64/jre/lib/amd64/jli/libjli.so
7f21c3012000-7f21c3035000 r-xp 00000000 08:05 4667                       /lib/x86_64-linux-gnu/ld-2.17.so
7f21c3035000-7f21c3036000 rw-s 00000000 00:04 247669                     /drm mm object (deleted)
7f21c3036000-7f21c3037000 rwxp 00000000 00:00 0 
7f21c3037000-7f21c3039000 r--s 0000d000 08:05 29925                      /home/alvin/workspace/Lumen/lib/jar/jorbis-0.0.15.jar
7f21c3039000-7f21c303a000 r--s 00001000 08:05 29923                      /home/alvin/workspace/Lumen/lib/jar/jogg-0.0.7.jar
7f21c303a000-7f21c3043000 r--s 000bc000 08:05 682871                     /usr/lib/jvm/java-7-openjdk-common/jre/lib/resources.jar
7f21c3043000-7f21c3050000 r--s 000e6000 08:05 312157                     /home/alvin/workspace/Lumen/LWJGL Library/jar/lwjgl.jar
7f21c3050000-7f21c305a000 rw-p 00000000 00:00 0 
7f21c305a000-7f21c3110000 rw-p 00000000 00:00 0 
7f21c3110000-7f21c3113000 ---p 00000000 00:00 0 
7f21c3113000-7f21c3216000 rw-p 00000000 00:00 0                          [stack:12125]
7f21c3216000-7f21c3218000 r--s 00006000 08:05 305603                     /usr/share/java/java-atk-wrapper.jar
7f21c3218000-7f21c321a000 r--s 00012000 08:05 682865                     /usr/lib/jvm/java-7-openjdk-common/jre/lib/ext/zipfs.jar
7f21c321a000-7f21c321d000 r--s 0003c000 08:05 682868                     /usr/lib/jvm/java-7-openjdk-common/jre/lib/ext/sunpkcs11.jar
7f21c321d000-7f21c3220000 r--s 00032000 08:05 682866                     /usr/lib/jvm/java-7-openjdk-common/jre/lib/ext/sunjce_provider.jar
7f21c3220000-7f21c3223000 r--s 0000f000 08:05 682864                     /usr/lib/jvm/java-7-openjdk-common/jre/lib/ext/pulse-java.jar
7f21c3223000-7f21c3227000 r--s 00085000 08:05 682867                     /usr/lib/jvm/java-7-openjdk-common/jre/lib/ext/localedata.jar
7f21c3227000-7f21c3228000 r--s 00002000 08:05 682869                     /usr/lib/jvm/java-7-openjdk-common/jre/lib/ext/dnsns.jar
7f21c3228000-7f21c3230000 rw-s 00000000 08:05 19570                      /tmp/hsperfdata_alvin/12119 (deleted)
7f21c3230000-7f21c3231000 rw-p 00000000 00:00 0 
7f21c3231000-7f21c3232000 ---p 00000000 00:00 0 
7f21c3232000-7f21c3234000 rw-p 00000000 00:00 0 
7f21c3234000-7f21c3235000 r--p 00022000 08:05 4667                       /lib/x86_64-linux-gnu/ld-2.17.so
7f21c3235000-7f21c3237000 rw-p 00023000 08:05 4667                       /lib/x86_64-linux-gnu/ld-2.17.so
7fff2a39e000-7fff2a3bf000 rw-p 00000000 00:00 0                          [stack]
7fff2a3e7000-7fff2a3e9000 r-xp 00000000 00:00 0                          [vdso]
ffffffffff600000-ffffffffff601000 r-xp 00000000 00:00 0                  [vsyscall]

VM Arguments:
jvm_args: -Djava.library.path=/home/alvin/workspace/Lumen/lib/native-win:/home/alvin/workspace/Lumen/LWJGL Library/native/linux:/home/alvin/workspace/Lumen/LWJGL Library/native/linux:/home/alvin/workspace/Lumen/LWJGL Library/native/linux:/home/alvin/workspace/Lumen/LWJGL Library/native/linux:/home/alvin/workspace/Lumen/LWJGL Library/native/linux -Dfile.encoding=UTF-8 
java_command: game.Main
Launcher Type: SUN_STANDARD

Environment Variables:
PATH=/home/alvin/bin:/usr/lib/lightdm/lightdm:/usr/local/sbin:/usr/local/bin:/usr/sbin:/usr/bin:/sbin:/bin:/usr/games:/usr/local/games
SHELL=/bin/bash
DISPLAY=:0

Signal Handlers:
SIGSEGV: [libjvm.so+0x871410], sa_mask[0]=0x7ffbfeff, sa_flags=0x10000004
SIGBUS: [libjvm.so+0x871410], sa_mask[0]=0x7ffbfeff, sa_flags=0x10000004
SIGFPE: [libjvm.so+0x709540], sa_mask[0]=0x7ffbfeff, sa_flags=0x10000004
SIGPIPE: [libjvm.so+0x709540], sa_mask[0]=0x7ffbfeff, sa_flags=0x10000004
SIGXFSZ: [libjvm.so+0x709540], sa_mask[0]=0x7ffbfeff, sa_flags=0x10000004
SIGILL: [libjvm.so+0x709540], sa_mask[0]=0x7ffbfeff, sa_flags=0x10000004
SIGUSR1: SIG_DFL, sa_mask[0]=0x00000000, sa_flags=0x00000000
SIGUSR2: [libjvm.so+0x709270], sa_mask[0]=0x00000004, sa_flags=0x10000004
SIGHUP: [libjvm.so+0x709550], sa_mask[0]=0x7ffbfeff, sa_flags=0x10000004
SIGINT: [libjvm.so+0x709550], sa_mask[0]=0x7ffbfeff, sa_flags=0x10000004
SIGTERM: [libjvm.so+0x709550], sa_mask[0]=0x7ffbfeff, sa_flags=0x10000004
SIGQUIT: [libjvm.so+0x709550], sa_mask[0]=0x7ffbfeff, sa_flags=0x10000004


---------------  S Y S T E M  ---------------

OS:Ubuntu 13.10 (saucy)
uname:Linux 3.11.0-14-generic #21-Ubuntu SMP Tue Nov 12 17:04:55 UTC 2013 x86_64
libc:glibc 2.17 NPTL 2.17 
rlimit: STACK 8192k, CORE 0k, NPROC 15795, NOFILE 4096, AS infinity
load average:4,53 3,79 1,78

/proc/meminfo:
MemTotal:        2041908 kB
MemFree:           82316 kB
Buffers:            1312 kB
Cached:           330612 kB
SwapCached:        68640 kB
Active:          1355412 kB
Inactive:         469800 kB
Active(anon):    1328552 kB
Inactive(anon):   440740 kB
Active(file):      26860 kB
Inactive(file):    29060 kB
Unevictable:          32 kB
Mlocked:              32 kB
SwapTotal:       2086908 kB
SwapFree:        1518588 kB
Dirty:               188 kB
Writeback:             0 kB
AnonPages:       1456644 kB
Mapped:            69028 kB
Shmem:            275956 kB
Slab:              56260 kB
SReclaimable:      24636 kB
SUnreclaim:        31624 kB
KernelStack:        4696 kB
PageTables:        42108 kB
NFS_Unstable:          0 kB
Bounce:                0 kB
WritebackTmp:          0 kB
CommitLimit:     3107860 kB
Committed_AS:    6185348 kB
VmallocTotal:   34359738367 kB
VmallocUsed:      340812 kB
VmallocChunk:   34359391712 kB
HardwareCorrupted:     0 kB
AnonHugePages:         0 kB
HugePages_Total:       0
HugePages_Free:        0
HugePages_Rsvd:        0
HugePages_Surp:        0
Hugepagesize:       2048 kB
DirectMap4k:       48832 kB
DirectMap2M:     2039808 kB


CPU:total 1 (1 cores per cpu, 1 threads per core) family 6 model 22 stepping 1, cmov, cx8, fxsr, mmx, sse, sse2, sse3, ssse3, tsc

/proc/cpuinfo:
processor	: 0
vendor_id	: GenuineIntel
cpu family	: 6
model		: 22
model name	: Intel(R) Celeron(R) CPU          550  @ 2.00GHz
stepping	: 1
microcode	: 0x33
cpu MHz		: 1994.982
cache size	: 1024 KB
fpu		: yes
fpu_exception	: yes
cpuid level	: 10
wp		: yes
flags		: fpu vme de pse tsc msr pae mce cx8 apic sep mtrr pge mca cmov pat pse36 clflush dts acpi mmx fxsr sse sse2 ss tm pbe syscall nx lm constant_tsc arch_perfmon pebs bts rep_good nopl aperfmperf pni dtes64 monitor ds_cpl tm2 ssse3 cx16 xtpr pdcm lahf_lm dtherm
bogomips	: 3989.96
clflush size	: 64
cache_alignment	: 64
address sizes	: 36 bits physical, 48 bits virtual
power management:



Memory: 4k page, physical 2041908k(82316k free), swap 2086908k(1518588k free)

vm_info: OpenJDK 64-Bit Server VM (23.7-b01) for linux-amd64 JRE (1.7.0_25-b30), built on Oct 11 2013 18:04:12 by "buildd" with gcc 4.8.1

time: Sat Jan  4 20:07:53 2014
elapsed time: 25 seconds

